#
# A fatal error has been detected by the Java Runtime Environment:
#
#  SIGSEGV (0xb) at pc=0x00007fb80103690f, pid=4608, tid=140427772532480
#
# JRE version: Java(TM) SE Runtime Environment (8.0_25-b17) (build 1.8.0_25-b17)
# Java VM: Java HotSpot(TM) 64-Bit Server VM (25.25-b02 mixed mode linux-amd64 compressed oops)
# Problematic frame:
# C  [libc.so.6+0x12190f]
#
# Failed to write core dump. Core dumps have been disabled. To enable core dumping, try "ulimit -c unlimited" before starting Java again
#
# If you would like to submit a bug report, please visit:
#   http://bugreport.sun.com/bugreport/crash.jsp
# The crash happened outside the Java Virtual Machine in native code.
# See problematic frame for where to report the bug.
#

---------------  T H R E A D  ---------------

Current thread (0x0000000001ecd000):  JavaThread "qtp379059063-78" [_thread_in_native, id=28189, stack(0x00007fb7e36f9000,0x00007fb7e37fa000)]

siginfo: si_signo: 11 (SIGSEGV), si_code: 2 (SEGV_ACCERR), si_addr: 0x00007fb7e9012ff0

Registers:
RAX=0x00007fb7dc020670, RBX=0x000000000000c6a9, RCX=0x0000000000004000, RDX=0x0000000000002560
RSP=0x00007fb7e37f5738, RBP=0x00007fb7e37f5790, RSI=0x00007fb7e9013016, RDI=0x00007fb7dc022c50
R8 =0x00007fb7dc02cd09, R9 =0x00007fb801036900, R10=0x6863732f7370756b, R11=0x00007fb80106a130
R12=0x00007fb7e9010a08, R13=0x00007fb7dc00d6c0, R14=0x0000000000000121, R15=0x0000000001881640
RIP=0x00007fb80103690f, EFLAGS=0x0000000000010206, CSGSFS=0x0000000000000033, ERR=0x0000000000000004
  TRAPNO=0x000000000000000e

Top of Stack: (sp=0x00007fb7e37f5738)
0x00007fb7e37f5738:   00007fb7ff4c1954 0000000000000000
0x00007fb7e37f5748:   646521b700000000 000000000000c6a9
0x00007fb7e37f5758:   00000000632f7363 00007fb7dc00d6c0
0x00007fb7e37f5768:   00000000018823f0 00007fb7dc3c4ae0
0x00007fb7e37f5778:   0000000001881640 000000008cdcd1ed
0x00007fb7e37f5788:   000000000000002c 00007fb7e37f57f0
0x00007fb7e37f5798:   00007fb7ff4c1f2f 0000000001ecd000
0x00007fb7e37f57a8:   01007fb800000000 00007fb7e37f5810
0x00007fb7e37f57b8:   00007fb7e37f583d 00007fb7e37f583b
0x00007fb7e37f57c8:   00007fb7e37f5810 000000000000002c
0x00007fb7e37f57d8:   0000000001ecd1e8 00007fb7e37f5c68
0x00007fb7e37f57e8:   0000000000000001 00007fb7e37f5c50
0x00007fb7e37f57f8:   00007fb7ff4b3d30 0000000000000000
0x00007fb7e37f5808:   0000000001881640 776f72622f756465
0x00007fb7e37f5818:   6f6f632f73632f6e 6863732f7370756b
0x00007fb7e37f5828:   63532f656c756465 632e656c75646568
0x00007fb7e37f5838:   000000007373616c 00000000d7653388
0x00007fb7e37f5848:   00007fb800000015 000000000007b080
0x00007fb7e37f5858:   00007fb7e37f5c58 00007fb800000000
0x00007fb7e37f5868:   0000000000000000 00007fb7e37f8678
0x00007fb7e37f5878:   00007fb7f04b04e7 00007fb7f04b03d0
0x00007fb7e37f5888:   00007fb800000000 00007fb7e37f86e0
0x00007fb7e37f5898:   00007fb7e37f8678 0000000001846370
0x00007fb7e37f58a8:   00007fb7dc115ee0 00007fb7dc115ef0
0x00007fb7e37f58b8:   00007fb7dc1162c8 00000000000003d8
0x00007fb7e37f58c8:   00007fb7eab6e490 00007fb7f0ab75b8
0x00007fb7e37f58d8:   00007fb800000009 00007fb7f0ab7210
0x00007fb7e37f58e8:   0000000000000000 00007fb7dc22bdd0
0x00007fb7e37f58f8:   0000000001ecd000 00007fb7e37f5978
0x00007fb7e37f5908:   00007fb7e37f59b0 00007fb7dc22bda8
0x00007fb7e37f5918:   0000000001ecd000 00007fb7e37f59b0
0x00007fb7e37f5928:   00007fb7dc22bda8 00007fb7e37f59a0 

Instructions: (pc=0x00007fb80103690f)
0x00007fb8010368ef:   07 4d 8d 89 f9 ff ff ff 48 8d 52 c0 41 ff e1 0f
0x00007fb8010368ff:   0b 0f 18 86 40 fe ff ff 0f 28 56 ea 48 83 ea 40
0x00007fb80103690f:   0f 28 5e da 0f 28 66 ca 0f 28 6e ba 48 8d 76 c0
0x00007fb80103691f:   66 0f 3a 0f ca 06 66 0f 3a 0f d3 06 66 0f 3a 0f 

Register to memory mapping:

RAX=0x00007fb7dc020670 is an unknown value
RBX=0x000000000000c6a9 is an unknown value
RCX=0x0000000000004000 is an unknown value
RDX=0x0000000000002560 is an unknown value
RSP=0x00007fb7e37f5738 is pointing into the stack for thread: 0x0000000001ecd000
RBP=0x00007fb7e37f5790 is pointing into the stack for thread: 0x0000000001ecd000
RSI=0x00007fb7e9013016 is an unknown value
RDI=0x00007fb7dc022c50 is an unknown value
R8 =0x00007fb7dc02cd09 is an unknown value
R9 =0x00007fb801036900: <offset 0x121900> in /lib/x86_64-linux-gnu/libc.so.6 at 0x00007fb800f15000
R10=0x6863732f7370756b is an unknown value
R11=0x00007fb80106a130: <offset 0x155130> in /lib/x86_64-linux-gnu/libc.so.6 at 0x00007fb800f15000
R12=0x00007fb7e9010a08 is an unknown value
R13=0x00007fb7dc00d6c0 is an unknown value
R14=0x0000000000000121 is an unknown value
R15=0x0000000001881640 is an unknown value


Stack: [0x00007fb7e36f9000,0x00007fb7e37fa000],  sp=0x00007fb7e37f5738,  free space=1009k
Native frames: (J=compiled Java code, j=interpreted, Vv=VM code, C=native code)
C  [libc.so.6+0x12190f]
C  [libzip.so+0x11f2f]  ZIP_GetEntry2+0xff
C  [libzip.so+0x3d30]  Java_java_util_zip_ZipFile_getEntry+0xf0
J 139  java.util.zip.ZipFile.getEntry(J[BZ)J (0 bytes) @ 0x00007fb7f05f650e [0x00007fb7f05f6440+0xce]
J 610 C2 sun.misc.URLClassPath$JarLoader.getResource(Ljava/lang/String;Z)Lsun/misc/Resource; (85 bytes) @ 0x00007fb7f070ab90 [0x00007fb7f070a760+0x430]

Java frames: (J=compiled Java code, j=interpreted, Vv=VM code)
J 139  java.util.zip.ZipFile.getEntry(J[BZ)J (0 bytes) @ 0x00007fb7f05f6498 [0x00007fb7f05f6440+0x58]
J 610 C2 sun.misc.URLClassPath$JarLoader.getResource(Ljava/lang/String;Z)Lsun/misc/Resource; (85 bytes) @ 0x00007fb7f070ab90 [0x00007fb7f070a760+0x430]
J 1072 C2 sun.misc.URLClassPath.getResource(Ljava/lang/String;Z)Lsun/misc/Resource; (74 bytes) @ 0x00007fb7f088a170 [0x00007fb7f088a100+0x70]
J 507 C1 java.net.URLClassLoader$1.run()Ljava/lang/Class; (73 bytes) @ 0x00007fb7f06b452c [0x00007fb7f06b4320+0x20c]
J 506 C1 java.net.URLClassLoader$1.run()Ljava/lang/Object; (5 bytes) @ 0x00007fb7f06b3f8c [0x00007fb7f06b3f00+0x8c]
v  ~StubRoutines::call_stub
J 505  java.security.AccessController.doPrivileged(Ljava/security/PrivilegedExceptionAction;Ljava/security/AccessControlContext;)Ljava/lang/Object; (0 bytes) @ 0x00007fb7f06b3ba3 [0x00007fb7f06b3b40+0x63]
J 226 C1 java.net.URLClassLoader.findClass(Ljava/lang/String;)Ljava/lang/Class; (29 bytes) @ 0x00007fb7f062c6e4 [0x00007fb7f062c560+0x184]
J 158 C1 java.lang.ClassLoader.loadClass(Ljava/lang/String;Z)Ljava/lang/Class; (122 bytes) @ 0x00007fb7f0602e3c [0x00007fb7f06024e0+0x95c]
J 235 C1 sun.misc.Launcher$AppClassLoader.loadClass(Ljava/lang/String;Z)Ljava/lang/Class; (40 bytes) @ 0x00007fb7f062f6ac [0x00007fb7f062f280+0x42c]
J 234 C1 java.lang.ClassLoader.loadClass(Ljava/lang/String;)Ljava/lang/Class; (7 bytes) @ 0x00007fb7f062ef44 [0x00007fb7f062ee40+0x104]
v  ~StubRoutines::call_stub
j  edu.brown.cs.cookups.api.MakeMealHandler.handle(Lspark/Request;Lspark/Response;)Ljava/lang/Object;+259
j  spark.SparkBase$1.handle(Lspark/Request;Lspark/Response;)Ljava/lang/Object;+6
J 1759 C1 spark.webserver.MatcherFilter.doFilter(Ljavax/servlet/ServletRequest;Ljavax/servlet/ServletResponse;Ljavax/servlet/FilterChain;)V (798 bytes) @ 0x00007fb7f0acbb9c [0x00007fb7f0ac90c0+0x2adc]
J 1897 C1 spark.webserver.JettyHandler.doHandle(Ljava/lang/String;Lorg/eclipse/jetty/server/Request;Ljavax/servlet/http/HttpServletRequest;Ljavax/servlet/http/HttpServletResponse;)V (43 bytes) @ 0x00007fb7f0b7445c [0x00007fb7f0b741c0+0x29c]
J 1896 C1 org.eclipse.jetty.server.session.SessionHandler.doScope(Ljava/lang/String;Lorg/eclipse/jetty/server/Request;Ljavax/servlet/http/HttpServletRequest;Ljavax/servlet/http/HttpServletResponse;)V (433 bytes) @ 0x00007fb7f0b6fa14 [0x00007fb7f0b6da00+0x2014]
J 1895 C1 org.eclipse.jetty.server.handler.ScopedHandler.handle(Ljava/lang/String;Lorg/eclipse/jetty/server/Request;Ljavax/servlet/http/HttpServletRequest;Ljavax/servlet/http/HttpServletResponse;)V (36 bytes) @ 0x00007fb7f0b6d1b4 [0x00007fb7f0b6cf20+0x294]
J 1762 C1 org.eclipse.jetty.server.handler.HandlerList.handle(Ljava/lang/String;Lorg/eclipse/jetty/server/Request;Ljavax/servlet/http/HttpServletRequest;Ljavax/servlet/http/HttpServletResponse;)V (59 bytes) @ 0x00007fb7f0ad56d4 [0x00007fb7f0ad5360+0x374]
J 1760 C1 org.eclipse.jetty.server.Server.handle(Lorg/eclipse/jetty/server/HttpChannel;)V (191 bytes) @ 0x00007fb7f0adb21c [0x00007fb7f0ad9900+0x191c]
J 1886 C1 org.eclipse.jetty.server.HttpChannel.run()V (893 bytes) @ 0x00007fb7f0b5494c [0x00007fb7f0b52380+0x25cc]
J 1755 C1 org.eclipse.jetty.server.HttpConnection.onFillable()V (418 bytes) @ 0x00007fb7f0abc1fc [0x00007fb7f0aba740+0x1abc]
J 1616 C1 org.eclipse.jetty.io.AbstractConnection$ReadCallback.run()V (295 bytes) @ 0x00007fb7f0a3ced4 [0x00007fb7f0a3cc60+0x274]
J 1744 C1 org.eclipse.jetty.util.thread.QueuedThreadPool.runJob(Ljava/lang/Runnable;)V (7 bytes) @ 0x00007fb7f0ab7484 [0x00007fb7f0ab7380+0x104]
j  org.eclipse.jetty.util.thread.QueuedThreadPool$3.run()V+73
j  java.lang.Thread.run()V+11
v  ~StubRoutines::call_stub

---------------  P R O C E S S  ---------------

Java Threads: ( => current thread )
  0x00000000018d1000 JavaThread "qtp379059063-81" [_thread_blocked, id=28192, stack(0x00007fb7e34f7000,0x00007fb7e35f8000)]
  0x00000000018d0800 JavaThread "qtp379059063-80" [_thread_blocked, id=28191, stack(0x00007fb7e30f5000,0x00007fb7e31f6000)]
  0x00000000018fa800 JavaThread "qtp379059063-79" [_thread_blocked, id=28190, stack(0x00007fb7e35f8000,0x00007fb7e36f9000)]
=>0x0000000001ecd000 JavaThread "qtp379059063-78" [_thread_in_native, id=28189, stack(0x00007fb7e36f9000,0x00007fb7e37fa000)]
  0x00000000018f9800 JavaThread "qtp379059063-76" [_thread_blocked, id=26782, stack(0x00007fb7e2ff4000,0x00007fb7e30f5000)]
  0x0000000001c1d800 JavaThread "qtp379059063-73" [_thread_blocked, id=26278, stack(0x00007fb7e33f6000,0x00007fb7e34f7000)]
  0x0000000001a30800 JavaThread "qtp379059063-72" [_thread_blocked, id=26277, stack(0x00007fb7e3bfc000,0x00007fb7e3cfd000)]
  0x00007fb7dc019000 JavaThread "Scheduler-2121301932" [_thread_blocked, id=4662, stack(0x00007fb7e37fa000,0x00007fb7e38fb000)]
  0x00007fb7dc0bd800 JavaThread "HashSessionScavenger-0" daemon [_thread_blocked, id=4643, stack(0x00007fb7e3afb000,0x00007fb7e3bfc000)]
  0x00007fb7dc0b6800 JavaThread "qtp379059063-19-acceptor-1-ServerConnector@5561f9ab{HTTP/1.1}{0.0.0.0:3456}" [_thread_in_native, id=4640, stack(0x00007fb7e3dfe000,0x00007fb7e3eff000)]
  0x00007fb7dc0b5000 JavaThread "qtp379059063-18-selector-3" [_thread_in_native, id=4639, stack(0x00007fb7e3eff000,0x00007fb7e4000000)]
  0x00007fb7dc0b3000 JavaThread "qtp379059063-17-selector-2" [_thread_in_native, id=4638, stack(0x00007fb7e80a0000,0x00007fb7e81a1000)]
  0x00007fb7dc0b1800 JavaThread "qtp379059063-16-acceptor-0-ServerConnector@5561f9ab{HTTP/1.1}{0.0.0.0:3456}" [_thread_blocked, id=4637, stack(0x00007fb7e81a1000,0x00007fb7e82a2000)]
  0x00007fb7dc0b0000 JavaThread "qtp379059063-15-selector-1" [_thread_in_native, id=4636, stack(0x00007fb7e82a2000,0x00007fb7e83a3000)]
  0x00007fb7dc0aa800 JavaThread "qtp379059063-14-selector-0" [_thread_in_native, id=4635, stack(0x00007fb7e83a3000,0x00007fb7e84a4000)]
  0x00007fb7dc0ae000 JavaThread "DateCache" daemon [_thread_blocked, id=4634, stack(0x00007fb7e84a4000,0x00007fb7e85a5000)]
  0x0000000001814800 JavaThread "DestroyJavaVM" [_thread_blocked, id=4609, stack(0x00007fb8019b5000,0x00007fb801ab6000)]
  0x0000000001d87800 JavaThread "Thread-1" [_thread_blocked, id=4633, stack(0x00007fb7e87a7000,0x00007fb7e88a8000)]
  0x0000000001876000 JavaThread "Service Thread" daemon [_thread_blocked, id=4621, stack(0x00007fb7e9113000,0x00007fb7e9214000)]
  0x00007fb7e408a800 JavaThread "C1 CompilerThread2" daemon [_thread_blocked, id=4620, stack(0x00007fb7e9214000,0x00007fb7e9315000)]
  0x00007fb7e4088800 JavaThread "C2 CompilerThread1" daemon [_thread_blocked, id=4619, stack(0x00007fb7e9315000,0x00007fb7e9416000)]
  0x00007fb7e4085800 JavaThread "C2 CompilerThread0" daemon [_thread_in_native, id=4618, stack(0x00007fb7e9416000,0x00007fb7e9517000)]
  0x00007fb7e4083800 JavaThread "Signal Dispatcher" daemon [_thread_blocked, id=4617, stack(0x00007fb7e9517000,0x00007fb7e9618000)]
  0x00007fb7e4057000 JavaThread "Finalizer" daemon [_thread_blocked, id=4616, stack(0x00007fb7e9618000,0x00007fb7e9719000)]
  0x00007fb7e4055000 JavaThread "Reference Handler" daemon [_thread_blocked, id=4615, stack(0x00007fb7e9719000,0x00007fb7e981a000)]

Other Threads:
  0x00007fb7e404d800 VMThread [stack: 0x00007fb7e981a000,0x00007fb7e991b000] [id=4614]
  0x0000000001878800 WatcherThread [stack: 0x00007fb7e9012000,0x00007fb7e9113000] [id=4622]

VM state:not at safepoint (normal execution)

VM Mutex/Monitor currently owned by a thread: None

Heap:
 PSYoungGen      total 37888K, used 21740K [0x00000000d6500000, 0x00000000d8f00000, 0x0000000100000000)
  eden space 32768K, 54% used [0x00000000d6500000,0x00000000d765f1a0,0x00000000d8500000)
  from space 5120K, 77% used [0x00000000d8500000,0x00000000d88dc0f0,0x00000000d8a00000)
  to   space 5120K, 0% used [0x00000000d8a00000,0x00000000d8a00000,0x00000000d8f00000)
 ParOldGen       total 86016K, used 1617K [0x0000000082e00000, 0x0000000088200000, 0x00000000d6500000)
  object space 86016K, 1% used [0x0000000082e00000,0x0000000082f94618,0x0000000088200000)
 Metaspace       used 14970K, capacity 15124K, committed 15360K, reserved 1062912K
  class space    used 1679K, capacity 1726K, committed 1792K, reserved 1048576K

Card table byte_map: [0x00007fb7efd06000,0x00007fb7f00f0000] byte_map_base: 0x00007fb7ef8ef000

Marking Bits: (ParMarkBitMap*) 0x00007fb800eea2c0
 Begin Bits: [0x00007fb7eb7d6000, 0x00007fb7ed71e000)
 End Bits:   [0x00007fb7ed71e000, 0x00007fb7ef666000)

Polling page: 0x00007fb801af1000

CodeCache: size=245760Kb used=7616Kb max_used=7627Kb free=238143Kb
 bounds [0x00007fb7f04b0000, 0x00007fb7f0c30000, 0x00007fb7ff4b0000]
 total_blobs=2386 nmethods=1999 adapters=302
 compilation: enabled

Compilation events (10 events):
Event: 4742.829 Thread 0x00007fb7e408a800 nmethod 2153 0x00007fb7f0c11910 code [0x00007fb7f0c11a80, 0x00007fb7f0c11db0]
Event: 4742.829 Thread 0x00007fb7e408a800 2154       3       java.util.concurrent.ConcurrentHashMap$ValuesView::iterator (34 bytes)
Event: 4742.829 Thread 0x00007fb7e408a800 nmethod 2154 0x00007fb7f0c11150 code [0x00007fb7f0c112e0, 0x00007fb7f0c116f8]
Event: 4941.202 Thread 0x00007fb7e408a800 2155       3       java.io.StringWriter::write (53 bytes)
Event: 4941.203 Thread 0x00007fb7e408a800 nmethod 2155 0x00007fb7f0c18510 code [0x00007fb7f0c186a0, 0x00007fb7f0c18cb8]
Event: 4941.217 Thread 0x00007fb7e408a800 2156       3       java.lang.Thread::checkAccess (14 bytes)
Event: 4941.218 Thread 0x00007fb7e408a800 nmethod 2156 0x00007fb7f0c17cd0 code [0x00007fb7f0c17e80, 0x00007fb7f0c18358]
Event: 4941.229 Thread 0x00007fb7e4088800 2157       4       java.util.Date::<init> (10 bytes)
Event: 4941.230 Thread 0x00007fb7e4088800 nmethod 2157 0x00007fb7f06a1b50 code [0x00007fb7f06a1ca0, 0x00007fb7f06a1cf8]
Event: 4955.932 Thread 0x00007fb7e4085800 2158       4       java.util.regex.Pattern::escape (1151 bytes)

GC Heap History (6 events):
Event: 5.467 GC heap before
{Heap before GC invocations=1 (full 0):
 PSYoungGen      total 37888K, used 32768K [0x00000000d6500000, 0x00000000d8f00000, 0x0000000100000000)
  eden space 32768K, 100% used [0x00000000d6500000,0x00000000d8500000,0x00000000d8500000)
  from space 5120K, 0% used [0x00000000d8a00000,0x00000000d8a00000,0x00000000d8f00000)
  to   space 5120K, 0% used [0x00000000d8500000,0x00000000d8500000,0x00000000d8a00000)
 ParOldGen       total 86016K, used 0K [0x0000000082e00000, 0x0000000088200000, 0x00000000d6500000)
  object space 86016K, 0% used [0x0000000082e00000,0x0000000082e00000,0x0000000088200000)
 Metaspace       used 13356K, capacity 13524K, committed 13696K, reserved 1060864K
  class space    used 1549K, capacity 1598K, committed 1664K, reserved 1048576K
Event: 5.497 GC heap after
Heap after GC invocations=1 (full 0):
 PSYoungGen      total 37888K, used 5091K [0x00000000d6500000, 0x00000000d8f00000, 0x0000000100000000)
  eden space 32768K, 0% used [0x00000000d6500000,0x00000000d6500000,0x00000000d8500000)
  from space 5120K, 99% used [0x00000000d8500000,0x00000000d89f8f38,0x00000000d8a00000)
  to   space 5120K, 0% used [0x00000000d8a00000,0x00000000d8a00000,0x00000000d8f00000)
 ParOldGen       total 86016K, used 1601K [0x0000000082e00000, 0x0000000088200000, 0x00000000d6500000)
  object space 86016K, 1% used [0x0000000082e00000,0x0000000082f90618,0x0000000088200000)
 Metaspace       used 13356K, capacity 13524K, committed 13696K, reserved 1060864K
  class space    used 1549K, capacity 1598K, committed 1664K, reserved 1048576K
}
Event: 767.560 GC heap before
{Heap before GC invocations=2 (full 0):
 PSYoungGen      total 37888K, used 37859K [0x00000000d6500000, 0x00000000d8f00000, 0x0000000100000000)
  eden space 32768K, 100% used [0x00000000d6500000,0x00000000d8500000,0x00000000d8500000)
  from space 5120K, 99% used [0x00000000d8500000,0x00000000d89f8f38,0x00000000d8a00000)
  to   space 5120K, 0% used [0x00000000d8a00000,0x00000000d8a00000,0x00000000d8f00000)
 ParOldGen       total 86016K, used 1601K [0x0000000082e00000, 0x0000000088200000, 0x00000000d6500000)
  object space 86016K, 1% used [0x0000000082e00000,0x0000000082f90618,0x0000000088200000)
 Metaspace       used 14506K, capacity 14676K, committed 14848K, reserved 1062912K
  class space    used 1672K, capacity 1726K, committed 1792K, reserved 1048576K
Event: 767.578 GC heap after
Heap after GC invocations=2 (full 0):
 PSYoungGen      total 37888K, used 4352K [0x00000000d6500000, 0x00000000d8f00000, 0x0000000100000000)
  eden space 32768K, 0% used [0x00000000d6500000,0x00000000d6500000,0x00000000d8500000)
  from space 5120K, 85% used [0x00000000d8a00000,0x00000000d8e40260,0x00000000d8f00000)
  to   space 5120K, 0% used [0x00000000d8500000,0x00000000d8500000,0x00000000d8a00000)
 ParOldGen       total 86016K, used 1609K [0x0000000082e00000, 0x0000000088200000, 0x00000000d6500000)
  object space 86016K, 1% used [0x0000000082e00000,0x0000000082f92618,0x0000000088200000)
 Metaspace       used 14506K, capacity 14676K, committed 14848K, reserved 1062912K
  class space    used 1672K, capacity 1726K, committed 1792K, reserved 1048576K
}
Event: 2430.717 GC heap before
{Heap before GC invocations=3 (full 0):
 PSYoungGen      total 37888K, used 37120K [0x00000000d6500000, 0x00000000d8f00000, 0x0000000100000000)
  eden space 32768K, 100% used [0x00000000d6500000,0x00000000d8500000,0x00000000d8500000)
  from space 5120K, 85% used [0x00000000d8a00000,0x00000000d8e40260,0x00000000d8f00000)
  to   space 5120K, 0% used [0x00000000d8500000,0x00000000d8500000,0x00000000d8a00000)
 ParOldGen       total 86016K, used 1609K [0x0000000082e00000, 0x0000000088200000, 0x00000000d6500000)
  object space 86016K, 1% used [0x0000000082e00000,0x0000000082f92618,0x0000000088200000)
 Metaspace       used 14876K, capacity 15060K, committed 15360K, reserved 1062912K
  class space    used 1676K, capacity 1726K, committed 1792K, reserved 1048576K
Event: 2430.735 GC heap after
Heap after GC invocations=3 (full 0):
 PSYoungGen      total 37888K, used 3952K [0x00000000d6500000, 0x00000000d8f00000, 0x0000000100000000)
  eden space 32768K, 0% used [0x00000000d6500000,0x00000000d6500000,0x00000000d8500000)
  from space 5120K, 77% used [0x00000000d8500000,0x00000000d88dc0f0,0x00000000d8a00000)
  to   space 5120K, 0% used [0x00000000d8a00000,0x00000000d8a00000,0x00000000d8f00000)
 ParOldGen       total 86016K, used 1617K [0x0000000082e00000, 0x0000000088200000, 0x00000000d6500000)
  object space 86016K, 1% used [0x0000000082e00000,0x0000000082f94618,0x0000000088200000)
 Metaspace       used 14876K, capacity 15060K, committed 15360K, reserved 1062912K
  class space    used 1676K, capacity 1726K, committed 1792K, reserved 1048576K
}

Deoptimization events (9 events):
Event: 2621.402 Thread 0x00007fb7dc175800 Uncommon trap: reason=class_check action=maybe_recompile pc=0x00007fb7f0bbe824 method=java.util.regex.Pattern$Start.match(Ljava/util/regex/Matcher;ILjava/lang/CharSequence;)Z @ 44
Event: 2621.402 Thread 0x00007fb7dc175800 Uncommon trap: reason=bimorphic action=maybe_recompile pc=0x00007fb7f0b4533c method=java.util.regex.Pattern$BmpCharProperty.match(Ljava/util/regex/Matcher;ILjava/lang/CharSequence;)Z @ 31
Event: 2621.402 Thread 0x00007fb7dc175800 Uncommon trap: reason=bimorphic action=maybe_recompile pc=0x00007fb7f0a23af0 method=java.util.regex.Pattern$BmpCharProperty.match(Ljava/util/regex/Matcher;ILjava/lang/CharSequence;)Z @ 31
Event: 2621.402 Thread 0x00007fb7dc175800 Uncommon trap: reason=class_check action=maybe_recompile pc=0x00007fb7f0bbe824 method=java.util.regex.Pattern$Start.match(Ljava/util/regex/Matcher;ILjava/lang/CharSequence;)Z @ 44
Event: 2621.402 Thread 0x00007fb7dc175800 Uncommon trap: reason=bimorphic action=maybe_recompile pc=0x00007fb7f0b4533c method=java.util.regex.Pattern$BmpCharProperty.match(Ljava/util/regex/Matcher;ILjava/lang/CharSequence;)Z @ 31
Event: 2621.402 Thread 0x00007fb7dc175800 Uncommon trap: reason=bimorphic action=maybe_recompile pc=0x00007fb7f0a23af0 method=java.util.regex.Pattern$BmpCharProperty.match(Ljava/util/regex/Matcher;ILjava/lang/CharSequence;)Z @ 31
Event: 2621.402 Thread 0x00007fb7dc175800 Uncommon trap: reason=class_check action=maybe_recompile pc=0x00007fb7f0bbe824 method=java.util.regex.Pattern$Start.match(Ljava/util/regex/Matcher;ILjava/lang/CharSequence;)Z @ 44
Event: 2621.402 Thread 0x00007fb7dc175800 Uncommon trap: reason=bimorphic action=maybe_recompile pc=0x00007fb7f0b4533c method=java.util.regex.Pattern$BmpCharProperty.match(Ljava/util/regex/Matcher;ILjava/lang/CharSequence;)Z @ 31
Event: 2621.402 Thread 0x00007fb7dc175800 Uncommon trap: reason=class_check action=maybe_recompile pc=0x00007fb7f0bbe824 method=java.util.regex.Pattern$Start.match(Ljava/util/regex/Matcher;ILjava/lang/CharSequence;)Z @ 44

Internal exceptions (10 events):
Event: 43.005 Thread 0x00007fb7dc22a800 Exception <a 'java/security/PrivilegedActionException'> (0x00000000d6d90400) thrown at [/HUDSON/workspace/8-2-build-linux-amd64/jdk8u25/1514/hotspot/src/share/vm/prims/jvm.cpp, line 1312]
Event: 43.005 Thread 0x00007fb7dc22a800 Exception <a 'java/security/PrivilegedActionException'> (0x00000000d6d94b88) thrown at [/HUDSON/workspace/8-2-build-linux-amd64/jdk8u25/1514/hotspot/src/share/vm/prims/jvm.cpp, line 1312]
Event: 57.909 Thread 0x00007fb7dc0b8800 Exception <a 'java/security/PrivilegedActionException'> (0x00000000d6e707f0) thrown at [/HUDSON/workspace/8-2-build-linux-amd64/jdk8u25/1514/hotspot/src/share/vm/prims/jvm.cpp, line 1312]
Event: 57.910 Thread 0x00007fb7dc0b8800 Exception <a 'java/security/PrivilegedActionException'> (0x00000000d6e73a60) thrown at [/HUDSON/workspace/8-2-build-linux-amd64/jdk8u25/1514/hotspot/src/share/vm/prims/jvm.cpp, line 1312]
Event: 87.546 Thread 0x0000000001d81000 Exception <a 'java/security/PrivilegedActionException'> (0x00000000d6e46830) thrown at [/HUDSON/workspace/8-2-build-linux-amd64/jdk8u25/1514/hotspot/src/share/vm/prims/jvm.cpp, line 1312]
Event: 87.547 Thread 0x0000000001d81000 Exception <a 'java/security/PrivilegedActionException'> (0x00000000d6e4c2e8) thrown at [/HUDSON/workspace/8-2-build-linux-amd64/jdk8u25/1514/hotspot/src/share/vm/prims/jvm.cpp, line 1312]
Event: 87.548 Thread 0x0000000001d81000 Exception <a 'java/security/PrivilegedActionException'> (0x00000000d6f4f560) thrown at [/HUDSON/workspace/8-2-build-linux-amd64/jdk8u25/1514/hotspot/src/share/vm/prims/jvm.cpp, line 1312]
Event: 659.500 Thread 0x0000000001d74000 Exception <a 'java/security/PrivilegedActionException'> (0x00000000d7ff2d68) thrown at [/HUDSON/workspace/8-2-build-linux-amd64/jdk8u25/1514/hotspot/src/share/vm/prims/jvm.cpp, line 1312]
Event: 2621.399 Thread 0x00007fb7dc175800 Exception <a 'java/security/PrivilegedActionException'> (0x00000000d6bebb78) thrown at [/HUDSON/workspace/8-2-build-linux-amd64/jdk8u25/1514/hotspot/src/share/vm/prims/jvm.cpp, line 1312]
Event: 4955.933 Thread 0x0000000001ecd000 Exception <a 'java/security/PrivilegedActionException'> (0x00000000d7653260) thrown at [/HUDSON/workspace/8-2-build-linux-amd64/jdk8u25/1514/hotspot/src/share/vm/prims/jvm.cpp, line 1312]

Events (10 events):
Event: 4838.065 Executing VM operation: RevokeBias
Event: 4838.065 Executing VM operation: RevokeBias done
Event: 4838.065 Thread 0x0000000001ecd000 Thread exited: 0x0000000001ecd000
Event: 4898.079 Thread 0x00000000018d0800 Thread exited: 0x00000000018d0800
Event: 4941.215 Thread 0x0000000001ecd000 Thread added: 0x0000000001ecd000
Event: 4941.216 Thread 0x00000000018fa800 Thread added: 0x00000000018fa800
Event: 4941.217 Thread 0x00000000018d0800 Thread added: 0x00000000018d0800
Event: 4941.217 Thread 0x00000000018d1000 Thread added: 0x00000000018d1000
Event: 4955.932 loading class edu/brown/cs/cookups/schedule/Schedule
Event: 4955.932 loading class edu/brown/cs/cookups/schedule/Schedule done


Dynamic libraries:
00400000-00401000 r-xp 00000000 00:14 138267735                          /gpfs/main/course/cs032/bin/jdk1.8.0_25/bin/java
00600000-00601000 rw-p 00000000 00:14 138267735                          /gpfs/main/course/cs032/bin/jdk1.8.0_25/bin/java
0180a000-02433000 rw-p 00000000 00:00 0                                  [heap]
82e00000-88200000 rw-p 00000000 00:00 0 
88200000-d6500000 ---p 00000000 00:00 0 
d6500000-d8f00000 rw-p 00000000 00:00 0 
d8f00000-100000000 ---p 00000000 00:00 0 
100000000-1001c0000 rw-p 00000000 00:00 0 
1001c0000-140000000 ---p 00000000 00:00 0 
7fb7dc000000-7fb7dc86a000 rw-p 00000000 00:00 0 
7fb7dc86a000-7fb7e0000000 ---p 00000000 00:00 0 
7fb7e2ff4000-7fb7e2ff7000 ---p 00000000 00:00 0 
7fb7e2ff7000-7fb7e30f5000 rw-p 00000000 00:00 0 
7fb7e30f5000-7fb7e30f8000 ---p 00000000 00:00 0 
7fb7e30f8000-7fb7e3336000 rw-p 00000000 00:00 0 
7fb7e3336000-7fb7e33f6000 ---p 00000000 00:00 0 
7fb7e33f6000-7fb7e33f9000 ---p 00000000 00:00 0 
7fb7e33f9000-7fb7e34f7000 rw-p 00000000 00:00 0 
7fb7e34f7000-7fb7e34fa000 ---p 00000000 00:00 0 
7fb7e34fa000-7fb7e35f8000 rw-p 00000000 00:00 0 
7fb7e35f8000-7fb7e35fb000 ---p 00000000 00:00 0 
7fb7e35fb000-7fb7e36f9000 rw-p 00000000 00:00 0 
7fb7e36f9000-7fb7e36fc000 ---p 00000000 00:00 0 
7fb7e36fc000-7fb7e37fa000 rw-p 00000000 00:00 0 
7fb7e37fa000-7fb7e37fd000 ---p 00000000 00:00 0 
7fb7e37fd000-7fb7e3afb000 rw-p 00000000 00:00 0 
7fb7e3afb000-7fb7e3afe000 ---p 00000000 00:00 0 
7fb7e3afe000-7fb7e3bfc000 rw-p 00000000 00:00 0 
7fb7e3bfc000-7fb7e3bff000 ---p 00000000 00:00 0 
7fb7e3bff000-7fb7e3cfd000 rw-p 00000000 00:00 0 
7fb7e3cfd000-7fb7e3d00000 ---p 00000000 00:00 0 
7fb7e3d00000-7fb7e3dfe000 rw-p 00000000 00:00 0 
7fb7e3dfe000-7fb7e3e01000 ---p 00000000 00:00 0 
7fb7e3e01000-7fb7e3eff000 rw-p 00000000 00:00 0 
7fb7e3eff000-7fb7e3f02000 ---p 00000000 00:00 0 
7fb7e3f02000-7fb7e4000000 rw-p 00000000 00:00 0 
7fb7e4000000-7fb7e5344000 rw-p 00000000 00:00 0 
7fb7e5344000-7fb7e8000000 ---p 00000000 00:00 0 
7fb7e8098000-7fb7e80a0000 rw-p 00000000 00:00 0 
7fb7e80a0000-7fb7e80a3000 ---p 00000000 00:00 0 
7fb7e80a3000-7fb7e81a1000 rw-p 00000000 00:00 0 
7fb7e81a1000-7fb7e81a4000 ---p 00000000 00:00 0 
7fb7e81a4000-7fb7e82a2000 rw-p 00000000 00:00 0 
7fb7e82a2000-7fb7e82a5000 ---p 00000000 00:00 0 
7fb7e82a5000-7fb7e83a3000 rw-p 00000000 00:00 0 
7fb7e83a3000-7fb7e83a6000 ---p 00000000 00:00 0 
7fb7e83a6000-7fb7e84a4000 rw-p 00000000 00:00 0 
7fb7e84a4000-7fb7e84a7000 ---p 00000000 00:00 0 
7fb7e84a7000-7fb7e85a5000 rw-p 00000000 00:00 0 
7fb7e85a5000-7fb7e85a7000 r--s 0001a000 00:14 135783392                  /gpfs/main/course/cs032/bin/jdk1.8.0_25/jre/lib/jce.jar
7fb7e85a7000-7fb7e87a7000 rw-p 00000000 00:00 0 
7fb7e87a7000-7fb7e87aa000 ---p 00000000 00:00 0 
7fb7e87aa000-7fb7e88a8000 rw-p 00000000 00:00 0 
7fb7e88a8000-7fb7e88be000 r-xp 00000000 00:14 136610987                  /gpfs/main/course/cs032/bin/jdk1.8.0_25/jre/lib/amd64/libnet.so
7fb7e88be000-7fb7e8abe000 ---p 00016000 00:14 136610987                  /gpfs/main/course/cs032/bin/jdk1.8.0_25/jre/lib/amd64/libnet.so
7fb7e8abe000-7fb7e8abf000 rw-p 00016000 00:14 136610987                  /gpfs/main/course/cs032/bin/jdk1.8.0_25/jre/lib/amd64/libnet.so
7fb7e8abf000-7fb7e8ad0000 r-xp 00000000 00:14 136611464                  /gpfs/main/course/cs032/bin/jdk1.8.0_25/jre/lib/amd64/libnio.so
7fb7e8ad0000-7fb7e8ccf000 ---p 00011000 00:14 136611464                  /gpfs/main/course/cs032/bin/jdk1.8.0_25/jre/lib/amd64/libnio.so
7fb7e8ccf000-7fb7e8cd0000 rw-p 00010000 00:14 136611464                  /gpfs/main/course/cs032/bin/jdk1.8.0_25/jre/lib/amd64/libnio.so
7fb7e8cd0000-7fb7e8d84000 r-xp 00000000 fe:04 161                        /tmp/sqlite-3.8.7-ce4eac9b-64dd-4343-9a02-ba7e745c16b1-libsqlitejdbc.so
7fb7e8d84000-7fb7e8f84000 ---p 000b4000 fe:04 161                        /tmp/sqlite-3.8.7-ce4eac9b-64dd-4343-9a02-ba7e745c16b1-libsqlitejdbc.so
7fb7e8f84000-7fb7e8f89000 rw-p 000b4000 fe:04 161                        /tmp/sqlite-3.8.7-ce4eac9b-64dd-4343-9a02-ba7e745c16b1-libsqlitejdbc.so
7fb7e8f89000-7fb7e8f8d000 r--s 00093000 00:14 136611567                  /gpfs/main/course/cs032/bin/jdk1.8.0_25/jre/lib/jsse.jar
7fb7e8f8d000-7fb7e8fa9000 r--s 00393000 00:14 136611667                  /gpfs/main/course/cs032/bin/jdk1.8.0_25/jre/lib/ext/cldrdata.jar
7fb7e8fa9000-7fb7e8fb3000 r--s 00116000 00:14 136611642                  /gpfs/main/course/cs032/bin/jdk1.8.0_25/jre/lib/ext/localedata.jar
7fb7e8fb3000-7fb7e8fc4000 r--s 000d3000 00:18 62318955                   /gpfs/nbu/people/ajb7/.m2/repository/org/freemarker/freemarker/2.3.19/freemarker-2.3.19.jar
7fb7e8fc4000-7fb7e8fc7000 r--s 00014000 00:18 62318949                   /gpfs/nbu/people/ajb7/.m2/repository/org/eclipse/jetty/jetty-security/9.0.2.v20130417/jetty-security-9.0.2.v20130417.jar
7fb7e8fc7000-7fb7e8fc9000 r--s 00018000 00:18 62318944                   /gpfs/nbu/people/ajb7/.m2/repository/org/eclipse/jetty/jetty-servlet/9.0.2.v20130417/jetty-servlet-9.0.2.v20130417.jar
7fb7e8fc9000-7fb7e8fcb000 r--s 00009000 00:18 62318939                   /gpfs/nbu/people/ajb7/.m2/repository/org/eclipse/jetty/jetty-xml/9.0.2.v20130417/jetty-xml-9.0.2.v20130417.jar
7fb7e8fcb000-7fb7e8fce000 r--s 00019000 00:18 62318691                   /gpfs/nbu/people/ajb7/.m2/repository/org/eclipse/jetty/jetty-webapp/9.0.2.v20130417/jetty-webapp-9.0.2.v20130417.jar
7fb7e8fce000-7fb7e8fd1000 r--s 00012000 00:18 62318655                   /gpfs/nbu/people/ajb7/.m2/repository/org/eclipse/jetty/jetty-io/9.0.2.v20130417/jetty-io-9.0.2.v20130417.jar
7fb7e8fd1000-7fb7e8fd6000 r--s 0004c000 00:18 61491078                   /gpfs/nbu/people/ajb7/.m2/repository/org/eclipse/jetty/jetty-util/9.0.2.v20130417/jetty-util-9.0.2.v20130417.jar
7fb7e8fd6000-7fb7e8fd9000 r--s 00017000 00:18 62318937                   /gpfs/nbu/people/ajb7/.m2/repository/org/eclipse/jetty/jetty-http/9.0.2.v20130417/jetty-http-9.0.2.v20130417.jar
7fb7e8fd9000-7fb7e8fdc000 r--s 0002e000 00:18 62318934                   /gpfs/nbu/people/ajb7/.m2/repository/org/eclipse/jetty/orbit/javax.servlet/3.0.0.v201112011016/javax.servlet-3.0.0.v201112011016.jar
7fb7e8fdc000-7fb7e8fe1000 r--s 0004d000 00:18 62318931                   /gpfs/nbu/people/ajb7/.m2/repository/org/eclipse/jetty/jetty-server/9.0.2.v20130417/jetty-server-9.0.2.v20130417.jar
7fb7e8fe1000-7fb7e900c000 r--s 001fc000 00:18 62318921                   /gpfs/nbu/people/ajb7/.m2/repository/com/google/guava/guava/18.0/guava-18.0.jar
7fb7e900c000-7fb7e9012000 r--s 01225000 00:15 267320381                  /gpfs/main/home/ajb7/course/cs032/cookups/target/cookups-1.0.jar
7fb7e9012000-7fb7e9013000 ---p 00000000 00:00 0 
7fb7e9013000-7fb7e9113000 rw-p 00000000 00:00 0 
7fb7e9113000-7fb7e9116000 ---p 00000000 00:00 0 
7fb7e9116000-7fb7e9214000 rw-p 00000000 00:00 0 
7fb7e9214000-7fb7e9217000 ---p 00000000 00:00 0 
7fb7e9217000-7fb7e9315000 rw-p 00000000 00:00 0 
7fb7e9315000-7fb7e9318000 ---p 00000000 00:00 0 
7fb7e9318000-7fb7e9416000 rw-p 00000000 00:00 0 
7fb7e9416000-7fb7e9419000 ---p 00000000 00:00 0 
7fb7e9419000-7fb7e9517000 rw-p 00000000 00:00 0 
7fb7e9517000-7fb7e951a000 ---p 00000000 00:00 0 
7fb7e951a000-7fb7e9618000 rw-p 00000000 00:00 0 
7fb7e9618000-7fb7e961b000 ---p 00000000 00:00 0 
7fb7e961b000-7fb7e9719000 rw-p 00000000 00:00 0 
7fb7e9719000-7fb7e971c000 ---p 00000000 00:00 0 
7fb7e971c000-7fb7e981a000 rw-p 00000000 00:00 0 
7fb7e981a000-7fb7e981b000 ---p 00000000 00:00 0 
7fb7e981b000-7fb7ea91e000 rw-p 00000000 00:00 0 
7fb7ea91e000-7fb7eaaf4000 r--s 03caa000 00:14 136611550                  /gpfs/main/course/cs032/bin/jdk1.8.0_25/jre/lib/rt.jar
7fb7eaaf4000-7fb7ef666000 rw-p 00000000 00:00 0 
7fb7ef666000-7fb7ef667000 ---p 00000000 00:00 0 
7fb7ef667000-7fb7ef767000 rw-p 00000000 00:00 0 
7fb7ef767000-7fb7ef768000 ---p 00000000 00:00 0 
7fb7ef768000-7fb7ef868000 rw-p 00000000 00:00 0 
7fb7ef868000-7fb7ef869000 ---p 00000000 00:00 0 
7fb7ef869000-7fb7ef969000 rw-p 00000000 00:00 0 
7fb7ef969000-7fb7ef96a000 ---p 00000000 00:00 0 
7fb7ef96a000-7fb7efa94000 rw-p 00000000 00:00 0 
7fb7efa94000-7fb7efd06000 ---p 00000000 00:00 0 
7fb7efd06000-7fb7efd30000 rw-p 00000000 00:00 0 
7fb7efd30000-7fb7effa1000 ---p 00000000 00:00 0 
7fb7effa1000-7fb7effb7000 rw-p 00000000 00:00 0 
7fb7effb7000-7fb7f00ef000 ---p 00000000 00:00 0 
7fb7f00ef000-7fb7f010e000 rw-p 00000000 00:00 0 
7fb7f010e000-7fb7f04b0000 ---p 00000000 00:00 0 
7fb7f04b0000-7fb7f0c30000 rwxp 00000000 00:00 0 
7fb7f0c30000-7fb7ff4b0000 ---p 00000000 00:00 0 
7fb7ff4b0000-7fb7ff4ca000 r-xp 00000000 00:14 136610880                  /gpfs/main/course/cs032/bin/jdk1.8.0_25/jre/lib/amd64/libzip.so
7fb7ff4ca000-7fb7ff6ca000 ---p 0001a000 00:14 136610880                  /gpfs/main/course/cs032/bin/jdk1.8.0_25/jre/lib/amd64/libzip.so
7fb7ff6ca000-7fb7ff6cb000 rw-p 0001a000 00:14 136610880                  /gpfs/main/course/cs032/bin/jdk1.8.0_25/jre/lib/amd64/libzip.so
7fb7ff6cb000-7fb7ff6f5000 r-xp 00000000 00:14 136610822                  /gpfs/main/course/cs032/bin/jdk1.8.0_25/jre/lib/amd64/libjava.so
7fb7ff6f5000-7fb7ff8f5000 ---p 0002a000 00:14 136610822                  /gpfs/main/course/cs032/bin/jdk1.8.0_25/jre/lib/amd64/libjava.so
7fb7ff8f5000-7fb7ff8f7000 rw-p 0002a000 00:14 136610822                  /gpfs/main/course/cs032/bin/jdk1.8.0_25/jre/lib/amd64/libjava.so
7fb7ff8f7000-7fb7ff904000 r-xp 00000000 00:14 136610855                  /gpfs/main/course/cs032/bin/jdk1.8.0_25/jre/lib/amd64/libverify.so
7fb7ff904000-7fb7ffb04000 ---p 0000d000 00:14 136610855                  /gpfs/main/course/cs032/bin/jdk1.8.0_25/jre/lib/amd64/libverify.so
7fb7ffb04000-7fb7ffb06000 rw-p 0000d000 00:14 136610855                  /gpfs/main/course/cs032/bin/jdk1.8.0_25/jre/lib/amd64/libverify.so
7fb7ffb06000-7fb7ffb0d000 r-xp 00000000 fe:00 2627                       /lib/x86_64-linux-gnu/librt-2.13.so
7fb7ffb0d000-7fb7ffd0c000 ---p 00007000 fe:00 2627                       /lib/x86_64-linux-gnu/librt-2.13.so
7fb7ffd0c000-7fb7ffd0d000 r--p 00006000 fe:00 2627                       /lib/x86_64-linux-gnu/librt-2.13.so
7fb7ffd0d000-7fb7ffd0e000 rw-p 00007000 fe:00 2627                       /lib/x86_64-linux-gnu/librt-2.13.so
7fb7ffd0e000-7fb7ffd8f000 r-xp 00000000 fe:00 2405                       /lib/x86_64-linux-gnu/libm-2.13.so
7fb7ffd8f000-7fb7fff8e000 ---p 00081000 fe:00 2405                       /lib/x86_64-linux-gnu/libm-2.13.so
7fb7fff8e000-7fb7fff8f000 r--p 00080000 fe:00 2405                       /lib/x86_64-linux-gnu/libm-2.13.so
7fb7fff8f000-7fb7fff90000 rw-p 00081000 fe:00 2405                       /lib/x86_64-linux-gnu/libm-2.13.so
7fb7fff90000-7fb800bfd000 r-xp 00000000 00:14 136611394                  /gpfs/main/course/cs032/bin/jdk1.8.0_25/jre/lib/amd64/server/libjvm.so
7fb800bfd000-7fb800dfc000 ---p 00c6d000 00:14 136611394                  /gpfs/main/course/cs032/bin/jdk1.8.0_25/jre/lib/amd64/server/libjvm.so
7fb800dfc000-7fb800ed2000 rw-p 00c6c000 00:14 136611394                  /gpfs/main/course/cs032/bin/jdk1.8.0_25/jre/lib/amd64/server/libjvm.so
7fb800ed2000-7fb800f15000 rw-p 00000000 00:00 0 
7fb800f15000-7fb801096000 r-xp 00000000 fe:00 2485                       /lib/x86_64-linux-gnu/libc-2.13.so
7fb801096000-7fb801296000 ---p 00181000 fe:00 2485                       /lib/x86_64-linux-gnu/libc-2.13.so
7fb801296000-7fb80129a000 r--p 00181000 fe:00 2485                       /lib/x86_64-linux-gnu/libc-2.13.so
7fb80129a000-7fb80129b000 rw-p 00185000 fe:00 2485                       /lib/x86_64-linux-gnu/libc-2.13.so
7fb80129b000-7fb8012a0000 rw-p 00000000 00:00 0 
7fb8012a0000-7fb8012a2000 r-xp 00000000 fe:00 2549                       /lib/x86_64-linux-gnu/libdl-2.13.so
7fb8012a2000-7fb8014a2000 ---p 00002000 fe:00 2549                       /lib/x86_64-linux-gnu/libdl-2.13.so
7fb8014a2000-7fb8014a3000 r--p 00002000 fe:00 2549                       /lib/x86_64-linux-gnu/libdl-2.13.so
7fb8014a3000-7fb8014a4000 rw-p 00003000 fe:00 2549                       /lib/x86_64-linux-gnu/libdl-2.13.so
7fb8014a4000-7fb8014b9000 r-xp 00000000 00:14 174988983                  /gpfs/main/course/cs032/bin/jdk1.8.0_25/lib/amd64/jli/libjli.so
7fb8014b9000-7fb8016b8000 ---p 00015000 00:14 174988983                  /gpfs/main/course/cs032/bin/jdk1.8.0_25/lib/amd64/jli/libjli.so
7fb8016b8000-7fb8016b9000 rw-p 00014000 00:14 174988983                  /gpfs/main/course/cs032/bin/jdk1.8.0_25/lib/amd64/jli/libjli.so
7fb8016b9000-7fb8016d0000 r-xp 00000000 fe:00 2638                       /lib/x86_64-linux-gnu/libpthread-2.13.so
7fb8016d0000-7fb8018cf000 ---p 00017000 fe:00 2638                       /lib/x86_64-linux-gnu/libpthread-2.13.so
7fb8018cf000-7fb8018d0000 r--p 00016000 fe:00 2638                       /lib/x86_64-linux-gnu/libpthread-2.13.so
7fb8018d0000-7fb8018d1000 rw-p 00017000 fe:00 2638                       /lib/x86_64-linux-gnu/libpthread-2.13.so
7fb8018d1000-7fb8018d5000 rw-p 00000000 00:00 0 
7fb8018d5000-7fb8018f5000 r-xp 00000000 fe:00 2575                       /lib/x86_64-linux-gnu/ld-2.13.so
7fb8018f5000-7fb8018f6000 rw-p 00000000 00:00 0 
7fb8018f6000-7fb8018f9000 r--s 003c4000 00:18 62318958                   /gpfs/nbu/people/ajb7/.m2/repository/org/xerial/sqlite-jdbc/3.8.7/sqlite-jdbc-3.8.7.jar
7fb8018f9000-7fb8018fe000 r--s 0002f000 00:18 62318924                   /gpfs/nbu/people/ajb7/.m2/repository/com/google/code/gson/gson/2.3.1/gson-2.3.1.jar
7fb8018fe000-7fb8018ff000 r--s 00001000 00:18 62318917                   /gpfs/nbu/people/ajb7/.m2/repository/org/slf4j/slf4j-jdk14/1.7.7/slf4j-jdk14-1.7.7.jar
7fb8018ff000-7fb801901000 r--s 00006000 00:18 62318914                   /gpfs/nbu/people/ajb7/.m2/repository/org/slf4j/slf4j-api/1.7.7/slf4j-api-1.7.7.jar
7fb801901000-7fb801907000 r--s 00045000 00:18 61491153                   /gpfs/nbu/people/ajb7/.m2/repository/org/hamcrest/hamcrest-all/1.3/hamcrest-all-1.3.jar
7fb801907000-7fb801909000 r--s 00009000 00:18 62318909                   /gpfs/nbu/people/ajb7/.m2/repository/org/hamcrest/hamcrest-core/1.3/hamcrest-core-1.3.jar
7fb801909000-7fb80190f000 r--s 00036000 00:18 62318906                   /gpfs/nbu/people/ajb7/.m2/repository/junit/junit/4.11/junit-4.11.jar
7fb80190f000-7fb8019b5000 r--s 00000000 00:0e 318024807                  /run/nscd/dbGc6Trt (deleted)
7fb8019b5000-7fb8019b8000 ---p 00000000 00:00 0 
7fb8019b8000-7fb801aba000 rw-p 00000000 00:00 0 
7fb801aba000-7fb801abb000 r--s 00000000 00:18 62318952                   /gpfs/nbu/people/ajb7/.m2/repository/com/sparkjava/spark-template-freemarker/2.0.0/spark-template-freemarker-2.0.0.jar
7fb801abb000-7fb801abe000 r--s 0000d000 00:18 62318927                   /gpfs/nbu/people/ajb7/.m2/repository/com/sparkjava/spark-core/2.0.0/spark-core-2.0.0.jar
7fb801abe000-7fb801ac0000 r--s 0000e000 00:18 62318901                   /gpfs/nbu/people/ajb7/.m2/repository/net/sf/jopt-simple/jopt-simple/4.8/jopt-simple-4.8.jar
7fb801ac0000-7fb801ae8000 rw-p 00000000 00:00 0 
7fb801ae8000-7fb801af0000 rw-s 00000000 fe:04 101                        /tmp/hsperfdata_ajb7/4608
7fb801af0000-7fb801af1000 rw-p 00000000 00:00 0 
7fb801af1000-7fb801af2000 r--p 00000000 00:00 0 
7fb801af2000-7fb801af4000 rw-p 00000000 00:00 0 
7fb801af4000-7fb801af5000 r--p 0001f000 fe:00 2575                       /lib/x86_64-linux-gnu/ld-2.13.so
7fb801af5000-7fb801af6000 rw-p 00020000 fe:00 2575                       /lib/x86_64-linux-gnu/ld-2.13.so
7fb801af6000-7fb801af7000 rw-p 00000000 00:00 0 
7fff12959000-7fff1297a000 rw-p 00000000 00:00 0                          [stack]
7fff129ff000-7fff12a00000 r-xp 00000000 00:00 0                          [vdso]
ffffffffff600000-ffffffffff601000 r-xp 00000000 00:00 0                  [vsyscall]

VM Arguments:
java_command: edu.brown.cs.cookups.Main -db databases/cookups.sqlite3 -i databases/csv/ingredients/ingredientExpiration.csv -u databases/csv/people/ -r databases/csv/recipes/
java_class_path (initial): target/cookups-1.0.jar:/home/ajb7/.m2/repository/net/sf/jopt-simple/jopt-simple/4.8/jopt-simple-4.8.jar:/home/ajb7/.m2/repository/junit/junit/4.11/junit-4.11.jar:/home/ajb7/.m2/repository/org/hamcrest/hamcrest-core/1.3/hamcrest-core-1.3.jar:/home/ajb7/.m2/repository/org/hamcrest/hamcrest-all/1.3/hamcrest-all-1.3.jar:/home/ajb7/.m2/repository/org/slf4j/slf4j-api/1.7.7/slf4j-api-1.7.7.jar:/home/ajb7/.m2/repository/org/slf4j/slf4j-jdk14/1.7.7/slf4j-jdk14-1.7.7.jar:/home/ajb7/.m2/repository/com/google/guava/guava/18.0/guava-18.0.jar:/home/ajb7/.m2/repository/com/google/code/gson/gson/2.3.1/gson-2.3.1.jar:/home/ajb7/.m2/repository/com/sparkjava/spark-core/2.0.0/spark-core-2.0.0.jar:/home/ajb7/.m2/repository/org/eclipse/jetty/jetty-server/9.0.2.v20130417/jetty-server-9.0.2.v20130417.jar:/home/ajb7/.m2/repository/org/eclipse/jetty/orbit/javax.servlet/3.0.0.v201112011016/javax.servlet-3.0.0.v201112011016.jar:/home/ajb7/.m2/repository/org/eclipse/jetty/jetty-http/9.0.2.v20130417/jetty-http-9.0.2.v20130417.jar:/home/ajb7/.m2/repository/org/eclipse/jetty/jetty-util/9.0.2.v20130417/jetty-util-9.0.2.v20130417.jar:/home/ajb7/.m2/repository/org/eclipse/jetty/jetty-io/9.0.2.v20130417/jetty-io-9.0.2.v20130417.jar:/home/ajb7/.m2/repository/org/eclipse/jetty/jetty-webapp/9.0.2.v20130417/jetty-webapp-9.0.2.v20130417.jar:/home/ajb7/.m2/repository/org/eclipse/jetty/jetty-xml/9.0.2.v20130417/jetty-xml-9.0.2.v20130417.jar:/home/ajb7/.m2/repository/org/eclipse/jetty/jetty-servlet/9.0.2.v20130417/jetty-servlet-9.0.2.v20130417.jar:/home/ajb7/.m2/repository/org/eclipse/jetty/jetty-security/9.0.2.v20130417/jetty-security-9.0.2.v20130417.jar:/home/ajb7/.m2/repository/com/sparkjava/spark-template-freemarker/2.0.0/spark-template-freemarker-2.0.0.jar:/home/ajb7/.m2/repository/org/freemarker/freemarker/2.3.19/freemarker-2.3.19.jar:/home/ajb7/.m2/repository/org/xerial/sqlite-jdbc/3.8.7/sqlite-jdbc-3.8.7.jar
Launcher Type: SUN_STANDARD

Environment Variables:
PATH=/course/cs032/bin:/local/bin:/usr/local/bin:/bin:/usr/bin:/usr/X11R6/bin:/usr/games:/contrib/bin:/course/cs032/bin:/course/cs141/bin:/course/cs146/bin:/course/cs033/bin
SHELL=/bin/bash
DISPLAY=:0.0

Signal Handlers:
SIGSEGV: [libjvm.so+0xa79a80], sa_mask[0]=11111111011111111101111111111110, sa_flags=SA_RESTART|SA_SIGINFO
SIGBUS: [libjvm.so+0xa79a80], sa_mask[0]=11111111011111111101111111111110, sa_flags=SA_RESTART|SA_SIGINFO
SIGFPE: [libjvm.so+0x8e24e0], sa_mask[0]=11111111011111111101111111111110, sa_flags=SA_RESTART|SA_SIGINFO
SIGPIPE: [libjvm.so+0x8e24e0], sa_mask[0]=11111111011111111101111111111110, sa_flags=SA_RESTART|SA_SIGINFO
SIGXFSZ: [libjvm.so+0x8e24e0], sa_mask[0]=11111111011111111101111111111110, sa_flags=SA_RESTART|SA_SIGINFO
SIGILL: [libjvm.so+0x8e24e0], sa_mask[0]=11111111011111111101111111111110, sa_flags=SA_RESTART|SA_SIGINFO
SIGUSR1: SIG_DFL, sa_mask[0]=00000000000000000000000000000000, sa_flags=none
SIGUSR2: [libjvm.so+0x8e3d10], sa_mask[0]=00000000000000000000000000000000, sa_flags=SA_RESTART|SA_SIGINFO
SIGHUP: [libjvm.so+0x8e50d0], sa_mask[0]=11111111011111111101111111111110, sa_flags=SA_RESTART|SA_SIGINFO
SIGINT: [libjvm.so+0x8e50d0], sa_mask[0]=11111111011111111101111111111110, sa_flags=SA_RESTART|SA_SIGINFO
SIGTERM: [libjvm.so+0x8e50d0], sa_mask[0]=11111111011111111101111111111110, sa_flags=SA_RESTART|SA_SIGINFO
SIGQUIT: [libjvm.so+0x8e50d0], sa_mask[0]=11111111011111111101111111111110, sa_flags=SA_RESTART|SA_SIGINFO


---------------  S Y S T E M  ---------------

OS:PRETTY_NAME="Debian GNU/Linux 7 (wheezy)"
NAME="Debian GNU/Linux"
VERSION_ID="7"
VERSION="7 (wheezy)"
ID=debian
ANSI_COLOR="1;31"
HOME_URL="http://www.debian.org/"
SUPPORT_URL="http://www.debian.org/support/"
BUG_REPORT_URL="http://bugs.debian.org/"

uname:Linux 3.2.0-4-amd64 #1 SMP Debian 3.2.65-1+deb7u1 x86_64
libc:glibc 2.13 NPTL 2.13 
rlimit: STACK 8192k, CORE 0k, NPROC 63961, NOFILE 4096, AS infinity
load average:0.33 0.25 0.29

/proc/meminfo:
MemTotal:        8199880 kB
MemFree:          618608 kB
Buffers:          282072 kB
Cached:          2105968 kB
SwapCached:       122892 kB
Active:          4820528 kB
Inactive:        1925152 kB
Active(anon):    3720996 kB
Inactive(anon):   827964 kB
Active(file):    1099532 kB
Inactive(file):  1097188 kB
Unevictable:          80 kB
Mlocked:              80 kB
SwapTotal:       8388604 kB
SwapFree:        6292028 kB
Dirty:               308 kB
Writeback:             0 kB
AnonPages:       4278904 kB
Mapped:           499732 kB
Shmem:            191320 kB
Slab:             607904 kB
SReclaimable:     535936 kB
SUnreclaim:        71968 kB
KernelStack:       10256 kB
PageTables:        86196 kB
NFS_Unstable:          0 kB
Bounce:                0 kB
WritebackTmp:          0 kB
CommitLimit:    12488544 kB
Committed_AS:   14564024 kB
VmallocTotal:   34359738367 kB
VmallocUsed:      332764 kB
VmallocChunk:   34359401716 kB
HardwareCorrupted:     0 kB
AnonHugePages:         0 kB
HugePages_Total:       0
HugePages_Free:        0
HugePages_Rsvd:        0
HugePages_Surp:        0
Hugepagesize:       2048 kB
DirectMap4k:     7618112 kB
DirectMap2M:      770048 kB


CPU:total 4 (4 cores per cpu, 1 threads per core) family 6 model 15 stepping 11, cmov, cx8, fxsr, mmx, sse, sse2, sse3, ssse3, tsc

/proc/cpuinfo:
processor	: 0
vendor_id	: GenuineIntel
cpu family	: 6
model		: 15
model name	: Intel(R) Core(TM)2 Quad CPU    Q6600  @ 2.40GHz
stepping	: 11
microcode	: 0xb6
cpu MHz		: 2400.117
cache size	: 4096 KB
physical id	: 0
siblings	: 4
core id		: 0
cpu cores	: 4
apicid		: 0
initial apicid	: 0
fpu		: yes
fpu_exception	: yes
cpuid level	: 10
wp		: yes
flags		: fpu vme de pse tsc msr pae mce cx8 apic sep mtrr pge mca cmov pat pse36 clflush dts acpi mmx fxsr sse sse2 ss ht tm pbe syscall nx lm constant_tsc arch_perfmon pebs bts rep_good nopl aperfmperf pni dtes64 monitor ds_cpl vmx est tm2 ssse3 cx16 xtpr pdcm lahf_lm dtherm tpr_shadow vnmi flexpriority
bogomips	: 4800.23
clflush size	: 64
cache_alignment	: 64
address sizes	: 36 bits physical, 48 bits virtual
power management:

processor	: 1
vendor_id	: GenuineIntel
cpu family	: 6
model		: 15
model name	: Intel(R) Core(TM)2 Quad CPU    Q6600  @ 2.40GHz
stepping	: 11
microcode	: 0xb6
cpu MHz		: 2400.117
cache size	: 4096 KB
physical id	: 0
siblings	: 4
core id		: 1
cpu cores	: 4
apicid		: 1
initial apicid	: 1
fpu		: yes
fpu_exception	: yes
cpuid level	: 10
wp		: yes
flags		: fpu vme de pse tsc msr pae mce cx8 apic sep mtrr pge mca cmov pat pse36 clflush dts acpi mmx fxsr sse sse2 ss ht tm pbe syscall nx lm constant_tsc arch_perfmon pebs bts rep_good nopl aperfmperf pni dtes64 monitor ds_cpl vmx est tm2 ssse3 cx16 xtpr pdcm lahf_lm dtherm tpr_shadow vnmi flexpriority
bogomips	: 4800.22
clflush size	: 64
cache_alignment	: 64
address sizes	: 36 bits physical, 48 bits virtual
power management:

processor	: 2
vendor_id	: GenuineIntel
cpu family	: 6
model		: 15
model name	: Intel(R) Core(TM)2 Quad CPU    Q6600  @ 2.40GHz
stepping	: 11
microcode	: 0xb6
cpu MHz		: 2400.117
cache size	: 4096 KB
physical id	: 0
siblings	: 4
core id		: 2
cpu cores	: 4
apicid		: 2
initial apicid	: 2
fpu		: yes
fpu_exception	: yes
cpuid level	: 10
wp		: yes
flags		: fpu vme de pse tsc msr pae mce cx8 apic sep mtrr pge mca cmov pat pse36 clflush dts acpi mmx fxsr sse sse2 ss ht tm pbe syscall nx lm constant_tsc arch_perfmon pebs bts rep_good nopl aperfmperf pni dtes64 monitor ds_cpl vmx est tm2 ssse3 cx16 xtpr pdcm lahf_lm dtherm tpr_shadow vnmi flexpriority
bogomips	: 4800.28
clflush size	: 64
cache_alignment	: 64
address sizes	: 36 bits physical, 48 bits virtual
power management:

processor	: 3
vendor_id	: GenuineIntel
cpu family	: 6
model		: 15
model name	: Intel(R) Core(TM)2 Quad CPU    Q6600  @ 2.40GHz
stepping	: 11
microcode	: 0xb6
cpu MHz		: 2400.117
cache size	: 4096 KB
physical id	: 0
siblings	: 4
core id		: 3
cpu cores	: 4
apicid		: 3
initial apicid	: 3
fpu		: yes
fpu_exception	: yes
cpuid level	: 10
wp		: yes
flags		: fpu vme de pse tsc msr pae mce cx8 apic sep mtrr pge mca cmov pat pse36 clflush dts acpi mmx fxsr sse sse2 ss ht tm pbe syscall nx lm constant_tsc arch_perfmon pebs bts rep_good nopl aperfmperf pni dtes64 monitor ds_cpl vmx est tm2 ssse3 cx16 xtpr pdcm lahf_lm dtherm tpr_shadow vnmi flexpriority
bogomips	: 4800.25
clflush size	: 64
cache_alignment	: 64
address sizes	: 36 bits physical, 48 bits virtual
power management:



Memory: 4k page, physical 8199880k(618608k free), swap 8388604k(6292028k free)

vm_info: Java HotSpot(TM) 64-Bit Server VM (25.25-b02) for linux-amd64 JRE (1.8.0_25-b17), built on Sep 17 2014 17:32:11 by "java_re" with gcc 4.3.0 20080428 (Red Hat 4.3.0-8)

time: Sun May  3 23:53:23 2015
elapsed time: 4955 seconds (0d 1h 22m 35s)

