#
# A fatal error has been detected by the Java Runtime Environment:
#
#  SIGSEGV (0xb) at pc=0x00007ff17fb0feac, pid=22919, tid=140674778744576
#
# JRE version: Java(TM) SE Runtime Environment (8.0_25-b17) (build 1.8.0_25-b17)
# Java VM: Java HotSpot(TM) 64-Bit Server VM (25.25-b02 mixed mode linux-amd64 compressed oops)
# Problematic frame:
# C  [libc.so.6+0x120eac]
#
# Failed to write core dump. Core dumps have been disabled. To enable core dumping, try "ulimit -c unlimited" before starting Java again
#
# If you would like to submit a bug report, please visit:
#   http://bugreport.sun.com/bugreport/crash.jsp
# The crash happened outside the Java Virtual Machine in native code.
# See problematic frame for where to report the bug.
#

---------------  T H R E A D  ---------------

Current thread (0x00000000010bd800):  JavaThread "qtp2018766497-76" [_thread_in_native, id=20825, stack(0x00007ff166274000,0x00007ff166375000)]

siginfo: si_signo: 11 (SIGSEGV), si_code: 2 (SEGV_ACCERR), si_addr: 0x00007ff167aec000

Registers:
RAX=0x0000000000ebf880, RBX=0x0000000000005920, RCX=0x0000000000100000, RDX=0x0000000000005180
RSP=0x00007ff16636fbf8, RBP=0x00007ff16636fc50, RSI=0x00007ff167aebfd0, RDI=0x0000000000ebffa0
R8 =0x0000000000ebf880, R9 =0x0000000000000000, R10=0x00007ff17fd75e90, R11=0x00007ff17fb43fb0
R12=0x00007ff167aeb882, R13=0x0000000000c67a40, R14=0x000000000000237e, R15=0x00007ff160050950
RIP=0x00007ff17fb0feac, EFLAGS=0x0000000000010202, CSGSFS=0x0000000000000033, ERR=0x0000000000000004
  TRAPNO=0x000000000000000e

Top of Stack: (sp=0x00007ff16636fbf8)
0x00007ff16636fbf8:   00007ff17df9b954 0000000000000000
0x00007ff16636fc08:   6a0f7e0000000000 0000000000005920
0x00007ff16636fc18:   00000000606a050e 0000000000c67a40
0x00007ff16636fc28:   00007ff1600516b0 0000000000df0f90
0x00007ff16636fc38:   00007ff160050950 000000007d71c758
0x00007ff16636fc48:   000000000000002e 00007ff16636fcb0
0x00007ff16636fc58:   00007ff17df9bf2f 00000000010bd800
0x00007ff16636fc68:   01007ff100000000 00007ff16636fcd0
0x00007ff16636fc78:   00007ff16636fcff 00007ff16636fcfd
0x00007ff16636fc88:   00007ff16636fcd0 000000000000002e
0x00007ff16636fc98:   00000000010bd9e8 00007ff166370128
0x00007ff16636fca8:   0000000000000001 00007ff166370110
0x00007ff16636fcb8:   00007ff17df8dd30 0000000000000000
0x00007ff16636fcc8:   00007ff160050950 776f72622f756465
0x00007ff16636fcd8:   6f6f632f73632f6e 6f68532f7370756b
0x00007ff16636fce8:   697250676e697070 72656b6e61526563
0x00007ff16636fcf8:   00007373616c632e 00000000d7599268
0x00007ff16636fd08:   00007ff100000005 0000000069e61e80
0x00007ff16636fd18:   00007ff166370118 00007ff100000000
0x00007ff16636fd28:   0000000000000000 00007ff1663738f8
0x00007ff16636fd38:   00007ff16ef8a4e7 00007ff16ef8a3d0
0x00007ff16636fd48:   00007ff100000000 00007ff166373960
0x00007ff16636fd58:   00007ff1663738f8 0000000000ebbd10
0x00007ff16636fd68:   00007ff16054adc0 00007ff16054add0
0x00007ff16636fd78:   00007ff16054b1a8 00000000000003d8
0x00007ff16636fd88:   00007ff169648490 00007ff16f5f79b8
0x00007ff16636fd98:   00007ff100000009 00007ff16f5f7610
0x00007ff16636fda8:   0000000000000000 00000000011de0c8
0x00007ff16636fdb8:   00000000010bd800 00007ff16636fe38
0x00007ff16636fdc8:   00007ff16636fe70 00000000011de0a0
0x00007ff16636fdd8:   00000000010bd800 00007ff16636fe70
0x00007ff16636fde8:   00000000011de0a0 00007ff16636fe60 

Instructions: (pc=0x00007ff17fb0feac)
0x00007ff17fb0fe8c:   ff e2 0f 0b 0f 18 8e c0 01 00 00 0f 18 8e 80 02
0x00007ff17fb0fe9c:   00 00 66 0f 6f 06 66 0f 6f 4e 10 66 0f 6f 56 20
0x00007ff17fb0feac:   66 0f 6f 5e 30 66 0f 6f 66 40 66 0f 6f 6e 50 66
0x00007ff17fb0febc:   0f 6f 76 60 66 0f 6f 7e 70 48 8d b6 80 00 00 00 

Register to memory mapping:

RAX=0x0000000000ebf880 is an unknown value
RBX=0x0000000000005920 is an unknown value
RCX=0x0000000000100000 is an unknown value
RDX=0x0000000000005180 is an unknown value
RSP=0x00007ff16636fbf8 is pointing into the stack for thread: 0x00000000010bd800
RBP=0x00007ff16636fc50 is pointing into the stack for thread: 0x00000000010bd800
RSI=0x00007ff167aebfd0 is an unknown value
RDI=0x0000000000ebffa0 is an unknown value
R8 =0x0000000000ebf880 is an unknown value
R9 =0x0000000000000000 is an unknown value
R10=0x00007ff17fd75e90: <offset 0x386e90> in /lib/x86_64-linux-gnu/libc.so.6 at 0x00007ff17f9ef000
R11=0x00007ff17fb43fb0: <offset 0x154fb0> in /lib/x86_64-linux-gnu/libc.so.6 at 0x00007ff17f9ef000
R12=0x00007ff167aeb882 is an unknown value
R13=0x0000000000c67a40 is an unknown value
R14=0x000000000000237e is an unknown value
R15=0x00007ff160050950 is an unknown value


Stack: [0x00007ff166274000,0x00007ff166375000],  sp=0x00007ff16636fbf8,  free space=1006k
Native frames: (J=compiled Java code, j=interpreted, Vv=VM code, C=native code)
C  [libc.so.6+0x120eac]
C  [libzip.so+0x11f2f]  ZIP_GetEntry2+0xff
C  [libzip.so+0x3d30]  Java_java_util_zip_ZipFile_getEntry+0xf0
J 135  java.util.zip.ZipFile.getEntry(J[BZ)J (0 bytes) @ 0x00007ff16f0d410e [0x00007ff16f0d4040+0xce]
J 614 C2 sun.misc.URLClassPath$JarLoader.getResource(Ljava/lang/String;Z)Lsun/misc/Resource; (85 bytes) @ 0x00007ff16f1e6890 [0x00007ff16f1e6460+0x430]

Java frames: (J=compiled Java code, j=interpreted, Vv=VM code)
J 135  java.util.zip.ZipFile.getEntry(J[BZ)J (0 bytes) @ 0x00007ff16f0d4098 [0x00007ff16f0d4040+0x58]
J 614 C2 sun.misc.URLClassPath$JarLoader.getResource(Ljava/lang/String;Z)Lsun/misc/Resource; (85 bytes) @ 0x00007ff16f1e6890 [0x00007ff16f1e6460+0x430]
J 1033 C2 sun.misc.URLClassPath.getResource(Ljava/lang/String;Z)Lsun/misc/Resource; (74 bytes) @ 0x00007ff16f350470 [0x00007ff16f350400+0x70]
J 508 C1 java.net.URLClassLoader$1.run()Ljava/lang/Class; (73 bytes) @ 0x00007ff16f19156c [0x00007ff16f191360+0x20c]
J 507 C1 java.net.URLClassLoader$1.run()Ljava/lang/Object; (5 bytes) @ 0x00007ff16f190fcc [0x00007ff16f190f40+0x8c]
v  ~StubRoutines::call_stub
J 506  java.security.AccessController.doPrivileged(Ljava/security/PrivilegedExceptionAction;Ljava/security/AccessControlContext;)Ljava/lang/Object; (0 bytes) @ 0x00007ff16f190be3 [0x00007ff16f190b80+0x63]
J 224 C1 java.net.URLClassLoader.findClass(Ljava/lang/String;)Ljava/lang/Class; (29 bytes) @ 0x00007ff16f103fa4 [0x00007ff16f103e20+0x184]
J 153 C1 java.lang.ClassLoader.loadClass(Ljava/lang/String;Z)Ljava/lang/Class; (122 bytes) @ 0x00007ff16f0dbd1c [0x00007ff16f0db3c0+0x95c]
J 233 C1 sun.misc.Launcher$AppClassLoader.loadClass(Ljava/lang/String;Z)Ljava/lang/Class; (40 bytes) @ 0x00007ff16f1080ac [0x00007ff16f107c80+0x42c]
J 232 C1 java.lang.ClassLoader.loadClass(Ljava/lang/String;)Ljava/lang/Class; (7 bytes) @ 0x00007ff16f107944 [0x00007ff16f107840+0x104]
v  ~StubRoutines::call_stub
j  edu.brown.cs.cookups.food.Meal.sortRecipes(Ljava/lang/String;)Ljava/util/List;+204
v  ~StubRoutines::call_stub
j  sun.reflect.NativeMethodAccessorImpl.invoke0(Ljava/lang/reflect/Method;Ljava/lang/Object;[Ljava/lang/Object;)Ljava/lang/Object;+0
J 1992 C1 sun.reflect.NativeMethodAccessorImpl.invoke(Ljava/lang/Object;[Ljava/lang/Object;)Ljava/lang/Object; (104 bytes) @ 0x00007ff16f678c4c [0x00007ff16f677ac0+0x118c]
J 1532 C1 sun.reflect.DelegatingMethodAccessorImpl.invoke(Ljava/lang/Object;[Ljava/lang/Object;)Ljava/lang/Object; (10 bytes) @ 0x00007ff16f4d5b84 [0x00007ff16f4d5a80+0x104]
J 1531 C1 java.lang.reflect.Method.invoke(Ljava/lang/Object;[Ljava/lang/Object;)Ljava/lang/Object; (62 bytes) @ 0x00007ff16f4d55c4 [0x00007ff16f4d51e0+0x3e4]
J 1677 C1 freemarker.ext.beans.BeansWrapper.invokeMethod(Ljava/lang/Object;Ljava/lang/reflect/Method;[Ljava/lang/Object;)Lfreemarker/template/TemplateModel; (36 bytes) @ 0x00007ff16f55d3ac [0x00007ff16f55d2a0+0x10c]
J 1674 C1 freemarker.ext.beans.SimpleMethodModel.exec(Ljava/util/List;)Ljava/lang/Object; (153 bytes) @ 0x00007ff16f55476c [0x00007ff16f554420+0x34c]
J 1607 C1 freemarker.core.MethodCall._getAsTemplateModel(Lfreemarker/core/Environment;)Lfreemarker/template/TemplateModel; (183 bytes) @ 0x00007ff16f523354 [0x00007ff16f522b80+0x7d4]
J 1068 C1 freemarker.core.Expression.getAsTemplateModel(Lfreemarker/core/Environment;)Lfreemarker/template/TemplateModel; (20 bytes) @ 0x00007ff16f364854 [0x00007ff16f364700+0x154]
j  freemarker.core.IteratorBlock.accept(Lfreemarker/core/Environment;)V+5
J 1858 C2 freemarker.core.Environment.visit(Lfreemarker/core/TemplateElement;)V (38 bytes) @ 0x00007ff16f5f2fc8 [0x00007ff16f5f2dc0+0x208]
J 1408 C1 freemarker.core.MixedContent.accept(Lfreemarker/core/Environment;)V (41 bytes) @ 0x00007ff16f497e34 [0x00007ff16f497b80+0x2b4]
J 1858 C2 freemarker.core.Environment.visit(Lfreemarker/core/TemplateElement;)V (38 bytes) @ 0x00007ff16f5f2fc8 [0x00007ff16f5f2dc0+0x208]
j  freemarker.core.Environment.process()V+31
j  freemarker.template.Template.process(Ljava/lang/Object;Ljava/io/Writer;)V+7
j  spark.template.freemarker.FreeMarkerEngine.render(Lspark/ModelAndView;)Ljava/lang/String;+26
j  spark.TemplateViewRouteImpl$1.render(Lspark/ModelAndView;)Ljava/lang/String;+5
j  spark.TemplateViewRouteImpl.render(Ljava/lang/Object;)Ljava/lang/String;+7
J 2164 C1 spark.webserver.MatcherFilter.doFilter(Ljavax/servlet/ServletRequest;Ljavax/servlet/ServletResponse;Ljavax/servlet/FilterChain;)V (798 bytes) @ 0x00007ff16f72aa2c [0x00007ff16f727ea0+0x2b8c]
J 2171 C1 spark.webserver.JettyHandler.doHandle(Ljava/lang/String;Lorg/eclipse/jetty/server/Request;Ljavax/servlet/http/HttpServletRequest;Ljavax/servlet/http/HttpServletResponse;)V (43 bytes) @ 0x00007ff16f73ddbc [0x00007ff16f73db40+0x27c]
J 2059 C1 org.eclipse.jetty.server.session.SessionHandler.doScope(Ljava/lang/String;Lorg/eclipse/jetty/server/Request;Ljavax/servlet/http/HttpServletRequest;Ljavax/servlet/http/HttpServletResponse;)V (433 bytes) @ 0x00007ff16f6c1d94 [0x00007ff16f6bfd80+0x2014]
J 2170 C1 org.eclipse.jetty.server.handler.ScopedHandler.handle(Ljava/lang/String;Lorg/eclipse/jetty/server/Request;Ljavax/servlet/http/HttpServletRequest;Ljavax/servlet/http/HttpServletResponse;)V (36 bytes) @ 0x00007ff16f7395f4 [0x00007ff16f739360+0x294]
J 2172 C1 org.eclipse.jetty.server.handler.HandlerList.handle(Ljava/lang/String;Lorg/eclipse/jetty/server/Request;Ljavax/servlet/http/HttpServletRequest;Ljavax/servlet/http/HttpServletResponse;)V (59 bytes) @ 0x00007ff16f7373d4 [0x00007ff16f737060+0x374]
J 2058 C1 org.eclipse.jetty.server.Server.handle(Lorg/eclipse/jetty/server/HttpChannel;)V (191 bytes) @ 0x00007ff16f6bd45c [0x00007ff16f6bbb40+0x191c]
J 2238 C1 org.eclipse.jetty.server.HttpChannel.run()V (893 bytes) @ 0x00007ff16f77a28c [0x00007ff16f777cc0+0x25cc]
J 2150 C1 org.eclipse.jetty.server.HttpConnection.onFillable()V (418 bytes) @ 0x00007ff16f7037fc [0x00007ff16f701d40+0x1abc]
J 2052 C1 org.eclipse.jetty.io.AbstractConnection$ReadCallback.run()V (295 bytes) @ 0x00007ff16f6b1a94 [0x00007ff16f6b1820+0x274]
J 1868 C1 org.eclipse.jetty.util.thread.QueuedThreadPool.runJob(Ljava/lang/Runnable;)V (7 bytes) @ 0x00007ff16f5f7884 [0x00007ff16f5f7780+0x104]
j  org.eclipse.jetty.util.thread.QueuedThreadPool$3.run()V+73
j  java.lang.Thread.run()V+11
v  ~StubRoutines::call_stub

---------------  P R O C E S S  ---------------

Java Threads: ( => current thread )
=>0x00000000010bd800 JavaThread "qtp2018766497-76" [_thread_in_native, id=20825, stack(0x00007ff166274000,0x00007ff166375000)]
  0x0000000001104800 JavaThread "qtp2018766497-68" [_thread_blocked, id=16847, stack(0x00007ff166173000,0x00007ff166274000)]
  0x0000000001107000 JavaThread "qtp2018766497-64" [_thread_blocked, id=14716, stack(0x00007ff165b6f000,0x00007ff165c70000)]
  0x0000000000ff5800 JavaThread "Scheduler-1264329181" [_thread_blocked, id=22964, stack(0x00007ff166375000,0x00007ff166476000)]
  0x00007ff160502800 JavaThread "HashSessionScavenger-0" daemon [_thread_blocked, id=22954, stack(0x00007ff166676000,0x00007ff166777000)]
  0x00007ff1604e8000 JavaThread "qtp2018766497-19-acceptor-0-ServerConnector@346ec4b3{HTTP/1.1}{0.0.0.0:3456}" [_thread_in_native, id=22951, stack(0x00007ff166979000,0x00007ff166a7a000)]
  0x0000000000fe9000 JavaThread "qtp2018766497-18-selector-3" [_thread_in_native, id=22950, stack(0x00007ff166a7a000,0x00007ff166b7b000)]
  0x0000000000fe7800 JavaThread "qtp2018766497-17-selector-2" [_thread_in_native, id=22949, stack(0x00007ff166b7b000,0x00007ff166c7c000)]
  0x0000000000fe5000 JavaThread "qtp2018766497-16-selector-1" [_thread_in_native, id=22948, stack(0x00007ff166c7c000,0x00007ff166d7d000)]
  0x0000000000fe3800 JavaThread "qtp2018766497-15-acceptor-1-ServerConnector@346ec4b3{HTTP/1.1}{0.0.0.0:3456}" [_thread_blocked, id=22947, stack(0x00007ff166d7d000,0x00007ff166e7e000)]
  0x0000000000fe0800 JavaThread "qtp2018766497-14-selector-0" [_thread_in_native, id=22946, stack(0x00007ff166e7e000,0x00007ff166f7f000)]
  0x0000000000fbe000 JavaThread "DateCache" daemon [_thread_blocked, id=22945, stack(0x00007ff166f7f000,0x00007ff167080000)]
  0x00007ff16020f800 JavaThread "DestroyJavaVM" [_thread_blocked, id=22920, stack(0x00007ff18048f000,0x00007ff180590000)]
  0x00007ff1604a2000 JavaThread "Thread-1" [_thread_blocked, id=22944, stack(0x00007ff167282000,0x00007ff167383000)]
  0x00007ff160045000 JavaThread "Service Thread" daemon [_thread_blocked, id=22932, stack(0x00007ff167bed000,0x00007ff167cee000)]
  0x00007ff160004000 JavaThread "C1 CompilerThread2" daemon [_thread_blocked, id=22931, stack(0x00007ff167cee000,0x00007ff167def000)]
  0x00007ff160001800 JavaThread "C2 CompilerThread1" daemon [_thread_blocked, id=22930, stack(0x00007ff167def000,0x00007ff167ef0000)]
  0x0000000000c37800 JavaThread "C2 CompilerThread0" daemon [_thread_blocked, id=22929, stack(0x00007ff167ef0000,0x00007ff167ff1000)]
  0x0000000000c35800 JavaThread "Signal Dispatcher" daemon [_thread_blocked, id=22928, stack(0x00007ff167ff1000,0x00007ff1680f2000)]
  0x0000000000c08800 JavaThread "Finalizer" daemon [_thread_blocked, id=22927, stack(0x00007ff1680f2000,0x00007ff1681f3000)]
  0x0000000000c01000 JavaThread "Reference Handler" daemon [_thread_blocked, id=22926, stack(0x00007ff1681f3000,0x00007ff1682f4000)]

Other Threads:
  0x0000000000bf9800 VMThread [stack: 0x00007ff1682f4000,0x00007ff1683f5000] [id=22925]
  0x00007ff160047800 WatcherThread [stack: 0x00007ff167aec000,0x00007ff167bed000] [id=22933]

VM state:not at safepoint (normal execution)

VM Mutex/Monitor currently owned by a thread: None

Heap:
 PSYoungGen      total 37888K, used 20945K [0x00000000d6500000, 0x00000000d8f00000, 0x0000000100000000)
  eden space 32768K, 51% used [0x00000000d6500000,0x00000000d75a0390,0x00000000d8500000)
  from space 5120K, 76% used [0x00000000d8a00000,0x00000000d8dd40d0,0x00000000d8f00000)
  to   space 5120K, 0% used [0x00000000d8500000,0x00000000d8500000,0x00000000d8a00000)
 ParOldGen       total 86016K, used 1603K [0x0000000082e00000, 0x0000000088200000, 0x00000000d6500000)
  object space 86016K, 1% used [0x0000000082e00000,0x0000000082f90ff8,0x0000000088200000)
 Metaspace       used 15355K, capacity 15536K, committed 15872K, reserved 1062912K
  class space    used 1704K, capacity 1768K, committed 1792K, reserved 1048576K

Card table byte_map: [0x00007ff16e7e0000,0x00007ff16ebca000] byte_map_base: 0x00007ff16e3c9000

Marking Bits: (ParMarkBitMap*) 0x00007ff17f9c42c0
 Begin Bits: [0x00007ff16a2b0000, 0x00007ff16c1f8000)
 End Bits:   [0x00007ff16c1f8000, 0x00007ff16e140000)

Polling page: 0x00007ff1805cb000

CodeCache: size=245760Kb used=8540Kb max_used=8553Kb free=237219Kb
 bounds [0x00007ff16ef8a000, 0x00007ff16f7fa000, 0x00007ff17df8a000]
 total_blobs=2607 nmethods=2219 adapters=303
 compilation: enabled

Compilation events (10 events):
Event: 6521.377 Thread 0x00007ff160004000 nmethod 2430 0x00007ff16f35ca50 code [0x00007ff16f35cba0, 0x00007ff16f35ccf0]
Event: 6521.377 Thread 0x00007ff160004000 2429   !   3       freemarker.core.StringLiteral::getStringValue (61 bytes)
Event: 6521.378 Thread 0x00007ff160004000 nmethod 2429 0x00007ff16f7e8d90 code [0x00007ff16f7e8f80, 0x00007ff16f7e99f8]
Event: 6521.378 Thread 0x00007ff160004000 2431       3       java.util.ArrayList::trimToSize (51 bytes)
Event: 6521.379 Thread 0x00007ff160004000 nmethod 2431 0x00007ff16f7e8790 code [0x00007ff16f7e8920, 0x00007ff16f7e8c68]
Event: 6521.379 Thread 0x00007ff160004000 2432       3       freemarker.core.TemplateElement::postParseCleanup (181 bytes)
Event: 6521.380 Thread 0x00007ff160004000 nmethod 2432 0x00007ff16f7dab50 code [0x00007ff16f7dade0, 0x00007ff16f7dbef8]
Event: 6521.380 Thread 0x00007ff160004000 2433       3       java.util.ArrayList::isEmpty (13 bytes)
Event: 6521.380 Thread 0x00007ff160004000 nmethod 2433 0x00007ff16f7af8d0 code [0x00007ff16f7afa40, 0x00007ff16f7afbf0]
Event: 6521.389 Thread 0x00007ff160001800 nmethod 2427% 0x00007ff16f7ed310 code [0x00007ff16f7ed560, 0x00007ff16f7eddf8]

GC Heap History (8 events):
Event: 3.759 GC heap before
{Heap before GC invocations=1 (full 0):
 PSYoungGen      total 37888K, used 32768K [0x00000000d6500000, 0x00000000d8f00000, 0x0000000100000000)
  eden space 32768K, 100% used [0x00000000d6500000,0x00000000d8500000,0x00000000d8500000)
  from space 5120K, 0% used [0x00000000d8a00000,0x00000000d8a00000,0x00000000d8f00000)
  to   space 5120K, 0% used [0x00000000d8500000,0x00000000d8500000,0x00000000d8a00000)
 ParOldGen       total 86016K, used 0K [0x0000000082e00000, 0x0000000088200000, 0x00000000d6500000)
  object space 86016K, 0% used [0x0000000082e00000,0x0000000082e00000,0x0000000088200000)
 Metaspace       used 13352K, capacity 13524K, committed 13696K, reserved 1060864K
  class space    used 1551K, capacity 1598K, committed 1664K, reserved 1048576K
Event: 3.777 GC heap after
Heap after GC invocations=1 (full 0):
 PSYoungGen      total 37888K, used 5109K [0x00000000d6500000, 0x00000000d8f00000, 0x0000000100000000)
  eden space 32768K, 0% used [0x00000000d6500000,0x00000000d6500000,0x00000000d8500000)
  from space 5120K, 99% used [0x00000000d8500000,0x00000000d89fd520,0x00000000d8a00000)
  to   space 5120K, 0% used [0x00000000d8a00000,0x00000000d8a00000,0x00000000d8f00000)
 ParOldGen       total 86016K, used 1563K [0x0000000082e00000, 0x0000000088200000, 0x00000000d6500000)
  object space 86016K, 1% used [0x0000000082e00000,0x0000000082f86ff8,0x0000000088200000)
 Metaspace       used 13352K, capacity 13524K, committed 13696K, reserved 1060864K
  class space    used 1551K, capacity 1598K, committed 1664K, reserved 1048576K
}
Event: 1034.591 GC heap before
{Heap before GC invocations=2 (full 0):
 PSYoungGen      total 37888K, used 37877K [0x00000000d6500000, 0x00000000d8f00000, 0x0000000100000000)
  eden space 32768K, 100% used [0x00000000d6500000,0x00000000d8500000,0x00000000d8500000)
  from space 5120K, 99% used [0x00000000d8500000,0x00000000d89fd520,0x00000000d8a00000)
  to   space 5120K, 0% used [0x00000000d8a00000,0x00000000d8a00000,0x00000000d8f00000)
 ParOldGen       total 86016K, used 1563K [0x0000000082e00000, 0x0000000088200000, 0x00000000d6500000)
  object space 86016K, 1% used [0x0000000082e00000,0x0000000082f86ff8,0x0000000088200000)
 Metaspace       used 15064K, capacity 15274K, committed 15616K, reserved 1062912K
  class space    used 1698K, capacity 1767K, committed 1792K, reserved 1048576K
Event: 1034.618 GC heap after
Heap after GC invocations=2 (full 0):
 PSYoungGen      total 37888K, used 4864K [0x00000000d6500000, 0x00000000d8f00000, 0x0000000100000000)
  eden space 32768K, 0% used [0x00000000d6500000,0x00000000d6500000,0x00000000d8500000)
  from space 5120K, 95% used [0x00000000d8a00000,0x00000000d8ec0240,0x00000000d8f00000)
  to   space 5120K, 0% used [0x00000000d8500000,0x00000000d8500000,0x00000000d8a00000)
 ParOldGen       total 86016K, used 1579K [0x0000000082e00000, 0x0000000088200000, 0x00000000d6500000)
  object space 86016K, 1% used [0x0000000082e00000,0x0000000082f8aff8,0x0000000088200000)
 Metaspace       used 15064K, capacity 15274K, committed 15616K, reserved 1062912K
  class space    used 1698K, capacity 1767K, committed 1792K, reserved 1048576K
}
Event: 5151.062 GC heap before
{Heap before GC invocations=3 (full 0):
 PSYoungGen      total 37888K, used 37632K [0x00000000d6500000, 0x00000000d8f00000, 0x0000000100000000)
  eden space 32768K, 100% used [0x00000000d6500000,0x00000000d8500000,0x00000000d8500000)
  from space 5120K, 95% used [0x00000000d8a00000,0x00000000d8ec0240,0x00000000d8f00000)
  to   space 5120K, 0% used [0x00000000d8500000,0x00000000d8500000,0x00000000d8a00000)
 ParOldGen       total 86016K, used 1579K [0x0000000082e00000, 0x0000000088200000, 0x00000000d6500000)
  object space 86016K, 1% used [0x0000000082e00000,0x0000000082f8aff8,0x0000000088200000)
 Metaspace       used 15260K, capacity 15466K, committed 15616K, reserved 1062912K
  class space    used 1701K, capacity 1767K, committed 1792K, reserved 1048576K
Event: 5151.079 GC heap after
Heap after GC invocations=3 (full 0):
 PSYoungGen      total 37888K, used 4240K [0x00000000d6500000, 0x00000000d8f00000, 0x0000000100000000)
  eden space 32768K, 0% used [0x00000000d6500000,0x00000000d6500000,0x00000000d8500000)
  from space 5120K, 82% used [0x00000000d8500000,0x00000000d89240e0,0x00000000d8a00000)
  to   space 5120K, 0% used [0x00000000d8a00000,0x00000000d8a00000,0x00000000d8f00000)
 ParOldGen       total 86016K, used 1587K [0x0000000082e00000, 0x0000000088200000, 0x00000000d6500000)
  object space 86016K, 1% used [0x0000000082e00000,0x0000000082f8cff8,0x0000000088200000)
 Metaspace       used 15260K, capacity 15466K, committed 15616K, reserved 1062912K
  class space    used 1701K, capacity 1767K, committed 1792K, reserved 1048576K
}
Event: 6000.840 GC heap before
{Heap before GC invocations=4 (full 0):
 PSYoungGen      total 37888K, used 36951K [0x00000000d6500000, 0x00000000d8f00000, 0x0000000100000000)
  eden space 32768K, 99% used [0x00000000d6500000,0x00000000d84f1db8,0x00000000d8500000)
  from space 5120K, 82% used [0x00000000d8500000,0x00000000d89240e0,0x00000000d8a00000)
  to   space 5120K, 0% used [0x00000000d8a00000,0x00000000d8a00000,0x00000000d8f00000)
 ParOldGen       total 86016K, used 1587K [0x0000000082e00000, 0x0000000088200000, 0x00000000d6500000)
  object space 86016K, 1% used [0x0000000082e00000,0x0000000082f8cff8,0x0000000088200000)
 Metaspace       used 15331K, capacity 15530K, committed 15872K, reserved 1062912K
  class space    used 1703K, capacity 1767K, committed 1792K, reserved 1048576K
Event: 6000.855 GC heap after
Heap after GC invocations=4 (full 0):
 PSYoungGen      total 37888K, used 3920K [0x00000000d6500000, 0x00000000d8f00000, 0x0000000100000000)
  eden space 32768K, 0% used [0x00000000d6500000,0x00000000d6500000,0x00000000d8500000)
  from space 5120K, 76% used [0x00000000d8a00000,0x00000000d8dd40d0,0x00000000d8f00000)
  to   space 5120K, 0% used [0x00000000d8500000,0x00000000d8500000,0x00000000d8a00000)
 ParOldGen       total 86016K, used 1603K [0x0000000082e00000, 0x0000000088200000, 0x00000000d6500000)
  object space 86016K, 1% used [0x0000000082e00000,0x0000000082f90ff8,0x0000000088200000)
 Metaspace       used 15331K, capacity 15530K, committed 15872K, reserved 1062912K
  class space    used 1703K, capacity 1767K, committed 1792K, reserved 1048576K
}

Deoptimization events (7 events):
Event: 4255.616 Thread 0x00007ff160335800 Uncommon trap: reason=unreached action=reinterpret pc=0x00007ff16f64b654 method=org.eclipse.jetty.util.log.JettyAwareLogger.log(Lorg/slf4j/Marker;ILjava/lang/String;[Ljava/lang/Object;Ljava/lang/Throwable;)V @ 2
Event: 6014.015 Thread 0x0000000000ec4800 Uncommon trap: reason=class_check action=maybe_recompile pc=0x00007ff16f793760 method=java.lang.ref.ReferenceQueue.reallyPoll()Ljava/lang/ref/Reference; @ 52
Event: 6014.015 Thread 0x0000000000ec4800 Uncommon trap: reason=class_check action=maybe_recompile pc=0x00007ff16f793760 method=java.lang.ref.ReferenceQueue.reallyPoll()Ljava/lang/ref/Reference; @ 52
Event: 6014.015 Thread 0x0000000000ec4800 Uncommon trap: reason=class_check action=maybe_recompile pc=0x00007ff16f793760 method=java.lang.ref.ReferenceQueue.reallyPoll()Ljava/lang/ref/Reference; @ 52
Event: 6014.036 Thread 0x00007ff160577800 Uncommon trap: reason=class_check action=maybe_recompile pc=0x00007ff16f793760 method=java.lang.ref.ReferenceQueue.reallyPoll()Ljava/lang/ref/Reference; @ 52
Event: 6445.806 Thread 0x0000000001104800 Uncommon trap: reason=unloaded action=reinterpret pc=0x00007ff16f1ff5ec method=freemarker.template.DefaultObjectWrapper.wrap(Ljava/lang/Object;)Lfreemarker/template/TemplateModel; @ 48
Event: 6445.828 Thread 0x0000000001104800 Uncommon trap: reason=class_check action=maybe_recompile pc=0x00007ff16f1491b0 method=java.lang.String.equals(Ljava/lang/Object;)Z @ 8

Internal exceptions (10 events):
Event: 979.704 Thread 0x00007ff16056d000 Exception <a 'java/security/PrivilegedActionException'> (0x00000000d811dca8) thrown at [/HUDSON/workspace/8-2-build-linux-amd64/jdk8u25/1514/hotspot/src/share/vm/prims/jvm.cpp, line 1312]
Event: 4255.615 Thread 0x0000000000fe5000 Exception <a 'java/io/IOException'> (0x00000000d6581fb0) thrown at [/HUDSON/workspace/8-2-build-linux-amd64/jdk8u25/1514/hotspot/src/share/vm/prims/jni.cpp, line 716]
Event: 4255.616 Thread 0x00007ff160335800 Exception <a 'java/io/IOException'> (0x00000000d7fae4f0) thrown at [/HUDSON/workspace/8-2-build-linux-amd64/jdk8u25/1514/hotspot/src/share/vm/prims/jni.cpp, line 716]
Event: 4255.616 Thread 0x000000000126f800 Exception <a 'java/io/IOException'> (0x00000000d7f20f40) thrown at [/HUDSON/workspace/8-2-build-linux-amd64/jdk8u25/1514/hotspot/src/share/vm/prims/jni.cpp, line 716]
Event: 4255.617 Thread 0x0000000001093000 Exception <a 'java/io/IOException'> (0x00000000d7f61020) thrown at [/HUDSON/workspace/8-2-build-linux-amd64/jdk8u25/1514/hotspot/src/share/vm/prims/jni.cpp, line 716]
Event: 5454.343 Thread 0x0000000001107000 Exception <a 'java/security/PrivilegedActionException'> (0x00000000d6f52ed8) thrown at [/HUDSON/workspace/8-2-build-linux-amd64/jdk8u25/1514/hotspot/src/share/vm/prims/jvm.cpp, line 1312]
Event: 5454.345 Thread 0x0000000001107000 Exception <a 'java/security/PrivilegedActionException'> (0x00000000d6f5a300) thrown at [/HUDSON/workspace/8-2-build-linux-amd64/jdk8u25/1514/hotspot/src/share/vm/prims/jvm.cpp, line 1312]
Event: 5454.346 Thread 0x0000000001107000 Exception <a 'java/security/PrivilegedActionException'> (0x00000000d6f60b08) thrown at [/HUDSON/workspace/8-2-build-linux-amd64/jdk8u25/1514/hotspot/src/share/vm/prims/jvm.cpp, line 1312]
Event: 6445.828 Thread 0x0000000001104800 Exception <a 'java/security/PrivilegedActionException'> (0x00000000d74a0880) thrown at [/HUDSON/workspace/8-2-build-linux-amd64/jdk8u25/1514/hotspot/src/share/vm/prims/jvm.cpp, line 1312]
Event: 6521.382 Thread 0x00000000010bd800 Exception <a 'java/security/PrivilegedActionException'> (0x00000000d7598fb0) thrown at [/HUDSON/workspace/8-2-build-linux-amd64/jdk8u25/1514/hotspot/src/share/vm/prims/jvm.cpp, line 1312]

Events (10 events):
Event: 6445.828 loading class freemarker/core/NumericalOutput$FormatHolder
Event: 6445.828 loading class freemarker/core/NumericalOutput$FormatHolder done
Event: 6446.951 Thread 0x00000000010bd800 Thread added: 0x00000000010bd800
Event: 6506.952 Executing VM operation: BulkRevokeBias
Event: 6506.952 Executing VM operation: BulkRevokeBias done
Event: 6506.952 Thread 0x00000000010bc800 Thread exited: 0x00000000010bc800
Event: 6521.365 Executing VM operation: RevokeBias
Event: 6521.365 Executing VM operation: RevokeBias done
Event: 6521.382 loading class edu/brown/cs/cookups/ShoppingPriceRanker
Event: 6521.382 loading class edu/brown/cs/cookups/ShoppingPriceRanker done


Dynamic libraries:
00400000-00401000 r-xp 00000000 00:14 138267735                          /gpfs/main/course/cs032/bin/jdk1.8.0_25/bin/java
00600000-00601000 rw-p 00000000 00:14 138267735                          /gpfs/main/course/cs032/bin/jdk1.8.0_25/bin/java
00b86000-016fb000 rw-p 00000000 00:00 0                                  [heap]
82e00000-88200000 rw-p 00000000 00:00 0 
88200000-d6500000 ---p 00000000 00:00 0 
d6500000-d8f00000 rw-p 00000000 00:00 0 
d8f00000-100000000 ---p 00000000 00:00 0 
100000000-1001c0000 rw-p 00000000 00:00 0 
1001c0000-140000000 ---p 00000000 00:00 0 
7ff160000000-7ff163fef000 rw-p 00000000 00:00 0 
7ff163fef000-7ff164000000 ---p 00000000 00:00 0 
7ff165a66000-7ff165a6e000 rw-p 00000000 00:00 0 
7ff165a6e000-7ff165a71000 ---p 00000000 00:00 0 
7ff165a71000-7ff165b6f000 rw-p 00000000 00:00 0 
7ff165b6f000-7ff165b72000 ---p 00000000 00:00 0 
7ff165b72000-7ff165c70000 rw-p 00000000 00:00 0 
7ff165c70000-7ff165c73000 ---p 00000000 00:00 0 
7ff165c73000-7ff165f31000 rw-p 00000000 00:00 0 
7ff165f31000-7ff165f74000 ---p 00000000 00:00 0 
7ff165f74000-7ff166072000 rw-p 00000000 00:00 0 
7ff166072000-7ff166075000 ---p 00000000 00:00 0 
7ff166075000-7ff166173000 rw-p 00000000 00:00 0 
7ff166173000-7ff166176000 ---p 00000000 00:00 0 
7ff166176000-7ff166274000 rw-p 00000000 00:00 0 
7ff166274000-7ff166277000 ---p 00000000 00:00 0 
7ff166277000-7ff166375000 rw-p 00000000 00:00 0 
7ff166375000-7ff166378000 ---p 00000000 00:00 0 
7ff166378000-7ff166676000 rw-p 00000000 00:00 0 
7ff166676000-7ff166679000 ---p 00000000 00:00 0 
7ff166679000-7ff166777000 rw-p 00000000 00:00 0 
7ff166777000-7ff16677a000 ---p 00000000 00:00 0 
7ff16677a000-7ff166878000 rw-p 00000000 00:00 0 
7ff166878000-7ff16687b000 ---p 00000000 00:00 0 
7ff16687b000-7ff166979000 rw-p 00000000 00:00 0 
7ff166979000-7ff16697c000 ---p 00000000 00:00 0 
7ff16697c000-7ff166a7a000 rw-p 00000000 00:00 0 
7ff166a7a000-7ff166a7d000 ---p 00000000 00:00 0 
7ff166a7d000-7ff166b7b000 rw-p 00000000 00:00 0 
7ff166b7b000-7ff166b7e000 ---p 00000000 00:00 0 
7ff166b7e000-7ff166c7c000 rw-p 00000000 00:00 0 
7ff166c7c000-7ff166c7f000 ---p 00000000 00:00 0 
7ff166c7f000-7ff166d7d000 rw-p 00000000 00:00 0 
7ff166d7d000-7ff166d80000 ---p 00000000 00:00 0 
7ff166d80000-7ff166e7e000 rw-p 00000000 00:00 0 
7ff166e7e000-7ff166e81000 ---p 00000000 00:00 0 
7ff166e81000-7ff166f7f000 rw-p 00000000 00:00 0 
7ff166f7f000-7ff166f82000 ---p 00000000 00:00 0 
7ff166f82000-7ff167080000 rw-p 00000000 00:00 0 
7ff167080000-7ff167082000 r--s 0001a000 00:14 135783392                  /gpfs/main/course/cs032/bin/jdk1.8.0_25/jre/lib/jce.jar
7ff167082000-7ff167282000 rw-p 00000000 00:00 0 
7ff167282000-7ff167285000 ---p 00000000 00:00 0 
7ff167285000-7ff167383000 rw-p 00000000 00:00 0 
7ff167383000-7ff167399000 r-xp 00000000 00:14 136610987                  /gpfs/main/course/cs032/bin/jdk1.8.0_25/jre/lib/amd64/libnet.so
7ff167399000-7ff167599000 ---p 00016000 00:14 136610987                  /gpfs/main/course/cs032/bin/jdk1.8.0_25/jre/lib/amd64/libnet.so
7ff167599000-7ff16759a000 rw-p 00016000 00:14 136610987                  /gpfs/main/course/cs032/bin/jdk1.8.0_25/jre/lib/amd64/libnet.so
7ff16759a000-7ff1675ab000 r-xp 00000000 00:14 136611464                  /gpfs/main/course/cs032/bin/jdk1.8.0_25/jre/lib/amd64/libnio.so
7ff1675ab000-7ff1677aa000 ---p 00011000 00:14 136611464                  /gpfs/main/course/cs032/bin/jdk1.8.0_25/jre/lib/amd64/libnio.so
7ff1677aa000-7ff1677ab000 rw-p 00010000 00:14 136611464                  /gpfs/main/course/cs032/bin/jdk1.8.0_25/jre/lib/amd64/libnio.so
7ff1677ab000-7ff16785f000 r-xp 00000000 fe:04 111                        /tmp/sqlite-3.8.7-e9c8d23f-1c99-4244-8807-88ce56e6f6d1-libsqlitejdbc.so
7ff16785f000-7ff167a5f000 ---p 000b4000 fe:04 111                        /tmp/sqlite-3.8.7-e9c8d23f-1c99-4244-8807-88ce56e6f6d1-libsqlitejdbc.so
7ff167a5f000-7ff167a64000 rw-p 000b4000 fe:04 111                        /tmp/sqlite-3.8.7-e9c8d23f-1c99-4244-8807-88ce56e6f6d1-libsqlitejdbc.so
7ff167a64000-7ff167a68000 r--s 00093000 00:14 136611567                  /gpfs/main/course/cs032/bin/jdk1.8.0_25/jre/lib/jsse.jar
7ff167a68000-7ff167a84000 r--s 00393000 00:14 136611667                  /gpfs/main/course/cs032/bin/jdk1.8.0_25/jre/lib/ext/cldrdata.jar
7ff167a84000-7ff167a8e000 r--s 00116000 00:14 136611642                  /gpfs/main/course/cs032/bin/jdk1.8.0_25/jre/lib/ext/localedata.jar
7ff167a8e000-7ff167a9f000 r--s 000d3000 00:18 62318955                   /gpfs/nbu/people/ajb7/.m2/repository/org/freemarker/freemarker/2.3.19/freemarker-2.3.19.jar
7ff167a9f000-7ff167aa2000 r--s 00014000 00:18 62318949                   /gpfs/nbu/people/ajb7/.m2/repository/org/eclipse/jetty/jetty-security/9.0.2.v20130417/jetty-security-9.0.2.v20130417.jar
7ff167aa2000-7ff167aa4000 r--s 00018000 00:18 62318944                   /gpfs/nbu/people/ajb7/.m2/repository/org/eclipse/jetty/jetty-servlet/9.0.2.v20130417/jetty-servlet-9.0.2.v20130417.jar
7ff167aa4000-7ff167aa6000 r--s 00009000 00:18 62318939                   /gpfs/nbu/people/ajb7/.m2/repository/org/eclipse/jetty/jetty-xml/9.0.2.v20130417/jetty-xml-9.0.2.v20130417.jar
7ff167aa6000-7ff167aa9000 r--s 00019000 00:18 62318691                   /gpfs/nbu/people/ajb7/.m2/repository/org/eclipse/jetty/jetty-webapp/9.0.2.v20130417/jetty-webapp-9.0.2.v20130417.jar
7ff167aa9000-7ff167aac000 r--s 00012000 00:18 62318655                   /gpfs/nbu/people/ajb7/.m2/repository/org/eclipse/jetty/jetty-io/9.0.2.v20130417/jetty-io-9.0.2.v20130417.jar
7ff167aac000-7ff167ab1000 r--s 0004c000 00:18 61491078                   /gpfs/nbu/people/ajb7/.m2/repository/org/eclipse/jetty/jetty-util/9.0.2.v20130417/jetty-util-9.0.2.v20130417.jar
7ff167ab1000-7ff167ab4000 r--s 00017000 00:18 62318937                   /gpfs/nbu/people/ajb7/.m2/repository/org/eclipse/jetty/jetty-http/9.0.2.v20130417/jetty-http-9.0.2.v20130417.jar
7ff167ab4000-7ff167ab7000 r--s 0002e000 00:18 62318934                   /gpfs/nbu/people/ajb7/.m2/repository/org/eclipse/jetty/orbit/javax.servlet/3.0.0.v201112011016/javax.servlet-3.0.0.v201112011016.jar
7ff167ab7000-7ff167abc000 r--s 0004d000 00:18 62318931                   /gpfs/nbu/people/ajb7/.m2/repository/org/eclipse/jetty/jetty-server/9.0.2.v20130417/jetty-server-9.0.2.v20130417.jar
7ff167abc000-7ff167ae7000 r--s 001fc000 00:18 62318921                   /gpfs/nbu/people/ajb7/.m2/repository/com/google/guava/guava/18.0/guava-18.0.jar
7ff167ae7000-7ff167aec000 r--s 011a0000 00:15 267320381                  /gpfs/main/home/ajb7/course/cs032/cookups/target/cookups-1.0.jar
7ff167aec000-7ff167aed000 ---p 00000000 00:00 0 
7ff167aed000-7ff167bed000 rw-p 00000000 00:00 0 
7ff167bed000-7ff167bf0000 ---p 00000000 00:00 0 
7ff167bf0000-7ff167cee000 rw-p 00000000 00:00 0 
7ff167cee000-7ff167cf1000 ---p 00000000 00:00 0 
7ff167cf1000-7ff167def000 rw-p 00000000 00:00 0 
7ff167def000-7ff167df2000 ---p 00000000 00:00 0 
7ff167df2000-7ff167ef0000 rw-p 00000000 00:00 0 
7ff167ef0000-7ff167ef3000 ---p 00000000 00:00 0 
7ff167ef3000-7ff167ff1000 rw-p 00000000 00:00 0 
7ff167ff1000-7ff167ff4000 ---p 00000000 00:00 0 
7ff167ff4000-7ff1680f2000 rw-p 00000000 00:00 0 
7ff1680f2000-7ff1680f5000 ---p 00000000 00:00 0 
7ff1680f5000-7ff1681f3000 rw-p 00000000 00:00 0 
7ff1681f3000-7ff1681f6000 ---p 00000000 00:00 0 
7ff1681f6000-7ff1682f4000 rw-p 00000000 00:00 0 
7ff1682f4000-7ff1682f5000 ---p 00000000 00:00 0 
7ff1682f5000-7ff1693f8000 rw-p 00000000 00:00 0 
7ff1693f8000-7ff1695ce000 r--s 03caa000 00:14 136611550                  /gpfs/main/course/cs032/bin/jdk1.8.0_25/jre/lib/rt.jar
7ff1695ce000-7ff16e140000 rw-p 00000000 00:00 0 
7ff16e140000-7ff16e141000 ---p 00000000 00:00 0 
7ff16e141000-7ff16e241000 rw-p 00000000 00:00 0 
7ff16e241000-7ff16e242000 ---p 00000000 00:00 0 
7ff16e242000-7ff16e342000 rw-p 00000000 00:00 0 
7ff16e342000-7ff16e343000 ---p 00000000 00:00 0 
7ff16e343000-7ff16e443000 rw-p 00000000 00:00 0 
7ff16e443000-7ff16e444000 ---p 00000000 00:00 0 
7ff16e444000-7ff16e56e000 rw-p 00000000 00:00 0 
7ff16e56e000-7ff16e7e0000 ---p 00000000 00:00 0 
7ff16e7e0000-7ff16e80a000 rw-p 00000000 00:00 0 
7ff16e80a000-7ff16ea7b000 ---p 00000000 00:00 0 
7ff16ea7b000-7ff16ea91000 rw-p 00000000 00:00 0 
7ff16ea91000-7ff16ebc9000 ---p 00000000 00:00 0 
7ff16ebc9000-7ff16ebec000 rw-p 00000000 00:00 0 
7ff16ebec000-7ff16ef8a000 ---p 00000000 00:00 0 
7ff16ef8a000-7ff16f7fa000 rwxp 00000000 00:00 0 
7ff16f7fa000-7ff17df8a000 ---p 00000000 00:00 0 
7ff17df8a000-7ff17dfa4000 r-xp 00000000 00:14 136610880                  /gpfs/main/course/cs032/bin/jdk1.8.0_25/jre/lib/amd64/libzip.so
7ff17dfa4000-7ff17e1a4000 ---p 0001a000 00:14 136610880                  /gpfs/main/course/cs032/bin/jdk1.8.0_25/jre/lib/amd64/libzip.so
7ff17e1a4000-7ff17e1a5000 rw-p 0001a000 00:14 136610880                  /gpfs/main/course/cs032/bin/jdk1.8.0_25/jre/lib/amd64/libzip.so
7ff17e1a5000-7ff17e1cf000 r-xp 00000000 00:14 136610822                  /gpfs/main/course/cs032/bin/jdk1.8.0_25/jre/lib/amd64/libjava.so
7ff17e1cf000-7ff17e3cf000 ---p 0002a000 00:14 136610822                  /gpfs/main/course/cs032/bin/jdk1.8.0_25/jre/lib/amd64/libjava.so
7ff17e3cf000-7ff17e3d1000 rw-p 0002a000 00:14 136610822                  /gpfs/main/course/cs032/bin/jdk1.8.0_25/jre/lib/amd64/libjava.so
7ff17e3d1000-7ff17e3de000 r-xp 00000000 00:14 136610855                  /gpfs/main/course/cs032/bin/jdk1.8.0_25/jre/lib/amd64/libverify.so
7ff17e3de000-7ff17e5de000 ---p 0000d000 00:14 136610855                  /gpfs/main/course/cs032/bin/jdk1.8.0_25/jre/lib/amd64/libverify.so
7ff17e5de000-7ff17e5e0000 rw-p 0000d000 00:14 136610855                  /gpfs/main/course/cs032/bin/jdk1.8.0_25/jre/lib/amd64/libverify.so
7ff17e5e0000-7ff17e5e7000 r-xp 00000000 fe:00 2627                       /lib/x86_64-linux-gnu/librt-2.13.so
7ff17e5e7000-7ff17e7e6000 ---p 00007000 fe:00 2627                       /lib/x86_64-linux-gnu/librt-2.13.so
7ff17e7e6000-7ff17e7e7000 r--p 00006000 fe:00 2627                       /lib/x86_64-linux-gnu/librt-2.13.so
7ff17e7e7000-7ff17e7e8000 rw-p 00007000 fe:00 2627                       /lib/x86_64-linux-gnu/librt-2.13.so
7ff17e7e8000-7ff17e869000 r-xp 00000000 fe:00 2405                       /lib/x86_64-linux-gnu/libm-2.13.so
7ff17e869000-7ff17ea68000 ---p 00081000 fe:00 2405                       /lib/x86_64-linux-gnu/libm-2.13.so
7ff17ea68000-7ff17ea69000 r--p 00080000 fe:00 2405                       /lib/x86_64-linux-gnu/libm-2.13.so
7ff17ea69000-7ff17ea6a000 rw-p 00081000 fe:00 2405                       /lib/x86_64-linux-gnu/libm-2.13.so
7ff17ea6a000-7ff17f6d7000 r-xp 00000000 00:14 136611394                  /gpfs/main/course/cs032/bin/jdk1.8.0_25/jre/lib/amd64/server/libjvm.so
7ff17f6d7000-7ff17f8d6000 ---p 00c6d000 00:14 136611394                  /gpfs/main/course/cs032/bin/jdk1.8.0_25/jre/lib/amd64/server/libjvm.so
7ff17f8d6000-7ff17f9ac000 rw-p 00c6c000 00:14 136611394                  /gpfs/main/course/cs032/bin/jdk1.8.0_25/jre/lib/amd64/server/libjvm.so
7ff17f9ac000-7ff17f9ef000 rw-p 00000000 00:00 0 
7ff17f9ef000-7ff17fb70000 r-xp 00000000 fe:00 2485                       /lib/x86_64-linux-gnu/libc-2.13.so
7ff17fb70000-7ff17fd70000 ---p 00181000 fe:00 2485                       /lib/x86_64-linux-gnu/libc-2.13.so
7ff17fd70000-7ff17fd74000 r--p 00181000 fe:00 2485                       /lib/x86_64-linux-gnu/libc-2.13.so
7ff17fd74000-7ff17fd75000 rw-p 00185000 fe:00 2485                       /lib/x86_64-linux-gnu/libc-2.13.so
7ff17fd75000-7ff17fd7a000 rw-p 00000000 00:00 0 
7ff17fd7a000-7ff17fd7c000 r-xp 00000000 fe:00 2549                       /lib/x86_64-linux-gnu/libdl-2.13.so
7ff17fd7c000-7ff17ff7c000 ---p 00002000 fe:00 2549                       /lib/x86_64-linux-gnu/libdl-2.13.so
7ff17ff7c000-7ff17ff7d000 r--p 00002000 fe:00 2549                       /lib/x86_64-linux-gnu/libdl-2.13.so
7ff17ff7d000-7ff17ff7e000 rw-p 00003000 fe:00 2549                       /lib/x86_64-linux-gnu/libdl-2.13.so
7ff17ff7e000-7ff17ff93000 r-xp 00000000 00:14 174988983                  /gpfs/main/course/cs032/bin/jdk1.8.0_25/lib/amd64/jli/libjli.so
7ff17ff93000-7ff180192000 ---p 00015000 00:14 174988983                  /gpfs/main/course/cs032/bin/jdk1.8.0_25/lib/amd64/jli/libjli.so
7ff180192000-7ff180193000 rw-p 00014000 00:14 174988983                  /gpfs/main/course/cs032/bin/jdk1.8.0_25/lib/amd64/jli/libjli.so
7ff180193000-7ff1801aa000 r-xp 00000000 fe:00 2638                       /lib/x86_64-linux-gnu/libpthread-2.13.so
7ff1801aa000-7ff1803a9000 ---p 00017000 fe:00 2638                       /lib/x86_64-linux-gnu/libpthread-2.13.so
7ff1803a9000-7ff1803aa000 r--p 00016000 fe:00 2638                       /lib/x86_64-linux-gnu/libpthread-2.13.so
7ff1803aa000-7ff1803ab000 rw-p 00017000 fe:00 2638                       /lib/x86_64-linux-gnu/libpthread-2.13.so
7ff1803ab000-7ff1803af000 rw-p 00000000 00:00 0 
7ff1803af000-7ff1803cf000 r-xp 00000000 fe:00 2575                       /lib/x86_64-linux-gnu/ld-2.13.so
7ff1803cf000-7ff1803d0000 rw-p 00000000 00:00 0 
7ff1803d0000-7ff1803d3000 r--s 003c4000 00:18 62318958                   /gpfs/nbu/people/ajb7/.m2/repository/org/xerial/sqlite-jdbc/3.8.7/sqlite-jdbc-3.8.7.jar
7ff1803d3000-7ff1803d8000 r--s 0002f000 00:18 62318924                   /gpfs/nbu/people/ajb7/.m2/repository/com/google/code/gson/gson/2.3.1/gson-2.3.1.jar
7ff1803d8000-7ff1803d9000 r--s 00001000 00:18 62318917                   /gpfs/nbu/people/ajb7/.m2/repository/org/slf4j/slf4j-jdk14/1.7.7/slf4j-jdk14-1.7.7.jar
7ff1803d9000-7ff1803db000 r--s 00006000 00:18 62318914                   /gpfs/nbu/people/ajb7/.m2/repository/org/slf4j/slf4j-api/1.7.7/slf4j-api-1.7.7.jar
7ff1803db000-7ff1803e1000 r--s 00045000 00:18 61491153                   /gpfs/nbu/people/ajb7/.m2/repository/org/hamcrest/hamcrest-all/1.3/hamcrest-all-1.3.jar
7ff1803e1000-7ff1803e3000 r--s 00009000 00:18 62318909                   /gpfs/nbu/people/ajb7/.m2/repository/org/hamcrest/hamcrest-core/1.3/hamcrest-core-1.3.jar
7ff1803e3000-7ff1803e9000 r--s 00036000 00:18 62318906                   /gpfs/nbu/people/ajb7/.m2/repository/junit/junit/4.11/junit-4.11.jar
7ff1803e9000-7ff18048f000 r--s 00000000 00:0e 318024807                  /run/nscd/dbGc6Trt (deleted)
7ff18048f000-7ff180492000 ---p 00000000 00:00 0 
7ff180492000-7ff180594000 rw-p 00000000 00:00 0 
7ff180594000-7ff180595000 r--s 00000000 00:18 62318952                   /gpfs/nbu/people/ajb7/.m2/repository/com/sparkjava/spark-template-freemarker/2.0.0/spark-template-freemarker-2.0.0.jar
7ff180595000-7ff180598000 r--s 0000d000 00:18 62318927                   /gpfs/nbu/people/ajb7/.m2/repository/com/sparkjava/spark-core/2.0.0/spark-core-2.0.0.jar
7ff180598000-7ff18059a000 r--s 0000e000 00:18 62318901                   /gpfs/nbu/people/ajb7/.m2/repository/net/sf/jopt-simple/jopt-simple/4.8/jopt-simple-4.8.jar
7ff18059a000-7ff1805c2000 rw-p 00000000 00:00 0 
7ff1805c2000-7ff1805ca000 rw-s 00000000 fe:04 101                        /tmp/hsperfdata_ajb7/22919
7ff1805ca000-7ff1805cb000 rw-p 00000000 00:00 0 
7ff1805cb000-7ff1805cc000 r--p 00000000 00:00 0 
7ff1805cc000-7ff1805ce000 rw-p 00000000 00:00 0 
7ff1805ce000-7ff1805cf000 r--p 0001f000 fe:00 2575                       /lib/x86_64-linux-gnu/ld-2.13.so
7ff1805cf000-7ff1805d0000 rw-p 00020000 fe:00 2575                       /lib/x86_64-linux-gnu/ld-2.13.so
7ff1805d0000-7ff1805d1000 rw-p 00000000 00:00 0 
7fffdcdd6000-7fffdcdf7000 rw-p 00000000 00:00 0                          [stack]
7fffdcdff000-7fffdce00000 r-xp 00000000 00:00 0                          [vdso]
ffffffffff600000-ffffffffff601000 r-xp 00000000 00:00 0                  [vsyscall]

VM Arguments:
java_command: edu.brown.cs.cookups.Main -db databases/cookups.sqlite3 -i databases/csv/ingredients/ingredientExpiration.csv -u databases/csv/people/ -r databases/csv/recipes/
java_class_path (initial): target/cookups-1.0.jar:/home/ajb7/.m2/repository/net/sf/jopt-simple/jopt-simple/4.8/jopt-simple-4.8.jar:/home/ajb7/.m2/repository/junit/junit/4.11/junit-4.11.jar:/home/ajb7/.m2/repository/org/hamcrest/hamcrest-core/1.3/hamcrest-core-1.3.jar:/home/ajb7/.m2/repository/org/hamcrest/hamcrest-all/1.3/hamcrest-all-1.3.jar:/home/ajb7/.m2/repository/org/slf4j/slf4j-api/1.7.7/slf4j-api-1.7.7.jar:/home/ajb7/.m2/repository/org/slf4j/slf4j-jdk14/1.7.7/slf4j-jdk14-1.7.7.jar:/home/ajb7/.m2/repository/com/google/guava/guava/18.0/guava-18.0.jar:/home/ajb7/.m2/repository/com/google/code/gson/gson/2.3.1/gson-2.3.1.jar:/home/ajb7/.m2/repository/com/sparkjava/spark-core/2.0.0/spark-core-2.0.0.jar:/home/ajb7/.m2/repository/org/eclipse/jetty/jetty-server/9.0.2.v20130417/jetty-server-9.0.2.v20130417.jar:/home/ajb7/.m2/repository/org/eclipse/jetty/orbit/javax.servlet/3.0.0.v201112011016/javax.servlet-3.0.0.v201112011016.jar:/home/ajb7/.m2/repository/org/eclipse/jetty/jetty-http/9.0.2.v20130417/jetty-http-9.0.2.v20130417.jar:/home/ajb7/.m2/repository/org/eclipse/jetty/jetty-util/9.0.2.v20130417/jetty-util-9.0.2.v20130417.jar:/home/ajb7/.m2/repository/org/eclipse/jetty/jetty-io/9.0.2.v20130417/jetty-io-9.0.2.v20130417.jar:/home/ajb7/.m2/repository/org/eclipse/jetty/jetty-webapp/9.0.2.v20130417/jetty-webapp-9.0.2.v20130417.jar:/home/ajb7/.m2/repository/org/eclipse/jetty/jetty-xml/9.0.2.v20130417/jetty-xml-9.0.2.v20130417.jar:/home/ajb7/.m2/repository/org/eclipse/jetty/jetty-servlet/9.0.2.v20130417/jetty-servlet-9.0.2.v20130417.jar:/home/ajb7/.m2/repository/org/eclipse/jetty/jetty-security/9.0.2.v20130417/jetty-security-9.0.2.v20130417.jar:/home/ajb7/.m2/repository/com/sparkjava/spark-template-freemarker/2.0.0/spark-template-freemarker-2.0.0.jar:/home/ajb7/.m2/repository/org/freemarker/freemarker/2.3.19/freemarker-2.3.19.jar:/home/ajb7/.m2/repository/org/xerial/sqlite-jdbc/3.8.7/sqlite-jdbc-3.8.7.jar
Launcher Type: SUN_STANDARD

Environment Variables:
PATH=/course/cs032/bin:/local/bin:/usr/local/bin:/bin:/usr/bin:/usr/X11R6/bin:/usr/games:/contrib/bin:/course/cs032/bin:/course/cs141/bin:/course/cs146/bin:/course/cs033/bin
SHELL=/bin/bash
DISPLAY=:0.0

Signal Handlers:
SIGSEGV: [libjvm.so+0xa79a80], sa_mask[0]=11111111011111111101111111111110, sa_flags=SA_RESTART|SA_SIGINFO
SIGBUS: [libjvm.so+0xa79a80], sa_mask[0]=11111111011111111101111111111110, sa_flags=SA_RESTART|SA_SIGINFO
SIGFPE: [libjvm.so+0x8e24e0], sa_mask[0]=11111111011111111101111111111110, sa_flags=SA_RESTART|SA_SIGINFO
SIGPIPE: [libjvm.so+0x8e24e0], sa_mask[0]=11111111011111111101111111111110, sa_flags=SA_RESTART|SA_SIGINFO
SIGXFSZ: [libjvm.so+0x8e24e0], sa_mask[0]=11111111011111111101111111111110, sa_flags=SA_RESTART|SA_SIGINFO
SIGILL: [libjvm.so+0x8e24e0], sa_mask[0]=11111111011111111101111111111110, sa_flags=SA_RESTART|SA_SIGINFO
SIGUSR1: SIG_DFL, sa_mask[0]=00000000000000000000000000000000, sa_flags=none
SIGUSR2: [libjvm.so+0x8e3d10], sa_mask[0]=00000000000000000000000000000000, sa_flags=SA_RESTART|SA_SIGINFO
SIGHUP: [libjvm.so+0x8e50d0], sa_mask[0]=11111111011111111101111111111110, sa_flags=SA_RESTART|SA_SIGINFO
SIGINT: [libjvm.so+0x8e50d0], sa_mask[0]=11111111011111111101111111111110, sa_flags=SA_RESTART|SA_SIGINFO
SIGTERM: [libjvm.so+0x8e50d0], sa_mask[0]=11111111011111111101111111111110, sa_flags=SA_RESTART|SA_SIGINFO
SIGQUIT: [libjvm.so+0x8e50d0], sa_mask[0]=11111111011111111101111111111110, sa_flags=SA_RESTART|SA_SIGINFO


---------------  S Y S T E M  ---------------

OS:PRETTY_NAME="Debian GNU/Linux 7 (wheezy)"
NAME="Debian GNU/Linux"
VERSION_ID="7"
VERSION="7 (wheezy)"
ID=debian
ANSI_COLOR="1;31"
HOME_URL="http://www.debian.org/"
SUPPORT_URL="http://www.debian.org/support/"
BUG_REPORT_URL="http://bugs.debian.org/"

uname:Linux 3.2.0-4-amd64 #1 SMP Debian 3.2.65-1+deb7u1 x86_64
libc:glibc 2.13 NPTL 2.13 
rlimit: STACK 8192k, CORE 0k, NPROC 63961, NOFILE 4096, AS infinity
load average:0.45 0.31 0.35

/proc/meminfo:
MemTotal:        8199880 kB
MemFree:          327108 kB
Buffers:          350760 kB
Cached:          3419220 kB
SwapCached:       122364 kB
Active:          4646972 kB
Inactive:        2410480 kB
Active(anon):    2816616 kB
Inactive(anon):   585160 kB
Active(file):    1830356 kB
Inactive(file):  1825320 kB
Unevictable:          64 kB
Mlocked:              64 kB
SwapTotal:       8388604 kB
SwapFree:        6293236 kB
Dirty:               220 kB
Writeback:             0 kB
AnonPages:       3209232 kB
Mapped:           322676 kB
Shmem:            114220 kB
Slab:             637764 kB
SReclaimable:     568684 kB
SUnreclaim:        69080 kB
KernelStack:        8904 kB
PageTables:        66616 kB
NFS_Unstable:          0 kB
Bounce:                0 kB
WritebackTmp:          0 kB
CommitLimit:    12488544 kB
Committed_AS:   11465044 kB
VmallocTotal:   34359738367 kB
VmallocUsed:      332480 kB
VmallocChunk:   34359401716 kB
HardwareCorrupted:     0 kB
AnonHugePages:         0 kB
HugePages_Total:       0
HugePages_Free:        0
HugePages_Rsvd:        0
HugePages_Surp:        0
Hugepagesize:       2048 kB
DirectMap4k:     7614016 kB
DirectMap2M:      774144 kB


CPU:total 4 (4 cores per cpu, 1 threads per core) family 6 model 15 stepping 11, cmov, cx8, fxsr, mmx, sse, sse2, sse3, ssse3, tsc

/proc/cpuinfo:
processor	: 0
vendor_id	: GenuineIntel
cpu family	: 6
model		: 15
model name	: Intel(R) Core(TM)2 Quad CPU    Q6600  @ 2.40GHz
stepping	: 11
microcode	: 0xb6
cpu MHz		: 2400.117
cache size	: 4096 KB
physical id	: 0
siblings	: 4
core id		: 0
cpu cores	: 4
apicid		: 0
initial apicid	: 0
fpu		: yes
fpu_exception	: yes
cpuid level	: 10
wp		: yes
flags		: fpu vme de pse tsc msr pae mce cx8 apic sep mtrr pge mca cmov pat pse36 clflush dts acpi mmx fxsr sse sse2 ss ht tm pbe syscall nx lm constant_tsc arch_perfmon pebs bts rep_good nopl aperfmperf pni dtes64 monitor ds_cpl vmx est tm2 ssse3 cx16 xtpr pdcm lahf_lm dtherm tpr_shadow vnmi flexpriority
bogomips	: 4800.23
clflush size	: 64
cache_alignment	: 64
address sizes	: 36 bits physical, 48 bits virtual
power management:

processor	: 1
vendor_id	: GenuineIntel
cpu family	: 6
model		: 15
model name	: Intel(R) Core(TM)2 Quad CPU    Q6600  @ 2.40GHz
stepping	: 11
microcode	: 0xb6
cpu MHz		: 2400.117
cache size	: 4096 KB
physical id	: 0
siblings	: 4
core id		: 1
cpu cores	: 4
apicid		: 1
initial apicid	: 1
fpu		: yes
fpu_exception	: yes
cpuid level	: 10
wp		: yes
flags		: fpu vme de pse tsc msr pae mce cx8 apic sep mtrr pge mca cmov pat pse36 clflush dts acpi mmx fxsr sse sse2 ss ht tm pbe syscall nx lm constant_tsc arch_perfmon pebs bts rep_good nopl aperfmperf pni dtes64 monitor ds_cpl vmx est tm2 ssse3 cx16 xtpr pdcm lahf_lm dtherm tpr_shadow vnmi flexpriority
bogomips	: 4800.22
clflush size	: 64
cache_alignment	: 64
address sizes	: 36 bits physical, 48 bits virtual
power management:

processor	: 2
vendor_id	: GenuineIntel
cpu family	: 6
model		: 15
model name	: Intel(R) Core(TM)2 Quad CPU    Q6600  @ 2.40GHz
stepping	: 11
microcode	: 0xb6
cpu MHz		: 2400.117
cache size	: 4096 KB
physical id	: 0
siblings	: 4
core id		: 2
cpu cores	: 4
apicid		: 2
initial apicid	: 2
fpu		: yes
fpu_exception	: yes
cpuid level	: 10
wp		: yes
flags		: fpu vme de pse tsc msr pae mce cx8 apic sep mtrr pge mca cmov pat pse36 clflush dts acpi mmx fxsr sse sse2 ss ht tm pbe syscall nx lm constant_tsc arch_perfmon pebs bts rep_good nopl aperfmperf pni dtes64 monitor ds_cpl vmx est tm2 ssse3 cx16 xtpr pdcm lahf_lm dtherm tpr_shadow vnmi flexpriority
bogomips	: 4800.28
clflush size	: 64
cache_alignment	: 64
address sizes	: 36 bits physical, 48 bits virtual
power management:

processor	: 3
vendor_id	: GenuineIntel
cpu family	: 6
model		: 15
model name	: Intel(R) Core(TM)2 Quad CPU    Q6600  @ 2.40GHz
stepping	: 11
microcode	: 0xb6
cpu MHz		: 2400.117
cache size	: 4096 KB
physical id	: 0
siblings	: 4
core id		: 3
cpu cores	: 4
apicid		: 3
initial apicid	: 3
fpu		: yes
fpu_exception	: yes
cpuid level	: 10
wp		: yes
flags		: fpu vme de pse tsc msr pae mce cx8 apic sep mtrr pge mca cmov pat pse36 clflush dts acpi mmx fxsr sse sse2 ss ht tm pbe syscall nx lm constant_tsc arch_perfmon pebs bts rep_good nopl aperfmperf pni dtes64 monitor ds_cpl vmx est tm2 ssse3 cx16 xtpr pdcm lahf_lm dtherm tpr_shadow vnmi flexpriority
bogomips	: 4800.25
clflush size	: 64
cache_alignment	: 64
address sizes	: 36 bits physical, 48 bits virtual
power management:



Memory: 4k page, physical 8199880k(327108k free), swap 8388604k(6293236k free)

vm_info: Java HotSpot(TM) 64-Bit Server VM (25.25-b02) for linux-amd64 JRE (1.8.0_25-b17), built on Sep 17 2014 17:32:11 by "java_re" with gcc 4.3.0 20080428 (Red Hat 4.3.0-8)

time: Sun May  3 15:54:43 2015
elapsed time: 6521 seconds (0d 1h 48m 41s)

