#
# A fatal error has been detected by the Java Runtime Environment:
#
#  SIGSEGV (0xb) at pc=0x00007f2e74b94060, pid=29826, tid=139838851991296
#
# JRE version: Java(TM) SE Runtime Environment (8.0_25-b17) (build 1.8.0_25-b17)
# Java VM: Java HotSpot(TM) 64-Bit Server VM (25.25-b02 mixed mode linux-amd64 compressed oops)
# Problematic frame:
# C  0x00007f2e74b94060
#
# Failed to write core dump. Core dumps have been disabled. To enable core dumping, try "ulimit -c unlimited" before starting Java again
#
# If you would like to submit a bug report, please visit:
#   http://bugreport.sun.com/bugreport/crash.jsp
#

---------------  T H R E A D  ---------------

Current thread (0x0000000002547000):  JavaThread "main" [_thread_in_Java, id=29835, stack(0x00007f2ec5094000,0x00007f2ec5195000)]

siginfo: si_signo: 11 (SIGSEGV), si_code: 1 (SEGV_MAPERR), si_addr: 0x00007f2e74b94060

Registers:
RAX=0x00007f2eae2cfc30, RBX=0x00007f2eae2cfc30, RCX=0x00000000d6730eb0, RDX=0x0000000030500001
RSP=0x00007f2ec51933f8, RBP=0x00007f2ec5193450, RSI=0x00000000d6730eb0, RDI=0x00007f2ec5193230
R8 =0x000000000000000d, R9 =0x000000000000000d, R10=0x00007f2ec45cb440, R11=0x00007f2eb3c993a0
R12=0x0000000000000000, R13=0x00007f2ec5193408, R14=0x00007f2ec5193468, R15=0x0000000002547000
RIP=0x00007f2e74b94060, EFLAGS=0x0000000000010206, CSGSFS=0x0000000000000033, ERR=0x0000000000000014
  TRAPNO=0x000000000000000e

Top of Stack: (sp=0x00007f2ec51933f8)
0x00007f2ec51933f8:   00007f2eb3b963d0 00007f2eb3b963d0
0x00007f2ec5193408:   00000000d6730eb0 00007f2ec5193410
0x00007f2ec5193418:   00007f2eae41aad1 00007f2ec5193468
0x00007f2ec5193428:   00007f2eae41d5a8 0000000000000000
0x00007f2ec5193438:   00007f2eae41aaf0 00007f2ec5193408
0x00007f2ec5193448:   00007f2ec5193460 00007f2ec51934c8
0x00007f2ec5193458:   00007f2eb3b963d0 00000000d6730eb0
0x00007f2ec5193468:   00000000d6529810 00000000d6730eb0
0x00007f2ec5193478:   00000000d673b260 00000000d673b260
0x00007f2ec5193488:   00007f2ec5193488 00007f2eae4163be
0x00007f2ec5193498:   00007f2ec51934e0 00007f2eae418900
0x00007f2ec51934a8:   0000000000000000 00007f2eae4163d0
0x00007f2ec51934b8:   00007f2ec5193460 00007f2ec51934e0
0x00007f2ec51934c8:   00007f2ec5193528 00007f2eb3b96710
0x00007f2ec51934d8:   00000000d6730eb0 00000000d6730d30
0x00007f2ec51934e8:   00007f2ec51934e8 00007f2eae416781
0x00007f2ec51934f8:   00007f2ec5193548 00007f2eae418900
0x00007f2ec5193508:   0000000000000000 00007f2eae4167e0
0x00007f2ec5193518:   00007f2ec51934e0 00007f2ec5193548
0x00007f2ec5193528:   00007f2ec5193598 00007f2eb3b96710
0x00007f2ec5193538:   0000000000000000 0000000000000000
0x00007f2ec5193548:   00000000d6730d30 00000000d671b3e8
0x00007f2ec5193558:   00007f2ec5193558 00007f2eae6d487d
0x00007f2ec5193568:   00007f2ec51935b8 00007f2eae6d4ba0
0x00007f2ec5193578:   0000000000000000 00007f2eae6d48c8
0x00007f2ec5193588:   00007f2ec5193548 00007f2ec51935b0
0x00007f2ec5193598:   00007f2ec5193600 00007f2eb3b969d2
0x00007f2ec51935a8:   0000000000000000 00000000d6730d30
0x00007f2ec51935b8:   00000000d670c7c0 00007f2ec51935c0
0x00007f2ec51935c8:   00007f2eae6d66b8 00007f2ec5193678
0x00007f2ec51935d8:   00007f2eae6d6ae8 0000000000000000
0x00007f2ec51935e8:   00007f2eae6d6790 00007f2ec51935b0 

Instructions: (pc=0x00007f2e74b94060)
0x00007f2e74b94040:   
[error occurred during error reporting (printing registers, top of stack, instructions near pc), id 0xb]

Register to memory mapping:

RAX={method} {0x00007f2eae2cfc30} 'length' '()I' in 'java/lang/String'
RBX={method} {0x00007f2eae2cfc30} 'length' '()I' in 'java/lang/String'
RCX=0x00000000d6730eb0 is an oop
java.lang.String 
 - klass: 'java/lang/String'
RDX=0x0000000030500001 is an unknown value
RSP=0x00007f2ec51933f8 is pointing into the stack for thread: 0x0000000002547000
RBP=0x00007f2ec5193450 is pointing into the stack for thread: 0x0000000002547000
RSI=0x00000000d6730eb0 is an oop
java.lang.String 
 - klass: 'java/lang/String'
RDI=0x00007f2ec5193230 is pointing into the stack for thread: 0x0000000002547000
R8 =0x000000000000000d is an unknown value
R9 =0x000000000000000d is an unknown value
R10=0x00007f2ec45cb440: <offset 0xf5c440> in /gpfs/main/course/cs032/bin/jdk1.8.0_25/jre/lib/amd64/server/libjvm.so at 0x00007f2ec366f000
R11=0x00007f2eb3c993a0 is at entry_point+32 in (nmethod*)0x00007f2eb3c99210
R12=0x0000000000000000 is an unknown value
R13=0x00007f2ec5193408 is pointing into the stack for thread: 0x0000000002547000
R14=0x00007f2ec5193468 is pointing into the stack for thread: 0x0000000002547000
R15=0x0000000002547000 is a thread


Stack: [0x00007f2ec5094000,0x00007f2ec5195000],  sp=0x00007f2ec51933f8,  free space=1020k
Native frames: (J=compiled Java code, j=interpreted, Vv=VM code, C=native code)
C  0x00007f2e74b94060
j  java.io.File.getAbsoluteFile()Ljava/io/File;+14
j  java.io.File.toURI()Ljava/net/URI;+1
j  org.codehaus.plexus.classworlds.launcher.Configurator.addLoadFile(Ljava/io/File;)V+5
j  org.codehaus.plexus.classworlds.launcher.ConfigurationParser.loadGlob(Ljava/lang/String;Z)V+128
j  org.codehaus.plexus.classworlds.launcher.ConfigurationParser.parse(Ljava/io/InputStream;)V+674
j  org.codehaus.plexus.classworlds.launcher.Configurator.configure(Ljava/io/InputStream;)V+60
j  org.codehaus.plexus.classworlds.launcher.Launcher.configure(Ljava/io/InputStream;)V+11
j  org.codehaus.plexus.classworlds.launcher.Launcher.mainWithExitCode([Ljava/lang/String;)I+92
j  org.codehaus.plexus.classworlds.launcher.Launcher.main([Ljava/lang/String;)V+1
v  ~StubRoutines::call_stub
V  [libjvm.so+0x664086]  JavaCalls::call_helper(JavaValue*, methodHandle*, JavaCallArguments*, Thread*)+0x1056
V  [libjvm.so+0x6ab096]  jni_invoke_static(JNIEnv_*, JavaValue*, _jobject*, JNICallType, _jmethodID*, JNI_ArgumentPusher*, Thread*)+0x346
V  [libjvm.so+0x6b1c2a]  jni_CallStaticVoidMethod+0x17a
C  [libjli.so+0x7b14]  JavaMain+0x844
C  [libpthread.so.0+0x6b50]  start_thread+0xd0


---------------  P R O C E S S  ---------------

Java Threads: ( => current thread )
  0x00007f2ea806d000 JavaThread "Service Thread" daemon [_thread_blocked, id=29847, stack(0x00007f2eac7f2000,0x00007f2eac8f3000)]
  0x00007f2ea8035000 JavaThread "C1 CompilerThread2" daemon [_thread_blocked, id=29846, stack(0x00007f2eac8f3000,0x00007f2eac9f4000)]
  0x00007f2ea8032800 JavaThread "C2 CompilerThread1" daemon [_thread_blocked, id=29845, stack(0x00007f2eac9f4000,0x00007f2eacaf5000)]
  0x00007f2ea8030000 JavaThread "C2 CompilerThread0" daemon [_thread_blocked, id=29844, stack(0x00007f2eacaf5000,0x00007f2eacbf6000)]
  0x00007f2ea802e000 JavaThread "Signal Dispatcher" daemon [_thread_blocked, id=29843, stack(0x00007f2eacbf6000,0x00007f2eaccf7000)]
  0x00007f2ea8001000 JavaThread "Finalizer" daemon [_thread_blocked, id=29842, stack(0x00007f2eaccf7000,0x00007f2eacdf8000)]
  0x00000000025b7800 JavaThread "Reference Handler" daemon [_thread_blocked, id=29841, stack(0x00007f2eacdf8000,0x00007f2eacef9000)]
=>0x0000000002547000 JavaThread "main" [_thread_in_Java, id=29835, stack(0x00007f2ec5094000,0x00007f2ec5195000)]

Other Threads:
  0x00000000025b0800 VMThread [stack: 0x00007f2eacef9000,0x00007f2eacffa000] [id=29840]
  0x00007f2ea8077800 WatcherThread [stack: 0x00007f2eac6f1000,0x00007f2eac7f2000] [id=29848]

VM state:not at safepoint (normal execution)

VM Mutex/Monitor currently owned by a thread: None

Heap:
 PSYoungGen      total 37888K, used 2639K [0x00000000d6500000, 0x00000000d8f00000, 0x0000000100000000)
  eden space 32768K, 8% used [0x00000000d6500000,0x00000000d6793d40,0x00000000d8500000)
  from space 5120K, 0% used [0x00000000d8a00000,0x00000000d8a00000,0x00000000d8f00000)
  to   space 5120K, 0% used [0x00000000d8500000,0x00000000d8500000,0x00000000d8a00000)
 ParOldGen       total 86016K, used 0K [0x0000000082e00000, 0x0000000088200000, 0x00000000d6500000)
  object space 86016K, 0% used [0x0000000082e00000,0x0000000082e00000,0x0000000088200000)
 Metaspace       used 3028K, capacity 4600K, committed 4864K, reserved 1056768K
  class space    used 323K, capacity 424K, committed 512K, reserved 1048576K

Card table byte_map: [0x00007f2eb33e5000,0x00007f2eb37cf000] byte_map_base: 0x00007f2eb2fce000

Marking Bits: (ParMarkBitMap*) 0x00007f2ec45c92c0
 Begin Bits: [0x00007f2eaeeb5000, 0x00007f2eb0dfd000)
 End Bits:   [0x00007f2eb0dfd000, 0x00007f2eb2d45000)

Polling page: 0x00007f2ec51d0000

CodeCache: size=245760Kb used=1182Kb max_used=1194Kb free=244577Kb
 bounds [0x00007f2eb3b8f000, 0x00007f2eb3dff000, 0x00007f2ec2b8f000]
 total_blobs=316 nmethods=73 adapters=159
 compilation: enabled

Compilation events (10 events):
Event: 0.111 Thread 0x00007f2ea8035000 nmethod 67 0x00007f2eb3cb5050 code [0x00007f2eb3cb51a0, 0x00007f2eb3cb52b0]
Event: 0.111 Thread 0x00007f2ea8035000   68       3       java.lang.AbstractStringBuilder::<init> (12 bytes)
Event: 0.111 Thread 0x00007f2ea8035000 nmethod 68 0x00007f2eb3cb5310 code [0x00007f2eb3cb5480, 0x00007f2eb3cb56d0]
Event: 0.111 Thread 0x00007f2ea8035000   69       3       java.lang.ref.SoftReference::get (29 bytes)
Event: 0.112 Thread 0x00007f2ea8032800   70       4       java.lang.String::indexOf (70 bytes)
Event: 0.112 Thread 0x00007f2ea8030000 nmethod 62 0x00007f2eb3cb8450 code [0x00007f2eb3cb85a0, 0x00007f2eb3cb8658]
Event: 0.112 Thread 0x00007f2ea8035000 nmethod 69 0x00007f2eb3cb8090 code [0x00007f2eb3cb8200, 0x00007f2eb3cb83f0]
Event: 0.112 Thread 0x00007f2ea8035000   71       1       java.lang.String::length (6 bytes)
Event: 0.112 Thread 0x00007f2ea8035000 nmethod 71 0x00007f2eb3cb7d90 code [0x00007f2eb3cb7ee0, 0x00007f2eb3cb7ff0]
Event: 0.112 Thread 0x00007f2ea8035000   72       3       java.lang.Character::toLowerCase (6 bytes)

GC Heap History (0 events):
No events

Deoptimization events (0 events):
No events

Internal exceptions (10 events):
Event: 0.097 Thread 0x0000000002547000 Exception <a 'java/security/PrivilegedActionException'> (0x00000000d66fe510) thrown at [/HUDSON/workspace/8-2-build-linux-amd64/jdk8u25/1514/hotspot/src/share/vm/prims/jvm.cpp, line 1312]
Event: 0.098 Thread 0x0000000002547000 Exception <a 'java/security/PrivilegedActionException'> (0x00000000d6700c90) thrown at [/HUDSON/workspace/8-2-build-linux-amd64/jdk8u25/1514/hotspot/src/share/vm/prims/jvm.cpp, line 1312]
Event: 0.099 Thread 0x0000000002547000 Exception <a 'java/security/PrivilegedActionException'> (0x00000000d6704630) thrown at [/HUDSON/workspace/8-2-build-linux-amd64/jdk8u25/1514/hotspot/src/share/vm/prims/jvm.cpp, line 1312]
Event: 0.099 Thread 0x0000000002547000 Exception <a 'java/security/PrivilegedActionException'> (0x00000000d6709e70) thrown at [/HUDSON/workspace/8-2-build-linux-amd64/jdk8u25/1514/hotspot/src/share/vm/prims/jvm.cpp, line 1312]
Event: 0.100 Thread 0x0000000002547000 Exception <a 'java/security/PrivilegedActionException'> (0x00000000d670d518) thrown at [/HUDSON/workspace/8-2-build-linux-amd64/jdk8u25/1514/hotspot/src/share/vm/prims/jvm.cpp, line 1312]
Event: 0.105 Thread 0x0000000002547000 Exception <a 'java/security/PrivilegedActionException'> (0x00000000d671c5a0) thrown at [/HUDSON/workspace/8-2-build-linux-amd64/jdk8u25/1514/hotspot/src/share/vm/prims/jvm.cpp, line 1312]
Event: 0.105 Thread 0x0000000002547000 Exception <a 'java/security/PrivilegedActionException'> (0x00000000d671f718) thrown at [/HUDSON/workspace/8-2-build-linux-amd64/jdk8u25/1514/hotspot/src/share/vm/prims/jvm.cpp, line 1312]
Event: 0.106 Thread 0x0000000002547000 Exception <a 'java/security/PrivilegedActionException'> (0x00000000d6721c88) thrown at [/HUDSON/workspace/8-2-build-linux-amd64/jdk8u25/1514/hotspot/src/share/vm/prims/jvm.cpp, line 1312]
Event: 0.106 Thread 0x0000000002547000 Exception <a 'java/security/PrivilegedActionException'> (0x00000000d6725270) thrown at [/HUDSON/workspace/8-2-build-linux-amd64/jdk8u25/1514/hotspot/src/share/vm/prims/jvm.cpp, line 1312]
Event: 0.107 Thread 0x0000000002547000 Exception <a 'java/security/PrivilegedActionException'> (0x00000000d6729590) thrown at [/HUDSON/workspace/8-2-build-linux-amd64/jdk8u25/1514/hotspot/src/share/vm/prims/jvm.cpp, line 1312]

Events (10 events):
Event: 0.106 loading class org/codehaus/plexus/classworlds/strategy/AbstractStrategy
Event: 0.106 loading class org/codehaus/plexus/classworlds/strategy/AbstractStrategy done
Event: 0.107 loading class java/util/ArrayList$Itr
Event: 0.107 loading class java/util/ArrayList$Itr done
Event: 0.107 loading class org/codehaus/plexus/classworlds/launcher/ConfigurationParser$1
Event: 0.107 loading class org/codehaus/plexus/classworlds/launcher/ConfigurationParser$1 done
Event: 0.109 loading class java/net/URI
Event: 0.109 loading class java/net/URI done
Event: 0.110 loading class java/net/URI$Parser
Event: 0.110 loading class java/net/URI$Parser done


Dynamic libraries:
00400000-00401000 r-xp 00000000 00:14 138267735                          /gpfs/main/course/cs032/bin/jdk1.8.0_25/bin/java
00600000-00601000 rw-p 00000000 00:14 138267735                          /gpfs/main/course/cs032/bin/jdk1.8.0_25/bin/java
0253e000-025e8000 rw-p 00000000 00:00 0                                  [heap]
82e00000-88200000 rw-p 00000000 00:00 0 
88200000-d6500000 ---p 00000000 00:00 0 
d6500000-d8f00000 rw-p 00000000 00:00 0 
d8f00000-100000000 ---p 00000000 00:00 0 
100000000-100080000 rw-p 00000000 00:00 0 
100080000-140000000 ---p 00000000 00:00 0 
7f2ea0000000-7f2ea006b000 rw-p 00000000 00:00 0 
7f2ea006b000-7f2ea4000000 ---p 00000000 00:00 0 
7f2ea8000000-7f2ea80bf000 rw-p 00000000 00:00 0 
7f2ea80bf000-7f2eac000000 ---p 00000000 00:00 0 
7f2eac479000-7f2eac6ee000 rw-p 00000000 00:00 0 
7f2eac6ee000-7f2eac6f1000 r--s 0000a000 00:14 50783308                   /gpfs/main/course/cs032/bin/apache-maven-3.2.3/boot/plexus-classworlds-2.5.1.jar
7f2eac6f1000-7f2eac6f2000 ---p 00000000 00:00 0 
7f2eac6f2000-7f2eac7f2000 rw-p 00000000 00:00 0 
7f2eac7f2000-7f2eac7f5000 ---p 00000000 00:00 0 
7f2eac7f5000-7f2eac8f3000 rw-p 00000000 00:00 0 
7f2eac8f3000-7f2eac8f6000 ---p 00000000 00:00 0 
7f2eac8f6000-7f2eac9f4000 rw-p 00000000 00:00 0 
7f2eac9f4000-7f2eac9f7000 ---p 00000000 00:00 0 
7f2eac9f7000-7f2eacaf5000 rw-p 00000000 00:00 0 
7f2eacaf5000-7f2eacaf8000 ---p 00000000 00:00 0 
7f2eacaf8000-7f2eacbf6000 rw-p 00000000 00:00 0 
7f2eacbf6000-7f2eacbf9000 ---p 00000000 00:00 0 
7f2eacbf9000-7f2eaccf7000 rw-p 00000000 00:00 0 
7f2eaccf7000-7f2eaccfa000 ---p 00000000 00:00 0 
7f2eaccfa000-7f2eacdf8000 rw-p 00000000 00:00 0 
7f2eacdf8000-7f2eacdfb000 ---p 00000000 00:00 0 
7f2eacdfb000-7f2eacef9000 rw-p 00000000 00:00 0 
7f2eacef9000-7f2eacefa000 ---p 00000000 00:00 0 
7f2eacefa000-7f2eadffd000 rw-p 00000000 00:00 0 
7f2eadffd000-7f2eae1d3000 r--s 03caa000 00:14 136611550                  /gpfs/main/course/cs032/bin/jdk1.8.0_25/jre/lib/rt.jar
7f2eae1d3000-7f2eae70c000 rw-p 00000000 00:00 0 
7f2eae70c000-7f2eaeacc000 ---p 00000000 00:00 0 
7f2eaeacc000-7f2eb2d45000 rw-p 00000000 00:00 0 
7f2eb2d45000-7f2eb2d46000 ---p 00000000 00:00 0 
7f2eb2d46000-7f2eb2e46000 rw-p 00000000 00:00 0 
7f2eb2e46000-7f2eb2e47000 ---p 00000000 00:00 0 
7f2eb2e47000-7f2eb2f47000 rw-p 00000000 00:00 0 
7f2eb2f47000-7f2eb2f48000 ---p 00000000 00:00 0 
7f2eb2f48000-7f2eb3048000 rw-p 00000000 00:00 0 
7f2eb3048000-7f2eb3049000 ---p 00000000 00:00 0 
7f2eb3049000-7f2eb3173000 rw-p 00000000 00:00 0 
7f2eb3173000-7f2eb33e5000 ---p 00000000 00:00 0 
7f2eb33e5000-7f2eb340f000 rw-p 00000000 00:00 0 
7f2eb340f000-7f2eb3680000 ---p 00000000 00:00 0 
7f2eb3680000-7f2eb3696000 rw-p 00000000 00:00 0 
7f2eb3696000-7f2eb37ce000 ---p 00000000 00:00 0 
7f2eb37ce000-7f2eb37d9000 rw-p 00000000 00:00 0 
7f2eb37d9000-7f2eb3b8f000 ---p 00000000 00:00 0 
7f2eb3b8f000-7f2eb3dff000 rwxp 00000000 00:00 0 
7f2eb3dff000-7f2ec2b8f000 ---p 00000000 00:00 0 
7f2ec2b8f000-7f2ec2ba9000 r-xp 00000000 00:14 136610880                  /gpfs/main/course/cs032/bin/jdk1.8.0_25/jre/lib/amd64/libzip.so
7f2ec2ba9000-7f2ec2da9000 ---p 0001a000 00:14 136610880                  /gpfs/main/course/cs032/bin/jdk1.8.0_25/jre/lib/amd64/libzip.so
7f2ec2da9000-7f2ec2daa000 rw-p 0001a000 00:14 136610880                  /gpfs/main/course/cs032/bin/jdk1.8.0_25/jre/lib/amd64/libzip.so
7f2ec2daa000-7f2ec2dd4000 r-xp 00000000 00:14 136610822                  /gpfs/main/course/cs032/bin/jdk1.8.0_25/jre/lib/amd64/libjava.so
7f2ec2dd4000-7f2ec2fd4000 ---p 0002a000 00:14 136610822                  /gpfs/main/course/cs032/bin/jdk1.8.0_25/jre/lib/amd64/libjava.so
7f2ec2fd4000-7f2ec2fd6000 rw-p 0002a000 00:14 136610822                  /gpfs/main/course/cs032/bin/jdk1.8.0_25/jre/lib/amd64/libjava.so
7f2ec2fd6000-7f2ec2fe3000 r-xp 00000000 00:14 136610855                  /gpfs/main/course/cs032/bin/jdk1.8.0_25/jre/lib/amd64/libverify.so
7f2ec2fe3000-7f2ec31e3000 ---p 0000d000 00:14 136610855                  /gpfs/main/course/cs032/bin/jdk1.8.0_25/jre/lib/amd64/libverify.so
7f2ec31e3000-7f2ec31e5000 rw-p 0000d000 00:14 136610855                  /gpfs/main/course/cs032/bin/jdk1.8.0_25/jre/lib/amd64/libverify.so
7f2ec31e5000-7f2ec31ec000 r-xp 00000000 fe:00 2591                       /lib/x86_64-linux-gnu/librt-2.13.so
7f2ec31ec000-7f2ec33eb000 ---p 00007000 fe:00 2591                       /lib/x86_64-linux-gnu/librt-2.13.so
7f2ec33eb000-7f2ec33ec000 r--p 00006000 fe:00 2591                       /lib/x86_64-linux-gnu/librt-2.13.so
7f2ec33ec000-7f2ec33ed000 rw-p 00007000 fe:00 2591                       /lib/x86_64-linux-gnu/librt-2.13.so
7f2ec33ed000-7f2ec346e000 r-xp 00000000 fe:00 2438                       /lib/x86_64-linux-gnu/libm-2.13.so
7f2ec346e000-7f2ec366d000 ---p 00081000 fe:00 2438                       /lib/x86_64-linux-gnu/libm-2.13.so
7f2ec366d000-7f2ec366e000 r--p 00080000 fe:00 2438                       /lib/x86_64-linux-gnu/libm-2.13.so
7f2ec366e000-7f2ec366f000 rw-p 00081000 fe:00 2438                       /lib/x86_64-linux-gnu/libm-2.13.so
7f2ec366f000-7f2ec42dc000 r-xp 00000000 00:14 136611394                  /gpfs/main/course/cs032/bin/jdk1.8.0_25/jre/lib/amd64/server/libjvm.so
7f2ec42dc000-7f2ec44db000 ---p 00c6d000 00:14 136611394                  /gpfs/main/course/cs032/bin/jdk1.8.0_25/jre/lib/amd64/server/libjvm.so
7f2ec44db000-7f2ec45b1000 rw-p 00c6c000 00:14 136611394                  /gpfs/main/course/cs032/bin/jdk1.8.0_25/jre/lib/amd64/server/libjvm.so
7f2ec45b1000-7f2ec45f4000 rw-p 00000000 00:00 0 
7f2ec45f4000-7f2ec4775000 r-xp 00000000 fe:00 2485                       /lib/x86_64-linux-gnu/libc-2.13.so
7f2ec4775000-7f2ec4975000 ---p 00181000 fe:00 2485                       /lib/x86_64-linux-gnu/libc-2.13.so
7f2ec4975000-7f2ec4979000 r--p 00181000 fe:00 2485                       /lib/x86_64-linux-gnu/libc-2.13.so
7f2ec4979000-7f2ec497a000 rw-p 00185000 fe:00 2485                       /lib/x86_64-linux-gnu/libc-2.13.so
7f2ec497a000-7f2ec497f000 rw-p 00000000 00:00 0 
7f2ec497f000-7f2ec4981000 r-xp 00000000 fe:00 2556                       /lib/x86_64-linux-gnu/libdl-2.13.so
7f2ec4981000-7f2ec4b81000 ---p 00002000 fe:00 2556                       /lib/x86_64-linux-gnu/libdl-2.13.so
7f2ec4b81000-7f2ec4b82000 r--p 00002000 fe:00 2556                       /lib/x86_64-linux-gnu/libdl-2.13.so
7f2ec4b82000-7f2ec4b83000 rw-p 00003000 fe:00 2556                       /lib/x86_64-linux-gnu/libdl-2.13.so
7f2ec4b83000-7f2ec4b98000 r-xp 00000000 00:14 174988983                  /gpfs/main/course/cs032/bin/jdk1.8.0_25/lib/amd64/jli/libjli.so
7f2ec4b98000-7f2ec4d97000 ---p 00015000 00:14 174988983                  /gpfs/main/course/cs032/bin/jdk1.8.0_25/lib/amd64/jli/libjli.so
7f2ec4d97000-7f2ec4d98000 rw-p 00014000 00:14 174988983                  /gpfs/main/course/cs032/bin/jdk1.8.0_25/lib/amd64/jli/libjli.so
7f2ec4d98000-7f2ec4daf000 r-xp 00000000 fe:00 2599                       /lib/x86_64-linux-gnu/libpthread-2.13.so
7f2ec4daf000-7f2ec4fae000 ---p 00017000 fe:00 2599                       /lib/x86_64-linux-gnu/libpthread-2.13.so
7f2ec4fae000-7f2ec4faf000 r--p 00016000 fe:00 2599                       /lib/x86_64-linux-gnu/libpthread-2.13.so
7f2ec4faf000-7f2ec4fb0000 rw-p 00017000 fe:00 2599                       /lib/x86_64-linux-gnu/libpthread-2.13.so
7f2ec4fb0000-7f2ec4fb4000 rw-p 00000000 00:00 0 
7f2ec4fb4000-7f2ec4fd4000 r-xp 00000000 fe:00 2579                       /lib/x86_64-linux-gnu/ld-2.13.so
7f2ec4fdd000-7f2ec4fee000 rw-p 00000000 00:00 0 
7f2ec4fee000-7f2ec5094000 r--s 00000000 00:0e 97933311                   /run/nscd/dbP75lX2 (deleted)
7f2ec5094000-7f2ec5097000 ---p 00000000 00:00 0 
7f2ec5097000-7f2ec5199000 rw-p 00000000 00:00 0 
7f2ec519f000-7f2ec51c7000 rw-p 00000000 00:00 0 
7f2ec51c7000-7f2ec51cf000 rw-s 00000000 fe:04 6048                       /tmp/hsperfdata_ggustafs/29826
7f2ec51cf000-7f2ec51d0000 rw-p 00000000 00:00 0 
7f2ec51d0000-7f2ec51d1000 r--p 00000000 00:00 0 
7f2ec51d1000-7f2ec51d3000 rw-p 00000000 00:00 0 
7f2ec51d3000-7f2ec51d4000 r--p 0001f000 fe:00 2579                       /lib/x86_64-linux-gnu/ld-2.13.so
7f2ec51d4000-7f2ec51d5000 rw-p 00020000 fe:00 2579                       /lib/x86_64-linux-gnu/ld-2.13.so
7f2ec51d5000-7f2ec51d6000 rw-p 00000000 00:00 0 
7fff9a924000-7fff9a945000 rw-p 00000000 00:00 0                          [stack]
7fff9a9ff000-7fff9aa00000 r-xp 00000000 00:00 0                          [vdso]
ffffffffff600000-ffffffffff601000 r-xp 00000000 00:00 0                  [vsyscall]

VM Arguments:
jvm_args: -Dclassworlds.conf=/course/cs032/bin/apache-maven-3.2.3/bin/m2.conf -Dmaven.home=/course/cs032/bin/apache-maven-3.2.3 
java_command: org.codehaus.plexus.classworlds.launcher.Launcher test -Dtest=DBImportTest
java_class_path (initial): /course/cs032/bin/apache-maven-3.2.3/boot/plexus-classworlds-2.5.1.jar
Launcher Type: SUN_STANDARD

Environment Variables:
JAVA_HOME=/course/cs032/bin/jdk1.8.0_25
PATH=/course/cs032/bin:/local/bin:/usr/local/bin:/bin:/usr/bin:/usr/X11R6/bin:/usr/games:/contrib/bin:/course/cs022/bin:/course/cs032/bin:/course/cs033/bin
SHELL=/bin/bash
DISPLAY=:0.0

Signal Handlers:
SIGSEGV: [libjvm.so+0xa79a80], sa_mask[0]=11111111011111111101111111111110, sa_flags=SA_RESTART|SA_SIGINFO
SIGBUS: [libjvm.so+0xa79a80], sa_mask[0]=11111111011111111101111111111110, sa_flags=SA_RESTART|SA_SIGINFO
SIGFPE: [libjvm.so+0x8e24e0], sa_mask[0]=11111111011111111101111111111110, sa_flags=SA_RESTART|SA_SIGINFO
SIGPIPE: [libjvm.so+0x8e24e0], sa_mask[0]=11111111011111111101111111111110, sa_flags=SA_RESTART|SA_SIGINFO
SIGXFSZ: [libjvm.so+0x8e24e0], sa_mask[0]=11111111011111111101111111111110, sa_flags=SA_RESTART|SA_SIGINFO
SIGILL: [libjvm.so+0x8e24e0], sa_mask[0]=11111111011111111101111111111110, sa_flags=SA_RESTART|SA_SIGINFO
SIGUSR1: SIG_DFL, sa_mask[0]=00000000000000000000000000000000, sa_flags=none
SIGUSR2: [libjvm.so+0x8e3d10], sa_mask[0]=00000000000000000000000000000000, sa_flags=SA_RESTART|SA_SIGINFO
SIGHUP: [libjvm.so+0x8e50d0], sa_mask[0]=11111111011111111101111111111110, sa_flags=SA_RESTART|SA_SIGINFO
SIGINT: [libjvm.so+0x8e50d0], sa_mask[0]=11111111011111111101111111111110, sa_flags=SA_RESTART|SA_SIGINFO
SIGTERM: [libjvm.so+0x8e50d0], sa_mask[0]=11111111011111111101111111111110, sa_flags=SA_RESTART|SA_SIGINFO
SIGQUIT: [libjvm.so+0x8e50d0], sa_mask[0]=11111111011111111101111111111110, sa_flags=SA_RESTART|SA_SIGINFO


---------------  S Y S T E M  ---------------

OS:PRETTY_NAME="Debian GNU/Linux 7 (wheezy)"
NAME="Debian GNU/Linux"
VERSION_ID="7"
VERSION="7 (wheezy)"
ID=debian
ANSI_COLOR="1;31"
HOME_URL="http://www.debian.org/"
SUPPORT_URL="http://www.debian.org/support/"
BUG_REPORT_URL="http://bugs.debian.org/"

uname:Linux 3.2.0-4-amd64 #1 SMP Debian 3.2.65-1+deb7u1 x86_64
libc:glibc 2.13 NPTL 2.13 
rlimit: STACK 8192k, CORE 0k, NPROC 63961, NOFILE 4096, AS infinity
load average:0.65 0.41 0.42

/proc/meminfo:
MemTotal:        8199880 kB
MemFree:          338644 kB
Buffers:           88216 kB
Cached:          4099508 kB
SwapCached:        29192 kB
Active:          4654976 kB
Inactive:        2669304 kB
Active(anon):    2561084 kB
Inactive(anon):   579156 kB
Active(file):    2093892 kB
Inactive(file):  2090148 kB
Unevictable:          32 kB
Mlocked:              32 kB
SwapTotal:       8388604 kB
SwapFree:        7709444 kB
Dirty:               216 kB
Writeback:             0 kB
AnonPages:       3124232 kB
Mapped:           117424 kB
Shmem:              3684 kB
Slab:             412440 kB
SReclaimable:     357736 kB
SUnreclaim:        54704 kB
KernelStack:        6576 kB
PageTables:        41292 kB
NFS_Unstable:          0 kB
Bounce:                0 kB
WritebackTmp:          0 kB
CommitLimit:    12488544 kB
Committed_AS:    8220012 kB
VmallocTotal:   34359738367 kB
VmallocUsed:      332204 kB
VmallocChunk:   34359398904 kB
HardwareCorrupted:     0 kB
AnonHugePages:         0 kB
HugePages_Total:       0
HugePages_Free:        0
HugePages_Rsvd:        0
HugePages_Surp:        0
Hugepagesize:       2048 kB
DirectMap4k:     7927360 kB
DirectMap2M:      460800 kB


CPU:total 4 (4 cores per cpu, 1 threads per core) family 6 model 15 stepping 11, cmov, cx8, fxsr, mmx, sse, sse2, sse3, ssse3, tsc

/proc/cpuinfo:
processor	: 0
vendor_id	: GenuineIntel
cpu family	: 6
model		: 15
model name	: Intel(R) Core(TM)2 Quad CPU    Q6600  @ 2.40GHz
stepping	: 11
microcode	: 0xb6
cpu MHz		: 2400.025
cache size	: 4096 KB
physical id	: 0
siblings	: 4
core id		: 0
cpu cores	: 4
apicid		: 0
initial apicid	: 0
fpu		: yes
fpu_exception	: yes
cpuid level	: 10
wp		: yes
flags		: fpu vme de pse tsc msr pae mce cx8 apic sep mtrr pge mca cmov pat pse36 clflush dts acpi mmx fxsr sse sse2 ss ht tm pbe syscall nx lm constant_tsc arch_perfmon pebs bts rep_good nopl aperfmperf pni dtes64 monitor ds_cpl vmx est tm2 ssse3 cx16 xtpr pdcm lahf_lm dtherm tpr_shadow vnmi flexpriority
bogomips	: 4800.05
clflush size	: 64
cache_alignment	: 64
address sizes	: 36 bits physical, 48 bits virtual
power management:

processor	: 1
vendor_id	: GenuineIntel
cpu family	: 6
model		: 15
model name	: Intel(R) Core(TM)2 Quad CPU    Q6600  @ 2.40GHz
stepping	: 11
microcode	: 0xb6
cpu MHz		: 2400.025
cache size	: 4096 KB
physical id	: 0
siblings	: 4
core id		: 1
cpu cores	: 4
apicid		: 1
initial apicid	: 1
fpu		: yes
fpu_exception	: yes
cpuid level	: 10
wp		: yes
flags		: fpu vme de pse tsc msr pae mce cx8 apic sep mtrr pge mca cmov pat pse36 clflush dts acpi mmx fxsr sse sse2 ss ht tm pbe syscall nx lm constant_tsc arch_perfmon pebs bts rep_good nopl aperfmperf pni dtes64 monitor ds_cpl vmx est tm2 ssse3 cx16 xtpr pdcm lahf_lm dtherm tpr_shadow vnmi flexpriority
bogomips	: 4800.22
clflush size	: 64
cache_alignment	: 64
address sizes	: 36 bits physical, 48 bits virtual
power management:

processor	: 2
vendor_id	: GenuineIntel
cpu family	: 6
model		: 15
model name	: Intel(R) Core(TM)2 Quad CPU    Q6600  @ 2.40GHz
stepping	: 11
microcode	: 0xb6
cpu MHz		: 2400.025
cache size	: 4096 KB
physical id	: 0
siblings	: 4
core id		: 2
cpu cores	: 4
apicid		: 2
initial apicid	: 2
fpu		: yes
fpu_exception	: yes
cpuid level	: 10
wp		: yes
flags		: fpu vme de pse tsc msr pae mce cx8 apic sep mtrr pge mca cmov pat pse36 clflush dts acpi mmx fxsr sse sse2 ss ht tm pbe syscall nx lm constant_tsc arch_perfmon pebs bts rep_good nopl aperfmperf pni dtes64 monitor ds_cpl vmx est tm2 ssse3 cx16 xtpr pdcm lahf_lm dtherm tpr_shadow vnmi flexpriority
bogomips	: 4800.30
clflush size	: 64
cache_alignment	: 64
address sizes	: 36 bits physical, 48 bits virtual
power management:

processor	: 3
vendor_id	: GenuineIntel
cpu family	: 6
model		: 15
model name	: Intel(R) Core(TM)2 Quad CPU    Q6600  @ 2.40GHz
stepping	: 11
microcode	: 0xb6
cpu MHz		: 2400.025
cache size	: 4096 KB
physical id	: 0
siblings	: 4
core id		: 3
cpu cores	: 4
apicid		: 3
initial apicid	: 3
fpu		: yes
fpu_exception	: yes
cpuid level	: 10
wp		: yes
flags		: fpu vme de pse tsc msr pae mce cx8 apic sep mtrr pge mca cmov pat pse36 clflush dts acpi mmx fxsr sse sse2 ss ht tm pbe syscall nx lm constant_tsc arch_perfmon pebs bts rep_good nopl aperfmperf pni dtes64 monitor ds_cpl vmx est tm2 ssse3 cx16 xtpr pdcm lahf_lm dtherm tpr_shadow vnmi flexpriority
bogomips	: 4800.25
clflush size	: 64
cache_alignment	: 64
address sizes	: 36 bits physical, 48 bits virtual
power management:



Memory: 4k page, physical 8199880k(338644k free), swap 8388604k(7709444k free)

vm_info: Java HotSpot(TM) 64-Bit Server VM (25.25-b02) for linux-amd64 JRE (1.8.0_25-b17), built on Sep 17 2014 17:32:11 by "java_re" with gcc 4.3.0 20080428 (Red Hat 4.3.0-8)

time: Tue Apr 28 21:57:07 2015
elapsed time: 0 seconds (0d 0h 0m 0s)

