#
# A fatal error has been detected by the Java Runtime Environment:
#
#  SIGSEGV (0xb) at pc=0x00007f451f4d4060, pid=4275, tid=139936203097856
#
# JRE version: Java(TM) SE Runtime Environment (8.0_25-b17) (build 1.8.0_25-b17)
# Java VM: Java HotSpot(TM) 64-Bit Server VM (25.25-b02 mixed mode linux-amd64 compressed oops)
# Problematic frame:
# C  0x00007f451f4d4060
#
# Failed to write core dump. Core dumps have been disabled. To enable core dumping, try "ulimit -c unlimited" before starting Java again
#
# If you would like to submit a bug report, please visit:
#   http://bugreport.sun.com/bugreport/crash.jsp
#

---------------  T H R E A D  ---------------

Current thread (0x0000000001e7d000):  JavaThread "main" [_thread_in_Java, id=4284, stack(0x00007f456f9d4000,0x00007f456fad5000)]

siginfo: si_signo: 11 (SIGSEGV), si_code: 1 (SEGV_MAPERR), si_addr: 0x00007f451f4d4060

Registers:
RAX=0x00000001000d7ca0, RBX=0x00000001000d7ca0, RCX=0x00000000daa53a08, RDX=0x00000000d6bdb440
RSP=0x00007f456fad1be8, RBP=0x00007f456fad1d20, RSI=0x00000000d6bdb440, RDI=0x00007f4556c474f0
R8 =0x0000000000000000, R9 =0x00000000d6c060c8, R10=0x00000001000d7ca0, R11=0x00007f455e933340
R12=0x0000000000000000, R13=0x00007f456fad1cb8, R14=0x00007f456fad1d68, R15=0x0000000001e7d000
RIP=0x00007f451f4d4060, EFLAGS=0x0000000000010206, CSGSFS=0x0000000000000033, ERR=0x0000000000000014
  TRAPNO=0x000000000000000e

Top of Stack: (sp=0x00007f456fad1be8)
0x00007f456fad1be8:   00007f455e9333fc 00000000d6c06080
0x00007f456fad1bf8:   00007f455e7bcab6 00007f456fad1d20
0x00007f456fad1c08:   00007f455e9698fc 0000000000000000
0x00007f456fad1c18:   00007f455e4d698d 00000000d6c06080
0x00007f456fad1c28:   00007f456fad1c28 00007f455931c229
0x00007f456fad1c38:   00007f456fad1c78 00007f4556c07028
0x00007f456fad1c48:   0000000000000000 00007f455931c240
0x00007f456fad1c58:   00000000daa53a08 00000000d6bdb440
0x00007f456fad1c68:   0000000000000000 00000000d6c060c8
0x00007f456fad1c78:   00000000d6bdb440 0000000000000002
0x00007f456fad1c88:   00007f456fad1c88 00007f45591ec6f0
0x00007f456fad1c98:   00007f456fad1cd8 00007f456fad1d20
0x00007f456fad1ca8:   00007f455e4d6160 00007f455e4d6160
0x00007f456fad1cb8:   00000000d6c060c8 0000000000000000
0x00007f456fad1cc8:   00000000daa53a08 00000000d6bdb440
0x00007f456fad1cd8:   00000000d6bdb430 00007f456fad1ce0
0x00007f456fad1ce8:   00007f4556c3114d 00007f456fad1d68
0x00007f456fad1cf8:   00007f4556c33008 0000000000000000
0x00007f456fad1d08:   00007f4556c314a8 00007f456fad1cb8
0x00007f456fad1d18:   00007f456fad1d58 00007f456fad1db8
0x00007f456fad1d28:   00007f455e4d6710 0000000000000000
0x00007f456fad1d38:   0000000000000000 00000000d6c060c8
0x00007f456fad1d48:   00000000d6c06080 00000000d6c06048
0x00007f456fad1d58:   0000000000000000 00000000d6bdb440
0x00007f456fad1d68:   00000000d6bdb430 00000000d6c03c60
0x00007f456fad1d78:   00007f456fad1d78 00007f4556c2f0ee
0x00007f456fad1d88:   00007f456fad1e00 00007f4556c33008
0x00007f456fad1d98:   0000000000000000 00007f4556c2f298
0x00007f456fad1da8:   00007f456fad1d58 00007f456fad1df0
0x00007f456fad1db8:   00007f456fad1e48 00007f455e4d6710
0x00007f456fad1dc8:   00000000d6c00d90 00000000d6c03c60
0x00007f456fad1dd8:   00000000d6be3c48 00000000d6be3bb8 

Instructions: (pc=0x00007f451f4d4060)
0x00007f451f4d4040:   
[error occurred during error reporting (printing registers, top of stack, instructions near pc), id 0xb]

Register to memory mapping:

RAX=0x00000001000d7ca0 is pointing into metadata
RBX=0x00000001000d7ca0 is pointing into metadata
RCX=0x00000000daa53a08 is an oop
java.lang.String 
 - klass: 'java/lang/String'
RDX=0x00000000d6bdb440 is an oop
org.codehaus.plexus.util.xml.pull.MXParser 
 - klass: 'org/codehaus/plexus/util/xml/pull/MXParser'
RSP=0x00007f456fad1be8 is pointing into the stack for thread: 0x0000000001e7d000
RBP=0x00007f456fad1d20 is pointing into the stack for thread: 0x0000000001e7d000
RSI=0x00000000d6bdb440 is an oop
org.codehaus.plexus.util.xml.pull.MXParser 
 - klass: 'org/codehaus/plexus/util/xml/pull/MXParser'
RDI=0x00007f4556c474f0 is pointing into metadata
R8 =0x0000000000000000 is an unknown value
R9 =0x00000000d6c060c8 is an oop
java.util.HashSet 
 - klass: 'java/util/HashSet'
R10=0x00000001000d7ca0 is pointing into metadata
R11=0x00007f455e933340 is at entry_point+32 in (nmethod*)0x00007f455e9330d0
R12=0x0000000000000000 is an unknown value
R13=0x00007f456fad1cb8 is pointing into the stack for thread: 0x0000000001e7d000
R14=0x00007f456fad1d68 is pointing into the stack for thread: 0x0000000001e7d000
R15=0x0000000001e7d000 is a thread


Stack: [0x00007f456f9d4000,0x00007f456fad5000],  sp=0x00007f456fad1be8,  free space=1014k
Native frames: (J=compiled Java code, j=interpreted, Vv=VM code, C=native code)
C  0x00007f451f4d4060
j  org.apache.maven.model.io.xpp3.MavenXpp3Reader.parseModel(Lorg/codehaus/plexus/util/xml/pull/XmlPullParser;Z)Lorg/apache/maven/model/Model;+1502
j  org.apache.maven.model.io.xpp3.MavenXpp3Reader.read(Lorg/codehaus/plexus/util/xml/pull/XmlPullParser;Z)Lorg/apache/maven/model/Model;+79
j  org.apache.maven.model.io.xpp3.MavenXpp3Reader.read(Ljava/io/Reader;Z)Lorg/apache/maven/model/Model;+38
j  org.apache.maven.model.io.DefaultModelReader.read(Ljava/io/Reader;ZLorg/apache/maven/model/InputSource;)Lorg/apache/maven/model/Model;+27
j  org.apache.maven.model.io.DefaultModelReader.read(Ljava/io/InputStream;Ljava/util/Map;)Lorg/apache/maven/model/Model;+29
j  org.apache.maven.model.building.DefaultModelProcessor.read(Ljava/io/InputStream;Ljava/util/Map;)Lorg/apache/maven/model/Model;+6
j  org.apache.maven.model.building.DefaultModelBuilder.readModel(Lorg/apache/maven/model/building/ModelSource;Ljava/io/File;Lorg/apache/maven/model/building/ModelBuildingRequest;Lorg/apache/maven/model/building/DefaultModelProblemCollector;)Lorg/apache/maven/model/Model;+140
j  org.apache.maven.model.building.DefaultModelBuilder.readParentExternally(Lorg/apache/maven/model/Model;Lorg/apache/maven/model/building/ModelBuildingRequest;Lorg/apache/maven/model/building/DefaultModelProblemCollector;)Lorg/apache/maven/model/building/ModelData;+336
j  org.apache.maven.model.building.DefaultModelBuilder.readParent(Lorg/apache/maven/model/Model;Lorg/apache/maven/model/building/ModelSource;Lorg/apache/maven/model/building/ModelBuildingRequest;Lorg/apache/maven/model/building/DefaultModelProblemCollector;)Lorg/apache/maven/model/building/ModelData;+82
j  org.apache.maven.model.building.DefaultModelBuilder.build(Lorg/apache/maven/model/building/ModelBuildingRequest;)Lorg/apache/maven/model/building/ModelBuildingResult;+464
j  org.apache.maven.repository.internal.DefaultArtifactDescriptorReader.loadPom(Lorg/eclipse/aether/RepositorySystemSession;Lorg/eclipse/aether/resolution/ArtifactDescriptorRequest;Lorg/eclipse/aether/resolution/ArtifactDescriptorResult;)Lorg/apache/maven/model/Model;+588
j  org.apache.maven.repository.internal.DefaultArtifactDescriptorReader.readArtifactDescriptor(Lorg/eclipse/aether/RepositorySystemSession;Lorg/eclipse/aether/resolution/ArtifactDescriptorRequest;)Lorg/eclipse/aether/resolution/ArtifactDescriptorResult;+13
j  org.eclipse.aether.internal.impl.DefaultRepositorySystem.readArtifactDescriptor(Lorg/eclipse/aether/RepositorySystemSession;Lorg/eclipse/aether/resolution/ArtifactDescriptorRequest;)Lorg/eclipse/aether/resolution/ArtifactDescriptorResult;+11
j  org.apache.maven.plugin.internal.DefaultPluginDependenciesResolver.resolve(Lorg/apache/maven/model/Plugin;Ljava/util/List;Lorg/eclipse/aether/RepositorySystemSession;)Lorg/eclipse/aether/artifact/Artifact;+70
j  org.apache.maven.plugin.internal.DefaultMavenPluginManager.getPluginDescriptor(Lorg/apache/maven/model/Plugin;Ljava/util/List;Lorg/eclipse/aether/RepositorySystemSession;)Lorg/apache/maven/plugin/descriptor/PluginDescriptor;+39
j  org.apache.maven.plugin.internal.DefaultMavenPluginManager.getMojoDescriptor(Lorg/apache/maven/model/Plugin;Ljava/lang/String;Ljava/util/List;Lorg/eclipse/aether/RepositorySystemSession;)Lorg/apache/maven/plugin/descriptor/MojoDescriptor;+5
j  org.apache.maven.plugin.DefaultBuildPluginManager.getMojoDescriptor(Lorg/apache/maven/model/Plugin;Ljava/lang/String;Ljava/util/List;Lorg/eclipse/aether/RepositorySystemSession;)Lorg/apache/maven/plugin/descriptor/MojoDescriptor;+9
j  org.apache.maven.lifecycle.internal.DefaultLifecycleExecutionPlanCalculator.setupMojoExecution(Lorg/apache/maven/execution/MavenSession;Lorg/apache/maven/project/MavenProject;Lorg/apache/maven/plugin/MojoExecution;)V+31
j  org.apache.maven.lifecycle.internal.DefaultLifecycleExecutionPlanCalculator.setupMojoExecutions(Lorg/apache/maven/execution/MavenSession;Lorg/apache/maven/project/MavenProject;Ljava/util/List;)V+35
j  org.apache.maven.lifecycle.internal.DefaultLifecycleExecutionPlanCalculator.calculateExecutionPlan(Lorg/apache/maven/execution/MavenSession;Lorg/apache/maven/project/MavenProject;Ljava/util/List;Z)Lorg/apache/maven/lifecycle/MavenExecutionPlan;+28
j  org.apache.maven.lifecycle.internal.DefaultLifecycleExecutionPlanCalculator.calculateExecutionPlan(Lorg/apache/maven/execution/MavenSession;Lorg/apache/maven/project/MavenProject;Ljava/util/List;)Lorg/apache/maven/lifecycle/MavenExecutionPlan;+5
j  org.apache.maven.lifecycle.internal.builder.BuilderCommon.resolveBuildPlan(Lorg/apache/maven/execution/MavenSession;Lorg/apache/maven/project/MavenProject;Lorg/apache/maven/lifecycle/internal/TaskSegment;Ljava/util/Set;)Lorg/apache/maven/lifecycle/MavenExecutionPlan;+10
j  org.apache.maven.lifecycle.internal.LifecycleModuleBuilder.buildProject(Lorg/apache/maven/execution/MavenSession;Lorg/apache/maven/execution/MavenSession;Lorg/apache/maven/lifecycle/internal/ReactorContext;Lorg/apache/maven/project/MavenProject;Lorg/apache/maven/lifecycle/internal/TaskSegment;)V+132
j  org.apache.maven.lifecycle.internal.LifecycleModuleBuilder.buildProject(Lorg/apache/maven/execution/MavenSession;Lorg/apache/maven/lifecycle/internal/ReactorContext;Lorg/apache/maven/project/MavenProject;Lorg/apache/maven/lifecycle/internal/TaskSegment;)V+7
j  org.apache.maven.lifecycle.internal.builder.singlethreaded.SingleThreadedBuilder.build(Lorg/apache/maven/execution/MavenSession;Lorg/apache/maven/lifecycle/internal/ReactorContext;Lorg/apache/maven/lifecycle/internal/ProjectBuildList;Ljava/util/List;Lorg/apache/maven/lifecycle/internal/ReactorBuildStatus;)V+77
j  org.apache.maven.lifecycle.internal.LifecycleStarter.execute(Lorg/apache/maven/execution/MavenSession;)V+346
j  org.apache.maven.DefaultMaven.doExecute(Lorg/apache/maven/execution/MavenExecutionRequest;)Lorg/apache/maven/execution/MavenExecutionResult;+554
j  org.apache.maven.DefaultMaven.execute(Lorg/apache/maven/execution/MavenExecutionRequest;)Lorg/apache/maven/execution/MavenExecutionResult;+11
j  org.apache.maven.cli.MavenCli.execute(Lorg/apache/maven/cli/MavenCli$CliRequest;)I+19
j  org.apache.maven.cli.MavenCli.doMain(Lorg/apache/maven/cli/MavenCli$CliRequest;)I+61
j  org.apache.maven.cli.MavenCli.main([Ljava/lang/String;Lorg/codehaus/plexus/classworlds/ClassWorld;)I+18
v  ~StubRoutines::call_stub
V  [libjvm.so+0x664086]  JavaCalls::call_helper(JavaValue*, methodHandle*, JavaCallArguments*, Thread*)+0x1056
V  [libjvm.so+0x958ab7]  Reflection::invoke(instanceKlassHandle, methodHandle, Handle, bool, objArrayHandle, BasicType, objArrayHandle, bool, Thread*)+0x5d7
V  [libjvm.so+0x95c187]  Reflection::invoke_method(oopDesc*, Handle, objArrayHandle, Thread*)+0x147
V  [libjvm.so+0x6ea3cb]  JVM_InvokeMethod+0x26b
j  sun.reflect.NativeMethodAccessorImpl.invoke0(Ljava/lang/reflect/Method;Ljava/lang/Object;[Ljava/lang/Object;)Ljava/lang/Object;+0
j  sun.reflect.NativeMethodAccessorImpl.invoke(Ljava/lang/Object;[Ljava/lang/Object;)Ljava/lang/Object;+100
j  sun.reflect.DelegatingMethodAccessorImpl.invoke(Ljava/lang/Object;[Ljava/lang/Object;)Ljava/lang/Object;+6
j  java.lang.reflect.Method.invoke(Ljava/lang/Object;[Ljava/lang/Object;)Ljava/lang/Object;+56
j  org.codehaus.plexus.classworlds.launcher.Launcher.launchEnhanced([Ljava/lang/String;)V+45
j  org.codehaus.plexus.classworlds.launcher.Launcher.launch([Ljava/lang/String;)V+2
j  org.codehaus.plexus.classworlds.launcher.Launcher.mainWithExitCode([Ljava/lang/String;)I+101
j  org.codehaus.plexus.classworlds.launcher.Launcher.main([Ljava/lang/String;)V+1
v  ~StubRoutines::call_stub
V  [libjvm.so+0x664086]  JavaCalls::call_helper(JavaValue*, methodHandle*, JavaCallArguments*, Thread*)+0x1056
V  [libjvm.so+0x6ab096]  jni_invoke_static(JNIEnv_*, JavaValue*, _jobject*, JNICallType, _jmethodID*, JNI_ArgumentPusher*, Thread*)+0x346
V  [libjvm.so+0x6b1c2a]  jni_CallStaticVoidMethod+0x17a
C  [libjli.so+0x7b14]  JavaMain+0x844
C  [libpthread.so.0+0x6b50]  start_thread+0xd0


---------------  P R O C E S S  ---------------

Java Threads: ( => current thread )
  0x00007f4550039800 JavaThread "Service Thread" daemon [_thread_blocked, id=4296, stack(0x00007f4557132000,0x00007f4557233000)]
  0x00007f4550001000 JavaThread "C1 CompilerThread2" daemon [_thread_blocked, id=4295, stack(0x00007f4557233000,0x00007f4557334000)]
  0x0000000001f28000 JavaThread "C2 CompilerThread1" daemon [_thread_blocked, id=4294, stack(0x00007f4557334000,0x00007f4557435000)]
  0x0000000001f24800 JavaThread "C2 CompilerThread0" daemon [_thread_blocked, id=4293, stack(0x00007f4557435000,0x00007f4557536000)]
  0x0000000001f22800 JavaThread "Signal Dispatcher" daemon [_thread_blocked, id=4292, stack(0x00007f4557536000,0x00007f4557637000)]
  0x0000000001ef5000 JavaThread "Finalizer" daemon [_thread_blocked, id=4291, stack(0x00007f4557637000,0x00007f4557738000)]
  0x0000000001eed800 JavaThread "Reference Handler" daemon [_thread_blocked, id=4290, stack(0x00007f4557738000,0x00007f4557839000)]
=>0x0000000001e7d000 JavaThread "main" [_thread_in_Java, id=4284, stack(0x00007f456f9d4000,0x00007f456fad5000)]

Other Threads:
  0x0000000001ee6800 VMThread [stack: 0x00007f4557839000,0x00007f455793a000] [id=4289]
  0x00007f4550054800 WatcherThread [stack: 0x00007f4557031000,0x00007f4557132000] [id=4297]

VM state:not at safepoint (normal execution)

VM Mutex/Monitor currently owned by a thread: None

Heap:
 PSYoungGen      total 70656K, used 13287K [0x00000000d6500000, 0x00000000daf00000, 0x0000000100000000)
  eden space 65536K, 12% used [0x00000000d6500000,0x00000000d6cfea98,0x00000000da500000)
  from space 5120K, 99% used [0x00000000daa00000,0x00000000daefb358,0x00000000daf00000)
  to   space 5120K, 0% used [0x00000000da500000,0x00000000da500000,0x00000000daa00000)
 ParOldGen       total 86016K, used 2005K [0x0000000082e00000, 0x0000000088200000, 0x00000000d6500000)
  object space 86016K, 2% used [0x0000000082e00000,0x0000000082ff5588,0x0000000088200000)
 Metaspace       used 13257K, capacity 13412K, committed 13568K, reserved 1060864K
  class space    used 1632K, capacity 1702K, committed 1792K, reserved 1048576K

Card table byte_map: [0x00007f455dd25000,0x00007f455e10f000] byte_map_base: 0x00007f455d90e000

Marking Bits: (ParMarkBitMap*) 0x00007f456ef092c0
 Begin Bits: [0x00007f45597f5000, 0x00007f455b73d000)
 End Bits:   [0x00007f455b73d000, 0x00007f455d685000)

Polling page: 0x00007f456fb10000

CodeCache: size=245760Kb used=4723Kb max_used=4732Kb free=241036Kb
 bounds [0x00007f455e4cf000, 0x00007f455e97f000, 0x00007f456d4cf000]
 total_blobs=1734 nmethods=1413 adapters=236
 compilation: enabled

Compilation events (10 events):
Event: 1.791 Thread 0x00007f4550001000 1412       3       org.apache.maven.model.io.xpp3.MavenXpp3Reader::getTrimmedValue (11 bytes)
Event: 1.791 Thread 0x0000000001f28000 1413       4       org.codehaus.plexus.util.xml.pull.MXParser::getName (84 bytes)
Event: 1.792 Thread 0x00007f4550001000 nmethod 1412 0x00007f455e968590 code [0x00007f455e968700, 0x00007f455e968948]
Event: 1.792 Thread 0x00007f4550001000 1414       3       org.codehaus.plexus.util.xml.pull.MXParser::nextText (103 bytes)
Event: 1.794 Thread 0x00007f4550001000 nmethod 1414 0x00007f455e96f750 code [0x00007f455e96f9c0, 0x00007f455e970688]
Event: 1.794 Thread 0x0000000001f28000 nmethod 1413 0x00007f455e96b250 code [0x00007f455e96b3a0, 0x00007f455e96b508]
Event: 1.794 Thread 0x00007f4550001000 1415       3       org.codehaus.plexus.util.xml.pull.MXParser::getAttributeCount (15 bytes)
Event: 1.794 Thread 0x00007f4550001000 nmethod 1415 0x00007f455e96f390 code [0x00007f455e96f500, 0x00007f455e96f6b0]
Event: 1.794 Thread 0x00007f4550001000 1416       3       org.codehaus.plexus.util.xml.Xpp3Dom::getChildCount (20 bytes)
Event: 1.794 Thread 0x00007f4550001000 nmethod 1416 0x00007f455e96ef10 code [0x00007f455e96f080, 0x00007f455e96f2e8]

GC Heap History (4 events):
Event: 0.862 GC heap before
{Heap before GC invocations=1 (full 0):
 PSYoungGen      total 37888K, used 32768K [0x00000000d6500000, 0x00000000d8f00000, 0x0000000100000000)
  eden space 32768K, 100% used [0x00000000d6500000,0x00000000d8500000,0x00000000d8500000)
  from space 5120K, 0% used [0x00000000d8a00000,0x00000000d8a00000,0x00000000d8f00000)
  to   space 5120K, 0% used [0x00000000d8500000,0x00000000d8500000,0x00000000d8a00000)
 ParOldGen       total 86016K, used 0K [0x0000000082e00000, 0x0000000088200000, 0x00000000d6500000)
  object space 86016K, 0% used [0x0000000082e00000,0x0000000082e00000,0x0000000088200000)
 Metaspace       used 7704K, capacity 7858K, committed 7936K, reserved 1056768K
  class space    used 942K, capacity 985K, committed 1024K, reserved 1048576K
Event: 0.872 GC heap after
Heap after GC invocations=1 (full 0):
 PSYoungGen      total 37888K, used 4653K [0x00000000d6500000, 0x00000000daf00000, 0x0000000100000000)
  eden space 32768K, 0% used [0x00000000d6500000,0x00000000d6500000,0x00000000d8500000)
  from space 5120K, 90% used [0x00000000d8500000,0x00000000d898b568,0x00000000d8a00000)
  to   space 5120K, 0% used [0x00000000daa00000,0x00000000daa00000,0x00000000daf00000)
 ParOldGen       total 86016K, used 8K [0x0000000082e00000, 0x0000000088200000, 0x00000000d6500000)
  object space 86016K, 0% used [0x0000000082e00000,0x0000000082e02000,0x0000000088200000)
 Metaspace       used 7704K, capacity 7858K, committed 7936K, reserved 1056768K
  class space    used 942K, capacity 985K, committed 1024K, reserved 1048576K
}
Event: 1.527 GC heap before
{Heap before GC invocations=2 (full 0):
 PSYoungGen      total 37888K, used 37421K [0x00000000d6500000, 0x00000000daf00000, 0x0000000100000000)
  eden space 32768K, 100% used [0x00000000d6500000,0x00000000d8500000,0x00000000d8500000)
  from space 5120K, 90% used [0x00000000d8500000,0x00000000d898b568,0x00000000d8a00000)
  to   space 5120K, 0% used [0x00000000daa00000,0x00000000daa00000,0x00000000daf00000)
 ParOldGen       total 86016K, used 8K [0x0000000082e00000, 0x0000000088200000, 0x00000000d6500000)
  object space 86016K, 0% used [0x0000000082e00000,0x0000000082e02000,0x0000000088200000)
 Metaspace       used 11968K, capacity 12132K, committed 12416K, reserved 1060864K
  class space    used 1494K, capacity 1574K, committed 1664K, reserved 1048576K
Event: 1.544 GC heap after
Heap after GC invocations=2 (full 0):
 PSYoungGen      total 70656K, used 5100K [0x00000000d6500000, 0x00000000daf00000, 0x0000000100000000)
  eden space 65536K, 0% used [0x00000000d6500000,0x00000000d6500000,0x00000000da500000)
  from space 5120K, 99% used [0x00000000daa00000,0x00000000daefb358,0x00000000daf00000)
  to   space 5120K, 0% used [0x00000000da500000,0x00000000da500000,0x00000000daa00000)
 ParOldGen       total 86016K, used 2005K [0x0000000082e00000, 0x0000000088200000, 0x00000000d6500000)
  object space 86016K, 2% used [0x0000000082e00000,0x0000000082ff5588,0x0000000088200000)
 Metaspace       used 11968K, capacity 12132K, committed 12416K, reserved 1060864K
  class space    used 1494K, capacity 1574K, committed 1664K, reserved 1048576K
}

Deoptimization events (0 events):
No events

Internal exceptions (10 events):
Event: 1.779 Thread 0x0000000001e7d000 Exception <a 'java/security/PrivilegedActionException'> (0x00000000d6b84430) thrown at [/HUDSON/workspace/8-2-build-linux-amd64/jdk8u25/1514/hotspot/src/share/vm/prims/jvm.cpp, line 1312]
Event: 1.779 Thread 0x0000000001e7d000 Exception <a 'java/security/PrivilegedActionException'> (0x00000000d6b84dc8) thrown at [/HUDSON/workspace/8-2-build-linux-amd64/jdk8u25/1514/hotspot/src/share/vm/prims/jvm.cpp, line 1312]
Event: 1.779 Thread 0x0000000001e7d000 Exception <a 'java/security/PrivilegedActionException'> (0x00000000d6b8b158) thrown at [/HUDSON/workspace/8-2-build-linux-amd64/jdk8u25/1514/hotspot/src/share/vm/prims/jvm.cpp, line 1312]
Event: 1.779 Thread 0x0000000001e7d000 Exception <a 'java/security/PrivilegedActionException'> (0x00000000d6b8bac8) thrown at [/HUDSON/workspace/8-2-build-linux-amd64/jdk8u25/1514/hotspot/src/share/vm/prims/jvm.cpp, line 1312]
Event: 1.784 Thread 0x0000000001e7d000 Exception <a 'java/security/PrivilegedActionException'> (0x00000000d6bacad0) thrown at [/HUDSON/workspace/8-2-build-linux-amd64/jdk8u25/1514/hotspot/src/share/vm/prims/jvm.cpp, line 1312]
Event: 1.784 Thread 0x0000000001e7d000 Exception <a 'java/security/PrivilegedActionException'> (0x00000000d6bad350) thrown at [/HUDSON/workspace/8-2-build-linux-amd64/jdk8u25/1514/hotspot/src/share/vm/prims/jvm.cpp, line 1312]
Event: 1.786 Thread 0x0000000001e7d000 Exception <a 'java/security/PrivilegedActionException'> (0x00000000d6bbbc90) thrown at [/HUDSON/workspace/8-2-build-linux-amd64/jdk8u25/1514/hotspot/src/share/vm/prims/jvm.cpp, line 1312]
Event: 1.786 Thread 0x0000000001e7d000 Exception <a 'java/security/PrivilegedActionException'> (0x00000000d6bbc570) thrown at [/HUDSON/workspace/8-2-build-linux-amd64/jdk8u25/1514/hotspot/src/share/vm/prims/jvm.cpp, line 1312]
Event: 1.792 Thread 0x0000000001e7d000 Exception <a 'java/security/PrivilegedActionException'> (0x00000000d6bfabd0) thrown at [/HUDSON/workspace/8-2-build-linux-amd64/jdk8u25/1514/hotspot/src/share/vm/prims/jvm.cpp, line 1312]
Event: 1.792 Thread 0x0000000001e7d000 Exception <a 'java/security/PrivilegedActionException'> (0x00000000d6bfb470) thrown at [/HUDSON/workspace/8-2-build-linux-amd64/jdk8u25/1514/hotspot/src/share/vm/prims/jvm.cpp, line 1312]

Events (10 events):
Event: 1.779 loading class org/eclipse/aether/util/version/GenericVersion$Tokenizer
Event: 1.779 loading class org/eclipse/aether/util/version/GenericVersion$Tokenizer done
Event: 1.779 loading class org/eclipse/aether/util/version/GenericVersion$Item
Event: 1.779 loading class org/eclipse/aether/util/version/GenericVersion$Item done
Event: 1.784 loading class org/apache/maven/model/Site
Event: 1.784 loading class org/apache/maven/model/Site done
Event: 1.786 loading class org/apache/maven/model/ActivationFile
Event: 1.786 loading class org/apache/maven/model/ActivationFile done
Event: 1.792 loading class org/apache/maven/model/Notifier
Event: 1.792 loading class org/apache/maven/model/Notifier done


Dynamic libraries:
00400000-00401000 r-xp 00000000 00:14 138267735                          /gpfs/main/course/cs032/bin/jdk1.8.0_25/bin/java
00600000-00601000 rw-p 00000000 00:14 138267735                          /gpfs/main/course/cs032/bin/jdk1.8.0_25/bin/java
01e74000-02802000 rw-p 00000000 00:00 0                                  [heap]
82e00000-88200000 rw-p 00000000 00:00 0 
88200000-d6500000 ---p 00000000 00:00 0 
d6500000-daf00000 rw-p 00000000 00:00 0 
daf00000-100000000 ---p 00000000 00:00 0 
100000000-1001c0000 rw-p 00000000 00:00 0 
1001c0000-140000000 ---p 00000000 00:00 0 
7f4548000000-7f45486a1000 rw-p 00000000 00:00 0 
7f45486a1000-7f454c000000 ---p 00000000 00:00 0 
7f4550000000-7f4550682000 rw-p 00000000 00:00 0 
7f4550682000-7f4554000000 ---p 00000000 00:00 0 
7f455672a000-7f455673b000 rw-p 00000000 00:00 0 
7f455673b000-7f455674c000 r-xp 00000000 00:14 136611464                  /gpfs/main/course/cs032/bin/jdk1.8.0_25/jre/lib/amd64/libnio.so
7f455674c000-7f455694b000 ---p 00011000 00:14 136611464                  /gpfs/main/course/cs032/bin/jdk1.8.0_25/jre/lib/amd64/libnio.so
7f455694b000-7f455694c000 rw-p 00010000 00:14 136611464                  /gpfs/main/course/cs032/bin/jdk1.8.0_25/jre/lib/amd64/libnio.so
7f455694c000-7f4556962000 r-xp 00000000 00:14 136610987                  /gpfs/main/course/cs032/bin/jdk1.8.0_25/jre/lib/amd64/libnet.so
7f4556962000-7f4556b62000 ---p 00016000 00:14 136610987                  /gpfs/main/course/cs032/bin/jdk1.8.0_25/jre/lib/amd64/libnet.so
7f4556b62000-7f4556b63000 rw-p 00016000 00:14 136610987                  /gpfs/main/course/cs032/bin/jdk1.8.0_25/jre/lib/amd64/libnet.so
7f4556b63000-7f4556b67000 r--s 00093000 00:14 136611567                  /gpfs/main/course/cs032/bin/jdk1.8.0_25/jre/lib/jsse.jar
7f4556b67000-7f4556ce7000 rw-p 00000000 00:00 0 
7f4556ce7000-7f4556d67000 ---p 00000000 00:00 0 
7f4556d67000-7f4556f67000 rw-p 00000000 00:00 0 
7f4556f67000-7f4556f83000 r--s 00393000 00:14 136611667                  /gpfs/main/course/cs032/bin/jdk1.8.0_25/jre/lib/ext/cldrdata.jar
7f4556f83000-7f4556f8d000 r--s 00116000 00:14 136611642                  /gpfs/main/course/cs032/bin/jdk1.8.0_25/jre/lib/ext/localedata.jar
7f4556f8d000-7f4556f8e000 r--s 00002000 00:14 50783475                   /gpfs/main/course/cs032/bin/apache-maven-3.2.3/lib/slf4j-simple-1.7.5.jar
7f4556f8e000-7f4556f90000 r--s 00007000 00:14 50783474                   /gpfs/main/course/cs032/bin/apache-maven-3.2.3/lib/aether-connector-wagon-0.9.0.M2.jar
7f4556f90000-7f4556f91000 r--s 00002000 00:14 50783469                   /gpfs/main/course/cs032/bin/apache-maven-3.2.3/lib/wagon-file-2.6.jar
7f4556f91000-7f4556f95000 r--s 00027000 00:14 50783464                   /gpfs/main/course/cs032/bin/apache-maven-3.2.3/lib/commons-io-2.2.jar
7f4556f95000-7f4556f9a000 r--s 00041000 00:14 50783460                   /gpfs/main/course/cs032/bin/apache-maven-3.2.3/lib/commons-lang-2.6.jar
7f4556f9a000-7f4556fa0000 r--s 00042000 00:14 50783457                   /gpfs/main/course/cs032/bin/apache-maven-3.2.3/lib/jsoup-1.7.2.jar
7f4556fa0000-7f4556fa1000 r--s 00002000 00:14 50783454                   /gpfs/main/course/cs032/bin/apache-maven-3.2.3/lib/wagon-http-shared-2.6.jar
7f4556fa1000-7f4556fc0000 r--s 00134000 00:14 50783453                   /gpfs/main/course/cs032/bin/apache-maven-3.2.3/lib/wagon-http-2.6-shaded.jar
7f4556fc0000-7f4556fc2000 r--s 00009000 00:14 50783447                   /gpfs/main/course/cs032/bin/apache-maven-3.2.3/lib/commons-cli-1.2.jar
7f4556fc2000-7f4556fc4000 r--s 00005000 00:14 50783446                   /gpfs/main/course/cs032/bin/apache-maven-3.2.3/lib/slf4j-api-1.7.5.jar
7f4556fc4000-7f4556fc6000 r--s 0000b000 00:14 50783445                   /gpfs/main/course/cs032/bin/apache-maven-3.2.3/lib/wagon-provider-api-2.6.jar
7f4556fc6000-7f4556fcd000 r--s 0003f000 00:14 50783443                   /gpfs/main/course/cs032/bin/apache-maven-3.2.3/lib/maven-compat-3.2.3.jar
7f4556fcd000-7f4556fd1000 r--s 00020000 00:14 50783441                   /gpfs/main/course/cs032/bin/apache-maven-3.2.3/lib/aether-impl-0.9.0.M2.jar
7f4556fd1000-7f4556fd5000 r--s 0001d000 00:14 50783440                   /gpfs/main/course/cs032/bin/apache-maven-3.2.3/lib/aether-util-0.9.0.M2.jar
7f4556fd5000-7f4556fd7000 r--s 00003000 00:14 50783439                   /gpfs/main/course/cs032/bin/apache-maven-3.2.3/lib/aether-spi-0.9.0.M2.jar
7f4556fd7000-7f4556fdb000 r--s 0001d000 00:14 50783438                   /gpfs/main/course/cs032/bin/apache-maven-3.2.3/lib/aether-api-0.9.0.M2.jar
7f4556fdb000-7f4556fdd000 r--s 0000e000 00:14 50783437                   /gpfs/main/course/cs032/bin/apache-maven-3.2.3/lib/maven-aether-provider-3.2.3.jar
7f4556fdd000-7f4556fe2000 r--s 00025000 00:14 50783436                   /gpfs/main/course/cs032/bin/apache-maven-3.2.3/lib/maven-model-builder-3.2.3.jar
7f4556fe2000-7f4556fe8000 r--s 00042000 00:14 50783433                   /gpfs/main/course/cs032/bin/apache-maven-3.2.3/lib/org.eclipse.sisu.inject-0.0.0.M5.jar
7f4556fe8000-7f4556fea000 r--s 00000000 00:14 50783432                   /gpfs/main/course/cs032/bin/apache-maven-3.2.3/lib/aopalliance-1.0.jar
7f4556fea000-7f4556ff2000 r--s 00050000 00:14 50783431                   /gpfs/main/course/cs032/bin/apache-maven-3.2.3/lib/sisu-guice-3.1.3-no_aop.jar
7f4556ff2000-7f455701b000 r--s 001ee000 00:14 50783429                   /gpfs/main/course/cs032/bin/apache-maven-3.2.3/lib/guava-14.0.1.jar
7f455701b000-7f455701c000 r--s 00000000 00:14 50783426                   /gpfs/main/course/cs032/bin/apache-maven-3.2.3/lib/javax.inject-1.jar
7f455701c000-7f455701f000 r--s 00008000 00:14 50783419                   /gpfs/main/course/cs032/bin/apache-maven-3.2.3/lib/cdi-api-1.0.jar
7f455701f000-7f4557025000 r--s 0002a000 00:14 50783416                   /gpfs/main/course/cs032/bin/apache-maven-3.2.3/lib/org.eclipse.sisu.plexus-0.0.0.M5.jar
7f4557025000-7f4557027000 r--s 0000a000 00:14 50783415                   /gpfs/main/course/cs032/bin/apache-maven-3.2.3/lib/maven-plugin-api-3.2.3.jar
7f4557027000-7f455702a000 r--s 0000b000 00:14 50783414                   /gpfs/main/course/cs032/bin/apache-maven-3.2.3/lib/maven-artifact-3.2.3.jar
7f455702a000-7f455702c000 r--s 00005000 00:14 50783378                   /gpfs/main/course/cs032/bin/apache-maven-3.2.3/lib/maven-repository-metadata-3.2.3.jar
7f455702c000-7f455702e000 r--s 00002000 00:14 49955756                   /gpfs/main/course/cs032/bin/apache-maven-3.2.3/lib/plexus-cipher-1.7.jar
7f455702e000-7f4557031000 r--s 0000a000 00:14 50783308                   /gpfs/main/course/cs032/bin/apache-maven-3.2.3/boot/plexus-classworlds-2.5.1.jar
7f4557031000-7f4557032000 ---p 00000000 00:00 0 
7f4557032000-7f4557132000 rw-p 00000000 00:00 0 
7f4557132000-7f4557135000 ---p 00000000 00:00 0 
7f4557135000-7f4557233000 rw-p 00000000 00:00 0 
7f4557233000-7f4557236000 ---p 00000000 00:00 0 
7f4557236000-7f4557334000 rw-p 00000000 00:00 0 
7f4557334000-7f4557337000 ---p 00000000 00:00 0 
7f4557337000-7f4557435000 rw-p 00000000 00:00 0 
7f4557435000-7f4557438000 ---p 00000000 00:00 0 
7f4557438000-7f4557536000 rw-p 00000000 00:00 0 
7f4557536000-7f4557539000 ---p 00000000 00:00 0 
7f4557539000-7f4557637000 rw-p 00000000 00:00 0 
7f4557637000-7f455763a000 ---p 00000000 00:00 0 
7f455763a000-7f4557738000 rw-p 00000000 00:00 0 
7f4557738000-7f455773b000 ---p 00000000 00:00 0 
7f455773b000-7f4557839000 rw-p 00000000 00:00 0 
7f4557839000-7f455783a000 ---p 00000000 00:00 0 
7f455783a000-7f455893d000 rw-p 00000000 00:00 0 
7f455893d000-7f4558b13000 r--s 03caa000 00:14 136611550                  /gpfs/main/course/cs032/bin/jdk1.8.0_25/jre/lib/rt.jar
7f4558b13000-7f455d685000 rw-p 00000000 00:00 0 
7f455d685000-7f455d686000 ---p 00000000 00:00 0 
7f455d686000-7f455d786000 rw-p 00000000 00:00 0 
7f455d786000-7f455d787000 ---p 00000000 00:00 0 
7f455d787000-7f455d887000 rw-p 00000000 00:00 0 
7f455d887000-7f455d888000 ---p 00000000 00:00 0 
7f455d888000-7f455d988000 rw-p 00000000 00:00 0 
7f455d988000-7f455d989000 ---p 00000000 00:00 0 
7f455d989000-7f455dab3000 rw-p 00000000 00:00 0 
7f455dab3000-7f455dd25000 ---p 00000000 00:00 0 
7f455dd25000-7f455dd4f000 rw-p 00000000 00:00 0 
7f455dd4f000-7f455dfc0000 ---p 00000000 00:00 0 
7f455dfc0000-7f455dfe6000 rw-p 00000000 00:00 0 
7f455dfe6000-7f455e10e000 ---p 00000000 00:00 0 
7f455e10e000-7f455e122000 rw-p 00000000 00:00 0 
7f455e122000-7f455e4cf000 ---p 00000000 00:00 0 
7f455e4cf000-7f455e97f000 rwxp 00000000 00:00 0 
7f455e97f000-7f456d4cf000 ---p 00000000 00:00 0 
7f456d4cf000-7f456d4e9000 r-xp 00000000 00:14 136610880                  /gpfs/main/course/cs032/bin/jdk1.8.0_25/jre/lib/amd64/libzip.so
7f456d4e9000-7f456d6e9000 ---p 0001a000 00:14 136610880                  /gpfs/main/course/cs032/bin/jdk1.8.0_25/jre/lib/amd64/libzip.so
7f456d6e9000-7f456d6ea000 rw-p 0001a000 00:14 136610880                  /gpfs/main/course/cs032/bin/jdk1.8.0_25/jre/lib/amd64/libzip.so
7f456d6ea000-7f456d714000 r-xp 00000000 00:14 136610822                  /gpfs/main/course/cs032/bin/jdk1.8.0_25/jre/lib/amd64/libjava.so
7f456d714000-7f456d914000 ---p 0002a000 00:14 136610822                  /gpfs/main/course/cs032/bin/jdk1.8.0_25/jre/lib/amd64/libjava.so
7f456d914000-7f456d916000 rw-p 0002a000 00:14 136610822                  /gpfs/main/course/cs032/bin/jdk1.8.0_25/jre/lib/amd64/libjava.so
7f456d916000-7f456d923000 r-xp 00000000 00:14 136610855                  /gpfs/main/course/cs032/bin/jdk1.8.0_25/jre/lib/amd64/libverify.so
7f456d923000-7f456db23000 ---p 0000d000 00:14 136610855                  /gpfs/main/course/cs032/bin/jdk1.8.0_25/jre/lib/amd64/libverify.so
7f456db23000-7f456db25000 rw-p 0000d000 00:14 136610855                  /gpfs/main/course/cs032/bin/jdk1.8.0_25/jre/lib/amd64/libverify.so
7f456db25000-7f456db2c000 r-xp 00000000 fe:00 5964                       /lib/x86_64-linux-gnu/librt-2.13.so
7f456db2c000-7f456dd2b000 ---p 00007000 fe:00 5964                       /lib/x86_64-linux-gnu/librt-2.13.so
7f456dd2b000-7f456dd2c000 r--p 00006000 fe:00 5964                       /lib/x86_64-linux-gnu/librt-2.13.so
7f456dd2c000-7f456dd2d000 rw-p 00007000 fe:00 5964                       /lib/x86_64-linux-gnu/librt-2.13.so
7f456dd2d000-7f456ddae000 r-xp 00000000 fe:00 2381                       /lib/x86_64-linux-gnu/libm-2.13.so
7f456ddae000-7f456dfad000 ---p 00081000 fe:00 2381                       /lib/x86_64-linux-gnu/libm-2.13.so
7f456dfad000-7f456dfae000 r--p 00080000 fe:00 2381                       /lib/x86_64-linux-gnu/libm-2.13.so
7f456dfae000-7f456dfaf000 rw-p 00081000 fe:00 2381                       /lib/x86_64-linux-gnu/libm-2.13.so
7f456dfaf000-7f456ec1c000 r-xp 00000000 00:14 136611394                  /gpfs/main/course/cs032/bin/jdk1.8.0_25/jre/lib/amd64/server/libjvm.so
7f456ec1c000-7f456ee1b000 ---p 00c6d000 00:14 136611394                  /gpfs/main/course/cs032/bin/jdk1.8.0_25/jre/lib/amd64/server/libjvm.so
7f456ee1b000-7f456eef1000 rw-p 00c6c000 00:14 136611394                  /gpfs/main/course/cs032/bin/jdk1.8.0_25/jre/lib/amd64/server/libjvm.so
7f456eef1000-7f456ef34000 rw-p 00000000 00:00 0 
7f456ef34000-7f456f0b5000 r-xp 00000000 fe:00 2504                       /lib/x86_64-linux-gnu/libc-2.13.so
7f456f0b5000-7f456f2b5000 ---p 00181000 fe:00 2504                       /lib/x86_64-linux-gnu/libc-2.13.so
7f456f2b5000-7f456f2b9000 r--p 00181000 fe:00 2504                       /lib/x86_64-linux-gnu/libc-2.13.so
7f456f2b9000-7f456f2ba000 rw-p 00185000 fe:00 2504                       /lib/x86_64-linux-gnu/libc-2.13.so
7f456f2ba000-7f456f2bf000 rw-p 00000000 00:00 0 
7f456f2bf000-7f456f2c1000 r-xp 00000000 fe:00 2543                       /lib/x86_64-linux-gnu/libdl-2.13.so
7f456f2c1000-7f456f4c1000 ---p 00002000 fe:00 2543                       /lib/x86_64-linux-gnu/libdl-2.13.so
7f456f4c1000-7f456f4c2000 r--p 00002000 fe:00 2543                       /lib/x86_64-linux-gnu/libdl-2.13.so
7f456f4c2000-7f456f4c3000 rw-p 00003000 fe:00 2543                       /lib/x86_64-linux-gnu/libdl-2.13.so
7f456f4c3000-7f456f4d8000 r-xp 00000000 00:14 174988983                  /gpfs/main/course/cs032/bin/jdk1.8.0_25/lib/amd64/jli/libjli.so
7f456f4d8000-7f456f6d7000 ---p 00015000 00:14 174988983                  /gpfs/main/course/cs032/bin/jdk1.8.0_25/lib/amd64/jli/libjli.so
7f456f6d7000-7f456f6d8000 rw-p 00014000 00:14 174988983                  /gpfs/main/course/cs032/bin/jdk1.8.0_25/lib/amd64/jli/libjli.so
7f456f6d8000-7f456f6ef000 r-xp 00000000 fe:00 5965                       /lib/x86_64-linux-gnu/libpthread-2.13.so
7f456f6ef000-7f456f8ee000 ---p 00017000 fe:00 5965                       /lib/x86_64-linux-gnu/libpthread-2.13.so
7f456f8ee000-7f456f8ef000 r--p 00016000 fe:00 5965                       /lib/x86_64-linux-gnu/libpthread-2.13.so
7f456f8ef000-7f456f8f0000 rw-p 00017000 fe:00 5965                       /lib/x86_64-linux-gnu/libpthread-2.13.so
7f456f8f0000-7f456f8f4000 rw-p 00000000 00:00 0 
7f456f8f4000-7f456f914000 r-xp 00000000 fe:00 5962                       /lib/x86_64-linux-gnu/ld-2.13.so
7f456f914000-7f456f916000 r--s 00000000 00:14 50783240                   /gpfs/main/course/cs032/bin/apache-maven-3.2.3/lib/plexus-component-annotations-1.5.5.jar
7f456f916000-7f456f919000 r--s 0000d000 00:14 49127297                   /gpfs/main/course/cs032/bin/apache-maven-3.2.3/lib/plexus-interpolation-1.19.jar
7f456f919000-7f456f91b000 r--s 00009000 00:14 50783375                   /gpfs/main/course/cs032/bin/apache-maven-3.2.3/lib/maven-settings-builder-3.2.3.jar
7f456f91b000-7f456f91e000 r--s 00025000 00:14 50783269                   /gpfs/main/course/cs032/bin/apache-maven-3.2.3/lib/maven-model-3.2.3.jar
7f456f91e000-7f456f92a000 r--s 00085000 00:14 49955830                   /gpfs/main/course/cs032/bin/apache-maven-3.2.3/lib/maven-core-3.2.3.jar
7f456f92a000-7f456f92e000 r--s 0003a000 00:14 50783382                   /gpfs/main/course/cs032/bin/apache-maven-3.2.3/lib/plexus-utils-3.0.17.jar
7f456f92e000-7f456f9d4000 r--s 00000000 00:0e 6714                       /run/nscd/dbGBz6ZK (deleted)
7f456f9d4000-7f456f9d7000 ---p 00000000 00:00 0 
7f456f9d7000-7f456fad9000 rw-p 00000000 00:00 0 
7f456fad9000-7f456fada000 r--s 00001000 00:14 50783425                   /gpfs/main/course/cs032/bin/apache-maven-3.2.3/lib/jsr250-api-1.0.jar
7f456fada000-7f456fadb000 r--s 00006000 00:14 50783328                   /gpfs/main/course/cs032/bin/apache-maven-3.2.3/lib/plexus-sec-dispatcher-1.3.jar
7f456fadb000-7f456fadd000 r--s 00009000 00:14 50783265                   /gpfs/main/course/cs032/bin/apache-maven-3.2.3/lib/maven-settings-3.2.3.jar
7f456fadd000-7f456fadf000 r--s 0000d000 00:14 49955724                   /gpfs/main/course/cs032/bin/apache-maven-3.2.3/lib/maven-embedder-3.2.3.jar
7f456fadf000-7f456fb07000 rw-p 00000000 00:00 0 
7f456fb07000-7f456fb0f000 rw-s 00000000 fe:04 532                        /tmp/hsperfdata_ggustafs/4275
7f456fb0f000-7f456fb10000 rw-p 00000000 00:00 0 
7f456fb10000-7f456fb11000 r--p 00000000 00:00 0 
7f456fb11000-7f456fb13000 rw-p 00000000 00:00 0 
7f456fb13000-7f456fb14000 r--p 0001f000 fe:00 5962                       /lib/x86_64-linux-gnu/ld-2.13.so
7f456fb14000-7f456fb15000 rw-p 00020000 fe:00 5962                       /lib/x86_64-linux-gnu/ld-2.13.so
7f456fb15000-7f456fb16000 rw-p 00000000 00:00 0 
7ffe52c5a000-7ffe52c7b000 rw-p 00000000 00:00 0                          [stack]
7ffe52cc4000-7ffe52cc5000 r-xp 00000000 00:00 0                          [vdso]
ffffffffff600000-ffffffffff601000 r-xp 00000000 00:00 0                  [vsyscall]

VM Arguments:
jvm_args: -Dclassworlds.conf=/course/cs032/bin/apache-maven-3.2.3/bin/m2.conf -Dmaven.home=/course/cs032/bin/apache-maven-3.2.3 
java_command: org.codehaus.plexus.classworlds.launcher.Launcher test
java_class_path (initial): /course/cs032/bin/apache-maven-3.2.3/boot/plexus-classworlds-2.5.1.jar
Launcher Type: SUN_STANDARD

Environment Variables:
JAVA_HOME=/course/cs032/bin/jdk1.8.0_25
PATH=/course/cs032/bin:/local/bin:/usr/local/bin:/bin:/usr/bin:/usr/X11R6/bin:/usr/games:/contrib/bin:/course/cs022/bin:/course/cs032/bin:/course/cs033/bin
SHELL=/bin/bash
DISPLAY=:0.0

Signal Handlers:
SIGSEGV: [libjvm.so+0xa79a80], sa_mask[0]=11111111011111111101111111111110, sa_flags=SA_RESTART|SA_SIGINFO
SIGBUS: [libjvm.so+0xa79a80], sa_mask[0]=11111111011111111101111111111110, sa_flags=SA_RESTART|SA_SIGINFO
SIGFPE: [libjvm.so+0x8e24e0], sa_mask[0]=11111111011111111101111111111110, sa_flags=SA_RESTART|SA_SIGINFO
SIGPIPE: [libjvm.so+0x8e24e0], sa_mask[0]=11111111011111111101111111111110, sa_flags=SA_RESTART|SA_SIGINFO
SIGXFSZ: [libjvm.so+0x8e24e0], sa_mask[0]=11111111011111111101111111111110, sa_flags=SA_RESTART|SA_SIGINFO
SIGILL: [libjvm.so+0x8e24e0], sa_mask[0]=11111111011111111101111111111110, sa_flags=SA_RESTART|SA_SIGINFO
SIGUSR1: SIG_DFL, sa_mask[0]=00000000000000000000000000000000, sa_flags=none
SIGUSR2: [libjvm.so+0x8e3d10], sa_mask[0]=00000000000000000000000000000000, sa_flags=SA_RESTART|SA_SIGINFO
SIGHUP: [libjvm.so+0x8e50d0], sa_mask[0]=11111111011111111101111111111110, sa_flags=SA_RESTART|SA_SIGINFO
SIGINT: [libjvm.so+0x8e50d0], sa_mask[0]=11111111011111111101111111111110, sa_flags=SA_RESTART|SA_SIGINFO
SIGTERM: [libjvm.so+0x8e50d0], sa_mask[0]=11111111011111111101111111111110, sa_flags=SA_RESTART|SA_SIGINFO
SIGQUIT: [libjvm.so+0x8e50d0], sa_mask[0]=11111111011111111101111111111110, sa_flags=SA_RESTART|SA_SIGINFO


---------------  S Y S T E M  ---------------

OS:PRETTY_NAME="Debian GNU/Linux 7 (wheezy)"
NAME="Debian GNU/Linux"
VERSION_ID="7"
VERSION="7 (wheezy)"
ID=debian
ANSI_COLOR="1;31"
HOME_URL="http://www.debian.org/"
SUPPORT_URL="http://www.debian.org/support/"
BUG_REPORT_URL="http://bugs.debian.org/"

uname:Linux 3.2.0-4-amd64 #1 SMP Debian 3.2.65-1+deb7u2 x86_64
libc:glibc 2.13 NPTL 2.13 
rlimit: STACK 8192k, CORE 0k, NPROC 63961, NOFILE 4096, AS infinity
load average:1.06 1.29 1.45

/proc/meminfo:
MemTotal:        8199880 kB
MemFree:          269368 kB
Buffers:          398652 kB
Cached:          3123744 kB
SwapCached:        83936 kB
Active:          4570356 kB
Inactive:        2710028 kB
Active(anon):    2860124 kB
Inactive(anon):   936640 kB
Active(file):    1710232 kB
Inactive(file):  1773388 kB
Unevictable:          16 kB
Mlocked:              16 kB
SwapTotal:       8388604 kB
SwapFree:        7100060 kB
Dirty:               292 kB
Writeback:             0 kB
AnonPages:       3712764 kB
Mapped:           236860 kB
Shmem:             38704 kB
Slab:             523488 kB
SReclaimable:     478788 kB
SUnreclaim:        44700 kB
KernelStack:        5192 kB
PageTables:        36992 kB
NFS_Unstable:          0 kB
Bounce:                0 kB
WritebackTmp:          0 kB
CommitLimit:    12488544 kB
Committed_AS:    8452952 kB
VmallocTotal:   34359738367 kB
VmallocUsed:      326592 kB
VmallocChunk:   34359403516 kB
HardwareCorrupted:     0 kB
AnonHugePages:         0 kB
HugePages_Total:       0
HugePages_Free:        0
HugePages_Rsvd:        0
HugePages_Surp:        0
Hugepagesize:       2048 kB
DirectMap4k:     5598784 kB
DirectMap2M:     2789376 kB


CPU:total 4 (4 cores per cpu, 1 threads per core) family 6 model 15 stepping 11, cmov, cx8, fxsr, mmx, sse, sse2, sse3, ssse3, tsc

/proc/cpuinfo:
processor	: 0
vendor_id	: GenuineIntel
cpu family	: 6
model		: 15
model name	: Intel(R) Core(TM)2 Quad CPU    Q6600  @ 2.40GHz
stepping	: 11
microcode	: 0xb6
cpu MHz		: 2399.459
cache size	: 4096 KB
physical id	: 0
siblings	: 4
core id		: 0
cpu cores	: 4
apicid		: 0
initial apicid	: 0
fpu		: yes
fpu_exception	: yes
cpuid level	: 10
wp		: yes
flags		: fpu vme de pse tsc msr pae mce cx8 apic sep mtrr pge mca cmov pat pse36 clflush dts acpi mmx fxsr sse sse2 ss ht tm pbe syscall nx lm constant_tsc arch_perfmon pebs bts rep_good nopl aperfmperf pni dtes64 monitor ds_cpl vmx est tm2 ssse3 cx16 xtpr pdcm lahf_lm dtherm tpr_shadow vnmi flexpriority
bogomips	: 4798.91
clflush size	: 64
cache_alignment	: 64
address sizes	: 36 bits physical, 48 bits virtual
power management:

processor	: 1
vendor_id	: GenuineIntel
cpu family	: 6
model		: 15
model name	: Intel(R) Core(TM)2 Quad CPU    Q6600  @ 2.40GHz
stepping	: 11
microcode	: 0xb6
cpu MHz		: 2399.459
cache size	: 4096 KB
physical id	: 0
siblings	: 4
core id		: 1
cpu cores	: 4
apicid		: 1
initial apicid	: 1
fpu		: yes
fpu_exception	: yes
cpuid level	: 10
wp		: yes
flags		: fpu vme de pse tsc msr pae mce cx8 apic sep mtrr pge mca cmov pat pse36 clflush dts acpi mmx fxsr sse sse2 ss ht tm pbe syscall nx lm constant_tsc arch_perfmon pebs bts rep_good nopl aperfmperf pni dtes64 monitor ds_cpl vmx est tm2 ssse3 cx16 xtpr pdcm lahf_lm dtherm tpr_shadow vnmi flexpriority
bogomips	: 4800.22
clflush size	: 64
cache_alignment	: 64
address sizes	: 36 bits physical, 48 bits virtual
power management:

processor	: 2
vendor_id	: GenuineIntel
cpu family	: 6
model		: 15
model name	: Intel(R) Core(TM)2 Quad CPU    Q6600  @ 2.40GHz
stepping	: 11
microcode	: 0xb6
cpu MHz		: 2399.459
cache size	: 4096 KB
physical id	: 0
siblings	: 4
core id		: 2
cpu cores	: 4
apicid		: 2
initial apicid	: 2
fpu		: yes
fpu_exception	: yes
cpuid level	: 10
wp		: yes
flags		: fpu vme de pse tsc msr pae mce cx8 apic sep mtrr pge mca cmov pat pse36 clflush dts acpi mmx fxsr sse sse2 ss ht tm pbe syscall nx lm constant_tsc arch_perfmon pebs bts rep_good nopl aperfmperf pni dtes64 monitor ds_cpl vmx est tm2 ssse3 cx16 xtpr pdcm lahf_lm dtherm tpr_shadow vnmi flexpriority
bogomips	: 4800.28
clflush size	: 64
cache_alignment	: 64
address sizes	: 36 bits physical, 48 bits virtual
power management:

processor	: 3
vendor_id	: GenuineIntel
cpu family	: 6
model		: 15
model name	: Intel(R) Core(TM)2 Quad CPU    Q6600  @ 2.40GHz
stepping	: 11
microcode	: 0xb6
cpu MHz		: 2399.459
cache size	: 4096 KB
physical id	: 0
siblings	: 4
core id		: 3
cpu cores	: 4
apicid		: 3
initial apicid	: 3
fpu		: yes
fpu_exception	: yes
cpuid level	: 10
wp		: yes
flags		: fpu vme de pse tsc msr pae mce cx8 apic sep mtrr pge mca cmov pat pse36 clflush dts acpi mmx fxsr sse sse2 ss ht tm pbe syscall nx lm constant_tsc arch_perfmon pebs bts rep_good nopl aperfmperf pni dtes64 monitor ds_cpl vmx est tm2 ssse3 cx16 xtpr pdcm lahf_lm dtherm tpr_shadow vnmi flexpriority
bogomips	: 4800.26
clflush size	: 64
cache_alignment	: 64
address sizes	: 36 bits physical, 48 bits virtual
power management:



Memory: 4k page, physical 8199880k(269368k free), swap 8388604k(7100060k free)

vm_info: Java HotSpot(TM) 64-Bit Server VM (25.25-b02) for linux-amd64 JRE (1.8.0_25-b17), built on Sep 17 2014 17:32:11 by "java_re" with gcc 4.3.0 20080428 (Red Hat 4.3.0-8)

time: Mon Apr 20 22:43:51 2015
elapsed time: 1 seconds (0d 0h 0m 1s)

