#
# A fatal error has been detected by the Java Runtime Environment:
#
#  SIGSEGV (0xb) at pc=0x00007ff15dafd060, pid=26218, tid=140675984119552
#
# JRE version: Java(TM) SE Runtime Environment (8.0_25-b17) (build 1.8.0_25-b17)
# Java VM: Java HotSpot(TM) 64-Bit Server VM (25.25-b02 mixed mode linux-amd64 compressed oops)
# Problematic frame:
# C  0x00007ff15dafd060
#
# Failed to write core dump. Core dumps have been disabled. To enable core dumping, try "ulimit -c unlimited" before starting Java again
#
# If you would like to submit a bug report, please visit:
#   http://bugreport.sun.com/bugreport/crash.jsp
#

---------------  T H R E A D  ---------------

Current thread (0x00000000007d4000):  JavaThread "main" [_thread_in_Java, id=26241, stack(0x00007ff1adffd000,0x00007ff1ae0fe000)]

siginfo: si_signo: 11 (SIGSEGV), si_code: 1 (SEGV_MAPERR), si_addr: 0x00007ff15dafd060

Registers:
RAX=0x00007ff19b6ada78, RBX=0x00007ff19b6ada78, RCX=0x00000000d6ac9698, RDX=0x0000000000000000
RSP=0x00007ff1ae0fb1b8, RBP=0x00007ff1ae0fb218, RSI=0x00000000d6ac9698, RDI=0x00000001000191d0
R8 =0x00000000d6ad1bb8, R9 =0x0000000000000000, R10=0x00007ff1ad5344a0, R11=0x00007ff19cd52220
R12=0x0000000000000000, R13=0x00007ff1ae0fb1d0, R14=0x00007ff1ae0fb288, R15=0x00000000007d4000
RIP=0x00007ff15dafd060, EFLAGS=0x0000000000010206, CSGSFS=0x0000000000000033, ERR=0x0000000000000014
  TRAPNO=0x000000000000000e

Top of Stack: (sp=0x00007ff1ae0fb1b8)
0x00007ff1ae0fb1b8:   00007ff19caff415 00007ff19caff7e4
0x00007ff1ae0fb1c8:   00007ff19caff415 00000000d6ac9698
0x00007ff1ae0fb1d8:   00007ff1ae0fb1d8 00007ff1990d93e3
0x00007ff1ae0fb1e8:   00007ff1ae0fb288 00007ff1990d95f0
0x00007ff1ae0fb1f8:   0000000000000000 00007ff1990d9528
0x00007ff1ae0fb208:   00007ff1ae0fb1d0 00007ff1ae0fb280
0x00007ff1ae0fb218:   00007ff1ae0fb2d0 00007ff19caff710
0x00007ff1ae0fb228:   00000000d6aeb960 00000000d6aeb918
0x00007ff1ae0fb238:   0000000000000000 0000000000000000
0x00007ff1ae0fb248:   00000000d6af43d8 00000000d6af4368
0x00007ff1ae0fb258:   0000000000000004 0000000000000000
0x00007ff1ae0fb268:   0000000000000003 00000000d6ad17c8
0x00007ff1ae0fb278:   00000000d6ad17b0 0000000000000001
0x00007ff1ae0fb288:   00000000d6ac9698 00007ff1ae0fb290
0x00007ff1ae0fb298:   00007ff1990d90c1 00007ff1ae0fb300
0x00007ff1ae0fb2a8:   00007ff1990d95f0 0000000000000000
0x00007ff1ae0fb2b8:   00007ff1990d9120 00007ff1ae0fb280
0x00007ff1ae0fb2c8:   00007ff1ae0fb2f8 00007ff1ae0fb348
0x00007ff1ae0fb2d8:   00007ff19caff710 0000000000000000
0x00007ff1ae0fb2e8:   0000000000000000 00000000d6ac9698
0x00007ff1ae0fb2f8:   0000000000000001 00000000d6aaffd8
0x00007ff1ae0fb308:   00007ff1ae0fb308 00007ff1990d8e32
0x00007ff1ae0fb318:   00007ff1ae0fb358 00007ff1990d95f0
0x00007ff1ae0fb328:   0000000000000000 00007ff1990d8e50
0x00007ff1ae0fb338:   00007ff1ae0fb2f8 00007ff1ae0fb358
0x00007ff1ae0fb348:   00007ff1ae0fb3b0 00007ff19caff710
0x00007ff1ae0fb358:   00000000d6aaffd8 00000000d6ac9678
0x00007ff1ae0fb368:   00000000d6ac9678 00007ff1ae0fb370
0x00007ff1ae0fb378:   00007ff1992e8b0d 00007ff1ae0fb3d0
0x00007ff1ae0fb388:   00007ff1993f09c0 0000000000000000
0x00007ff1ae0fb398:   00007ff1992e8b88 00007ff1ae0fb358
0x00007ff1ae0fb3a8:   00007ff1ae0fb3c8 00007ff1ae0fb418 

Instructions: (pc=0x00007ff15dafd060)
0x00007ff15dafd040:   
[error occurred during error reporting (printing registers, top of stack, instructions near pc), id 0xb]

Register to memory mapping:

RAX={method} {0x00007ff19b6ada78} 'next' '()I' in 'org/codehaus/plexus/util/xml/pull/MXParser'
RBX={method} {0x00007ff19b6ada78} 'next' '()I' in 'org/codehaus/plexus/util/xml/pull/MXParser'
RCX=0x00000000d6ac9698 is an oop
org.codehaus.plexus.util.xml.pull.MXParser 
 - klass: 'org/codehaus/plexus/util/xml/pull/MXParser'
RDX=0x0000000000000000 is an unknown value
RSP=0x00007ff1ae0fb1b8 is pointing into the stack for thread: 0x00000000007d4000
RBP=0x00007ff1ae0fb218 is pointing into the stack for thread: 0x00000000007d4000
RSI=0x00000000d6ac9698 is an oop
org.codehaus.plexus.util.xml.pull.MXParser 
 - klass: 'org/codehaus/plexus/util/xml/pull/MXParser'
RDI=0x00000001000191d0 is pointing into metadata
R8 =0x00000000d6ad1bb8 is an oop
[Ljava.lang.Object; 
 - klass: 'java/lang/Object'[]
 - length: 10
R9 =0x0000000000000000 is an unknown value
R10=0x00007ff1ad5344a0: <offset 0xf5c4a0> in /gpfs/main/course/cs032/bin/jdk1.8.0_25/jre/lib/amd64/server/libjvm.so at 0x00007ff1ac5d8000
R11=0x00007ff19cd52220 is at entry_point+32 in (nmethod*)0x00007ff19cd52090
R12=0x0000000000000000 is an unknown value
R13=0x00007ff1ae0fb1d0 is pointing into the stack for thread: 0x00000000007d4000
R14=0x00007ff1ae0fb288 is pointing into the stack for thread: 0x00000000007d4000
R15=0x00000000007d4000 is a thread


Stack: [0x00007ff1adffd000,0x00007ff1ae0fe000],  sp=0x00007ff1ae0fb1b8,  free space=1016k
Native frames: (J=compiled Java code, j=interpreted, Vv=VM code, C=native code)
C  0x00007ff15dafd060
j  org.codehaus.plexus.util.xml.Xpp3DomBuilder.build(Ljava/io/Reader;Z)Lorg/codehaus/plexus/util/xml/Xpp3Dom;+17
j  org.codehaus.plexus.util.xml.Xpp3DomBuilder.build(Ljava/io/Reader;)Lorg/codehaus/plexus/util/xml/Xpp3Dom;+2
j  org.apache.maven.plugin.descriptor.PluginDescriptorBuilder.buildConfiguration(Ljava/io/Reader;)Lorg/codehaus/plexus/configuration/PlexusConfiguration;+5
j  org.apache.maven.plugin.descriptor.PluginDescriptorBuilder.build(Ljava/io/Reader;Ljava/lang/String;)Lorg/apache/maven/plugin/descriptor/PluginDescriptor;+2
j  org.apache.maven.plugin.internal.DefaultMavenPluginManager.parsePluginDescriptor(Ljava/io/InputStream;Lorg/apache/maven/model/Plugin;Ljava/lang/String;)Lorg/apache/maven/plugin/descriptor/PluginDescriptor;+13
j  org.apache.maven.plugin.internal.DefaultMavenPluginManager.extractPluginDescriptor(Lorg/apache/maven/artifact/Artifact;Lorg/apache/maven/model/Plugin;)Lorg/apache/maven/plugin/descriptor/PluginDescriptor;+64
j  org.apache.maven.plugin.internal.DefaultMavenPluginManager.getPluginDescriptor(Lorg/apache/maven/model/Plugin;Ljava/util/List;Lorg/eclipse/aether/RepositorySystemSession;)Lorg/apache/maven/plugin/descriptor/PluginDescriptor;+57
j  org.apache.maven.plugin.internal.DefaultMavenPluginManager.getMojoDescriptor(Lorg/apache/maven/model/Plugin;Ljava/lang/String;Ljava/util/List;Lorg/eclipse/aether/RepositorySystemSession;)Lorg/apache/maven/plugin/descriptor/MojoDescriptor;+5
j  org.apache.maven.plugin.DefaultBuildPluginManager.getMojoDescriptor(Lorg/apache/maven/model/Plugin;Ljava/lang/String;Ljava/util/List;Lorg/eclipse/aether/RepositorySystemSession;)Lorg/apache/maven/plugin/descriptor/MojoDescriptor;+9
j  org.apache.maven.lifecycle.internal.DefaultLifecycleExecutionPlanCalculator.setupMojoExecution(Lorg/apache/maven/execution/MavenSession;Lorg/apache/maven/project/MavenProject;Lorg/apache/maven/plugin/MojoExecution;)V+31
j  org.apache.maven.lifecycle.internal.DefaultLifecycleExecutionPlanCalculator.setupMojoExecutions(Lorg/apache/maven/execution/MavenSession;Lorg/apache/maven/project/MavenProject;Ljava/util/List;)V+35
j  org.apache.maven.lifecycle.internal.DefaultLifecycleExecutionPlanCalculator.calculateExecutionPlan(Lorg/apache/maven/execution/MavenSession;Lorg/apache/maven/project/MavenProject;Ljava/util/List;Z)Lorg/apache/maven/lifecycle/MavenExecutionPlan;+28
j  org.apache.maven.lifecycle.internal.DefaultLifecycleExecutionPlanCalculator.calculateExecutionPlan(Lorg/apache/maven/execution/MavenSession;Lorg/apache/maven/project/MavenProject;Ljava/util/List;)Lorg/apache/maven/lifecycle/MavenExecutionPlan;+5
j  org.apache.maven.lifecycle.internal.builder.BuilderCommon.resolveBuildPlan(Lorg/apache/maven/execution/MavenSession;Lorg/apache/maven/project/MavenProject;Lorg/apache/maven/lifecycle/internal/TaskSegment;Ljava/util/Set;)Lorg/apache/maven/lifecycle/MavenExecutionPlan;+10
j  org.apache.maven.lifecycle.internal.LifecycleModuleBuilder.buildProject(Lorg/apache/maven/execution/MavenSession;Lorg/apache/maven/execution/MavenSession;Lorg/apache/maven/lifecycle/internal/ReactorContext;Lorg/apache/maven/project/MavenProject;Lorg/apache/maven/lifecycle/internal/TaskSegment;)V+132
j  org.apache.maven.lifecycle.internal.LifecycleModuleBuilder.buildProject(Lorg/apache/maven/execution/MavenSession;Lorg/apache/maven/lifecycle/internal/ReactorContext;Lorg/apache/maven/project/MavenProject;Lorg/apache/maven/lifecycle/internal/TaskSegment;)V+7
j  org.apache.maven.lifecycle.internal.builder.singlethreaded.SingleThreadedBuilder.build(Lorg/apache/maven/execution/MavenSession;Lorg/apache/maven/lifecycle/internal/ReactorContext;Lorg/apache/maven/lifecycle/internal/ProjectBuildList;Ljava/util/List;Lorg/apache/maven/lifecycle/internal/ReactorBuildStatus;)V+77
j  org.apache.maven.lifecycle.internal.LifecycleStarter.execute(Lorg/apache/maven/execution/MavenSession;)V+346
j  org.apache.maven.DefaultMaven.doExecute(Lorg/apache/maven/execution/MavenExecutionRequest;)Lorg/apache/maven/execution/MavenExecutionResult;+554
j  org.apache.maven.DefaultMaven.execute(Lorg/apache/maven/execution/MavenExecutionRequest;)Lorg/apache/maven/execution/MavenExecutionResult;+11
j  org.apache.maven.cli.MavenCli.execute(Lorg/apache/maven/cli/MavenCli$CliRequest;)I+19
j  org.apache.maven.cli.MavenCli.doMain(Lorg/apache/maven/cli/MavenCli$CliRequest;)I+61
j  org.apache.maven.cli.MavenCli.main([Ljava/lang/String;Lorg/codehaus/plexus/classworlds/ClassWorld;)I+18
v  ~StubRoutines::call_stub
V  [libjvm.so+0x664086]  JavaCalls::call_helper(JavaValue*, methodHandle*, JavaCallArguments*, Thread*)+0x1056
V  [libjvm.so+0x958ab7]  Reflection::invoke(instanceKlassHandle, methodHandle, Handle, bool, objArrayHandle, BasicType, objArrayHandle, bool, Thread*)+0x5d7
V  [libjvm.so+0x95c187]  Reflection::invoke_method(oopDesc*, Handle, objArrayHandle, Thread*)+0x147
V  [libjvm.so+0x6ea3cb]  JVM_InvokeMethod+0x26b
j  sun.reflect.NativeMethodAccessorImpl.invoke0(Ljava/lang/reflect/Method;Ljava/lang/Object;[Ljava/lang/Object;)Ljava/lang/Object;+0
j  sun.reflect.NativeMethodAccessorImpl.invoke(Ljava/lang/Object;[Ljava/lang/Object;)Ljava/lang/Object;+100
j  sun.reflect.DelegatingMethodAccessorImpl.invoke(Ljava/lang/Object;[Ljava/lang/Object;)Ljava/lang/Object;+6
j  java.lang.reflect.Method.invoke(Ljava/lang/Object;[Ljava/lang/Object;)Ljava/lang/Object;+56
j  org.codehaus.plexus.classworlds.launcher.Launcher.launchEnhanced([Ljava/lang/String;)V+45
j  org.codehaus.plexus.classworlds.launcher.Launcher.launch([Ljava/lang/String;)V+2
j  org.codehaus.plexus.classworlds.launcher.Launcher.mainWithExitCode([Ljava/lang/String;)I+101
j  org.codehaus.plexus.classworlds.launcher.Launcher.main([Ljava/lang/String;)V+1
v  ~StubRoutines::call_stub
V  [libjvm.so+0x664086]  JavaCalls::call_helper(JavaValue*, methodHandle*, JavaCallArguments*, Thread*)+0x1056
V  [libjvm.so+0x6ab096]  jni_invoke_static(JNIEnv_*, JavaValue*, _jobject*, JNICallType, _jmethodID*, JNI_ArgumentPusher*, Thread*)+0x346
V  [libjvm.so+0x6b1c2a]  jni_CallStaticVoidMethod+0x17a
C  [libjli.so+0x7b14]  JavaMain+0x844
C  [libpthread.so.0+0x6b50]  start_thread+0xd0


---------------  P R O C E S S  ---------------

Java Threads: ( => current thread )
  0x00007ff194060000 JavaThread "Service Thread" daemon [_thread_blocked, id=26254, stack(0x00007ff1995eb000,0x00007ff1996ec000)]
  0x00007ff194035000 JavaThread "C1 CompilerThread2" daemon [_thread_blocked, id=26253, stack(0x00007ff1996ec000,0x00007ff1997ed000)]
  0x00007ff194033000 JavaThread "C2 CompilerThread1" daemon [_thread_blocked, id=26252, stack(0x00007ff1997ed000,0x00007ff1998ee000)]
  0x00007ff194030000 JavaThread "C2 CompilerThread0" daemon [_thread_blocked, id=26251, stack(0x00007ff1998ee000,0x00007ff1999ef000)]
  0x00007ff19402e000 JavaThread "Signal Dispatcher" daemon [_thread_blocked, id=26250, stack(0x00007ff1999ef000,0x00007ff199af0000)]
  0x00007ff194001000 JavaThread "Finalizer" daemon [_thread_blocked, id=26249, stack(0x00007ff199af0000,0x00007ff199bf1000)]
  0x0000000000844800 JavaThread "Reference Handler" daemon [_thread_blocked, id=26248, stack(0x00007ff199bf1000,0x00007ff199cf2000)]
=>0x00000000007d4000 JavaThread "main" [_thread_in_Java, id=26241, stack(0x00007ff1adffd000,0x00007ff1ae0fe000)]

Other Threads:
  0x000000000083d800 VMThread [stack: 0x00007ff199cf2000,0x00007ff199df3000] [id=26247]
  0x0000000000890000 WatcherThread [stack: 0x00007ff1994ea000,0x00007ff1995eb000] [id=26255]

VM state:not at safepoint (normal execution)

VM Mutex/Monitor currently owned by a thread: None

Heap:
 PSYoungGen      total 37888K, used 11834K [0x00000000d6500000, 0x00000000daf00000, 0x0000000100000000)
  eden space 32768K, 20% used [0x00000000d6500000,0x00000000d6b960e8,0x00000000d8500000)
  from space 5120K, 99% used [0x00000000d8a00000,0x00000000d8ef8a58,0x00000000d8f00000)
  to   space 5120K, 0% used [0x00000000d8500000,0x00000000d8500000,0x00000000d8a00000)
 ParOldGen       total 86016K, used 1909K [0x0000000082e00000, 0x0000000088200000, 0x00000000d6500000)
  object space 86016K, 2% used [0x0000000082e00000,0x0000000082fdd608,0x0000000088200000)
 Metaspace       used 13309K, capacity 13424K, committed 13568K, reserved 1060864K
  class space    used 1637K, capacity 1702K, committed 1792K, reserved 1048576K

Card table byte_map: [0x00007ff19c34e000,0x00007ff19c738000] byte_map_base: 0x00007ff19bf37000

Marking Bits: (ParMarkBitMap*) 0x00007ff1ad5322c0
 Begin Bits: [0x00007ff190170000, 0x00007ff1920b8000)
 End Bits:   [0x00007ff1920b8000, 0x00007ff194000000)

Polling page: 0x00007ff1ae139000

CodeCache: size=245760Kb used=4860Kb max_used=4874Kb free=240899Kb
 bounds [0x00007ff19caf8000, 0x00007ff19cfc8000, 0x00007ff1abaf8000]
 total_blobs=1772 nmethods=1451 adapters=236
 compilation: enabled

Compilation events (10 events):
Event: 4.644 Thread 0x00007ff194035000 nmethod 1446 0x00007ff19cfb50d0 code [0x00007ff19cfb5260, 0x00007ff19cfb56c8]
Event: 4.644 Thread 0x00007ff194035000 1449       3       java.util.Collections$UnmodifiableMap$UnmodifiableEntrySet$UnmodifiableEntry::getValue (10 bytes)
Event: 4.644 Thread 0x00007ff194035000 nmethod 1449 0x00007ff19cfb5850 code [0x00007ff19cfb59c0, 0x00007ff19cfb5be8]
Event: 4.645 Thread 0x00007ff194033000 nmethod 1444 0x00007ff19cfb3290 code [0x00007ff19cfb33e0, 0x00007ff19cfb3538]
Event: 4.664 Thread 0x00007ff194030000 1450   !   4       java.util.concurrent.ConcurrentHashMap::transfer (832 bytes)
Event: 4.666 Thread 0x00007ff194033000 1451       4       org.codehaus.plexus.util.xml.pull.MXParser::next (10 bytes)
Event: 4.666 Thread 0x00007ff194035000 1452       3       org.codehaus.plexus.util.xml.Xpp3Dom::<init> (32 bytes)
Event: 4.666 Thread 0x00007ff194035000 nmethod 1452 0x00007ff19cfb8010 code [0x00007ff19cfb81c0, 0x00007ff19cfb8710]
Event: 4.666 Thread 0x00007ff194035000 1453       3       org.codehaus.plexus.util.xml.pull.MXParser::isEmptyElementTag (25 bytes)
Event: 4.667 Thread 0x00007ff194033000 nmethod 1451 0x00007ff19cfb6890 code [0x00007ff19cfb69e0, 0x00007ff19cfb6a68]

GC Heap History (4 events):
Event: 3.321 GC heap before
{Heap before GC invocations=1 (full 0):
 PSYoungGen      total 37888K, used 32768K [0x00000000d6500000, 0x00000000d8f00000, 0x0000000100000000)
  eden space 32768K, 100% used [0x00000000d6500000,0x00000000d8500000,0x00000000d8500000)
  from space 5120K, 0% used [0x00000000d8a00000,0x00000000d8a00000,0x00000000d8f00000)
  to   space 5120K, 0% used [0x00000000d8500000,0x00000000d8500000,0x00000000d8a00000)
 ParOldGen       total 86016K, used 0K [0x0000000082e00000, 0x0000000088200000, 0x00000000d6500000)
  object space 86016K, 0% used [0x0000000082e00000,0x0000000082e00000,0x0000000088200000)
 Metaspace       used 7880K, capacity 8030K, committed 8192K, reserved 1056768K
  class space    used 955K, capacity 1017K, committed 1024K, reserved 1048576K
Event: 3.329 GC heap after
Heap after GC invocations=1 (full 0):
 PSYoungGen      total 37888K, used 4923K [0x00000000d6500000, 0x00000000d8f00000, 0x0000000100000000)
  eden space 32768K, 0% used [0x00000000d6500000,0x00000000d6500000,0x00000000d8500000)
  from space 5120K, 96% used [0x00000000d8500000,0x00000000d89ced08,0x00000000d8a00000)
  to   space 5120K, 0% used [0x00000000d8a00000,0x00000000d8a00000,0x00000000d8f00000)
 ParOldGen       total 86016K, used 16K [0x0000000082e00000, 0x0000000088200000, 0x00000000d6500000)
  object space 86016K, 0% used [0x0000000082e00000,0x0000000082e04000,0x0000000088200000)
 Metaspace       used 7880K, capacity 8030K, committed 8192K, reserved 1056768K
  class space    used 955K, capacity 1017K, committed 1024K, reserved 1048576K
}
Event: 4.130 GC heap before
{Heap before GC invocations=2 (full 0):
 PSYoungGen      total 37888K, used 37691K [0x00000000d6500000, 0x00000000d8f00000, 0x0000000100000000)
  eden space 32768K, 100% used [0x00000000d6500000,0x00000000d8500000,0x00000000d8500000)
  from space 5120K, 96% used [0x00000000d8500000,0x00000000d89ced08,0x00000000d8a00000)
  to   space 5120K, 0% used [0x00000000d8a00000,0x00000000d8a00000,0x00000000d8f00000)
 ParOldGen       total 86016K, used 16K [0x0000000082e00000, 0x0000000088200000, 0x00000000d6500000)
  object space 86016K, 0% used [0x0000000082e00000,0x0000000082e04000,0x0000000088200000)
 Metaspace       used 12236K, capacity 12368K, committed 12672K, reserved 1060864K
  class space    used 1531K, capacity 1606K, committed 1664K, reserved 1048576K
Event: 4.150 GC heap after
Heap after GC invocations=2 (full 0):
 PSYoungGen      total 37888K, used 5090K [0x00000000d6500000, 0x00000000daf00000, 0x0000000100000000)
  eden space 32768K, 0% used [0x00000000d6500000,0x00000000d6500000,0x00000000d8500000)
  from space 5120K, 99% used [0x00000000d8a00000,0x00000000d8ef8a58,0x00000000d8f00000)
  to   space 5120K, 0% used [0x00000000d8500000,0x00000000d8500000,0x00000000d8a00000)
 ParOldGen       total 86016K, used 1909K [0x0000000082e00000, 0x0000000088200000, 0x00000000d6500000)
  object space 86016K, 2% used [0x0000000082e00000,0x0000000082fdd608,0x0000000088200000)
 Metaspace       used 12236K, capacity 12368K, committed 12672K, reserved 1060864K
  class space    used 1531K, capacity 1606K, committed 1664K, reserved 1048576K
}

Deoptimization events (0 events):
No events

Internal exceptions (10 events):
Event: 4.593 Thread 0x00000000007d4000 Exception <a 'java/security/PrivilegedActionException'> (0x00000000d6a007b0) thrown at [/HUDSON/workspace/8-2-build-linux-amd64/jdk8u25/1514/hotspot/src/share/vm/prims/jvm.cpp, line 1312]
Event: 4.593 Thread 0x00000000007d4000 Exception <a 'java/security/PrivilegedActionException'> (0x00000000d6a01050) thrown at [/HUDSON/workspace/8-2-build-linux-amd64/jdk8u25/1514/hotspot/src/share/vm/prims/jvm.cpp, line 1312]
Event: 4.640 Thread 0x00000000007d4000 Exception <a 'java/security/PrivilegedActionException'> (0x00000000d6a7ce08) thrown at [/HUDSON/workspace/8-2-build-linux-amd64/jdk8u25/1514/hotspot/src/share/vm/prims/jvm.cpp, line 1312]
Event: 4.640 Thread 0x00000000007d4000 Exception <a 'java/security/PrivilegedActionException'> (0x00000000d6a7d7c8) thrown at [/HUDSON/workspace/8-2-build-linux-amd64/jdk8u25/1514/hotspot/src/share/vm/prims/jvm.cpp, line 1312]
Event: 4.642 Thread 0x00000000007d4000 Exception <a 'java/security/PrivilegedActionException'> (0x00000000d6a953e8) thrown at [/HUDSON/workspace/8-2-build-linux-amd64/jdk8u25/1514/hotspot/src/share/vm/prims/jvm.cpp, line 1312]
Event: 4.642 Thread 0x00000000007d4000 Exception <a 'java/security/PrivilegedActionException'> (0x00000000d6a95d18) thrown at [/HUDSON/workspace/8-2-build-linux-amd64/jdk8u25/1514/hotspot/src/share/vm/prims/jvm.cpp, line 1312]
Event: 4.664 Thread 0x00000000007d4000 Exception <a 'java/security/PrivilegedActionException'> (0x00000000d6abadb0) thrown at [/HUDSON/workspace/8-2-build-linux-amd64/jdk8u25/1514/hotspot/src/share/vm/prims/jvm.cpp, line 1312]
Event: 4.664 Thread 0x00000000007d4000 Exception <a 'java/security/PrivilegedActionException'> (0x00000000d6abb770) thrown at [/HUDSON/workspace/8-2-build-linux-amd64/jdk8u25/1514/hotspot/src/share/vm/prims/jvm.cpp, line 1312]
Event: 4.664 Thread 0x00000000007d4000 Exception <a 'java/security/PrivilegedActionException'> (0x00000000d6ac1cc0) thrown at [/HUDSON/workspace/8-2-build-linux-amd64/jdk8u25/1514/hotspot/src/share/vm/prims/jvm.cpp, line 1312]
Event: 4.665 Thread 0x00000000007d4000 Exception <a 'java/security/PrivilegedActionException'> (0x00000000d6ac2680) thrown at [/HUDSON/workspace/8-2-build-linux-amd64/jdk8u25/1514/hotspot/src/share/vm/prims/jvm.cpp, line 1312]

Events (10 events):
Event: 4.641 loading class java/util/ArrayList$SubList
Event: 4.641 loading class java/util/ArrayList$SubList done
Event: 4.642 loading class org/eclipse/aether/graph/Dependency$Exclusions
Event: 4.642 loading class org/eclipse/aether/graph/Dependency$Exclusions done
Event: 4.664 loading class org/codehaus/plexus/configuration/xml/XmlPlexusConfiguration
Event: 4.664 loading class org/codehaus/plexus/configuration/xml/XmlPlexusConfiguration done
Event: 4.664 loading class org/codehaus/plexus/configuration/DefaultPlexusConfiguration
Event: 4.664 loading class org/codehaus/plexus/configuration/DefaultPlexusConfiguration done
Event: 4.666 Thread 0x00000000007d4000 DEOPT PACKING pc=0x00007ff19cd63efd sp=0x00007ff1ae0fb000
Event: 4.666 Thread 0x00000000007d4000 DEOPT UNPACKING pc=0x00007ff19cb3ef73 sp=0x00007ff1ae0fadf8 mode 0


Dynamic libraries:
00400000-00401000 r-xp 00000000 00:14 138267735                          /gpfs/main/course/cs032/bin/jdk1.8.0_25/bin/java
00600000-00601000 rw-p 00000000 00:14 138267735                          /gpfs/main/course/cs032/bin/jdk1.8.0_25/bin/java
007cb000-01259000 rw-p 00000000 00:00 0                                  [heap]
82e00000-88200000 rw-p 00000000 00:00 0 
88200000-d6500000 ---p 00000000 00:00 0 
d6500000-daf00000 rw-p 00000000 00:00 0 
daf00000-100000000 ---p 00000000 00:00 0 
100000000-1001c0000 rw-p 00000000 00:00 0 
1001c0000-140000000 ---p 00000000 00:00 0 
7ff18c000000-7ff18c3b8000 rw-p 00000000 00:00 0 
7ff18c3b8000-7ff190000000 ---p 00000000 00:00 0 
7ff190170000-7ff194000000 rw-p 00000000 00:00 0 
7ff194000000-7ff195163000 rw-p 00000000 00:00 0 
7ff195163000-7ff198000000 ---p 00000000 00:00 0 
7ff198be1000-7ff198bf2000 rw-p 00000000 00:00 0 
7ff198bf2000-7ff198bf4000 r--s 00006000 00:18 62318977                   /gpfs/nbu/people/ajb7/.m2/repository/org/apache/maven/plugins/maven-resources-plugin/2.6/maven-resources-plugin-2.6.jar
7ff198bf4000-7ff198c05000 r-xp 00000000 00:14 136611464                  /gpfs/main/course/cs032/bin/jdk1.8.0_25/jre/lib/amd64/libnio.so
7ff198c05000-7ff198e04000 ---p 00011000 00:14 136611464                  /gpfs/main/course/cs032/bin/jdk1.8.0_25/jre/lib/amd64/libnio.so
7ff198e04000-7ff198e05000 rw-p 00010000 00:14 136611464                  /gpfs/main/course/cs032/bin/jdk1.8.0_25/jre/lib/amd64/libnio.so
7ff198e05000-7ff198e1b000 r-xp 00000000 00:14 136610987                  /gpfs/main/course/cs032/bin/jdk1.8.0_25/jre/lib/amd64/libnet.so
7ff198e1b000-7ff19901b000 ---p 00016000 00:14 136610987                  /gpfs/main/course/cs032/bin/jdk1.8.0_25/jre/lib/amd64/libnet.so
7ff19901b000-7ff19901c000 rw-p 00016000 00:14 136610987                  /gpfs/main/course/cs032/bin/jdk1.8.0_25/jre/lib/amd64/libnet.so
7ff19901c000-7ff199020000 r--s 00093000 00:14 136611567                  /gpfs/main/course/cs032/bin/jdk1.8.0_25/jre/lib/jsse.jar
7ff199020000-7ff1991a0000 rw-p 00000000 00:00 0 
7ff1991a0000-7ff199220000 ---p 00000000 00:00 0 
7ff199220000-7ff199420000 rw-p 00000000 00:00 0 
7ff199420000-7ff19943c000 r--s 00393000 00:14 136611667                  /gpfs/main/course/cs032/bin/jdk1.8.0_25/jre/lib/ext/cldrdata.jar
7ff19943c000-7ff199446000 r--s 00116000 00:14 136611642                  /gpfs/main/course/cs032/bin/jdk1.8.0_25/jre/lib/ext/localedata.jar
7ff199446000-7ff199447000 r--s 00002000 00:14 50783475                   /gpfs/main/course/cs032/bin/apache-maven-3.2.3/lib/slf4j-simple-1.7.5.jar
7ff199447000-7ff199449000 r--s 00007000 00:14 50783474                   /gpfs/main/course/cs032/bin/apache-maven-3.2.3/lib/aether-connector-wagon-0.9.0.M2.jar
7ff199449000-7ff19944a000 r--s 00002000 00:14 50783469                   /gpfs/main/course/cs032/bin/apache-maven-3.2.3/lib/wagon-file-2.6.jar
7ff19944a000-7ff19944e000 r--s 00027000 00:14 50783464                   /gpfs/main/course/cs032/bin/apache-maven-3.2.3/lib/commons-io-2.2.jar
7ff19944e000-7ff199453000 r--s 00041000 00:14 50783460                   /gpfs/main/course/cs032/bin/apache-maven-3.2.3/lib/commons-lang-2.6.jar
7ff199453000-7ff199459000 r--s 00042000 00:14 50783457                   /gpfs/main/course/cs032/bin/apache-maven-3.2.3/lib/jsoup-1.7.2.jar
7ff199459000-7ff19945a000 r--s 00002000 00:14 50783454                   /gpfs/main/course/cs032/bin/apache-maven-3.2.3/lib/wagon-http-shared-2.6.jar
7ff19945a000-7ff199479000 r--s 00134000 00:14 50783453                   /gpfs/main/course/cs032/bin/apache-maven-3.2.3/lib/wagon-http-2.6-shaded.jar
7ff199479000-7ff19947b000 r--s 00009000 00:14 50783447                   /gpfs/main/course/cs032/bin/apache-maven-3.2.3/lib/commons-cli-1.2.jar
7ff19947b000-7ff19947d000 r--s 00005000 00:14 50783446                   /gpfs/main/course/cs032/bin/apache-maven-3.2.3/lib/slf4j-api-1.7.5.jar
7ff19947d000-7ff19947f000 r--s 0000b000 00:14 50783445                   /gpfs/main/course/cs032/bin/apache-maven-3.2.3/lib/wagon-provider-api-2.6.jar
7ff19947f000-7ff199486000 r--s 0003f000 00:14 50783443                   /gpfs/main/course/cs032/bin/apache-maven-3.2.3/lib/maven-compat-3.2.3.jar
7ff199486000-7ff19948a000 r--s 00020000 00:14 50783441                   /gpfs/main/course/cs032/bin/apache-maven-3.2.3/lib/aether-impl-0.9.0.M2.jar
7ff19948a000-7ff19948e000 r--s 0001d000 00:14 50783440                   /gpfs/main/course/cs032/bin/apache-maven-3.2.3/lib/aether-util-0.9.0.M2.jar
7ff19948e000-7ff199490000 r--s 00003000 00:14 50783439                   /gpfs/main/course/cs032/bin/apache-maven-3.2.3/lib/aether-spi-0.9.0.M2.jar
7ff199490000-7ff199494000 r--s 0001d000 00:14 50783438                   /gpfs/main/course/cs032/bin/apache-maven-3.2.3/lib/aether-api-0.9.0.M2.jar
7ff199494000-7ff199496000 r--s 0000e000 00:14 50783437                   /gpfs/main/course/cs032/bin/apache-maven-3.2.3/lib/maven-aether-provider-3.2.3.jar
7ff199496000-7ff19949b000 r--s 00025000 00:14 50783436                   /gpfs/main/course/cs032/bin/apache-maven-3.2.3/lib/maven-model-builder-3.2.3.jar
7ff19949b000-7ff1994a1000 r--s 00042000 00:14 50783433                   /gpfs/main/course/cs032/bin/apache-maven-3.2.3/lib/org.eclipse.sisu.inject-0.0.0.M5.jar
7ff1994a1000-7ff1994a3000 r--s 00000000 00:14 50783432                   /gpfs/main/course/cs032/bin/apache-maven-3.2.3/lib/aopalliance-1.0.jar
7ff1994a3000-7ff1994ab000 r--s 00050000 00:14 50783431                   /gpfs/main/course/cs032/bin/apache-maven-3.2.3/lib/sisu-guice-3.1.3-no_aop.jar
7ff1994ab000-7ff1994d4000 r--s 001ee000 00:14 50783429                   /gpfs/main/course/cs032/bin/apache-maven-3.2.3/lib/guava-14.0.1.jar
7ff1994d4000-7ff1994d5000 r--s 00000000 00:14 50783426                   /gpfs/main/course/cs032/bin/apache-maven-3.2.3/lib/javax.inject-1.jar
7ff1994d5000-7ff1994d8000 r--s 00008000 00:14 50783419                   /gpfs/main/course/cs032/bin/apache-maven-3.2.3/lib/cdi-api-1.0.jar
7ff1994d8000-7ff1994de000 r--s 0002a000 00:14 50783416                   /gpfs/main/course/cs032/bin/apache-maven-3.2.3/lib/org.eclipse.sisu.plexus-0.0.0.M5.jar
7ff1994de000-7ff1994e0000 r--s 0000a000 00:14 50783415                   /gpfs/main/course/cs032/bin/apache-maven-3.2.3/lib/maven-plugin-api-3.2.3.jar
7ff1994e0000-7ff1994e3000 r--s 0000b000 00:14 50783414                   /gpfs/main/course/cs032/bin/apache-maven-3.2.3/lib/maven-artifact-3.2.3.jar
7ff1994e3000-7ff1994e5000 r--s 00005000 00:14 50783378                   /gpfs/main/course/cs032/bin/apache-maven-3.2.3/lib/maven-repository-metadata-3.2.3.jar
7ff1994e5000-7ff1994e7000 r--s 00002000 00:14 49955756                   /gpfs/main/course/cs032/bin/apache-maven-3.2.3/lib/plexus-cipher-1.7.jar
7ff1994e7000-7ff1994ea000 r--s 0000a000 00:14 50783308                   /gpfs/main/course/cs032/bin/apache-maven-3.2.3/boot/plexus-classworlds-2.5.1.jar
7ff1994ea000-7ff1994eb000 ---p 00000000 00:00 0 
7ff1994eb000-7ff1995eb000 rw-p 00000000 00:00 0 
7ff1995eb000-7ff1995ee000 ---p 00000000 00:00 0 
7ff1995ee000-7ff1996ec000 rw-p 00000000 00:00 0 
7ff1996ec000-7ff1996ef000 ---p 00000000 00:00 0 
7ff1996ef000-7ff1997ed000 rw-p 00000000 00:00 0 
7ff1997ed000-7ff1997f0000 ---p 00000000 00:00 0 
7ff1997f0000-7ff1998ee000 rw-p 00000000 00:00 0 
7ff1998ee000-7ff1998f1000 ---p 00000000 00:00 0 
7ff1998f1000-7ff1999ef000 rw-p 00000000 00:00 0 
7ff1999ef000-7ff1999f2000 ---p 00000000 00:00 0 
7ff1999f2000-7ff199af0000 rw-p 00000000 00:00 0 
7ff199af0000-7ff199af3000 ---p 00000000 00:00 0 
7ff199af3000-7ff199bf1000 rw-p 00000000 00:00 0 
7ff199bf1000-7ff199bf4000 ---p 00000000 00:00 0 
7ff199bf4000-7ff199cf2000 rw-p 00000000 00:00 0 
7ff199cf2000-7ff199cf3000 ---p 00000000 00:00 0 
7ff199cf3000-7ff19adf6000 rw-p 00000000 00:00 0 
7ff19adf6000-7ff19afcc000 r--s 03caa000 00:14 136611550                  /gpfs/main/course/cs032/bin/jdk1.8.0_25/jre/lib/rt.jar
7ff19afcc000-7ff19bcae000 rw-p 00000000 00:00 0 
7ff19bcae000-7ff19bcaf000 ---p 00000000 00:00 0 
7ff19bcaf000-7ff19bdaf000 rw-p 00000000 00:00 0 
7ff19bdaf000-7ff19bdb0000 ---p 00000000 00:00 0 
7ff19bdb0000-7ff19beb0000 rw-p 00000000 00:00 0 
7ff19beb0000-7ff19beb1000 ---p 00000000 00:00 0 
7ff19beb1000-7ff19bfb1000 rw-p 00000000 00:00 0 
7ff19bfb1000-7ff19bfb2000 ---p 00000000 00:00 0 
7ff19bfb2000-7ff19c0dc000 rw-p 00000000 00:00 0 
7ff19c0dc000-7ff19c34e000 ---p 00000000 00:00 0 
7ff19c34e000-7ff19c378000 rw-p 00000000 00:00 0 
7ff19c378000-7ff19c5e9000 ---p 00000000 00:00 0 
7ff19c5e9000-7ff19c60f000 rw-p 00000000 00:00 0 
7ff19c60f000-7ff19c737000 ---p 00000000 00:00 0 
7ff19c737000-7ff19c74c000 rw-p 00000000 00:00 0 
7ff19c74c000-7ff19caf8000 ---p 00000000 00:00 0 
7ff19caf8000-7ff19cfc8000 rwxp 00000000 00:00 0 
7ff19cfc8000-7ff1abaf8000 ---p 00000000 00:00 0 
7ff1abaf8000-7ff1abb12000 r-xp 00000000 00:14 136610880                  /gpfs/main/course/cs032/bin/jdk1.8.0_25/jre/lib/amd64/libzip.so
7ff1abb12000-7ff1abd12000 ---p 0001a000 00:14 136610880                  /gpfs/main/course/cs032/bin/jdk1.8.0_25/jre/lib/amd64/libzip.so
7ff1abd12000-7ff1abd13000 rw-p 0001a000 00:14 136610880                  /gpfs/main/course/cs032/bin/jdk1.8.0_25/jre/lib/amd64/libzip.so
7ff1abd13000-7ff1abd3d000 r-xp 00000000 00:14 136610822                  /gpfs/main/course/cs032/bin/jdk1.8.0_25/jre/lib/amd64/libjava.so
7ff1abd3d000-7ff1abf3d000 ---p 0002a000 00:14 136610822                  /gpfs/main/course/cs032/bin/jdk1.8.0_25/jre/lib/amd64/libjava.so
7ff1abf3d000-7ff1abf3f000 rw-p 0002a000 00:14 136610822                  /gpfs/main/course/cs032/bin/jdk1.8.0_25/jre/lib/amd64/libjava.so
7ff1abf3f000-7ff1abf4c000 r-xp 00000000 00:14 136610855                  /gpfs/main/course/cs032/bin/jdk1.8.0_25/jre/lib/amd64/libverify.so
7ff1abf4c000-7ff1ac14c000 ---p 0000d000 00:14 136610855                  /gpfs/main/course/cs032/bin/jdk1.8.0_25/jre/lib/amd64/libverify.so
7ff1ac14c000-7ff1ac14e000 rw-p 0000d000 00:14 136610855                  /gpfs/main/course/cs032/bin/jdk1.8.0_25/jre/lib/amd64/libverify.so
7ff1ac14e000-7ff1ac155000 r-xp 00000000 fe:00 5981                       /lib/x86_64-linux-gnu/librt-2.13.so
7ff1ac155000-7ff1ac354000 ---p 00007000 fe:00 5981                       /lib/x86_64-linux-gnu/librt-2.13.so
7ff1ac354000-7ff1ac355000 r--p 00006000 fe:00 5981                       /lib/x86_64-linux-gnu/librt-2.13.so
7ff1ac355000-7ff1ac356000 rw-p 00007000 fe:00 5981                       /lib/x86_64-linux-gnu/librt-2.13.so
7ff1ac356000-7ff1ac3d7000 r-xp 00000000 fe:00 2394                       /lib/x86_64-linux-gnu/libm-2.13.so
7ff1ac3d7000-7ff1ac5d6000 ---p 00081000 fe:00 2394                       /lib/x86_64-linux-gnu/libm-2.13.so
7ff1ac5d6000-7ff1ac5d7000 r--p 00080000 fe:00 2394                       /lib/x86_64-linux-gnu/libm-2.13.so
7ff1ac5d7000-7ff1ac5d8000 rw-p 00081000 fe:00 2394                       /lib/x86_64-linux-gnu/libm-2.13.so
7ff1ac5d8000-7ff1ad245000 r-xp 00000000 00:14 136611394                  /gpfs/main/course/cs032/bin/jdk1.8.0_25/jre/lib/amd64/server/libjvm.so
7ff1ad245000-7ff1ad444000 ---p 00c6d000 00:14 136611394                  /gpfs/main/course/cs032/bin/jdk1.8.0_25/jre/lib/amd64/server/libjvm.so
7ff1ad444000-7ff1ad51a000 rw-p 00c6c000 00:14 136611394                  /gpfs/main/course/cs032/bin/jdk1.8.0_25/jre/lib/amd64/server/libjvm.so
7ff1ad51a000-7ff1ad55d000 rw-p 00000000 00:00 0 
7ff1ad55d000-7ff1ad6de000 r-xp 00000000 fe:00 2482                       /lib/x86_64-linux-gnu/libc-2.13.so
7ff1ad6de000-7ff1ad8de000 ---p 00181000 fe:00 2482                       /lib/x86_64-linux-gnu/libc-2.13.so
7ff1ad8de000-7ff1ad8e2000 r--p 00181000 fe:00 2482                       /lib/x86_64-linux-gnu/libc-2.13.so
7ff1ad8e2000-7ff1ad8e3000 rw-p 00185000 fe:00 2482                       /lib/x86_64-linux-gnu/libc-2.13.so
7ff1ad8e3000-7ff1ad8e8000 rw-p 00000000 00:00 0 
7ff1ad8e8000-7ff1ad8ea000 r-xp 00000000 fe:00 2666                       /lib/x86_64-linux-gnu/libdl-2.13.so
7ff1ad8ea000-7ff1adaea000 ---p 00002000 fe:00 2666                       /lib/x86_64-linux-gnu/libdl-2.13.so
7ff1adaea000-7ff1adaeb000 r--p 00002000 fe:00 2666                       /lib/x86_64-linux-gnu/libdl-2.13.so
7ff1adaeb000-7ff1adaec000 rw-p 00003000 fe:00 2666                       /lib/x86_64-linux-gnu/libdl-2.13.so
7ff1adaec000-7ff1adb01000 r-xp 00000000 00:14 174988983                  /gpfs/main/course/cs032/bin/jdk1.8.0_25/lib/amd64/jli/libjli.so
7ff1adb01000-7ff1add00000 ---p 00015000 00:14 174988983                  /gpfs/main/course/cs032/bin/jdk1.8.0_25/lib/amd64/jli/libjli.so
7ff1add00000-7ff1add01000 rw-p 00014000 00:14 174988983                  /gpfs/main/course/cs032/bin/jdk1.8.0_25/lib/amd64/jli/libjli.so
7ff1add01000-7ff1add18000 r-xp 00000000 fe:00 6150                       /lib/x86_64-linux-gnu/libpthread-2.13.so
7ff1add18000-7ff1adf17000 ---p 00017000 fe:00 6150                       /lib/x86_64-linux-gnu/libpthread-2.13.so
7ff1adf17000-7ff1adf18000 r--p 00016000 fe:00 6150                       /lib/x86_64-linux-gnu/libpthread-2.13.so
7ff1adf18000-7ff1adf19000 rw-p 00017000 fe:00 6150                       /lib/x86_64-linux-gnu/libpthread-2.13.so
7ff1adf19000-7ff1adf1d000 rw-p 00000000 00:00 0 
7ff1adf1d000-7ff1adf3d000 r-xp 00000000 fe:00 5561                       /lib/x86_64-linux-gnu/ld-2.13.so
7ff1adf3d000-7ff1adf3f000 r--s 00000000 00:14 50783240                   /gpfs/main/course/cs032/bin/apache-maven-3.2.3/lib/plexus-component-annotations-1.5.5.jar
7ff1adf3f000-7ff1adf42000 r--s 0000d000 00:14 49127297                   /gpfs/main/course/cs032/bin/apache-maven-3.2.3/lib/plexus-interpolation-1.19.jar
7ff1adf42000-7ff1adf44000 r--s 00009000 00:14 50783375                   /gpfs/main/course/cs032/bin/apache-maven-3.2.3/lib/maven-settings-builder-3.2.3.jar
7ff1adf44000-7ff1adf47000 r--s 00025000 00:14 50783269                   /gpfs/main/course/cs032/bin/apache-maven-3.2.3/lib/maven-model-3.2.3.jar
7ff1adf47000-7ff1adf53000 r--s 00085000 00:14 49955830                   /gpfs/main/course/cs032/bin/apache-maven-3.2.3/lib/maven-core-3.2.3.jar
7ff1adf53000-7ff1adf57000 r--s 0003a000 00:14 50783382                   /gpfs/main/course/cs032/bin/apache-maven-3.2.3/lib/plexus-utils-3.0.17.jar
7ff1adf57000-7ff1adffd000 r--s 00000000 00:0e 9224                       /run/nscd/db5Ys2y0 (deleted)
7ff1adffd000-7ff1ae000000 ---p 00000000 00:00 0 
7ff1ae000000-7ff1ae102000 rw-p 00000000 00:00 0 
7ff1ae102000-7ff1ae103000 r--s 00001000 00:14 50783425                   /gpfs/main/course/cs032/bin/apache-maven-3.2.3/lib/jsr250-api-1.0.jar
7ff1ae103000-7ff1ae104000 r--s 00006000 00:14 50783328                   /gpfs/main/course/cs032/bin/apache-maven-3.2.3/lib/plexus-sec-dispatcher-1.3.jar
7ff1ae104000-7ff1ae106000 r--s 00009000 00:14 50783265                   /gpfs/main/course/cs032/bin/apache-maven-3.2.3/lib/maven-settings-3.2.3.jar
7ff1ae106000-7ff1ae108000 r--s 0000d000 00:14 49955724                   /gpfs/main/course/cs032/bin/apache-maven-3.2.3/lib/maven-embedder-3.2.3.jar
7ff1ae108000-7ff1ae130000 rw-p 00000000 00:00 0 
7ff1ae130000-7ff1ae138000 rw-s 00000000 fe:04 369                        /tmp/hsperfdata_ajb7/26218
7ff1ae138000-7ff1ae139000 rw-p 00000000 00:00 0 
7ff1ae139000-7ff1ae13a000 r--p 00000000 00:00 0 
7ff1ae13a000-7ff1ae13c000 rw-p 00000000 00:00 0 
7ff1ae13c000-7ff1ae13d000 r--p 0001f000 fe:00 5561                       /lib/x86_64-linux-gnu/ld-2.13.so
7ff1ae13d000-7ff1ae13e000 rw-p 00020000 fe:00 5561                       /lib/x86_64-linux-gnu/ld-2.13.so
7ff1ae13e000-7ff1ae13f000 rw-p 00000000 00:00 0 
7ffdb8c13000-7ffdb8c34000 rw-p 00000000 00:00 0                          [stack]
7ffdb8d72000-7ffdb8d73000 r-xp 00000000 00:00 0                          [vdso]
ffffffffff600000-ffffffffff601000 r-xp 00000000 00:00 0                  [vsyscall]

VM Arguments:
jvm_args: -Dclassworlds.conf=/course/cs032/bin/apache-maven-3.2.3/bin/m2.conf -Dmaven.home=/course/cs032/bin/apache-maven-3.2.3 
java_command: org.codehaus.plexus.classworlds.launcher.Launcher package -Dmaven.test.skip=true
java_class_path (initial): /course/cs032/bin/apache-maven-3.2.3/boot/plexus-classworlds-2.5.1.jar
Launcher Type: SUN_STANDARD

Environment Variables:
JAVA_HOME=/gpfs/main/course/cs032/bin/jdk1.8.0_25
PATH=/course/cs032/bin:/local/bin:/usr/local/bin:/bin:/usr/bin:/usr/X11R6/bin:/usr/games:/contrib/bin:/course/cs032/bin:/course/cs141/bin:/course/cs146/bin:/course/cs033/bin
SHELL=/bin/bash
DISPLAY=:0.0

Signal Handlers:
SIGSEGV: [libjvm.so+0xa79a80], sa_mask[0]=11111111011111111101111111111110, sa_flags=SA_RESTART|SA_SIGINFO
SIGBUS: [libjvm.so+0xa79a80], sa_mask[0]=11111111011111111101111111111110, sa_flags=SA_RESTART|SA_SIGINFO
SIGFPE: [libjvm.so+0x8e24e0], sa_mask[0]=11111111011111111101111111111110, sa_flags=SA_RESTART|SA_SIGINFO
SIGPIPE: [libjvm.so+0x8e24e0], sa_mask[0]=11111111011111111101111111111110, sa_flags=SA_RESTART|SA_SIGINFO
SIGXFSZ: [libjvm.so+0x8e24e0], sa_mask[0]=11111111011111111101111111111110, sa_flags=SA_RESTART|SA_SIGINFO
SIGILL: [libjvm.so+0x8e24e0], sa_mask[0]=11111111011111111101111111111110, sa_flags=SA_RESTART|SA_SIGINFO
SIGUSR1: SIG_DFL, sa_mask[0]=00000000000000000000000000000000, sa_flags=none
SIGUSR2: [libjvm.so+0x8e3d10], sa_mask[0]=00000000000000000000000000000000, sa_flags=SA_RESTART|SA_SIGINFO
SIGHUP: [libjvm.so+0x8e50d0], sa_mask[0]=11111111011111111101111111111110, sa_flags=SA_RESTART|SA_SIGINFO
SIGINT: [libjvm.so+0x8e50d0], sa_mask[0]=11111111011111111101111111111110, sa_flags=SA_RESTART|SA_SIGINFO
SIGTERM: [libjvm.so+0x8e50d0], sa_mask[0]=11111111011111111101111111111110, sa_flags=SA_RESTART|SA_SIGINFO
SIGQUIT: [libjvm.so+0x8e50d0], sa_mask[0]=11111111011111111101111111111110, sa_flags=SA_RESTART|SA_SIGINFO


---------------  S Y S T E M  ---------------

OS:PRETTY_NAME="Debian GNU/Linux 7 (wheezy)"
NAME="Debian GNU/Linux"
VERSION_ID="7"
VERSION="7 (wheezy)"
ID=debian
ANSI_COLOR="1;31"
HOME_URL="http://www.debian.org/"
SUPPORT_URL="http://www.debian.org/support/"
BUG_REPORT_URL="http://bugs.debian.org/"

uname:Linux 3.2.0-4-amd64 #1 SMP Debian 3.2.65-1+deb7u2 x86_64
libc:glibc 2.13 NPTL 2.13 
rlimit: STACK 8192k, CORE 0k, NPROC 63961, NOFILE 4096, AS infinity
load average:2.33 0.93 0.43

/proc/meminfo:
MemTotal:        8199880 kB
MemFree:         4037752 kB
Buffers:          388972 kB
Cached:          1564744 kB
SwapCached:        38480 kB
Active:          2326456 kB
Inactive:        1266684 kB
Active(anon):    1599760 kB
Inactive(anon):    41600 kB
Active(file):     726696 kB
Inactive(file):  1225084 kB
Unevictable:          16 kB
Mlocked:              16 kB
SwapTotal:       8388604 kB
SwapFree:        7727444 kB
Dirty:               320 kB
Writeback:             0 kB
AnonPages:       1612652 kB
Mapped:           124848 kB
Shmem:              1732 kB
Slab:             439916 kB
SReclaimable:     388208 kB
SUnreclaim:        51708 kB
KernelStack:        4456 kB
PageTables:        32048 kB
NFS_Unstable:          0 kB
Bounce:                0 kB
WritebackTmp:          0 kB
CommitLimit:    12488544 kB
Committed_AS:   11712108 kB
VmallocTotal:   34359738367 kB
VmallocUsed:      332648 kB
VmallocChunk:   34359401716 kB
HardwareCorrupted:     0 kB
AnonHugePages:         0 kB
HugePages_Total:       0
HugePages_Free:        0
HugePages_Rsvd:        0
HugePages_Surp:        0
Hugepagesize:       2048 kB
DirectMap4k:     4535872 kB
DirectMap2M:     3852288 kB


CPU:total 4 (4 cores per cpu, 1 threads per core) family 6 model 15 stepping 11, cmov, cx8, fxsr, mmx, sse, sse2, sse3, ssse3, tsc

/proc/cpuinfo:
processor	: 0
vendor_id	: GenuineIntel
cpu family	: 6
model		: 15
model name	: Intel(R) Core(TM)2 Quad CPU    Q6600  @ 2.40GHz
stepping	: 11
microcode	: 0xb6
cpu MHz		: 2400.567
cache size	: 4096 KB
physical id	: 0
siblings	: 4
core id		: 0
cpu cores	: 4
apicid		: 0
initial apicid	: 0
fpu		: yes
fpu_exception	: yes
cpuid level	: 10
wp		: yes
flags		: fpu vme de pse tsc msr pae mce cx8 apic sep mtrr pge mca cmov pat pse36 clflush dts acpi mmx fxsr sse sse2 ss ht tm pbe syscall nx lm constant_tsc arch_perfmon pebs bts rep_good nopl aperfmperf pni dtes64 monitor ds_cpl vmx est tm2 ssse3 cx16 xtpr pdcm lahf_lm dtherm tpr_shadow vnmi flexpriority
bogomips	: 4801.13
clflush size	: 64
cache_alignment	: 64
address sizes	: 36 bits physical, 48 bits virtual
power management:

processor	: 1
vendor_id	: GenuineIntel
cpu family	: 6
model		: 15
model name	: Intel(R) Core(TM)2 Quad CPU    Q6600  @ 2.40GHz
stepping	: 11
microcode	: 0xb6
cpu MHz		: 2400.567
cache size	: 4096 KB
physical id	: 0
siblings	: 4
core id		: 1
cpu cores	: 4
apicid		: 1
initial apicid	: 1
fpu		: yes
fpu_exception	: yes
cpuid level	: 10
wp		: yes
flags		: fpu vme de pse tsc msr pae mce cx8 apic sep mtrr pge mca cmov pat pse36 clflush dts acpi mmx fxsr sse sse2 ss ht tm pbe syscall nx lm constant_tsc arch_perfmon pebs bts rep_good nopl aperfmperf pni dtes64 monitor ds_cpl vmx est tm2 ssse3 cx16 xtpr pdcm lahf_lm dtherm tpr_shadow vnmi flexpriority
bogomips	: 4800.29
clflush size	: 64
cache_alignment	: 64
address sizes	: 36 bits physical, 48 bits virtual
power management:

processor	: 2
vendor_id	: GenuineIntel
cpu family	: 6
model		: 15
model name	: Intel(R) Core(TM)2 Quad CPU    Q6600  @ 2.40GHz
stepping	: 11
microcode	: 0xb6
cpu MHz		: 2400.567
cache size	: 4096 KB
physical id	: 0
siblings	: 4
core id		: 2
cpu cores	: 4
apicid		: 2
initial apicid	: 2
fpu		: yes
fpu_exception	: yes
cpuid level	: 10
wp		: yes
flags		: fpu vme de pse tsc msr pae mce cx8 apic sep mtrr pge mca cmov pat pse36 clflush dts acpi mmx fxsr sse sse2 ss ht tm pbe syscall nx lm constant_tsc arch_perfmon pebs bts rep_good nopl aperfmperf pni dtes64 monitor ds_cpl vmx est tm2 ssse3 cx16 xtpr pdcm lahf_lm dtherm tpr_shadow vnmi flexpriority
bogomips	: 4800.36
clflush size	: 64
cache_alignment	: 64
address sizes	: 36 bits physical, 48 bits virtual
power management:

processor	: 3
vendor_id	: GenuineIntel
cpu family	: 6
model		: 15
model name	: Intel(R) Core(TM)2 Quad CPU    Q6600  @ 2.40GHz
stepping	: 11
microcode	: 0xb6
cpu MHz		: 2400.567
cache size	: 4096 KB
physical id	: 0
siblings	: 4
core id		: 3
cpu cores	: 4
apicid		: 3
initial apicid	: 3
fpu		: yes
fpu_exception	: yes
cpuid level	: 10
wp		: yes
flags		: fpu vme de pse tsc msr pae mce cx8 apic sep mtrr pge mca cmov pat pse36 clflush dts acpi mmx fxsr sse sse2 ss ht tm pbe syscall nx lm constant_tsc arch_perfmon pebs bts rep_good nopl aperfmperf pni dtes64 monitor ds_cpl vmx est tm2 ssse3 cx16 xtpr pdcm lahf_lm dtherm tpr_shadow vnmi flexpriority
bogomips	: 4800.32
clflush size	: 64
cache_alignment	: 64
address sizes	: 36 bits physical, 48 bits virtual
power management:



Memory: 4k page, physical 8199880k(4037752k free), swap 8388604k(7727444k free)

vm_info: Java HotSpot(TM) 64-Bit Server VM (25.25-b02) for linux-amd64 JRE (1.8.0_25-b17), built on Sep 17 2014 17:32:11 by "java_re" with gcc 4.3.0 20080428 (Red Hat 4.3.0-8)

time: Sat May  2 15:35:16 2015
elapsed time: 4 seconds (0d 0h 0m 4s)

