#
# A fatal error has been detected by the Java Runtime Environment:
#
#  SIGSEGV (0xb) at pc=0x00007f93df889060, pid=14994, tid=140274435659520
#
# JRE version: Java(TM) SE Runtime Environment (8.0_25-b17) (build 1.8.0_25-b17)
# Java VM: Java HotSpot(TM) 64-Bit Server VM (25.25-b02 mixed mode linux-amd64 compressed oops)
# Problematic frame:
# C  0x00007f93df889060
#
# Failed to write core dump. Core dumps have been disabled. To enable core dumping, try "ulimit -c unlimited" before starting Java again
#
# If you would like to submit a bug report, please visit:
#   http://bugreport.sun.com/bugreport/crash.jsp
#

---------------  T H R E A D  ---------------

Current thread (0x00000000011cc000):  JavaThread "main" [_thread_in_Java, id=15003, stack(0x00007f942fd89000,0x00007f942fe8a000)]

siginfo: si_signo: 11 (SIGSEGV), si_code: 1 (SEGV_MAPERR), si_addr: 0x00007f93df889060

Registers:
RAX=0x000000010000ee10, RBX=0x00007f9419050ba8, RCX=0x00000000d6672630, RDX=0x00000000dae487a8
RSP=0x00007f942fe86fd8, RBP=0x00000000d66726e8, RSI=0x00000000dae487a8, RDI=0x00007f94170e92f8
R8 =0x0000000000000138, R9 =0x000000000000123b, R10=0x00007f9419050ba8, R11=0x00007f9418fc1648
R12=0x0000000000000000, R13=0x0000000000000028, R14=0x00007f942fe86f90, R15=0x00000000011cc000
RIP=0x00007f93df889060, EFLAGS=0x0000000000010202, CSGSFS=0x0000000000000033, ERR=0x0000000000000014
  TRAPNO=0x000000000000000e

Top of Stack: (sp=0x00007f942fe86fd8)
0x00007f942fe86fd8:   00007f941eea6330 00000000d667b1b8
0x00007f942fe86fe8:   00000000dae487a8 0000000000000200
0x00007f942fe86ff8:   00000000d666c3d0 00000000daebcf70
0x00007f942fe87008:   00007f942ea46604 00007f942fe87200
0x00007f942fe87018:   00007f941ee491a4 00007f942fe87200
0x00007f942fe87028:   00000000d6672630 00000000dab19188
0x00007f942fe87038:   00000000daebc228 0000000000000001
0x00007f942fe87048:   00000000dab00080 00000000d667b098
0x00007f942fe87058:   00000000d6672630 00000000daebcf70
0x00007f942fe87068:   00000000daef60b8 00000000dae487a8
0x00007f942fe87078:   00000000d667b1b8 00000000daebc1f0
0x00007f942fe87088:   00000000dab231d0 00007f942fe87200
0x00007f942fe87098:   00007f941ee49734 00007f942fe87200
0x00007f942fe870a8:   00000000d6672630 00000000daac09d0
0x00007f942fe870b8:   00000000daeaaf28 0000000000000000
0x00007f942fe870c8:   00000000daa0dbb8 00000000d667b018
0x00007f942fe870d8:   00000000d6672630 00000000daebc1f0
0x00007f942fe870e8:   00000000daef60b8 00000000dab19188
0x00007f942fe870f8:   00000000d667b0b8 00000000dac38e98
0x00007f942fe87108:   00007f941931b3e0 00007f942fe87200
0x00007f942fe87118:   00007f941ee49734 0000000000000000
0x00007f942fe87128:   00007f942fe87150 00007f942fe87198
0x00007f942fe87138:   00007f941e88b9d2 0000000000000100
0x00007f942fe87148:   00000000d6672b68 00000000d6672b40
0x00007f942fe87158:   00000000d6672630 00000000dac38e98
0x00007f942fe87168:   00000000daef60b8 00000000daac09d0
0x00007f942fe87178:   00000000d667b038 00007f94170e32b8
0x00007f942fe87188:   0000000000000000 00007f942fe87200
0x00007f942fe87198:   00007f941e88b160 00007f941e88b160
0x00007f942fe871a8:   00000000d6672630 00000000dac38e98
0x00007f942fe871b8:   00000000daef60b8 00007f942fe871c0
0x00007f942fe871c8:   00007f9416f90c26 00007f942fe87280 

Instructions: (pc=0x00007f93df889060)
0x00007f93df889040:   
[error occurred during error reporting (printing registers, top of stack, instructions near pc), id 0xb]

Register to memory mapping:

RAX=0x000000010000ee10 is pointing into metadata
RBX={method} {0x00007f9419050ba8} 'hashCode' '()I' in 'java/lang/Integer'
RCX=0x00000000d6672630 is an oop
org.eclipse.aether.util.graph.transformer.ConflictResolver$State 
 - klass: 'org/eclipse/aether/util/graph/transformer/ConflictResolver$State'
RDX=0x00000000dae487a8 is an oop
java.lang.Integer 
 - klass: 'java/lang/Integer'
RSP=0x00007f942fe86fd8 is pointing into the stack for thread: 0x00000000011cc000
RBP=0x00000000d66726e8 is an oop
java.util.HashMap 
 - klass: 'java/util/HashMap'
RSI=0x00000000dae487a8 is an oop
java.lang.Integer 
 - klass: 'java/lang/Integer'
RDI=0x00007f94170e92f8 is pointing into metadata
R8 =0x0000000000000138 is an unknown value
R9 =0x000000000000123b is an unknown value
R10={method} {0x00007f9419050ba8} 'hashCode' '()I' in 'java/lang/Integer'
R11={method} {0x00007f9418fc1648} 'hashCode' '()I' in 'java/lang/Object'
R12=0x0000000000000000 is an unknown value
R13=0x0000000000000028 is an unknown value
R14=0x00007f942fe86f90 is pointing into the stack for thread: 0x00000000011cc000
R15=0x00000000011cc000 is a thread


Stack: [0x00007f942fd89000,0x00007f942fe8a000],  sp=0x00007f942fe86fd8,  free space=1015k
Native frames: (J=compiled Java code, j=interpreted, Vv=VM code, C=native code)
C  0x00007f93df889060


---------------  P R O C E S S  ---------------

Java Threads: ( => current thread )
  0x00007f9410054800 JavaThread "Service Thread" daemon [_thread_blocked, id=15021, stack(0x00007f94174e7000,0x00007f94175e8000)]
  0x00007f9410035000 JavaThread "C1 CompilerThread2" daemon [_thread_blocked, id=15020, stack(0x00007f94175e8000,0x00007f94176e9000)]
  0x00007f9410032800 JavaThread "C2 CompilerThread1" daemon [_thread_blocked, id=15019, stack(0x00007f94176e9000,0x00007f94177ea000)]
  0x00007f9410030000 JavaThread "C2 CompilerThread0" daemon [_thread_blocked, id=15018, stack(0x00007f94177ea000,0x00007f94178eb000)]
  0x00007f941002e000 JavaThread "Signal Dispatcher" daemon [_thread_blocked, id=15017, stack(0x00007f94178eb000,0x00007f94179ec000)]
  0x00007f9410001000 JavaThread "Finalizer" daemon [_thread_blocked, id=15012, stack(0x00007f94179ec000,0x00007f9417aed000)]
  0x000000000123c800 JavaThread "Reference Handler" daemon [_thread_blocked, id=15011, stack(0x00007f9417aed000,0x00007f9417bee000)]
=>0x00000000011cc000 JavaThread "main" [_thread_in_Java, id=15003, stack(0x00007f942fd89000,0x00007f942fe8a000)]

Other Threads:
  0x0000000001235800 VMThread [stack: 0x00007f9417bee000,0x00007f9417cef000] [id=15008]
  0x00007f941005f800 WatcherThread [stack: 0x00007f94173e6000,0x00007f94174e7000] [id=15024]

VM state:not at safepoint (normal execution)

VM Mutex/Monitor currently owned by a thread: None

Heap:
 PSYoungGen      total 70656K, used 7688K [0x00000000d6500000, 0x00000000daf00000, 0x0000000100000000)
  eden space 65536K, 3% used [0x00000000d6500000,0x00000000d678a220,0x00000000da500000)
  from space 5120K, 99% used [0x00000000daa00000,0x00000000daef8020,0x00000000daf00000)
  to   space 5120K, 0% used [0x00000000da500000,0x00000000da500000,0x00000000daa00000)
 ParOldGen       total 86016K, used 5274K [0x0000000082e00000, 0x0000000088200000, 0x00000000d6500000)
  object space 86016K, 6% used [0x0000000082e00000,0x0000000083326aa8,0x0000000088200000)
 Metaspace       used 14613K, capacity 14874K, committed 15232K, reserved 1062912K
  class space    used 1751K, capacity 1843K, committed 1920K, reserved 1048576K

Card table byte_map: [0x00007f941e0da000,0x00007f941e4c4000] byte_map_base: 0x00007f941dcc3000

Marking Bits: (ParMarkBitMap*) 0x00007f942f2be2c0
 Begin Bits: [0x00007f9419baa000, 0x00007f941baf2000)
 End Bits:   [0x00007f941baf2000, 0x00007f941da3a000)

Polling page: 0x00007f942fec5000

CodeCache: size=245760Kb used=7820Kb max_used=7820Kb free=237939Kb
 bounds [0x00007f941e884000, 0x00007f941f034000, 0x00007f942d884000]
 total_blobs=2769 nmethods=2441 adapters=243
 compilation: enabled

Compilation events (10 events):
Event: 13.330 Thread 0x00007f9410035000 2449       1       org.eclipse.aether.graph.DefaultDependencyNode::getVersionConstraint (5 bytes)
Event: 13.330 Thread 0x00007f9410035000 nmethod 2449 0x00007f941f02e450 code [0x00007f941f02e5a0, 0x00007f941f02e6b0]
Event: 13.330 Thread 0x00007f9410035000 2450       1       org.eclipse.aether.graph.DefaultDependencyNode::getVersion (5 bytes)
Event: 13.330 Thread 0x00007f9410035000 nmethod 2450 0x00007f941f02e190 code [0x00007f941f02e2e0, 0x00007f941f02e3f0]
Event: 13.330 Thread 0x00007f9410035000 2451       1       org.eclipse.aether.util.graph.transformer.ConflictResolver$ScopeContext::getParentScope (5 bytes)
Event: 13.330 Thread 0x00007f9410035000 nmethod 2451 0x00007f941f02ded0 code [0x00007f941f02e020, 0x00007f941f02e130]
Event: 13.330 Thread 0x00007f9410035000 2452       1       org.eclipse.aether.util.graph.transformer.ConflictResolver$ScopeContext::getChildScope (5 bytes)
Event: 13.330 Thread 0x00007f9410035000 nmethod 2452 0x00007f941f02dc10 code [0x00007f941f02dd60, 0x00007f941f02de70]
Event: 13.330 Thread 0x00007f9410035000 2453       1       org.eclipse.aether.graph.DefaultDependencyNode::getArtifact (5 bytes)
Event: 13.330 Thread 0x00007f9410035000 nmethod 2453 0x00007f941f02d950 code [0x00007f941f02daa0, 0x00007f941f02dbb0]

GC Heap History (8 events):
Event: 1.087 GC heap before
{Heap before GC invocations=1 (full 0):
 PSYoungGen      total 37888K, used 32768K [0x00000000d6500000, 0x00000000d8f00000, 0x0000000100000000)
  eden space 32768K, 100% used [0x00000000d6500000,0x00000000d8500000,0x00000000d8500000)
  from space 5120K, 0% used [0x00000000d8a00000,0x00000000d8a00000,0x00000000d8f00000)
  to   space 5120K, 0% used [0x00000000d8500000,0x00000000d8500000,0x00000000d8a00000)
 ParOldGen       total 86016K, used 0K [0x0000000082e00000, 0x0000000088200000, 0x00000000d6500000)
  object space 86016K, 0% used [0x0000000082e00000,0x0000000082e00000,0x0000000088200000)
 Metaspace       used 7701K, capacity 7858K, committed 7936K, reserved 1056768K
  class space    used 943K, capacity 985K, committed 1024K, reserved 1048576K
Event: 1.095 GC heap after
Heap after GC invocations=1 (full 0):
 PSYoungGen      total 37888K, used 4669K [0x00000000d6500000, 0x00000000d8f00000, 0x0000000100000000)
  eden space 32768K, 0% used [0x00000000d6500000,0x00000000d6500000,0x00000000d8500000)
  from space 5120K, 91% used [0x00000000d8500000,0x00000000d898f578,0x00000000d8a00000)
  to   space 5120K, 0% used [0x00000000d8a00000,0x00000000d8a00000,0x00000000d8f00000)
 ParOldGen       total 86016K, used 16K [0x0000000082e00000, 0x0000000088200000, 0x00000000d6500000)
  object space 86016K, 0% used [0x0000000082e00000,0x0000000082e04000,0x0000000088200000)
 Metaspace       used 7701K, capacity 7858K, committed 7936K, reserved 1056768K
  class space    used 943K, capacity 985K, committed 1024K, reserved 1048576K
}
Event: 1.719 GC heap before
{Heap before GC invocations=2 (full 0):
 PSYoungGen      total 37888K, used 37437K [0x00000000d6500000, 0x00000000d8f00000, 0x0000000100000000)
  eden space 32768K, 100% used [0x00000000d6500000,0x00000000d8500000,0x00000000d8500000)
  from space 5120K, 91% used [0x00000000d8500000,0x00000000d898f578,0x00000000d8a00000)
  to   space 5120K, 0% used [0x00000000d8a00000,0x00000000d8a00000,0x00000000d8f00000)
 ParOldGen       total 86016K, used 16K [0x0000000082e00000, 0x0000000088200000, 0x00000000d6500000)
  object space 86016K, 0% used [0x0000000082e00000,0x0000000082e04000,0x0000000088200000)
 Metaspace       used 11959K, capacity 12132K, committed 12416K, reserved 1060864K
  class space    used 1493K, capacity 1574K, committed 1664K, reserved 1048576K
Event: 1.738 GC heap after
Heap after GC invocations=2 (full 0):
 PSYoungGen      total 37888K, used 5104K [0x00000000d6500000, 0x00000000daf00000, 0x0000000100000000)
  eden space 32768K, 0% used [0x00000000d6500000,0x00000000d6500000,0x00000000d8500000)
  from space 5120K, 99% used [0x00000000d8a00000,0x00000000d8efc280,0x00000000d8f00000)
  to   space 5120K, 0% used [0x00000000d8500000,0x00000000d8500000,0x00000000d8a00000)
 ParOldGen       total 86016K, used 1955K [0x0000000082e00000, 0x0000000088200000, 0x00000000d6500000)
  object space 86016K, 2% used [0x0000000082e00000,0x0000000082fe8f58,0x0000000088200000)
 Metaspace       used 11959K, capacity 12132K, committed 12416K, reserved 1060864K
  class space    used 1493K, capacity 1574K, committed 1664K, reserved 1048576K
}
Event: 5.864 GC heap before
{Heap before GC invocations=3 (full 0):
 PSYoungGen      total 37888K, used 37872K [0x00000000d6500000, 0x00000000daf00000, 0x0000000100000000)
  eden space 32768K, 100% used [0x00000000d6500000,0x00000000d8500000,0x00000000d8500000)
  from space 5120K, 99% used [0x00000000d8a00000,0x00000000d8efc280,0x00000000d8f00000)
  to   space 5120K, 0% used [0x00000000d8500000,0x00000000d8500000,0x00000000d8a00000)
 ParOldGen       total 86016K, used 1955K [0x0000000082e00000, 0x0000000088200000, 0x00000000d6500000)
  object space 86016K, 2% used [0x0000000082e00000,0x0000000082fe8f58,0x0000000088200000)
 Metaspace       used 13833K, capacity 14012K, committed 14336K, reserved 1062912K
  class space    used 1675K, capacity 1770K, committed 1792K, reserved 1048576K
Event: 5.878 GC heap after
Heap after GC invocations=3 (full 0):
 PSYoungGen      total 37888K, used 5104K [0x00000000d6500000, 0x00000000daf00000, 0x0000000100000000)
  eden space 32768K, 0% used [0x00000000d6500000,0x00000000d6500000,0x00000000d8500000)
  from space 5120K, 99% used [0x00000000d8500000,0x00000000d89fc030,0x00000000d8a00000)
  to   space 5120K, 0% used [0x00000000daa00000,0x00000000daa00000,0x00000000daf00000)
 ParOldGen       total 86016K, used 3143K [0x0000000082e00000, 0x0000000088200000, 0x00000000d6500000)
  object space 86016K, 3% used [0x0000000082e00000,0x0000000083111ed8,0x0000000088200000)
 Metaspace       used 13833K, capacity 14012K, committed 14336K, reserved 1062912K
  class space    used 1675K, capacity 1770K, committed 1792K, reserved 1048576K
}
Event: 12.960 GC heap before
{Heap before GC invocations=4 (full 0):
 PSYoungGen      total 37888K, used 37872K [0x00000000d6500000, 0x00000000daf00000, 0x0000000100000000)
  eden space 32768K, 100% used [0x00000000d6500000,0x00000000d8500000,0x00000000d8500000)
  from space 5120K, 99% used [0x00000000d8500000,0x00000000d89fc030,0x00000000d8a00000)
  to   space 5120K, 0% used [0x00000000daa00000,0x00000000daa00000,0x00000000daf00000)
 ParOldGen       total 86016K, used 3143K [0x0000000082e00000, 0x0000000088200000, 0x00000000d6500000)
  object space 86016K, 3% used [0x0000000082e00000,0x0000000083111ed8,0x0000000088200000)
 Metaspace       used 14606K, capacity 14874K, committed 15232K, reserved 1062912K
  class space    used 1751K, capacity 1843K, committed 1920K, reserved 1048576K
Event: 12.985 GC heap after
Heap after GC invocations=4 (full 0):
 PSYoungGen      total 70656K, used 5088K [0x00000000d6500000, 0x00000000daf00000, 0x0000000100000000)
  eden space 65536K, 0% used [0x00000000d6500000,0x00000000d6500000,0x00000000da500000)
  from space 5120K, 99% used [0x00000000daa00000,0x00000000daef8020,0x00000000daf00000)
  to   space 5120K, 0% used [0x00000000da500000,0x00000000da500000,0x00000000daa00000)
 ParOldGen       total 86016K, used 5274K [0x0000000082e00000, 0x0000000088200000, 0x00000000d6500000)
  object space 86016K, 6% used [0x0000000082e00000,0x0000000083326aa8,0x0000000088200000)
 Metaspace       used 14606K, capacity 14874K, committed 15232K, reserved 1062912K
  class space    used 1751K, capacity 1843K, committed 1920K, reserved 1048576K
}

Deoptimization events (10 events):
Event: 4.275 Thread 0x00000000011cc000 Uncommon trap: reason=class_check action=maybe_recompile pc=0x00007f941eddd6c8 method=org.apache.maven.model.interpolation.StringSearchModelInterpolator$InterpolateObjectAction$MapField.doInterpolate(Ljava/lang/Object;Lorg/apache/maven/model/interpolation
Event: 4.431 Thread 0x00000000011cc000 Uncommon trap: reason=unreached action=reinterpret pc=0x00007f941ebb332c method=java.util.HashMap.getNode(ILjava/lang/Object;)Ljava/util/HashMap$Node; @ 53
Event: 4.915 Thread 0x00000000011cc000 Uncommon trap: reason=bimorphic action=maybe_recompile pc=0x00007f941ee25240 method=java.util.regex.Pattern$Curly.match0(Ljava/util/regex/Matcher;IILjava/lang/CharSequence;)Z @ 170
Event: 4.915 Thread 0x00000000011cc000 Uncommon trap: reason=bimorphic action=maybe_recompile pc=0x00007f941ee25240 method=java.util.regex.Pattern$Curly.match0(Ljava/util/regex/Matcher;IILjava/lang/CharSequence;)Z @ 170
Event: 4.916 Thread 0x00000000011cc000 Uncommon trap: reason=bimorphic action=maybe_recompile pc=0x00007f941ee25240 method=java.util.regex.Pattern$Curly.match0(Ljava/util/regex/Matcher;IILjava/lang/CharSequence;)Z @ 170
Event: 4.916 Thread 0x00000000011cc000 Uncommon trap: reason=bimorphic action=maybe_recompile pc=0x00007f941ee25240 method=java.util.regex.Pattern$Curly.match0(Ljava/util/regex/Matcher;IILjava/lang/CharSequence;)Z @ 170
Event: 11.751 Thread 0x00000000011cc000 Uncommon trap: reason=bimorphic action=maybe_recompile pc=0x00007f941ed5e768 method=java.util.concurrent.ConcurrentHashMap.get(Ljava/lang/Object;)Ljava/lang/Object; @ 149
Event: 11.781 Thread 0x00000000011cc000 Uncommon trap: reason=bimorphic action=maybe_recompile pc=0x00007f941ed5e768 method=java.util.concurrent.ConcurrentHashMap.get(Ljava/lang/Object;)Ljava/lang/Object; @ 149
Event: 12.758 Thread 0x00000000011cc000 Uncommon trap: reason=bimorphic action=maybe_recompile pc=0x00007f941ed5e768 method=java.util.concurrent.ConcurrentHashMap.get(Ljava/lang/Object;)Ljava/lang/Object; @ 149
Event: 12.799 Thread 0x00000000011cc000 Uncommon trap: reason=bimorphic action=maybe_recompile pc=0x00007f941ed5e768 method=java.util.concurrent.ConcurrentHashMap.get(Ljava/lang/Object;)Ljava/lang/Object; @ 149

Internal exceptions (10 events):
Event: 10.256 Thread 0x00000000011cc000 Exception <a 'java/security/PrivilegedActionException'> (0x00000000d6d34aa8) thrown at [/HUDSON/workspace/8-2-build-linux-amd64/jdk8u25/1514/hotspot/src/share/vm/prims/jvm.cpp, line 1312]
Event: 10.390 Thread 0x00000000011cc000 Exception <a 'java/security/PrivilegedActionException'> (0x00000000d6d71658) thrown at [/HUDSON/workspace/8-2-build-linux-amd64/jdk8u25/1514/hotspot/src/share/vm/prims/jvm.cpp, line 1312]
Event: 10.393 Thread 0x00000000011cc000 Exception <a 'java/security/PrivilegedActionException'> (0x00000000d6d87bb8) thrown at [/HUDSON/workspace/8-2-build-linux-amd64/jdk8u25/1514/hotspot/src/share/vm/prims/jvm.cpp, line 1312]
Event: 10.408 Thread 0x00000000011cc000 Exception <a 'java/security/PrivilegedActionException'> (0x00000000d6d8cfe0) thrown at [/HUDSON/workspace/8-2-build-linux-amd64/jdk8u25/1514/hotspot/src/share/vm/prims/jvm.cpp, line 1312]
Event: 10.409 Thread 0x00000000011cc000 Exception <a 'java/security/PrivilegedActionException'> (0x00000000d6d92630) thrown at [/HUDSON/workspace/8-2-build-linux-amd64/jdk8u25/1514/hotspot/src/share/vm/prims/jvm.cpp, line 1312]
Event: 10.409 Thread 0x00000000011cc000 Exception <a 'java/security/PrivilegedActionException'> (0x00000000d6d92d40) thrown at [/HUDSON/workspace/8-2-build-linux-amd64/jdk8u25/1514/hotspot/src/share/vm/prims/jvm.cpp, line 1312]
Event: 10.409 Thread 0x00000000011cc000 Exception <a 'java/security/PrivilegedActionException'> (0x00000000d6d97268) thrown at [/HUDSON/workspace/8-2-build-linux-amd64/jdk8u25/1514/hotspot/src/share/vm/prims/jvm.cpp, line 1312]
Event: 10.409 Thread 0x00000000011cc000 Exception <a 'java/security/PrivilegedActionException'> (0x00000000d6d97c88) thrown at [/HUDSON/workspace/8-2-build-linux-amd64/jdk8u25/1514/hotspot/src/share/vm/prims/jvm.cpp, line 1312]
Event: 12.496 Thread 0x00000000011cc000 Exception <a 'java/security/PrivilegedActionException'> (0x00000000d8103148) thrown at [/HUDSON/workspace/8-2-build-linux-amd64/jdk8u25/1514/hotspot/src/share/vm/prims/jvm.cpp, line 1312]
Event: 12.496 Thread 0x00000000011cc000 Exception <a 'java/security/PrivilegedActionException'> (0x00000000d8103a98) thrown at [/HUDSON/workspace/8-2-build-linux-amd64/jdk8u25/1514/hotspot/src/share/vm/prims/jvm.cpp, line 1312]

Events (10 events):
Event: 12.988 Executing VM operation: RevokeBias
Event: 12.988 Executing VM operation: RevokeBias done
Event: 12.988 Executing VM operation: RevokeBias
Event: 12.988 Executing VM operation: RevokeBias done
Event: 12.988 Executing VM operation: RevokeBias
Event: 12.989 Executing VM operation: RevokeBias done
Event: 12.989 Executing VM operation: RevokeBias
Event: 12.989 Executing VM operation: RevokeBias done
Event: 12.989 Executing VM operation: RevokeBias
Event: 12.989 Executing VM operation: RevokeBias done


Dynamic libraries:
00400000-00401000 r-xp 00000000 00:14 138267735                          /gpfs/main/course/cs032/bin/jdk1.8.0_25/bin/java
00600000-00601000 rw-p 00000000 00:14 138267735                          /gpfs/main/course/cs032/bin/jdk1.8.0_25/bin/java
011c3000-02140000 rw-p 00000000 00:00 0                                  [heap]
82e00000-88200000 rw-p 00000000 00:00 0 
88200000-d6500000 ---p 00000000 00:00 0 
d6500000-daf00000 rw-p 00000000 00:00 0 
daf00000-100000000 ---p 00000000 00:00 0 
100000000-1001e0000 rw-p 00000000 00:00 0 
1001e0000-140000000 ---p 00000000 00:00 0 
7f9410000000-7f941155b000 rw-p 00000000 00:00 0 
7f941155b000-7f9414000000 ---p 00000000 00:00 0 
7f94168dc000-7f94168de000 r--s 0000d000 00:15 245910130                  /gpfs/main/home/ggustafs/.m2/repository/org/codehaus/plexus/plexus-interpolation/1.13/plexus-interpolation-1.13.jar
7f94168de000-7f94168df000 r--s 00001000 00:15 245910101                  /gpfs/main/home/ggustafs/.m2/repository/org/sonatype/plexus/plexus-build-api/0.0.4/plexus-build-api-0.0.4.jar
7f94168df000-7f94168e1000 r--s 00009000 00:15 245910056                  /gpfs/main/home/ggustafs/.m2/repository/org/apache/maven/shared/maven-filtering/1.1/maven-filtering-1.1.jar
7f94168e1000-7f94168e5000 r--s 00033000 00:15 245909950                  /gpfs/main/home/ggustafs/.m2/repository/org/codehaus/plexus/plexus-utils/2.0.5/plexus-utils-2.0.5.jar
7f94168e5000-7f94168e8000 r--s 0001b000 00:15 245081143                  /gpfs/main/home/ggustafs/.m2/repository/junit/junit/3.8.1/junit-3.8.1.jar
7f94168e8000-7f94168ea000 r--s 00002000 00:15 244253266                  /gpfs/main/home/ggustafs/.m2/repository/org/codehaus/plexus/plexus-interactivity-api/1.0-alpha-4/plexus-interactivity-api-1.0-alpha-4.jar
7f94168ea000-7f94168ec000 r--s 00006000 00:15 244253300                  /gpfs/main/home/ggustafs/.m2/repository/commons-cli/commons-cli/1.0/commons-cli-1.0.jar
7f94168ec000-7f94168ed000 r--s 00001000 00:15 245909948                  /gpfs/main/home/ggustafs/.m2/repository/org/apache/maven/doxia/doxia-sink-api/1.0-alpha-7/doxia-sink-api-1.0-alpha-7.jar
7f94168ed000-7f94168ee000 r--s 00002000 00:15 245909951                  /gpfs/main/home/ggustafs/.m2/repository/org/apache/maven/reporting/maven-reporting-api/2.0.6/maven-reporting-api-2.0.6.jar
7f94168ee000-7f94168f0000 r--s 00006000 00:15 255824575                  /gpfs/main/home/ggustafs/.m2/repository/org/apache/maven/plugins/maven-resources-plugin/2.6/maven-resources-plugin-2.6.jar
7f94168f0000-7f94169f0000 rw-p 00000000 00:00 0 
7f94169f0000-7f9416af0000 ---p 00000000 00:00 0 
7f9416af0000-7f9416b01000 r-xp 00000000 00:14 136611464                  /gpfs/main/course/cs032/bin/jdk1.8.0_25/jre/lib/amd64/libnio.so
7f9416b01000-7f9416d00000 ---p 00011000 00:14 136611464                  /gpfs/main/course/cs032/bin/jdk1.8.0_25/jre/lib/amd64/libnio.so
7f9416d00000-7f9416d01000 rw-p 00010000 00:14 136611464                  /gpfs/main/course/cs032/bin/jdk1.8.0_25/jre/lib/amd64/libnio.so
7f9416d01000-7f9416d17000 r-xp 00000000 00:14 136610987                  /gpfs/main/course/cs032/bin/jdk1.8.0_25/jre/lib/amd64/libnet.so
7f9416d17000-7f9416f17000 ---p 00016000 00:14 136610987                  /gpfs/main/course/cs032/bin/jdk1.8.0_25/jre/lib/amd64/libnet.so
7f9416f17000-7f9416f18000 rw-p 00016000 00:14 136610987                  /gpfs/main/course/cs032/bin/jdk1.8.0_25/jre/lib/amd64/libnet.so
7f9416f18000-7f9416f1c000 r--s 00093000 00:14 136611567                  /gpfs/main/course/cs032/bin/jdk1.8.0_25/jre/lib/jsse.jar
7f9416f1c000-7f941711c000 rw-p 00000000 00:00 0 
7f941711c000-7f941731c000 rw-p 00000000 00:00 0 
7f941731c000-7f9417338000 r--s 00393000 00:14 136611667                  /gpfs/main/course/cs032/bin/jdk1.8.0_25/jre/lib/ext/cldrdata.jar
7f9417338000-7f9417342000 r--s 00116000 00:14 136611642                  /gpfs/main/course/cs032/bin/jdk1.8.0_25/jre/lib/ext/localedata.jar
7f9417342000-7f9417343000 r--s 00002000 00:14 50783475                   /gpfs/main/course/cs032/bin/apache-maven-3.2.3/lib/slf4j-simple-1.7.5.jar
7f9417343000-7f9417345000 r--s 00007000 00:14 50783474                   /gpfs/main/course/cs032/bin/apache-maven-3.2.3/lib/aether-connector-wagon-0.9.0.M2.jar
7f9417345000-7f9417346000 r--s 00002000 00:14 50783469                   /gpfs/main/course/cs032/bin/apache-maven-3.2.3/lib/wagon-file-2.6.jar
7f9417346000-7f941734a000 r--s 00027000 00:14 50783464                   /gpfs/main/course/cs032/bin/apache-maven-3.2.3/lib/commons-io-2.2.jar
7f941734a000-7f941734f000 r--s 00041000 00:14 50783460                   /gpfs/main/course/cs032/bin/apache-maven-3.2.3/lib/commons-lang-2.6.jar
7f941734f000-7f9417355000 r--s 00042000 00:14 50783457                   /gpfs/main/course/cs032/bin/apache-maven-3.2.3/lib/jsoup-1.7.2.jar
7f9417355000-7f9417356000 r--s 00002000 00:14 50783454                   /gpfs/main/course/cs032/bin/apache-maven-3.2.3/lib/wagon-http-shared-2.6.jar
7f9417356000-7f9417375000 r--s 00134000 00:14 50783453                   /gpfs/main/course/cs032/bin/apache-maven-3.2.3/lib/wagon-http-2.6-shaded.jar
7f9417375000-7f9417377000 r--s 00009000 00:14 50783447                   /gpfs/main/course/cs032/bin/apache-maven-3.2.3/lib/commons-cli-1.2.jar
7f9417377000-7f9417379000 r--s 00005000 00:14 50783446                   /gpfs/main/course/cs032/bin/apache-maven-3.2.3/lib/slf4j-api-1.7.5.jar
7f9417379000-7f941737b000 r--s 0000b000 00:14 50783445                   /gpfs/main/course/cs032/bin/apache-maven-3.2.3/lib/wagon-provider-api-2.6.jar
7f941737b000-7f9417382000 r--s 0003f000 00:14 50783443                   /gpfs/main/course/cs032/bin/apache-maven-3.2.3/lib/maven-compat-3.2.3.jar
7f9417382000-7f9417386000 r--s 00020000 00:14 50783441                   /gpfs/main/course/cs032/bin/apache-maven-3.2.3/lib/aether-impl-0.9.0.M2.jar
7f9417386000-7f941738a000 r--s 0001d000 00:14 50783440                   /gpfs/main/course/cs032/bin/apache-maven-3.2.3/lib/aether-util-0.9.0.M2.jar
7f941738a000-7f941738c000 r--s 00003000 00:14 50783439                   /gpfs/main/course/cs032/bin/apache-maven-3.2.3/lib/aether-spi-0.9.0.M2.jar
7f941738c000-7f9417390000 r--s 0001d000 00:14 50783438                   /gpfs/main/course/cs032/bin/apache-maven-3.2.3/lib/aether-api-0.9.0.M2.jar
7f9417390000-7f9417392000 r--s 0000e000 00:14 50783437                   /gpfs/main/course/cs032/bin/apache-maven-3.2.3/lib/maven-aether-provider-3.2.3.jar
7f9417392000-7f9417397000 r--s 00025000 00:14 50783436                   /gpfs/main/course/cs032/bin/apache-maven-3.2.3/lib/maven-model-builder-3.2.3.jar
7f9417397000-7f941739d000 r--s 00042000 00:14 50783433                   /gpfs/main/course/cs032/bin/apache-maven-3.2.3/lib/org.eclipse.sisu.inject-0.0.0.M5.jar
7f941739d000-7f941739f000 r--s 00000000 00:14 50783432                   /gpfs/main/course/cs032/bin/apache-maven-3.2.3/lib/aopalliance-1.0.jar
7f941739f000-7f94173a7000 r--s 00050000 00:14 50783431                   /gpfs/main/course/cs032/bin/apache-maven-3.2.3/lib/sisu-guice-3.1.3-no_aop.jar
7f94173a7000-7f94173d0000 r--s 001ee000 00:14 50783429                   /gpfs/main/course/cs032/bin/apache-maven-3.2.3/lib/guava-14.0.1.jar
7f94173d0000-7f94173d1000 r--s 00000000 00:14 50783426                   /gpfs/main/course/cs032/bin/apache-maven-3.2.3/lib/javax.inject-1.jar
7f94173d1000-7f94173d4000 r--s 00008000 00:14 50783419                   /gpfs/main/course/cs032/bin/apache-maven-3.2.3/lib/cdi-api-1.0.jar
7f94173d4000-7f94173da000 r--s 0002a000 00:14 50783416                   /gpfs/main/course/cs032/bin/apache-maven-3.2.3/lib/org.eclipse.sisu.plexus-0.0.0.M5.jar
7f94173da000-7f94173dc000 r--s 0000a000 00:14 50783415                   /gpfs/main/course/cs032/bin/apache-maven-3.2.3/lib/maven-plugin-api-3.2.3.jar
7f94173dc000-7f94173df000 r--s 0000b000 00:14 50783414                   /gpfs/main/course/cs032/bin/apache-maven-3.2.3/lib/maven-artifact-3.2.3.jar
7f94173df000-7f94173e1000 r--s 00005000 00:14 50783378                   /gpfs/main/course/cs032/bin/apache-maven-3.2.3/lib/maven-repository-metadata-3.2.3.jar
7f94173e1000-7f94173e3000 r--s 00002000 00:14 49955756                   /gpfs/main/course/cs032/bin/apache-maven-3.2.3/lib/plexus-cipher-1.7.jar
7f94173e3000-7f94173e6000 r--s 0000a000 00:14 50783308                   /gpfs/main/course/cs032/bin/apache-maven-3.2.3/boot/plexus-classworlds-2.5.1.jar
7f94173e6000-7f94173e7000 ---p 00000000 00:00 0 
7f94173e7000-7f94174e7000 rw-p 00000000 00:00 0 
7f94174e7000-7f94174ea000 ---p 00000000 00:00 0 
7f94174ea000-7f94175e8000 rw-p 00000000 00:00 0 
7f94175e8000-7f94175eb000 ---p 00000000 00:00 0 
7f94175eb000-7f94176e9000 rw-p 00000000 00:00 0 
7f94176e9000-7f94176ec000 ---p 00000000 00:00 0 
7f94176ec000-7f94177ea000 rw-p 00000000 00:00 0 
7f94177ea000-7f94177ed000 ---p 00000000 00:00 0 
7f94177ed000-7f94178eb000 rw-p 00000000 00:00 0 
7f94178eb000-7f94178ee000 ---p 00000000 00:00 0 
7f94178ee000-7f94179ec000 rw-p 00000000 00:00 0 
7f94179ec000-7f94179ef000 ---p 00000000 00:00 0 
7f94179ef000-7f9417aed000 rw-p 00000000 00:00 0 
7f9417aed000-7f9417af0000 ---p 00000000 00:00 0 
7f9417af0000-7f9417bee000 rw-p 00000000 00:00 0 
7f9417bee000-7f9417bef000 ---p 00000000 00:00 0 
7f9417bef000-7f9418cf2000 rw-p 00000000 00:00 0 
7f9418cf2000-7f9418ec8000 r--s 03caa000 00:14 136611550                  /gpfs/main/course/cs032/bin/jdk1.8.0_25/jre/lib/rt.jar
7f9418ec8000-7f941da3a000 rw-p 00000000 00:00 0 
7f941da3a000-7f941da3b000 ---p 00000000 00:00 0 
7f941da3b000-7f941db3b000 rw-p 00000000 00:00 0 
7f941db3b000-7f941db3c000 ---p 00000000 00:00 0 
7f941db3c000-7f941dc3c000 rw-p 00000000 00:00 0 
7f941dc3c000-7f941dc3d000 ---p 00000000 00:00 0 
7f941dc3d000-7f941dd3d000 rw-p 00000000 00:00 0 
7f941dd3d000-7f941dd3e000 ---p 00000000 00:00 0 
7f941dd3e000-7f941de68000 rw-p 00000000 00:00 0 
7f941de68000-7f941e0da000 ---p 00000000 00:00 0 
7f941e0da000-7f941e104000 rw-p 00000000 00:00 0 
7f941e104000-7f941e375000 ---p 00000000 00:00 0 
7f941e375000-7f941e39b000 rw-p 00000000 00:00 0 
7f941e39b000-7f941e4c3000 ---p 00000000 00:00 0 
7f941e4c3000-7f941e4e3000 rw-p 00000000 00:00 0 
7f941e4e3000-7f941e884000 ---p 00000000 00:00 0 
7f941e884000-7f941f034000 rwxp 00000000 00:00 0 
7f941f034000-7f942d884000 ---p 00000000 00:00 0 
7f942d884000-7f942d89e000 r-xp 00000000 00:14 136610880                  /gpfs/main/course/cs032/bin/jdk1.8.0_25/jre/lib/amd64/libzip.so
7f942d89e000-7f942da9e000 ---p 0001a000 00:14 136610880                  /gpfs/main/course/cs032/bin/jdk1.8.0_25/jre/lib/amd64/libzip.so
7f942da9e000-7f942da9f000 rw-p 0001a000 00:14 136610880                  /gpfs/main/course/cs032/bin/jdk1.8.0_25/jre/lib/amd64/libzip.so
7f942da9f000-7f942dac9000 r-xp 00000000 00:14 136610822                  /gpfs/main/course/cs032/bin/jdk1.8.0_25/jre/lib/amd64/libjava.so
7f942dac9000-7f942dcc9000 ---p 0002a000 00:14 136610822                  /gpfs/main/course/cs032/bin/jdk1.8.0_25/jre/lib/amd64/libjava.so
7f942dcc9000-7f942dccb000 rw-p 0002a000 00:14 136610822                  /gpfs/main/course/cs032/bin/jdk1.8.0_25/jre/lib/amd64/libjava.so
7f942dccb000-7f942dcd8000 r-xp 00000000 00:14 136610855                  /gpfs/main/course/cs032/bin/jdk1.8.0_25/jre/lib/amd64/libverify.so
7f942dcd8000-7f942ded8000 ---p 0000d000 00:14 136610855                  /gpfs/main/course/cs032/bin/jdk1.8.0_25/jre/lib/amd64/libverify.so
7f942ded8000-7f942deda000 rw-p 0000d000 00:14 136610855                  /gpfs/main/course/cs032/bin/jdk1.8.0_25/jre/lib/amd64/libverify.so
7f942deda000-7f942dee1000 r-xp 00000000 fe:00 9056                       /lib/x86_64-linux-gnu/librt-2.13.so
7f942dee1000-7f942e0e0000 ---p 00007000 fe:00 9056                       /lib/x86_64-linux-gnu/librt-2.13.so
7f942e0e0000-7f942e0e1000 r--p 00006000 fe:00 9056                       /lib/x86_64-linux-gnu/librt-2.13.so
7f942e0e1000-7f942e0e2000 rw-p 00007000 fe:00 9056                       /lib/x86_64-linux-gnu/librt-2.13.so
7f942e0e2000-7f942e163000 r-xp 00000000 fe:00 2307                       /lib/x86_64-linux-gnu/libm-2.13.so
7f942e163000-7f942e362000 ---p 00081000 fe:00 2307                       /lib/x86_64-linux-gnu/libm-2.13.so
7f942e362000-7f942e363000 r--p 00080000 fe:00 2307                       /lib/x86_64-linux-gnu/libm-2.13.so
7f942e363000-7f942e364000 rw-p 00081000 fe:00 2307                       /lib/x86_64-linux-gnu/libm-2.13.so
7f942e364000-7f942efd1000 r-xp 00000000 00:14 136611394                  /gpfs/main/course/cs032/bin/jdk1.8.0_25/jre/lib/amd64/server/libjvm.so
7f942efd1000-7f942f1d0000 ---p 00c6d000 00:14 136611394                  /gpfs/main/course/cs032/bin/jdk1.8.0_25/jre/lib/amd64/server/libjvm.so
7f942f1d0000-7f942f2a6000 rw-p 00c6c000 00:14 136611394                  /gpfs/main/course/cs032/bin/jdk1.8.0_25/jre/lib/amd64/server/libjvm.so
7f942f2a6000-7f942f2e9000 rw-p 00000000 00:00 0 
7f942f2e9000-7f942f46a000 r-xp 00000000 fe:00 2415                       /lib/x86_64-linux-gnu/libc-2.13.so
7f942f46a000-7f942f66a000 ---p 00181000 fe:00 2415                       /lib/x86_64-linux-gnu/libc-2.13.so
7f942f66a000-7f942f66e000 r--p 00181000 fe:00 2415                       /lib/x86_64-linux-gnu/libc-2.13.so
7f942f66e000-7f942f66f000 rw-p 00185000 fe:00 2415                       /lib/x86_64-linux-gnu/libc-2.13.so
7f942f66f000-7f942f674000 rw-p 00000000 00:00 0 
7f942f674000-7f942f676000 r-xp 00000000 fe:00 2454                       /lib/x86_64-linux-gnu/libdl-2.13.so
7f942f676000-7f942f876000 ---p 00002000 fe:00 2454                       /lib/x86_64-linux-gnu/libdl-2.13.so
7f942f876000-7f942f877000 r--p 00002000 fe:00 2454                       /lib/x86_64-linux-gnu/libdl-2.13.so
7f942f877000-7f942f878000 rw-p 00003000 fe:00 2454                       /lib/x86_64-linux-gnu/libdl-2.13.so
7f942f878000-7f942f88d000 r-xp 00000000 00:14 174988983                  /gpfs/main/course/cs032/bin/jdk1.8.0_25/lib/amd64/jli/libjli.so
7f942f88d000-7f942fa8c000 ---p 00015000 00:14 174988983                  /gpfs/main/course/cs032/bin/jdk1.8.0_25/lib/amd64/jli/libjli.so
7f942fa8c000-7f942fa8d000 rw-p 00014000 00:14 174988983                  /gpfs/main/course/cs032/bin/jdk1.8.0_25/lib/amd64/jli/libjli.so
7f942fa8d000-7f942faa4000 r-xp 00000000 fe:00 9059                       /lib/x86_64-linux-gnu/libpthread-2.13.so
7f942faa4000-7f942fca3000 ---p 00017000 fe:00 9059                       /lib/x86_64-linux-gnu/libpthread-2.13.so
7f942fca3000-7f942fca4000 r--p 00016000 fe:00 9059                       /lib/x86_64-linux-gnu/libpthread-2.13.so
7f942fca4000-7f942fca5000 rw-p 00017000 fe:00 9059                       /lib/x86_64-linux-gnu/libpthread-2.13.so
7f942fca5000-7f942fca9000 rw-p 00000000 00:00 0 
7f942fca9000-7f942fcc9000 r-xp 00000000 fe:00 6232                       /lib/x86_64-linux-gnu/ld-2.13.so
7f942fcc9000-7f942fccb000 r--s 00000000 00:14 50783240                   /gpfs/main/course/cs032/bin/apache-maven-3.2.3/lib/plexus-component-annotations-1.5.5.jar
7f942fccb000-7f942fcce000 r--s 0000d000 00:14 49127297                   /gpfs/main/course/cs032/bin/apache-maven-3.2.3/lib/plexus-interpolation-1.19.jar
7f942fcce000-7f942fcd0000 r--s 00009000 00:14 50783375                   /gpfs/main/course/cs032/bin/apache-maven-3.2.3/lib/maven-settings-builder-3.2.3.jar
7f942fcd0000-7f942fcd3000 r--s 00025000 00:14 50783269                   /gpfs/main/course/cs032/bin/apache-maven-3.2.3/lib/maven-model-3.2.3.jar
7f942fcd3000-7f942fcdf000 r--s 00085000 00:14 49955830                   /gpfs/main/course/cs032/bin/apache-maven-3.2.3/lib/maven-core-3.2.3.jar
7f942fcdf000-7f942fce3000 r--s 0003a000 00:14 50783382                   /gpfs/main/course/cs032/bin/apache-maven-3.2.3/lib/plexus-utils-3.0.17.jar
7f942fce3000-7f942fd89000 r--s 00000000 00:0e 6607                       /run/nscd/dbI4eVsV (deleted)
7f942fd89000-7f942fd8c000 ---p 00000000 00:00 0 
7f942fd8c000-7f942fe8e000 rw-p 00000000 00:00 0 
7f942fe8e000-7f942fe8f000 r--s 00001000 00:14 50783425                   /gpfs/main/course/cs032/bin/apache-maven-3.2.3/lib/jsr250-api-1.0.jar
7f942fe8f000-7f942fe90000 r--s 00006000 00:14 50783328                   /gpfs/main/course/cs032/bin/apache-maven-3.2.3/lib/plexus-sec-dispatcher-1.3.jar
7f942fe90000-7f942fe92000 r--s 00009000 00:14 50783265                   /gpfs/main/course/cs032/bin/apache-maven-3.2.3/lib/maven-settings-3.2.3.jar
7f942fe92000-7f942fe94000 r--s 0000d000 00:14 49955724                   /gpfs/main/course/cs032/bin/apache-maven-3.2.3/lib/maven-embedder-3.2.3.jar
7f942fe94000-7f942febc000 rw-p 00000000 00:00 0 
7f942febc000-7f942fec4000 rw-s 00000000 fe:04 1842                       /tmp/hsperfdata_ggustafs/14994
7f942fec4000-7f942fec5000 rw-p 00000000 00:00 0 
7f942fec5000-7f942fec6000 r--p 00000000 00:00 0 
7f942fec6000-7f942fec8000 rw-p 00000000 00:00 0 
7f942fec8000-7f942fec9000 r--p 0001f000 fe:00 6232                       /lib/x86_64-linux-gnu/ld-2.13.so
7f942fec9000-7f942feca000 rw-p 00020000 fe:00 6232                       /lib/x86_64-linux-gnu/ld-2.13.so
7f942feca000-7f942fecb000 rw-p 00000000 00:00 0 
7ffc61109000-7ffc6112a000 rw-p 00000000 00:00 0                          [stack]
7ffc61137000-7ffc61138000 r-xp 00000000 00:00 0                          [vdso]
ffffffffff600000-ffffffffff601000 r-xp 00000000 00:00 0                  [vsyscall]

VM Arguments:
jvm_args: -Dclassworlds.conf=/course/cs032/bin/apache-maven-3.2.3/bin/m2.conf -Dmaven.home=/course/cs032/bin/apache-maven-3.2.3 
java_command: org.codehaus.plexus.classworlds.launcher.Launcher test
java_class_path (initial): /course/cs032/bin/apache-maven-3.2.3/boot/plexus-classworlds-2.5.1.jar
Launcher Type: SUN_STANDARD

Environment Variables:
JAVA_HOME=/course/cs032/bin/jdk1.8.0_25
PATH=/course/cs032/bin:/local/bin:/usr/local/bin:/bin:/usr/bin:/usr/X11R6/bin:/usr/games:/contrib/bin:/course/cs022/bin:/course/cs032/bin:/course/cs033/bin
SHELL=/bin/bash
DISPLAY=:0.0

Signal Handlers:
SIGSEGV: [libjvm.so+0xa79a80], sa_mask[0]=11111111011111111101111111111110, sa_flags=SA_RESTART|SA_SIGINFO
SIGBUS: [libjvm.so+0xa79a80], sa_mask[0]=11111111011111111101111111111110, sa_flags=SA_RESTART|SA_SIGINFO
SIGFPE: [libjvm.so+0x8e24e0], sa_mask[0]=11111111011111111101111111111110, sa_flags=SA_RESTART|SA_SIGINFO
SIGPIPE: [libjvm.so+0x8e24e0], sa_mask[0]=11111111011111111101111111111110, sa_flags=SA_RESTART|SA_SIGINFO
SIGXFSZ: [libjvm.so+0x8e24e0], sa_mask[0]=11111111011111111101111111111110, sa_flags=SA_RESTART|SA_SIGINFO
SIGILL: [libjvm.so+0x8e24e0], sa_mask[0]=11111111011111111101111111111110, sa_flags=SA_RESTART|SA_SIGINFO
SIGUSR1: SIG_DFL, sa_mask[0]=00000000000000000000000000000000, sa_flags=none
SIGUSR2: [libjvm.so+0x8e3d10], sa_mask[0]=00000000000000000000000000000000, sa_flags=SA_RESTART|SA_SIGINFO
SIGHUP: [libjvm.so+0x8e50d0], sa_mask[0]=11111111011111111101111111111110, sa_flags=SA_RESTART|SA_SIGINFO
SIGINT: [libjvm.so+0x8e50d0], sa_mask[0]=11111111011111111101111111111110, sa_flags=SA_RESTART|SA_SIGINFO
SIGTERM: [libjvm.so+0x8e50d0], sa_mask[0]=11111111011111111101111111111110, sa_flags=SA_RESTART|SA_SIGINFO
SIGQUIT: [libjvm.so+0x8e50d0], sa_mask[0]=11111111011111111101111111111110, sa_flags=SA_RESTART|SA_SIGINFO


---------------  S Y S T E M  ---------------

OS:PRETTY_NAME="Debian GNU/Linux 7 (wheezy)"
NAME="Debian GNU/Linux"
VERSION_ID="7"
VERSION="7 (wheezy)"
ID=debian
ANSI_COLOR="1;31"
HOME_URL="http://www.debian.org/"
SUPPORT_URL="http://www.debian.org/support/"
BUG_REPORT_URL="http://bugs.debian.org/"

uname:Linux 3.2.0-4-amd64 #1 SMP Debian 3.2.65-1+deb7u2 x86_64
libc:glibc 2.13 NPTL 2.13 
rlimit: STACK 8192k, CORE 0k, NPROC 63961, NOFILE 4096, AS infinity
load average:1.93 1.57 1.51

/proc/meminfo:
MemTotal:        8199880 kB
MemFree:          984948 kB
Buffers:          422736 kB
Cached:          3619684 kB
SwapCached:       263608 kB
Active:          4472348 kB
Inactive:        2218704 kB
Active(anon):    1822812 kB
Inactive(anon):   837352 kB
Active(file):    2649536 kB
Inactive(file):  1381352 kB
Unevictable:          16 kB
Mlocked:              16 kB
SwapTotal:       8388604 kB
SwapFree:        6554196 kB
Dirty:               284 kB
Writeback:             0 kB
AnonPages:       2423072 kB
Mapped:           198196 kB
Shmem:             11528 kB
Slab:             402700 kB
SReclaimable:     354080 kB
SUnreclaim:        48620 kB
KernelStack:        5704 kB
PageTables:        39268 kB
NFS_Unstable:          0 kB
Bounce:                0 kB
WritebackTmp:          0 kB
CommitLimit:    12488544 kB
Committed_AS:    7748924 kB
VmallocTotal:   34359738367 kB
VmallocUsed:      326568 kB
VmallocChunk:   34359407612 kB
HardwareCorrupted:     0 kB
AnonHugePages:         0 kB
HugePages_Total:       0
HugePages_Free:        0
HugePages_Rsvd:        0
HugePages_Surp:        0
Hugepagesize:       2048 kB
DirectMap4k:     5447232 kB
DirectMap2M:     2940928 kB


CPU:total 4 (4 cores per cpu, 1 threads per core) family 6 model 15 stepping 11, cmov, cx8, fxsr, mmx, sse, sse2, sse3, ssse3, tsc

/proc/cpuinfo:
processor	: 0
vendor_id	: GenuineIntel
cpu family	: 6
model		: 15
model name	: Intel(R) Core(TM)2 Quad CPU    Q6600  @ 2.40GHz
stepping	: 11
microcode	: 0xb6
cpu MHz		: 2400.095
cache size	: 4096 KB
physical id	: 0
siblings	: 4
core id		: 0
cpu cores	: 4
apicid		: 0
initial apicid	: 0
fpu		: yes
fpu_exception	: yes
cpuid level	: 10
wp		: yes
flags		: fpu vme de pse tsc msr pae mce cx8 apic sep mtrr pge mca cmov pat pse36 clflush dts acpi mmx fxsr sse sse2 ss ht tm pbe syscall nx lm constant_tsc arch_perfmon pebs bts rep_good nopl aperfmperf pni dtes64 monitor ds_cpl vmx est tm2 ssse3 cx16 xtpr pdcm lahf_lm dtherm tpr_shadow vnmi flexpriority
bogomips	: 4800.19
clflush size	: 64
cache_alignment	: 64
address sizes	: 36 bits physical, 48 bits virtual
power management:

processor	: 1
vendor_id	: GenuineIntel
cpu family	: 6
model		: 15
model name	: Intel(R) Core(TM)2 Quad CPU    Q6600  @ 2.40GHz
stepping	: 11
microcode	: 0xb6
cpu MHz		: 2400.095
cache size	: 4096 KB
physical id	: 0
siblings	: 4
core id		: 1
cpu cores	: 4
apicid		: 1
initial apicid	: 1
fpu		: yes
fpu_exception	: yes
cpuid level	: 10
wp		: yes
flags		: fpu vme de pse tsc msr pae mce cx8 apic sep mtrr pge mca cmov pat pse36 clflush dts acpi mmx fxsr sse sse2 ss ht tm pbe syscall nx lm constant_tsc arch_perfmon pebs bts rep_good nopl aperfmperf pni dtes64 monitor ds_cpl vmx est tm2 ssse3 cx16 xtpr pdcm lahf_lm dtherm tpr_shadow vnmi flexpriority
bogomips	: 4800.30
clflush size	: 64
cache_alignment	: 64
address sizes	: 36 bits physical, 48 bits virtual
power management:

processor	: 2
vendor_id	: GenuineIntel
cpu family	: 6
model		: 15
model name	: Intel(R) Core(TM)2 Quad CPU    Q6600  @ 2.40GHz
stepping	: 11
microcode	: 0xb6
cpu MHz		: 2400.095
cache size	: 4096 KB
physical id	: 0
siblings	: 4
core id		: 2
cpu cores	: 4
apicid		: 2
initial apicid	: 2
fpu		: yes
fpu_exception	: yes
cpuid level	: 10
wp		: yes
flags		: fpu vme de pse tsc msr pae mce cx8 apic sep mtrr pge mca cmov pat pse36 clflush dts acpi mmx fxsr sse sse2 ss ht tm pbe syscall nx lm constant_tsc arch_perfmon pebs bts rep_good nopl aperfmperf pni dtes64 monitor ds_cpl vmx est tm2 ssse3 cx16 xtpr pdcm lahf_lm dtherm tpr_shadow vnmi flexpriority
bogomips	: 4800.35
clflush size	: 64
cache_alignment	: 64
address sizes	: 36 bits physical, 48 bits virtual
power management:

processor	: 3
vendor_id	: GenuineIntel
cpu family	: 6
model		: 15
model name	: Intel(R) Core(TM)2 Quad CPU    Q6600  @ 2.40GHz
stepping	: 11
microcode	: 0xb6
cpu MHz		: 2400.095
cache size	: 4096 KB
physical id	: 0
siblings	: 4
core id		: 3
cpu cores	: 4
apicid		: 3
initial apicid	: 3
fpu		: yes
fpu_exception	: yes
cpuid level	: 10
wp		: yes
flags		: fpu vme de pse tsc msr pae mce cx8 apic sep mtrr pge mca cmov pat pse36 clflush dts acpi mmx fxsr sse sse2 ss ht tm pbe syscall nx lm constant_tsc arch_perfmon pebs bts rep_good nopl aperfmperf pni dtes64 monitor ds_cpl vmx est tm2 ssse3 cx16 xtpr pdcm lahf_lm dtherm tpr_shadow vnmi flexpriority
bogomips	: 4800.31
clflush size	: 64
cache_alignment	: 64
address sizes	: 36 bits physical, 48 bits virtual
power management:



Memory: 4k page, physical 8199880k(984948k free), swap 8388604k(6554196k free)

vm_info: Java HotSpot(TM) 64-Bit Server VM (25.25-b02) for linux-amd64 JRE (1.8.0_25-b17), built on Sep 17 2014 17:32:11 by "java_re" with gcc 4.3.0 20080428 (Red Hat 4.3.0-8)

time: Fri Apr 17 11:23:14 2015
elapsed time: 13 seconds (0d 0h 0m 13s)

