#
# A fatal error has been detected by the Java Runtime Environment:
#
#  SIGSEGV (0xb) at pc=0x00007f6334b19060, pid=6288, tid=140065411012352
#
# JRE version: Java(TM) SE Runtime Environment (8.0_25-b17) (build 1.8.0_25-b17)
# Java VM: Java HotSpot(TM) 64-Bit Server VM (25.25-b02 mixed mode linux-amd64 compressed oops)
# Problematic frame:
# C  0x00007f6334b19060
#
# Failed to write core dump. Core dumps have been disabled. To enable core dumping, try "ulimit -c unlimited" before starting Java again
#
# If you would like to submit a bug report, please visit:
#   http://bugreport.sun.com/bugreport/crash.jsp
#

---------------  T H R E A D  ---------------

Current thread (0x00000000009d9000):  JavaThread "main" [_thread_in_Java, id=6304, stack(0x00007f6385019000,0x00007f638511a000)]

siginfo: si_signo: 11 (SIGSEGV), si_code: 1 (SEGV_MAPERR), si_addr: 0x00007f6334b19060

Registers:
RAX=0x00007f636e251488, RBX=0x00007f636e251488, RCX=0x00000000d6556218, RDX=0x00007f6373b1b98d
RSP=0x00007f6385115d98, RBP=0x00007f6385115df8, RSI=0x00000000d6556218, RDI=0x0000000000000118
R8 =0x00007f63680843c0, R9 =0x00007f638469aaf5, R10=0x00007f6384550440, R11=0x00007f6373c1fce0
R12=0x0000000000000000, R13=0x00007f6385115db0, R14=0x00007f6385115e20, R15=0x00000000009d9000
RIP=0x00007f6334b19060, EFLAGS=0x0000000000010206, CSGSFS=0x0000000000000033, ERR=0x0000000000000014
  TRAPNO=0x000000000000000e

Top of Stack: (sp=0x00007f6385115d98)
0x00007f6385115d98:   00007f6373b1b98d 0000000000000003
0x00007f6385115da8:   00007f6373b1b98d 00000000d6556218
0x00007f6385115db8:   00007f6385115db8 00007f636e254139
0x00007f6385115dc8:   00007f6385115e20 00007f636e2e9f00
0x00007f6385115dd8:   0000000000000000 00007f636e254188
0x00007f6385115de8:   00007f6385115db0 00007f6385115e08
0x00007f6385115df8:   00007f6385115e70 00007f6373b1b98d
0x00007f6385115e08:   000000000000001c 0000000000000034
0x00007f6385115e18:   00000000d6549a50 00000000d6556218
0x00007f6385115e28:   00000000d6556218 00007f6385115e30
0x00007f6385115e38:   00007f636e256b84 00007f6385115e90
0x00007f6385115e48:   00007f636e2e9f00 0000000000000000
0x00007f6385115e58:   00007f636e256b98 00007f6385115e08
0x00007f6385115e68:   00007f6385115e88 00007f6385115ed8
0x00007f6385115e78:   00007f6373b1b710 000000000000001c
0x00007f6385115e88:   0000000000000034 00000000d6549a38
0x00007f6385115e98:   00007f6385115e98 00007f636e39afce
0x00007f6385115ea8:   00007f6385115ef0 00007f636e39d900
0x00007f6385115eb8:   0000000000000000 00007f636e39afe0
0x00007f6385115ec8:   00007f6385115e88 00007f6385115ef0
0x00007f6385115ed8:   00007f6385115f38 00007f6373b1b710
0x00007f6385115ee8:   0000000000000033 00000000d6556198
0x00007f6385115ef8:   00007f6385115ef8 00007f636e3a0307
0x00007f6385115f08:   00007f6385115f68 00007f636e3a25a8
0x00007f6385115f18:   0000000000000000 00007f636e3a0340
0x00007f6385115f28:   00007f6385115ef0 00007f6385115f60
0x00007f6385115f38:   00007f6385115fb0 00007f6373b1b3d0
0x00007f6385115f48:   0000000000000000 0000000000000000
0x00007f6385115f58:   0000000000000003 00000000d6556198
0x00007f6385115f68:   00000000d65296a8 00007f6385115f70
0x00007f6385115f78:   00007f636e39b9f5 00007f6385115fc8
0x00007f6385115f88:   00007f636e39d900 0000000000000000 

Instructions: (pc=0x00007f6334b19060)
0x00007f6334b19040:   
[error occurred during error reporting (printing registers, top of stack, instructions near pc), id 0xb]

Register to memory mapping:

RAX={method} {0x00007f636e251488} '<init>' '()V' in 'java/lang/Object'
RBX={method} {0x00007f636e251488} '<init>' '()V' in 'java/lang/Object'
RCX=0x00000000d6556218 is an oop
java.lang.String 
 - klass: 'java/lang/String'
RDX=0x00007f6373b1b98d is at code_begin+2093 in an Interpreter codelet
invoke return entry points  [0x00007f6373b1b160, 0x00007f6373b1ba60]  2304 bytes
RSP=0x00007f6385115d98 is pointing into the stack for thread: 0x00000000009d9000
RBP=0x00007f6385115df8 is pointing into the stack for thread: 0x00000000009d9000
RSI=0x00000000d6556218 is an oop
java.lang.String 
 - klass: 'java/lang/String'
RDI=0x0000000000000118 is an unknown value
R8 =0x00007f63680843c0 is an unknown value
R9 =0x00007f638469aaf5: <offset 0x121af5> in /lib/x86_64-linux-gnu/libc.so.6 at 0x00007f6384579000
R10=0x00007f6384550440: <offset 0xf5c440> in /gpfs/main/course/cs032/bin/jdk1.8.0_25/jre/lib/amd64/server/libjvm.so at 0x00007f63835f4000
R11=0x00007f6373c1fce0 is at entry_point+32 in (nmethod*)0x00007f6373c1fb50
R12=0x0000000000000000 is an unknown value
R13=0x00007f6385115db0 is pointing into the stack for thread: 0x00000000009d9000
R14=0x00007f6385115e20 is pointing into the stack for thread: 0x00000000009d9000
R15=0x00000000009d9000 is a thread


Stack: [0x00007f6385019000,0x00007f638511a000],  sp=0x00007f6385115d98,  free space=1011k
Native frames: (J=compiled Java code, j=interpreted, Vv=VM code, C=native code)
C  0x00007f6334b19060
j  java.lang.String.substring(I)Ljava/lang/String;+52
j  java.io.File.getName()Ljava/lang/String;+38
j  java.io.UnixFileSystem.getBooleanAttributes(Ljava/io/File;)I+7
j  java.io.File.exists()Z+29
j  sun.misc.FileURLMapper.exists()Z+21
j  sun.misc.URLClassPath$JarLoader.getJarFile(Ljava/net/URL;)Ljava/util/jar/JarFile;+18
j  sun.misc.URLClassPath$JarLoader.access$600(Lsun/misc/URLClassPath$JarLoader;Ljava/net/URL;)Ljava/util/jar/JarFile;+2
j  sun.misc.URLClassPath$JarLoader$1.run()Ljava/lang/Void;+55
j  sun.misc.URLClassPath$JarLoader$1.run()Ljava/lang/Object;+1
v  ~StubRoutines::call_stub
V  [libjvm.so+0x664086]  JavaCalls::call_helper(JavaValue*, methodHandle*, JavaCallArguments*, Thread*)+0x1056
V  [libjvm.so+0x6f8fec]  JVM_DoPrivileged+0x27c
j  java.security.AccessController.doPrivileged(Ljava/security/PrivilegedExceptionAction;)Ljava/lang/Object;+0
j  sun.misc.URLClassPath$JarLoader.ensureOpen()V+15
j  sun.misc.URLClassPath$JarLoader.<init>(Ljava/net/URL;Ljava/net/URLStreamHandler;Ljava/util/HashMap;)V+137
j  sun.misc.URLClassPath$3.run()Lsun/misc/URLClassPath$Loader;+82
j  sun.misc.URLClassPath$3.run()Ljava/lang/Object;+1
v  ~StubRoutines::call_stub
V  [libjvm.so+0x664086]  JavaCalls::call_helper(JavaValue*, methodHandle*, JavaCallArguments*, Thread*)+0x1056
V  [libjvm.so+0x6f8fec]  JVM_DoPrivileged+0x27c
j  java.security.AccessController.doPrivileged(Ljava/security/PrivilegedExceptionAction;)Ljava/lang/Object;+0
j  sun.misc.URLClassPath.getLoader(Ljava/net/URL;)Lsun/misc/URLClassPath$Loader;+9
j  sun.misc.URLClassPath.getLoader(I)Lsun/misc/URLClassPath$Loader;+87
j  sun.misc.URLClassPath.getResource(Ljava/lang/String;Z)Lsun/misc/Resource;+42
j  java.net.URLClassLoader$1.run()Ljava/lang/Class;+26
j  java.net.URLClassLoader$1.run()Ljava/lang/Object;+1
v  ~StubRoutines::call_stub
V  [libjvm.so+0x664086]  JavaCalls::call_helper(JavaValue*, methodHandle*, JavaCallArguments*, Thread*)+0x1056
V  [libjvm.so+0x6f8fec]  JVM_DoPrivileged+0x27c
j  java.security.AccessController.doPrivileged(Ljava/security/PrivilegedExceptionAction;Ljava/security/AccessControlContext;)Ljava/lang/Object;+0
j  java.net.URLClassLoader.findClass(Ljava/lang/String;)Ljava/lang/Class;+13
j  java.lang.ClassLoader.loadClass(Ljava/lang/String;Z)Ljava/lang/Class;+70
j  sun.misc.Launcher$AppClassLoader.loadClass(Ljava/lang/String;Z)Ljava/lang/Class;+36
j  java.lang.ClassLoader.loadClass(Ljava/lang/String;)Ljava/lang/Class;+3
j  sun.launcher.LauncherHelper.checkAndLoadMain(ZILjava/lang/String;)Ljava/lang/Class;+93
v  ~StubRoutines::call_stub
V  [libjvm.so+0x664086]  JavaCalls::call_helper(JavaValue*, methodHandle*, JavaCallArguments*, Thread*)+0x1056
V  [libjvm.so+0x6ab096]  jni_invoke_static(JNIEnv_*, JavaValue*, _jobject*, JNICallType, _jmethodID*, JNI_ArgumentPusher*, Thread*)+0x346
V  [libjvm.so+0x6b3695]  jni_CallStaticObjectMethod+0x175
C  [libjli.so+0x79c9]  JavaMain+0x6f9
C  [libpthread.so.0+0x6b50]  start_thread+0xd0


---------------  P R O C E S S  ---------------

Java Threads: ( => current thread )
  0x00007f636807d800 JavaThread "Service Thread" daemon [_thread_blocked, id=6316, stack(0x00007f636c777000,0x00007f636c878000)]
  0x00007f6368035000 JavaThread "C1 CompilerThread2" daemon [_thread_blocked, id=6315, stack(0x00007f636c878000,0x00007f636c979000)]
  0x00007f6368032800 JavaThread "C2 CompilerThread1" daemon [_thread_blocked, id=6314, stack(0x00007f636c979000,0x00007f636ca7a000)]
  0x00007f6368030000 JavaThread "C2 CompilerThread0" daemon [_thread_blocked, id=6313, stack(0x00007f636ca7a000,0x00007f636cb7b000)]
  0x00007f636802d800 JavaThread "Signal Dispatcher" daemon [_thread_blocked, id=6312, stack(0x00007f636cb7b000,0x00007f636cc7c000)]
  0x00007f6368001000 JavaThread "Finalizer" daemon [_thread_blocked, id=6311, stack(0x00007f636cc7c000,0x00007f636cd7d000)]
  0x0000000000a49800 JavaThread "Reference Handler" daemon [_thread_blocked, id=6310, stack(0x00007f636cd7d000,0x00007f636ce7e000)]
=>0x00000000009d9000 JavaThread "main" [_thread_in_Java, id=6304, stack(0x00007f6385019000,0x00007f638511a000)]

Other Threads:
  0x0000000000a42800 VMThread [stack: 0x00007f636ce7e000,0x00007f636cf7f000] [id=6309]
  0x00007f6368080800 WatcherThread [stack: 0x00007f636c676000,0x00007f636c777000] [id=6317]

VM state:not at safepoint (normal execution)

VM Mutex/Monitor currently owned by a thread: None

Heap:
 PSYoungGen      total 37888K, used 1310K [0x00000000d6500000, 0x00000000d8f00000, 0x0000000100000000)
  eden space 32768K, 4% used [0x00000000d6500000,0x00000000d6647b98,0x00000000d8500000)
  from space 5120K, 0% used [0x00000000d8a00000,0x00000000d8a00000,0x00000000d8f00000)
  to   space 5120K, 0% used [0x00000000d8500000,0x00000000d8500000,0x00000000d8a00000)
 ParOldGen       total 86016K, used 0K [0x0000000082e00000, 0x0000000088200000, 0x00000000d6500000)
  object space 86016K, 0% used [0x0000000082e00000,0x0000000082e00000,0x0000000088200000)
 Metaspace       used 2225K, capacity 4480K, committed 4480K, reserved 1056768K
  class space    used 243K, capacity 384K, committed 384K, reserved 1048576K

Card table byte_map: [0x00007f637336a000,0x00007f6373754000] byte_map_base: 0x00007f6372f53000

Marking Bits: (ParMarkBitMap*) 0x00007f638454e2c0
 Begin Bits: [0x00007f636ee3a000, 0x00007f6370d82000)
 End Bits:   [0x00007f6370d82000, 0x00007f6372cca000)

Polling page: 0x00007f6385155000

CodeCache: size=245760Kb used=1065Kb max_used=1070Kb free=244694Kb
 bounds [0x00007f6373b14000, 0x00007f6373d84000, 0x00007f6382b14000]
 total_blobs=227 nmethods=10 adapters=134
 compilation: enabled

Compilation events (10 events):
Event: 0.071 Thread 0x00007f6368035000    5       3       java.lang.Object::<init> (1 bytes)
Event: 0.071 Thread 0x00007f6368035000 nmethod 5 0x00007f6373c1fb50 code [0x00007f6373c1fcc0, 0x00007f6373c1fe10]
Event: 0.072 Thread 0x00007f6368035000    6       3       java.lang.String::length (6 bytes)
Event: 0.072 Thread 0x00007f6368035000 nmethod 6 0x00007f6373c1f450 code [0x00007f6373c1f5c0, 0x00007f6373c1f710]
Event: 0.072 Thread 0x00007f6368035000    8       3       java.lang.Math::min (11 bytes)
Event: 0.072 Thread 0x00007f6368035000 nmethod 8 0x00007f6373c1f0d0 code [0x00007f6373c1f240, 0x00007f6373c1f3d0]
Event: 0.072 Thread 0x00007f6368035000    9       3       java.lang.AbstractStringBuilder::ensureCapacityInternal (16 bytes)
Event: 0.073 Thread 0x00007f6368035000 nmethod 9 0x00007f6373c1ec50 code [0x00007f6373c1edc0, 0x00007f6373c1f008]
Event: 0.073 Thread 0x00007f6368035000   10       1       java.lang.Object::<init> (1 bytes)
Event: 0.073 Thread 0x00007f6368035000 nmethod 10 0x00007f6373c1e990 code [0x00007f6373c1eae0, 0x00007f6373c1ebf0]

GC Heap History (0 events):
No events

Deoptimization events (0 events):
No events

Internal exceptions (3 events):
Event: 0.033 Thread 0x00000000009d9000 Exception <a 'java/lang/NoSuchMethodError': Method sun.misc.Unsafe.defineClass(Ljava/lang/String;[BII)Ljava/lang/Class; name or signature does not match> (0x00000000d6511b60) thrown at [/HUDSON/workspace/8-2-build-linux-amd64/jdk8u25/1514/hotspot/src/shar
Event: 0.033 Thread 0x00000000009d9000 Exception <a 'java/lang/NoSuchMethodError': Method sun.misc.Unsafe.prefetchRead(Ljava/lang/Object;J)V name or signature does not match> (0x00000000d6511df0) thrown at [/HUDSON/workspace/8-2-build-linux-amd64/jdk8u25/1514/hotspot/src/share/vm/prims/jni.cpp
Event: 0.072 Thread 0x00000000009d9000 Exception <a 'java/security/PrivilegedActionException'> (0x00000000d65555d0) thrown at [/HUDSON/workspace/8-2-build-linux-amd64/jdk8u25/1514/hotspot/src/share/vm/prims/jvm.cpp, line 1312]

Events (10 events):
Event: 0.071 loading class java/util/zip/ZipFile$1
Event: 0.071 loading class sun/misc/JavaUtilZipFileAccess
Event: 0.071 loading class sun/misc/JavaUtilZipFileAccess done
Event: 0.071 loading class java/util/zip/ZipFile$1 done
Event: 0.072 loading class java/security/PrivilegedActionException
Event: 0.072 loading class java/security/PrivilegedActionException done
Event: 0.072 loading class sun/misc/URLClassPath$JarLoader$1
Event: 0.072 loading class sun/misc/URLClassPath$JarLoader$1 done
Event: 0.073 loading class sun/misc/FileURLMapper
Event: 0.073 loading class sun/misc/FileURLMapper done


Dynamic libraries:
00400000-00401000 r-xp 00000000 00:14 138267735                          /gpfs/main/course/cs032/bin/jdk1.8.0_25/bin/java
00600000-00601000 rw-p 00000000 00:14 138267735                          /gpfs/main/course/cs032/bin/jdk1.8.0_25/bin/java
009d0000-00a7a000 rw-p 00000000 00:00 0                                  [heap]
82e00000-88200000 rw-p 00000000 00:00 0 
88200000-d6500000 ---p 00000000 00:00 0 
d6500000-d8f00000 rw-p 00000000 00:00 0 
d8f00000-100000000 ---p 00000000 00:00 0 
100000000-100060000 rw-p 00000000 00:00 0 
100060000-140000000 ---p 00000000 00:00 0 
7f6360000000-7f6360036000 rw-p 00000000 00:00 0 
7f6360036000-7f6364000000 ---p 00000000 00:00 0 
7f6368000000-7f636809a000 rw-p 00000000 00:00 0 
7f636809a000-7f636c000000 ---p 00000000 00:00 0 
7f636c3f0000-7f636c676000 rw-p 00000000 00:00 0 
7f636c676000-7f636c677000 ---p 00000000 00:00 0 
7f636c677000-7f636c777000 rw-p 00000000 00:00 0 
7f636c777000-7f636c77a000 ---p 00000000 00:00 0 
7f636c77a000-7f636c878000 rw-p 00000000 00:00 0 
7f636c878000-7f636c87b000 ---p 00000000 00:00 0 
7f636c87b000-7f636c979000 rw-p 00000000 00:00 0 
7f636c979000-7f636c97c000 ---p 00000000 00:00 0 
7f636c97c000-7f636ca7a000 rw-p 00000000 00:00 0 
7f636ca7a000-7f636ca7d000 ---p 00000000 00:00 0 
7f636ca7d000-7f636cb7b000 rw-p 00000000 00:00 0 
7f636cb7b000-7f636cb7e000 ---p 00000000 00:00 0 
7f636cb7e000-7f636cc7c000 rw-p 00000000 00:00 0 
7f636cc7c000-7f636cc7f000 ---p 00000000 00:00 0 
7f636cc7f000-7f636cd7d000 rw-p 00000000 00:00 0 
7f636cd7d000-7f636cd80000 ---p 00000000 00:00 0 
7f636cd80000-7f636ce7e000 rw-p 00000000 00:00 0 
7f636ce7e000-7f636ce7f000 ---p 00000000 00:00 0 
7f636ce7f000-7f636df82000 rw-p 00000000 00:00 0 
7f636df82000-7f636e158000 r--s 03caa000 00:14 136611550                  /gpfs/main/course/cs032/bin/jdk1.8.0_25/jre/lib/rt.jar
7f636e158000-7f636e651000 rw-p 00000000 00:00 0 
7f636e651000-7f636ea51000 ---p 00000000 00:00 0 
7f636ea51000-7f6372cca000 rw-p 00000000 00:00 0 
7f6372cca000-7f6372ccb000 ---p 00000000 00:00 0 
7f6372ccb000-7f6372dcb000 rw-p 00000000 00:00 0 
7f6372dcb000-7f6372dcc000 ---p 00000000 00:00 0 
7f6372dcc000-7f6372ecc000 rw-p 00000000 00:00 0 
7f6372ecc000-7f6372ecd000 ---p 00000000 00:00 0 
7f6372ecd000-7f6372fcd000 rw-p 00000000 00:00 0 
7f6372fcd000-7f6372fce000 ---p 00000000 00:00 0 
7f6372fce000-7f63730f8000 rw-p 00000000 00:00 0 
7f63730f8000-7f637336a000 ---p 00000000 00:00 0 
7f637336a000-7f6373394000 rw-p 00000000 00:00 0 
7f6373394000-7f6373605000 ---p 00000000 00:00 0 
7f6373605000-7f637361b000 rw-p 00000000 00:00 0 
7f637361b000-7f6373753000 ---p 00000000 00:00 0 
7f6373753000-7f637375e000 rw-p 00000000 00:00 0 
7f637375e000-7f6373b14000 ---p 00000000 00:00 0 
7f6373b14000-7f6373d84000 rwxp 00000000 00:00 0 
7f6373d84000-7f6382b14000 ---p 00000000 00:00 0 
7f6382b14000-7f6382b2e000 r-xp 00000000 00:14 136610880                  /gpfs/main/course/cs032/bin/jdk1.8.0_25/jre/lib/amd64/libzip.so
7f6382b2e000-7f6382d2e000 ---p 0001a000 00:14 136610880                  /gpfs/main/course/cs032/bin/jdk1.8.0_25/jre/lib/amd64/libzip.so
7f6382d2e000-7f6382d2f000 rw-p 0001a000 00:14 136610880                  /gpfs/main/course/cs032/bin/jdk1.8.0_25/jre/lib/amd64/libzip.so
7f6382d2f000-7f6382d59000 r-xp 00000000 00:14 136610822                  /gpfs/main/course/cs032/bin/jdk1.8.0_25/jre/lib/amd64/libjava.so
7f6382d59000-7f6382f59000 ---p 0002a000 00:14 136610822                  /gpfs/main/course/cs032/bin/jdk1.8.0_25/jre/lib/amd64/libjava.so
7f6382f59000-7f6382f5b000 rw-p 0002a000 00:14 136610822                  /gpfs/main/course/cs032/bin/jdk1.8.0_25/jre/lib/amd64/libjava.so
7f6382f5b000-7f6382f68000 r-xp 00000000 00:14 136610855                  /gpfs/main/course/cs032/bin/jdk1.8.0_25/jre/lib/amd64/libverify.so
7f6382f68000-7f6383168000 ---p 0000d000 00:14 136610855                  /gpfs/main/course/cs032/bin/jdk1.8.0_25/jre/lib/amd64/libverify.so
7f6383168000-7f638316a000 rw-p 0000d000 00:14 136610855                  /gpfs/main/course/cs032/bin/jdk1.8.0_25/jre/lib/amd64/libverify.so
7f638316a000-7f6383171000 r-xp 00000000 fe:00 7878                       /lib/x86_64-linux-gnu/librt-2.13.so
7f6383171000-7f6383370000 ---p 00007000 fe:00 7878                       /lib/x86_64-linux-gnu/librt-2.13.so
7f6383370000-7f6383371000 r--p 00006000 fe:00 7878                       /lib/x86_64-linux-gnu/librt-2.13.so
7f6383371000-7f6383372000 rw-p 00007000 fe:00 7878                       /lib/x86_64-linux-gnu/librt-2.13.so
7f6383372000-7f63833f3000 r-xp 00000000 fe:00 2581                       /lib/x86_64-linux-gnu/libm-2.13.so
7f63833f3000-7f63835f2000 ---p 00081000 fe:00 2581                       /lib/x86_64-linux-gnu/libm-2.13.so
7f63835f2000-7f63835f3000 r--p 00080000 fe:00 2581                       /lib/x86_64-linux-gnu/libm-2.13.so
7f63835f3000-7f63835f4000 rw-p 00081000 fe:00 2581                       /lib/x86_64-linux-gnu/libm-2.13.so
7f63835f4000-7f6384261000 r-xp 00000000 00:14 136611394                  /gpfs/main/course/cs032/bin/jdk1.8.0_25/jre/lib/amd64/server/libjvm.so
7f6384261000-7f6384460000 ---p 00c6d000 00:14 136611394                  /gpfs/main/course/cs032/bin/jdk1.8.0_25/jre/lib/amd64/server/libjvm.so
7f6384460000-7f6384536000 rw-p 00c6c000 00:14 136611394                  /gpfs/main/course/cs032/bin/jdk1.8.0_25/jre/lib/amd64/server/libjvm.so
7f6384536000-7f6384579000 rw-p 00000000 00:00 0 
7f6384579000-7f63846fa000 r-xp 00000000 fe:00 2627                       /lib/x86_64-linux-gnu/libc-2.13.so
7f63846fa000-7f63848fa000 ---p 00181000 fe:00 2627                       /lib/x86_64-linux-gnu/libc-2.13.so
7f63848fa000-7f63848fe000 r--p 00181000 fe:00 2627                       /lib/x86_64-linux-gnu/libc-2.13.so
7f63848fe000-7f63848ff000 rw-p 00185000 fe:00 2627                       /lib/x86_64-linux-gnu/libc-2.13.so
7f63848ff000-7f6384904000 rw-p 00000000 00:00 0 
7f6384904000-7f6384906000 r-xp 00000000 fe:00 6151                       /lib/x86_64-linux-gnu/libdl-2.13.so
7f6384906000-7f6384b06000 ---p 00002000 fe:00 6151                       /lib/x86_64-linux-gnu/libdl-2.13.so
7f6384b06000-7f6384b07000 r--p 00002000 fe:00 6151                       /lib/x86_64-linux-gnu/libdl-2.13.so
7f6384b07000-7f6384b08000 rw-p 00003000 fe:00 6151                       /lib/x86_64-linux-gnu/libdl-2.13.so
7f6384b08000-7f6384b1d000 r-xp 00000000 00:14 174988983                  /gpfs/main/course/cs032/bin/jdk1.8.0_25/lib/amd64/jli/libjli.so
7f6384b1d000-7f6384d1c000 ---p 00015000 00:14 174988983                  /gpfs/main/course/cs032/bin/jdk1.8.0_25/lib/amd64/jli/libjli.so
7f6384d1c000-7f6384d1d000 rw-p 00014000 00:14 174988983                  /gpfs/main/course/cs032/bin/jdk1.8.0_25/lib/amd64/jli/libjli.so
7f6384d1d000-7f6384d34000 r-xp 00000000 fe:00 7917                       /lib/x86_64-linux-gnu/libpthread-2.13.so
7f6384d34000-7f6384f33000 ---p 00017000 fe:00 7917                       /lib/x86_64-linux-gnu/libpthread-2.13.so
7f6384f33000-7f6384f34000 r--p 00016000 fe:00 7917                       /lib/x86_64-linux-gnu/libpthread-2.13.so
7f6384f34000-7f6384f35000 rw-p 00017000 fe:00 7917                       /lib/x86_64-linux-gnu/libpthread-2.13.so
7f6384f35000-7f6384f39000 rw-p 00000000 00:00 0 
7f6384f39000-7f6384f59000 r-xp 00000000 fe:00 7256                       /lib/x86_64-linux-gnu/ld-2.13.so
7f6384f96000-7f6385019000 r--s 00000000 00:0e 6910                       /run/nscd/dbKh1jFa (deleted)
7f6385019000-7f638501c000 ---p 00000000 00:00 0 
7f638501c000-7f638511e000 rw-p 00000000 00:00 0 
7f6385124000-7f638514c000 rw-p 00000000 00:00 0 
7f638514c000-7f6385154000 rw-s 00000000 fe:04 48                         /tmp/hsperfdata_ajb7/6288
7f6385154000-7f6385155000 rw-p 00000000 00:00 0 
7f6385155000-7f6385156000 r--p 00000000 00:00 0 
7f6385156000-7f6385158000 rw-p 00000000 00:00 0 
7f6385158000-7f6385159000 r--p 0001f000 fe:00 7256                       /lib/x86_64-linux-gnu/ld-2.13.so
7f6385159000-7f638515a000 rw-p 00020000 fe:00 7256                       /lib/x86_64-linux-gnu/ld-2.13.so
7f638515a000-7f638515b000 rw-p 00000000 00:00 0 
7ffcdb400000-7ffcdb421000 rw-p 00000000 00:00 0                          [stack]
7ffcdb52e000-7ffcdb52f000 r-xp 00000000 00:00 0                          [vdso]
ffffffffff600000-ffffffffff601000 r-xp 00000000 00:00 0                  [vsyscall]

VM Arguments:
jvm_args: -Dclassworlds.conf=/course/cs032/bin/apache-maven-3.2.3/bin/m2.conf -Dmaven.home=/course/cs032/bin/apache-maven-3.2.3 
java_command: org.codehaus.plexus.classworlds.launcher.Launcher package
java_class_path (initial): /course/cs032/bin/apache-maven-3.2.3/boot/plexus-classworlds-2.5.1.jar
Launcher Type: SUN_STANDARD

Environment Variables:
JAVA_HOME=/gpfs/main/course/cs032/bin/jdk1.8.0_25
PATH=/course/cs032/bin:/local/bin:/usr/local/bin:/bin:/usr/bin:/usr/X11R6/bin:/usr/games:/contrib/bin:/course/cs032/bin:/course/cs141/bin:/course/cs146/bin:/course/cs033/bin
SHELL=/bin/bash
DISPLAY=:0.0

Signal Handlers:
SIGSEGV: [libjvm.so+0xa79a80], sa_mask[0]=11111111011111111101111111111110, sa_flags=SA_RESTART|SA_SIGINFO
SIGBUS: [libjvm.so+0xa79a80], sa_mask[0]=11111111011111111101111111111110, sa_flags=SA_RESTART|SA_SIGINFO
SIGFPE: [libjvm.so+0x8e24e0], sa_mask[0]=11111111011111111101111111111110, sa_flags=SA_RESTART|SA_SIGINFO
SIGPIPE: [libjvm.so+0x8e24e0], sa_mask[0]=11111111011111111101111111111110, sa_flags=SA_RESTART|SA_SIGINFO
SIGXFSZ: [libjvm.so+0x8e24e0], sa_mask[0]=11111111011111111101111111111110, sa_flags=SA_RESTART|SA_SIGINFO
SIGILL: [libjvm.so+0x8e24e0], sa_mask[0]=11111111011111111101111111111110, sa_flags=SA_RESTART|SA_SIGINFO
SIGUSR1: SIG_DFL, sa_mask[0]=00000000000000000000000000000000, sa_flags=none
SIGUSR2: [libjvm.so+0x8e3d10], sa_mask[0]=00000000000000000000000000000000, sa_flags=SA_RESTART|SA_SIGINFO
SIGHUP: [libjvm.so+0x8e50d0], sa_mask[0]=11111111011111111101111111111110, sa_flags=SA_RESTART|SA_SIGINFO
SIGINT: [libjvm.so+0x8e50d0], sa_mask[0]=11111111011111111101111111111110, sa_flags=SA_RESTART|SA_SIGINFO
SIGTERM: [libjvm.so+0x8e50d0], sa_mask[0]=11111111011111111101111111111110, sa_flags=SA_RESTART|SA_SIGINFO
SIGQUIT: [libjvm.so+0x8e50d0], sa_mask[0]=11111111011111111101111111111110, sa_flags=SA_RESTART|SA_SIGINFO


---------------  S Y S T E M  ---------------

OS:PRETTY_NAME="Debian GNU/Linux 7 (wheezy)"
NAME="Debian GNU/Linux"
VERSION_ID="7"
VERSION="7 (wheezy)"
ID=debian
ANSI_COLOR="1;31"
HOME_URL="http://www.debian.org/"
SUPPORT_URL="http://www.debian.org/support/"
BUG_REPORT_URL="http://bugs.debian.org/"

uname:Linux 3.2.0-4-amd64 #1 SMP Debian 3.2.68-1+deb7u1 x86_64
libc:glibc 2.13 NPTL 2.13 
rlimit: STACK 8192k, CORE 0k, NPROC 63961, NOFILE 4096, AS infinity
load average:0.29 0.31 0.30

/proc/meminfo:
MemTotal:        8199880 kB
MemFree:         3581552 kB
Buffers:          111072 kB
Cached:          1571944 kB
SwapCached:            0 kB
Active:          3314004 kB
Inactive:        1081720 kB
Active(anon):    2713100 kB
Inactive(anon):    64712 kB
Active(file):     600904 kB
Inactive(file):  1017008 kB
Unevictable:          32 kB
Mlocked:              32 kB
SwapTotal:       8388604 kB
SwapFree:        8388604 kB
Dirty:               168 kB
Writeback:             0 kB
AnonPages:       2712736 kB
Mapped:           342000 kB
Shmem:             65124 kB
Slab:             106172 kB
SReclaimable:      73072 kB
SUnreclaim:        33100 kB
KernelStack:        4440 kB
PageTables:        34268 kB
NFS_Unstable:         36 kB
Bounce:                0 kB
WritebackTmp:          0 kB
CommitLimit:    12488544 kB
Committed_AS:    5344928 kB
VmallocTotal:   34359738367 kB
VmallocUsed:      326568 kB
VmallocChunk:   34359407612 kB
HardwareCorrupted:     0 kB
AnonHugePages:         0 kB
HugePages_Total:       0
HugePages_Free:        0
HugePages_Rsvd:        0
HugePages_Surp:        0
Hugepagesize:       2048 kB
DirectMap4k:      144960 kB
DirectMap2M:     8243200 kB


CPU:total 4 (4 cores per cpu, 1 threads per core) family 6 model 15 stepping 11, cmov, cx8, fxsr, mmx, sse, sse2, sse3, ssse3, tsc

/proc/cpuinfo:
processor	: 0
vendor_id	: GenuineIntel
cpu family	: 6
model		: 15
model name	: Intel(R) Core(TM)2 Quad CPU    Q6600  @ 2.40GHz
stepping	: 11
microcode	: 0xb6
cpu MHz		: 2400.488
cache size	: 4096 KB
physical id	: 0
siblings	: 4
core id		: 0
cpu cores	: 4
apicid		: 0
initial apicid	: 0
fpu		: yes
fpu_exception	: yes
cpuid level	: 10
wp		: yes
flags		: fpu vme de pse tsc msr pae mce cx8 apic sep mtrr pge mca cmov pat pse36 clflush dts acpi mmx fxsr sse sse2 ss ht tm pbe syscall nx lm constant_tsc arch_perfmon pebs bts rep_good nopl aperfmperf pni dtes64 monitor ds_cpl vmx est tm2 ssse3 cx16 xtpr pdcm lahf_lm dtherm tpr_shadow vnmi flexpriority
bogomips	: 4800.97
clflush size	: 64
cache_alignment	: 64
address sizes	: 36 bits physical, 48 bits virtual
power management:

processor	: 1
vendor_id	: GenuineIntel
cpu family	: 6
model		: 15
model name	: Intel(R) Core(TM)2 Quad CPU    Q6600  @ 2.40GHz
stepping	: 11
microcode	: 0xb6
cpu MHz		: 2400.488
cache size	: 4096 KB
physical id	: 0
siblings	: 4
core id		: 1
cpu cores	: 4
apicid		: 1
initial apicid	: 1
fpu		: yes
fpu_exception	: yes
cpuid level	: 10
wp		: yes
flags		: fpu vme de pse tsc msr pae mce cx8 apic sep mtrr pge mca cmov pat pse36 clflush dts acpi mmx fxsr sse sse2 ss ht tm pbe syscall nx lm constant_tsc arch_perfmon pebs bts rep_good nopl aperfmperf pni dtes64 monitor ds_cpl vmx est tm2 ssse3 cx16 xtpr pdcm lahf_lm dtherm tpr_shadow vnmi flexpriority
bogomips	: 4800.23
clflush size	: 64
cache_alignment	: 64
address sizes	: 36 bits physical, 48 bits virtual
power management:

processor	: 2
vendor_id	: GenuineIntel
cpu family	: 6
model		: 15
model name	: Intel(R) Core(TM)2 Quad CPU    Q6600  @ 2.40GHz
stepping	: 11
microcode	: 0xb6
cpu MHz		: 2400.488
cache size	: 4096 KB
physical id	: 0
siblings	: 4
core id		: 2
cpu cores	: 4
apicid		: 2
initial apicid	: 2
fpu		: yes
fpu_exception	: yes
cpuid level	: 10
wp		: yes
flags		: fpu vme de pse tsc msr pae mce cx8 apic sep mtrr pge mca cmov pat pse36 clflush dts acpi mmx fxsr sse sse2 ss ht tm pbe syscall nx lm constant_tsc arch_perfmon pebs bts rep_good nopl aperfmperf pni dtes64 monitor ds_cpl vmx est tm2 ssse3 cx16 xtpr pdcm lahf_lm dtherm tpr_shadow vnmi flexpriority
bogomips	: 4800.29
clflush size	: 64
cache_alignment	: 64
address sizes	: 36 bits physical, 48 bits virtual
power management:

processor	: 3
vendor_id	: GenuineIntel
cpu family	: 6
model		: 15
model name	: Intel(R) Core(TM)2 Quad CPU    Q6600  @ 2.40GHz
stepping	: 11
microcode	: 0xb6
cpu MHz		: 2400.488
cache size	: 4096 KB
physical id	: 0
siblings	: 4
core id		: 3
cpu cores	: 4
apicid		: 3
initial apicid	: 3
fpu		: yes
fpu_exception	: yes
cpuid level	: 10
wp		: yes
flags		: fpu vme de pse tsc msr pae mce cx8 apic sep mtrr pge mca cmov pat pse36 clflush dts acpi mmx fxsr sse sse2 ss ht tm pbe syscall nx lm constant_tsc arch_perfmon pebs bts rep_good nopl aperfmperf pni dtes64 monitor ds_cpl vmx est tm2 ssse3 cx16 xtpr pdcm lahf_lm dtherm tpr_shadow vnmi flexpriority
bogomips	: 4800.25
clflush size	: 64
cache_alignment	: 64
address sizes	: 36 bits physical, 48 bits virtual
power management:



Memory: 4k page, physical 8199880k(3581304k free), swap 8388604k(8388604k free)

vm_info: Java HotSpot(TM) 64-Bit Server VM (25.25-b02) for linux-amd64 JRE (1.8.0_25-b17), built on Sep 17 2014 17:32:11 by "java_re" with gcc 4.3.0 20080428 (Red Hat 4.3.0-8)

time: Thu Apr 30 23:40:36 2015
elapsed time: 0 seconds (0d 0h 0m 0s)

