#
# A fatal error has been detected by the Java Runtime Environment:
#
#  SIGSEGV (0xb) at pc=0x00007f490e077060, pid=22746, tid=139953093179136
#
# JRE version: Java(TM) SE Runtime Environment (8.0_25-b17) (build 1.8.0_25-b17)
# Java VM: Java HotSpot(TM) 64-Bit Server VM (25.25-b02 mixed mode linux-amd64 compressed oops)
# Problematic frame:
# C  0x00007f490e077060
#
# Failed to write core dump. Core dumps have been disabled. To enable core dumping, try "ulimit -c unlimited" before starting Java again
#
# If you would like to submit a bug report, please visit:
#   http://bugreport.sun.com/bugreport/crash.jsp
#

---------------  T H R E A D  ---------------

Current thread (0x0000000000972000):  JavaThread "main" [_thread_in_Java, id=22771, stack(0x00007f495e577000,0x00007f495e678000)]

siginfo: si_signo: 11 (SIGSEGV), si_code: 1 (SEGV_MAPERR), si_addr: 0x00007f490e077060

Registers:
RAX=0x00007f4940e7b510, RBX=0x00007f4940e7b510, RCX=0x00000000d6ec5758, RDX=0x00000000d898b708
RSP=0x00007f495e674568, RBP=0x00007f495e6745c8, RSI=0x00000000d6ec5758, RDI=0x0000000000972000
R8 =0x0000000000000000, R9 =0x0000000000000009, R10=0x00007f495daae440, R11=0x00007f494da44fe0
R12=0x0000000000000000, R13=0x00007f495e674578, R14=0x0000000000000000, R15=0x0000000000972000
RIP=0x00007f490e077060, EFLAGS=0x0000000000010202, CSGSFS=0x0000000000000033, ERR=0x0000000000000014
  TRAPNO=0x000000000000000e

Top of Stack: (sp=0x00007f495e674568)
0x00007f495e674568:   00007f494d079710 00007f494d079710
0x00007f495e674578:   00000000d898b708 00000000d6ec5758
0x00007f495e674588:   00007f495e674588 00007f4940f00376
0x00007f495e674598:   00007f495e674600 00007f4940f14a80
0x00007f495e6745a8:   0000000000000000 00007f4940f003d8
0x00007f495e6745b8:   00007f495e674578 00007f495e6745e0
0x00007f495e6745c8:   00007f495e674648 00007f494d079710
0x00007f495e6745d8:   0000000000000000 00000000d6eb9678
0x00007f495e6745e8:   00000000d898b708 00000000d6eb8418
0x00007f495e6745f8:   00000000d7918928 00000000d8985300
0x00007f495e674608:   00007f495e674608 00007f4940f0064e
0x00007f495e674618:   00007f495e674680 00007f4940f14a80
0x00007f495e674628:   0000000000000000 00007f4940f00678
0x00007f495e674638:   00007f495e6745e0 00007f495e674660
0x00007f495e674648:   00007f495e6746c8 00007f494d079710
0x00007f495e674658:   0000000000000000 00000000d6eb9678
0x00007f495e674668:   00000000d898b708 00000000d6eb8418
0x00007f495e674678:   00000000d7918928 00000000d8985300
0x00007f495e674688:   00007f495e674688 00007f4940f004eb
0x00007f495e674698:   00007f495e674718 00007f4940f14a80
0x00007f495e6746a8:   0000000000000000 00007f4940f00560
0x00007f495e6746b8:   00007f495e674660 00007f495e6746f8
0x00007f495e6746c8:   00007f495e674760 00007f494d079710
0x00007f495e6746d8:   00000000d78cf928 000000008343a948
0x00007f495e6746e8:   00000000835666e0 00000000835666e0
0x00007f495e6746f8:   00000000d6eb83c8 00000000d898b708
0x00007f495e674708:   00000000d6eb8418 00000000d7918928
0x00007f495e674718:   00000000d8985300 00007f495e674720
0x00007f495e674728:   00007f4940f009f8 00007f495e6747b0
0x00007f495e674738:   00007f4940f14a80 0000000000000000
0x00007f495e674748:   00007f4940f00b60 00007f495e6746f8
0x00007f495e674758:   00007f495e6747a0 00007f495e6747f8 

Instructions: (pc=0x00007f490e077060)
0x00007f490e077040:   
[error occurred during error reporting (printing registers, top of stack, instructions near pc), id 0xb]

Register to memory mapping:

RAX={method} {0x00007f4940e7b510} 'lookup' '(Lcom/sun/tools/javac/util/Name;)Lcom/sun/tools/javac/code/Scope$Entry;' in 'com/sun/tools/javac/code/Scope'
RBX={method} {0x00007f4940e7b510} 'lookup' '(Lcom/sun/tools/javac/util/Name;)Lcom/sun/tools/javac/code/Scope$Entry;' in 'com/sun/tools/javac/code/Scope'
RCX=0x00000000d6ec5758 is an oop
com.sun.tools.javac.code.Scope 
 - klass: 'com/sun/tools/javac/code/Scope'
RDX=0x00000000d898b708 is an oop
com.sun.tools.javac.util.SharedNameTable$NameImpl 
 - klass: 'com/sun/tools/javac/util/SharedNameTable$NameImpl'
RSP=0x00007f495e674568 is pointing into the stack for thread: 0x0000000000972000
RBP=0x00007f495e6745c8 is pointing into the stack for thread: 0x0000000000972000
RSI=0x00000000d6ec5758 is an oop
com.sun.tools.javac.code.Scope 
 - klass: 'com/sun/tools/javac/code/Scope'
RDI=0x0000000000972000 is a thread
R8 =0x0000000000000000 is an unknown value
R9 =0x0000000000000009 is an unknown value
R10=0x00007f495daae440: <offset 0xf5c440> in /gpfs/main/course/cs032/bin/jdk1.8.0_25/jre/lib/amd64/server/libjvm.so at 0x00007f495cb52000
R11=0x00007f494da44fe0 is at entry_point+32 in (nmethod*)0x00007f494da44e50
R12=0x0000000000000000 is an unknown value
R13=0x00007f495e674578 is pointing into the stack for thread: 0x0000000000972000
R14=0x0000000000000000 is an unknown value
R15=0x0000000000972000 is a thread


Stack: [0x00007f495e577000,0x00007f495e678000],  sp=0x00007f495e674568,  free space=1013k
Native frames: (J=compiled Java code, j=interpreted, Vv=VM code, C=native code)
C  0x00007f490e077060
j  com.sun.tools.javac.comp.Resolve.findMemberType(Lcom/sun/tools/javac/comp/Env;Lcom/sun/tools/javac/code/Type;Lcom/sun/tools/javac/util/Name;Lcom/sun/tools/javac/code/Symbol$TypeSymbol;)Lcom/sun/tools/javac/code/Symbol;+6
j  com.sun.tools.javac.comp.Resolve.findInheritedMemberType(Lcom/sun/tools/javac/comp/Env;Lcom/sun/tools/javac/code/Type;Lcom/sun/tools/javac/util/Name;Lcom/sun/tools/javac/code/Symbol$TypeSymbol;)Lcom/sun/tools/javac/code/Symbol;+115
j  com.sun.tools.javac.comp.Resolve.findType(Lcom/sun/tools/javac/comp/Env;Lcom/sun/tools/javac/util/Name;)Lcom/sun/tools/javac/code/Symbol;+152
j  com.sun.tools.javac.comp.Resolve.findIdent(Lcom/sun/tools/javac/comp/Env;Lcom/sun/tools/javac/util/Name;I)Lcom/sun/tools/javac/code/Symbol;+57
j  com.sun.tools.javac.comp.Resolve.resolveIdent(Lcom/sun/tools/javac/util/JCDiagnostic$DiagnosticPosition;Lcom/sun/tools/javac/comp/Env;Lcom/sun/tools/javac/util/Name;I)Lcom/sun/tools/javac/code/Symbol;+6
j  com.sun.tools.javac.comp.Attr.visitIdent(Lcom/sun/tools/javac/tree/JCTree$JCIdent;)V+123
J 3127 C1 com.sun.tools.javac.tree.JCTree$JCIdent.accept(Lcom/sun/tools/javac/tree/JCTree$Visitor;)V (6 bytes) @ 0x00007f494d378e0c [0x00007f494d378d00+0x10c]
J 3106 C1 com.sun.tools.javac.comp.Attr.attribTree(Lcom/sun/tools/javac/tree/JCTree;Lcom/sun/tools/javac/comp/Env;Lcom/sun/tools/javac/comp/Attr$ResultInfo;)Lcom/sun/tools/javac/code/Type; (148 bytes) @ 0x00007f494daacacc [0x00007f494daac960+0x16c]
j  com.sun.tools.javac.comp.Attr.attribType(Lcom/sun/tools/javac/tree/JCTree;Lcom/sun/tools/javac/comp/Env;Lcom/sun/tools/javac/code/Type;)Lcom/sun/tools/javac/code/Type;+13
j  com.sun.tools.javac.comp.Attr.attribType(Lcom/sun/tools/javac/tree/JCTree;Lcom/sun/tools/javac/comp/Env;)Lcom/sun/tools/javac/code/Type;+6
j  com.sun.tools.javac.comp.MemberEnter.signature(Lcom/sun/tools/javac/code/Symbol$MethodSymbol;Lcom/sun/tools/javac/util/List;Lcom/sun/tools/javac/util/List;Lcom/sun/tools/javac/tree/JCTree;Lcom/sun/tools/javac/tree/JCTree$JCVariableDecl;Lcom/sun/tools/javac/util/List;Lcom/sun/tools/javac/comp/Env;)Lcom/sun/tools/javac/code/Type;+109
j  com.sun.tools.javac.comp.MemberEnter.visitMethodDef(Lcom/sun/tools/javac/tree/JCTree$JCMethodDecl;)V+146
J 2944 C1 com.sun.tools.javac.tree.JCTree$JCMethodDecl.accept(Lcom/sun/tools/javac/tree/JCTree$Visitor;)V (6 bytes) @ 0x00007f494d2fe9cc [0x00007f494d2fe8c0+0x10c]
j  com.sun.tools.javac.comp.MemberEnter.memberEnter(Lcom/sun/tools/javac/tree/JCTree;Lcom/sun/tools/javac/comp/Env;)V+12
j  com.sun.tools.javac.comp.MemberEnter.memberEnter(Lcom/sun/tools/javac/util/List;Lcom/sun/tools/javac/comp/Env;)V+18
j  com.sun.tools.javac.comp.MemberEnter.finishClass(Lcom/sun/tools/javac/tree/JCTree$JCClassDecl;Lcom/sun/tools/javac/comp/Env;)V+57
j  com.sun.tools.javac.comp.MemberEnter.finish(Lcom/sun/tools/javac/comp/Env;)V+26
j  com.sun.tools.javac.comp.MemberEnter.complete(Lcom/sun/tools/javac/code/Symbol;)V+1478
j  com.sun.tools.javac.code.Symbol.complete()V+19
j  com.sun.tools.javac.code.Symbol$ClassSymbol.complete()V+1
j  com.sun.tools.javac.comp.Enter.complete(Lcom/sun/tools/javac/util/List;Lcom/sun/tools/javac/code/Symbol$ClassSymbol;)V+88
j  com.sun.tools.javac.comp.Enter.main(Lcom/sun/tools/javac/util/List;)V+3
j  com.sun.tools.javac.main.JavaCompiler.enterTrees(Lcom/sun/tools/javac/util/List;)Lcom/sun/tools/javac/util/List;+64
j  com.sun.tools.javac.main.JavaCompiler.compile(Lcom/sun/tools/javac/util/List;Lcom/sun/tools/javac/util/List;Ljava/lang/Iterable;)V+151
j  com.sun.tools.javac.main.Main.compile([Ljava/lang/String;[Ljava/lang/String;Lcom/sun/tools/javac/util/Context;Lcom/sun/tools/javac/util/List;Ljava/lang/Iterable;)Lcom/sun/tools/javac/main/Main$Result;+1299
j  com.sun.tools.javac.api.JavacTaskImpl.doCall()Lcom/sun/tools/javac/main/Main$Result;+59
j  com.sun.tools.javac.api.JavacTaskImpl.call()Ljava/lang/Boolean;+1
j  org.codehaus.plexus.compiler.javac.JavaxToolsCompiler.compileInProcess([Ljava/lang/String;Lorg/codehaus/plexus/compiler/CompilerConfiguration;[Ljava/lang/String;)Lorg/codehaus/plexus/compiler/CompilerResult;+129
j  org.codehaus.plexus.compiler.javac.JavacCompiler.performCompile(Lorg/codehaus/plexus/compiler/CompilerConfiguration;)Lorg/codehaus/plexus/compiler/CompilerResult;+216
j  org.apache.maven.plugin.compiler.AbstractCompilerMojo.execute()V+2255
j  org.apache.maven.plugin.compiler.CompilerMojo.execute()V+20
j  org.apache.maven.plugin.DefaultBuildPluginManager.executeMojo(Lorg/apache/maven/execution/MavenSession;Lorg/apache/maven/plugin/MojoExecution;)V+155
j  org.apache.maven.lifecycle.internal.MojoExecutor.execute(Lorg/apache/maven/execution/MavenSession;Lorg/apache/maven/plugin/MojoExecution;Lorg/apache/maven/lifecycle/internal/ProjectIndex;Lorg/apache/maven/lifecycle/internal/DependencyContext;)V+215
j  org.apache.maven.lifecycle.internal.MojoExecutor.execute(Lorg/apache/maven/execution/MavenSession;Lorg/apache/maven/plugin/MojoExecution;Lorg/apache/maven/lifecycle/internal/ProjectIndex;Lorg/apache/maven/lifecycle/internal/DependencyContext;Lorg/apache/maven/lifecycle/internal/PhaseRecorder;)V+6
j  org.apache.maven.lifecycle.internal.MojoExecutor.execute(Lorg/apache/maven/execution/MavenSession;Ljava/util/List;Lorg/apache/maven/lifecycle/internal/ProjectIndex;)V+60
j  org.apache.maven.lifecycle.internal.LifecycleModuleBuilder.buildProject(Lorg/apache/maven/execution/MavenSession;Lorg/apache/maven/execution/MavenSession;Lorg/apache/maven/lifecycle/internal/ReactorContext;Lorg/apache/maven/project/MavenProject;Lorg/apache/maven/lifecycle/internal/TaskSegment;)V+176
j  org.apache.maven.lifecycle.internal.LifecycleModuleBuilder.buildProject(Lorg/apache/maven/execution/MavenSession;Lorg/apache/maven/lifecycle/internal/ReactorContext;Lorg/apache/maven/project/MavenProject;Lorg/apache/maven/lifecycle/internal/TaskSegment;)V+7
j  org.apache.maven.lifecycle.internal.builder.singlethreaded.SingleThreadedBuilder.build(Lorg/apache/maven/execution/MavenSession;Lorg/apache/maven/lifecycle/internal/ReactorContext;Lorg/apache/maven/lifecycle/internal/ProjectBuildList;Ljava/util/List;Lorg/apache/maven/lifecycle/internal/ReactorBuildStatus;)V+77
j  org.apache.maven.lifecycle.internal.LifecycleStarter.execute(Lorg/apache/maven/execution/MavenSession;)V+346
j  org.apache.maven.DefaultMaven.doExecute(Lorg/apache/maven/execution/MavenExecutionRequest;)Lorg/apache/maven/execution/MavenExecutionResult;+554
j  org.apache.maven.DefaultMaven.execute(Lorg/apache/maven/execution/MavenExecutionRequest;)Lorg/apache/maven/execution/MavenExecutionResult;+11
j  org.apache.maven.cli.MavenCli.execute(Lorg/apache/maven/cli/MavenCli$CliRequest;)I+19
j  org.apache.maven.cli.MavenCli.doMain(Lorg/apache/maven/cli/MavenCli$CliRequest;)I+61
j  org.apache.maven.cli.MavenCli.main([Ljava/lang/String;Lorg/codehaus/plexus/classworlds/ClassWorld;)I+18
v  ~StubRoutines::call_stub
V  [libjvm.so+0x664086]  JavaCalls::call_helper(JavaValue*, methodHandle*, JavaCallArguments*, Thread*)+0x1056
V  [libjvm.so+0x958ab7]  Reflection::invoke(instanceKlassHandle, methodHandle, Handle, bool, objArrayHandle, BasicType, objArrayHandle, bool, Thread*)+0x5d7
V  [libjvm.so+0x95c187]  Reflection::invoke_method(oopDesc*, Handle, objArrayHandle, Thread*)+0x147
V  [libjvm.so+0x6ea3cb]  JVM_InvokeMethod+0x26b
j  sun.reflect.NativeMethodAccessorImpl.invoke0(Ljava/lang/reflect/Method;Ljava/lang/Object;[Ljava/lang/Object;)Ljava/lang/Object;+0
j  sun.reflect.NativeMethodAccessorImpl.invoke(Ljava/lang/Object;[Ljava/lang/Object;)Ljava/lang/Object;+100
j  sun.reflect.DelegatingMethodAccessorImpl.invoke(Ljava/lang/Object;[Ljava/lang/Object;)Ljava/lang/Object;+6
j  java.lang.reflect.Method.invoke(Ljava/lang/Object;[Ljava/lang/Object;)Ljava/lang/Object;+56
j  org.codehaus.plexus.classworlds.launcher.Launcher.launchEnhanced([Ljava/lang/String;)V+45
j  org.codehaus.plexus.classworlds.launcher.Launcher.launch([Ljava/lang/String;)V+2
j  org.codehaus.plexus.classworlds.launcher.Launcher.mainWithExitCode([Ljava/lang/String;)I+101
j  org.codehaus.plexus.classworlds.launcher.Launcher.main([Ljava/lang/String;)V+1
v  ~StubRoutines::call_stub
V  [libjvm.so+0x664086]  JavaCalls::call_helper(JavaValue*, methodHandle*, JavaCallArguments*, Thread*)+0x1056
V  [libjvm.so+0x6ab096]  jni_invoke_static(JNIEnv_*, JavaValue*, _jobject*, JNICallType, _jmethodID*, JNI_ArgumentPusher*, Thread*)+0x346
V  [libjvm.so+0x6b1c2a]  jni_CallStaticVoidMethod+0x17a
C  [libjli.so+0x7b14]  JavaMain+0x844
C  [libpthread.so.0+0x6b50]  start_thread+0xd0


---------------  P R O C E S S  ---------------

Java Threads: ( => current thread )
  0x00007f4948054800 JavaThread "Service Thread" daemon [_thread_blocked, id=22783, stack(0x00007f4941cf6000,0x00007f4941df7000)]
  0x00007f4948035000 JavaThread "C1 CompilerThread2" daemon [_thread_in_vm, id=22782, stack(0x00007f4941df7000,0x00007f4941ef8000)]
  0x00007f4948033000 JavaThread "C2 CompilerThread1" daemon [_thread_in_native, id=22781, stack(0x00007f4941ef8000,0x00007f4941ff9000)]
  0x00007f4948030000 JavaThread "C2 CompilerThread0" daemon [_thread_blocked, id=22780, stack(0x00007f4941ff9000,0x00007f49420fa000)]
  0x00007f494802e000 JavaThread "Signal Dispatcher" daemon [_thread_blocked, id=22779, stack(0x00007f49420fa000,0x00007f49421fb000)]
  0x00007f4948001000 JavaThread "Finalizer" daemon [_thread_blocked, id=22778, stack(0x00007f49421fb000,0x00007f49422fc000)]
  0x00000000009e2800 JavaThread "Reference Handler" daemon [_thread_blocked, id=22777, stack(0x00007f49422fc000,0x00007f49423fd000)]
=>0x0000000000972000 JavaThread "main" [_thread_in_Java, id=22771, stack(0x00007f495e577000,0x00007f495e678000)]

Other Threads:
  0x00000000009db800 VMThread [stack: 0x00007f49423fd000,0x00007f49424fe000] [id=22776]
  0x00007f4948057000 WatcherThread [stack: 0x00007f4941bf5000,0x00007f4941cf6000] [id=22784]

VM state:not at safepoint (normal execution)

VM Mutex/Monitor currently owned by a thread: None

Heap:
 PSYoungGen      total 37376K, used 25694K [0x00000000d6500000, 0x00000000d9780000, 0x0000000100000000)
  eden space 32256K, 63% used [0x00000000d6500000,0x00000000d791ba58,0x00000000d8480000)
  from space 5120K, 99% used [0x00000000d8500000,0x00000000d89fc050,0x00000000d8a00000)
  to   space 9728K, 0% used [0x00000000d8e00000,0x00000000d8e00000,0x00000000d9780000)
 ParOldGen       total 86016K, used 9248K [0x0000000082e00000, 0x0000000088200000, 0x00000000d6500000)
  object space 86016K, 10% used [0x0000000082e00000,0x0000000083708030,0x0000000088200000)
 Metaspace       used 19572K, capacity 19888K, committed 20224K, reserved 1067008K
  class space    used 2330K, capacity 2468K, committed 2560K, reserved 1048576K

Card table byte_map: [0x00007f494c8c8000,0x00007f494ccb2000] byte_map_base: 0x00007f494c4b1000

Marking Bits: (ParMarkBitMap*) 0x00007f495daac2c0
 Begin Bits: [0x00007f4944170000, 0x00007f49460b8000)
 End Bits:   [0x00007f49460b8000, 0x00007f4948000000)

Polling page: 0x00007f495e6b3000

CodeCache: size=245760Kb used=10057Kb max_used=10509Kb free=235702Kb
 bounds [0x00007f494d072000, 0x00007f494dac2000, 0x00007f495c072000]
 total_blobs=3299 nmethods=2943 adapters=270
 compilation: enabled

Compilation events (10 events):
Event: 15.172 Thread 0x00007f4948030000 3130       4       com.sun.tools.javac.code.Scope::lookup (9 bytes)
Event: 15.172 Thread 0x00007f4948035000 3127       3       com.sun.tools.javac.tree.JCTree$JCIdent::accept (6 bytes)
Event: 15.172 Thread 0x00007f4948035000 nmethod 3127 0x00007f494d378b90 code [0x00007f494d378d00, 0x00007f494d378f28]
Event: 15.173 Thread 0x00007f4948035000 3120       3       com.sun.tools.javac.tree.JCTree$JCFieldAccess::accept (6 bytes)
Event: 15.173 Thread 0x00007f4948035000 nmethod 3120 0x00007f494d1b1590 code [0x00007f494d1b1700, 0x00007f494d1b1928]
Event: 15.174 Thread 0x00007f4948035000 3131       3       com.sun.tools.javac.tree.JCTree$JCVariableDecl::accept (6 bytes)
Event: 15.174 Thread 0x00007f4948035000 nmethod 3131 0x00007f494d288210 code [0x00007f494d288380, 0x00007f494d2885a8]
Event: 15.175 Thread 0x00007f4948035000 3132       3       com.sun.tools.javac.tree.TreeScanner::scan (10 bytes)
Event: 15.176 Thread 0x00007f4948035000 nmethod 3132 0x00007f494d329e90 code [0x00007f494d32a000, 0x00007f494d32a268]
Event: 15.177 Thread 0x00007f4948030000 nmethod 3130 0x00007f494d283f10 code [0x00007f494d284080, 0x00007f494d2842b8]

GC Heap History (10 events):
Event: 2.733 GC heap before
{Heap before GC invocations=1 (full 0):
 PSYoungGen      total 37888K, used 32768K [0x00000000d6500000, 0x00000000d8f00000, 0x0000000100000000)
  eden space 32768K, 100% used [0x00000000d6500000,0x00000000d8500000,0x00000000d8500000)
  from space 5120K, 0% used [0x00000000d8a00000,0x00000000d8a00000,0x00000000d8f00000)
  to   space 5120K, 0% used [0x00000000d8500000,0x00000000d8500000,0x00000000d8a00000)
 ParOldGen       total 86016K, used 0K [0x0000000082e00000, 0x0000000088200000, 0x00000000d6500000)
  object space 86016K, 0% used [0x0000000082e00000,0x0000000082e00000,0x0000000088200000)
 Metaspace       used 7725K, capacity 7866K, committed 7936K, reserved 1056768K
  class space    used 944K, capacity 985K, committed 1024K, reserved 1048576K
Event: 2.740 GC heap after
Heap after GC invocations=1 (full 0):
 PSYoungGen      total 37888K, used 4660K [0x00000000d6500000, 0x00000000d8f00000, 0x0000000100000000)
  eden space 32768K, 0% used [0x00000000d6500000,0x00000000d6500000,0x00000000d8500000)
  from space 5120K, 91% used [0x00000000d8500000,0x00000000d898d158,0x00000000d8a00000)
  to   space 5120K, 0% used [0x00000000d8a00000,0x00000000d8a00000,0x00000000d8f00000)
 ParOldGen       total 86016K, used 16K [0x0000000082e00000, 0x0000000088200000, 0x00000000d6500000)
  object space 86016K, 0% used [0x0000000082e00000,0x0000000082e04000,0x0000000088200000)
 Metaspace       used 7725K, capacity 7866K, committed 7936K, reserved 1056768K
  class space    used 944K, capacity 985K, committed 1024K, reserved 1048576K
}
Event: 3.457 GC heap before
{Heap before GC invocations=2 (full 0):
 PSYoungGen      total 37888K, used 37428K [0x00000000d6500000, 0x00000000d8f00000, 0x0000000100000000)
  eden space 32768K, 100% used [0x00000000d6500000,0x00000000d8500000,0x00000000d8500000)
  from space 5120K, 91% used [0x00000000d8500000,0x00000000d898d158,0x00000000d8a00000)
  to   space 5120K, 0% used [0x00000000d8a00000,0x00000000d8a00000,0x00000000d8f00000)
 ParOldGen       total 86016K, used 16K [0x0000000082e00000, 0x0000000088200000, 0x00000000d6500000)
  object space 86016K, 0% used [0x0000000082e00000,0x0000000082e04000,0x0000000088200000)
 Metaspace       used 12012K, capacity 12140K, committed 12416K, reserved 1060864K
  class space    used 1496K, capacity 1574K, committed 1664K, reserved 1048576K
Event: 3.469 GC heap after
Heap after GC invocations=2 (full 0):
 PSYoungGen      total 37888K, used 5090K [0x00000000d6500000, 0x00000000d8f00000, 0x0000000100000000)
  eden space 32768K, 0% used [0x00000000d6500000,0x00000000d6500000,0x00000000d8500000)
  from space 5120K, 99% used [0x00000000d8a00000,0x00000000d8ef8b98,0x00000000d8f00000)
  to   space 5120K, 0% used [0x00000000d8500000,0x00000000d8500000,0x00000000d8a00000)
 ParOldGen       total 86016K, used 2019K [0x0000000082e00000, 0x0000000088200000, 0x00000000d6500000)
  object space 86016K, 2% used [0x0000000082e00000,0x0000000082ff8e50,0x0000000088200000)
 Metaspace       used 12012K, capacity 12140K, committed 12416K, reserved 1060864K
  class space    used 1496K, capacity 1574K, committed 1664K, reserved 1048576K
}
Event: 7.079 GC heap before
{Heap before GC invocations=3 (full 0):
 PSYoungGen      total 37888K, used 37858K [0x00000000d6500000, 0x00000000d8f00000, 0x0000000100000000)
  eden space 32768K, 100% used [0x00000000d6500000,0x00000000d8500000,0x00000000d8500000)
  from space 5120K, 99% used [0x00000000d8a00000,0x00000000d8ef8b98,0x00000000d8f00000)
  to   space 5120K, 0% used [0x00000000d8500000,0x00000000d8500000,0x00000000d8a00000)
 ParOldGen       total 86016K, used 2019K [0x0000000082e00000, 0x0000000088200000, 0x00000000d6500000)
  object space 86016K, 2% used [0x0000000082e00000,0x0000000082ff8e50,0x0000000088200000)
 Metaspace       used 13834K, capacity 14084K, committed 14336K, reserved 1062912K
  class space    used 1674K, capacity 1770K, committed 1792K, reserved 1048576K
Event: 7.091 GC heap after
Heap after GC invocations=3 (full 0):
 PSYoungGen      total 37888K, used 5088K [0x00000000d6500000, 0x00000000d8f00000, 0x0000000100000000)
  eden space 32768K, 0% used [0x00000000d6500000,0x00000000d6500000,0x00000000d8500000)
  from space 5120K, 99% used [0x00000000d8500000,0x00000000d89f8020,0x00000000d8a00000)
  to   space 5120K, 0% used [0x00000000d8a00000,0x00000000d8a00000,0x00000000d8f00000)
 ParOldGen       total 86016K, used 3292K [0x0000000082e00000, 0x0000000088200000, 0x00000000d6500000)
  object space 86016K, 3% used [0x0000000082e00000,0x00000000831373a8,0x0000000088200000)
 Metaspace       used 13834K, capacity 14084K, committed 14336K, reserved 1062912K
  class space    used 1674K, capacity 1770K, committed 1792K, reserved 1048576K
}
Event: 10.027 GC heap before
{Heap before GC invocations=4 (full 0):
 PSYoungGen      total 37888K, used 37856K [0x00000000d6500000, 0x00000000d8f00000, 0x0000000100000000)
  eden space 32768K, 100% used [0x00000000d6500000,0x00000000d8500000,0x00000000d8500000)
  from space 5120K, 99% used [0x00000000d8500000,0x00000000d89f8020,0x00000000d8a00000)
  to   space 5120K, 0% used [0x00000000d8a00000,0x00000000d8a00000,0x00000000d8f00000)
 ParOldGen       total 86016K, used 3292K [0x0000000082e00000, 0x0000000088200000, 0x00000000d6500000)
  object space 86016K, 3% used [0x0000000082e00000,0x00000000831373a8,0x0000000088200000)
 Metaspace       used 14636K, capacity 14882K, committed 15232K, reserved 1062912K
  class space    used 1753K, capacity 1843K, committed 1920K, reserved 1048576K
Event: 10.042 GC heap after
Heap after GC invocations=4 (full 0):
 PSYoungGen      total 37888K, used 5088K [0x00000000d6500000, 0x00000000d8f00000, 0x0000000100000000)
  eden space 32768K, 0% used [0x00000000d6500000,0x00000000d6500000,0x00000000d8500000)
  from space 5120K, 99% used [0x00000000d8a00000,0x00000000d8ef8040,0x00000000d8f00000)
  to   space 5120K, 0% used [0x00000000d8500000,0x00000000d8500000,0x00000000d8a00000)
 ParOldGen       total 86016K, used 5184K [0x0000000082e00000, 0x0000000088200000, 0x00000000d6500000)
  object space 86016K, 6% used [0x0000000082e00000,0x0000000083310120,0x0000000088200000)
 Metaspace       used 14636K, capacity 14882K, committed 15232K, reserved 1062912K
  class space    used 1753K, capacity 1843K, committed 1920K, reserved 1048576K
}
Event: 14.418 GC heap before
{Heap before GC invocations=5 (full 0):
 PSYoungGen      total 37888K, used 37856K [0x00000000d6500000, 0x00000000d8f00000, 0x0000000100000000)
  eden space 32768K, 100% used [0x00000000d6500000,0x00000000d8500000,0x00000000d8500000)
  from space 5120K, 99% used [0x00000000d8a00000,0x00000000d8ef8040,0x00000000d8f00000)
  to   space 5120K, 0% used [0x00000000d8500000,0x00000000d8500000,0x00000000d8a00000)
 ParOldGen       total 86016K, used 5184K [0x0000000082e00000, 0x0000000088200000, 0x00000000d6500000)
  object space 86016K, 6% used [0x0000000082e00000,0x0000000083310120,0x0000000088200000)
 Metaspace       used 19156K, capacity 19504K, committed 19712K, reserved 1067008K
  class space    used 2307K, capacity 2468K, committed 2560K, reserved 1048576K
Event: 14.441 GC heap after
Heap after GC invocations=5 (full 0):
 PSYoungGen      total 37376K, used 5104K [0x00000000d6500000, 0x00000000d9780000, 0x0000000100000000)
  eden space 32256K, 0% used [0x00000000d6500000,0x00000000d6500000,0x00000000d8480000)
  from space 5120K, 99% used [0x00000000d8500000,0x00000000d89fc050,0x00000000d8a00000)
  to   space 9728K, 0% used [0x00000000d8e00000,0x00000000d8e00000,0x00000000d9780000)
 ParOldGen       total 86016K, used 9248K [0x0000000082e00000, 0x0000000088200000, 0x00000000d6500000)
  object space 86016K, 10% used [0x0000000082e00000,0x0000000083708030,0x0000000088200000)
 Metaspace       used 19156K, capacity 19504K, committed 19712K, reserved 1067008K
  class space    used 2307K, capacity 2468K, committed 2560K, reserved 1048576K
}

Deoptimization events (10 events):
Event: 9.787 Thread 0x0000000000972000 Uncommon trap: reason=bimorphic action=maybe_recompile pc=0x00007f494d58ee70 method=java.util.concurrent.ConcurrentHashMap.get(Ljava/lang/Object;)Ljava/lang/Object; @ 149
Event: 9.807 Thread 0x0000000000972000 Uncommon trap: reason=bimorphic action=maybe_recompile pc=0x00007f494d58ee70 method=java.util.concurrent.ConcurrentHashMap.get(Ljava/lang/Object;)Ljava/lang/Object; @ 149
Event: 10.660 Thread 0x0000000000972000 Uncommon trap: reason=bimorphic action=maybe_recompile pc=0x00007f494d58ee70 method=java.util.concurrent.ConcurrentHashMap.get(Ljava/lang/Object;)Ljava/lang/Object; @ 149
Event: 10.673 Thread 0x0000000000972000 Uncommon trap: reason=bimorphic action=maybe_recompile pc=0x00007f494d58ee70 method=java.util.concurrent.ConcurrentHashMap.get(Ljava/lang/Object;)Ljava/lang/Object; @ 149
Event: 11.272 Thread 0x0000000000972000 Uncommon trap: reason=bimorphic action=maybe_recompile pc=0x00007f494d5a3b40 method=java.util.regex.Pattern$CharProperty.match(Ljava/util/regex/Matcher;ILjava/lang/CharSequence;)Z @ 37
Event: 11.834 Thread 0x0000000000972000 Uncommon trap: reason=speculate_class_check action=maybe_recompile pc=0x00007f494d69c130 method=java.nio.charset.CharsetDecoder.decode(Ljava/nio/ByteBuffer;Ljava/nio/CharBuffer;Z)Ljava/nio/charset/CoderResult; @ 57
Event: 11.843 Thread 0x0000000000972000 Uncommon trap: reason=speculate_class_check action=maybe_recompile pc=0x00007f494d69c130 method=java.nio.charset.CharsetDecoder.decode(Ljava/nio/ByteBuffer;Ljava/nio/CharBuffer;Z)Ljava/nio/charset/CoderResult; @ 57
Event: 14.406 Thread 0x0000000000972000 Uncommon trap: reason=unreached action=reinterpret pc=0x00007f494da0f354 method=com.sun.tools.javac.parser.JavacParser.term3Rest(Lcom/sun/tools/javac/tree/JCTree$JCExpression;Lcom/sun/tools/javac/util/List;)Lcom/sun/tools/javac/tree/JCTree$JCExpression; @
Event: 15.010 Thread 0x0000000000972000 Uncommon trap: reason=class_check action=maybe_recompile pc=0x00007f494da6f7a8 method=com.sun.tools.javac.util.List.prependList(Lcom/sun/tools/javac/util/List;)Lcom/sun/tools/javac/util/List; @ 1
Event: 15.133 Thread 0x0000000000972000 Uncommon trap: reason=class_check action=maybe_recompile pc=0x00007f494da6f7a8 method=com.sun.tools.javac.util.List.prependList(Lcom/sun/tools/javac/util/List;)Lcom/sun/tools/javac/util/List; @ 1

Internal exceptions (10 events):
Event: 15.058 Thread 0x0000000000972000 Exception <a 'java/security/PrivilegedActionException'> (0x00000000d77c6498) thrown at [/HUDSON/workspace/8-2-build-linux-amd64/jdk8u25/1514/hotspot/src/share/vm/prims/jvm.cpp, line 1312]
Event: 15.058 Thread 0x0000000000972000 Exception <a 'java/security/PrivilegedActionException'> (0x00000000d77c6d78) thrown at [/HUDSON/workspace/8-2-build-linux-amd64/jdk8u25/1514/hotspot/src/share/vm/prims/jvm.cpp, line 1312]
Event: 15.059 Thread 0x0000000000972000 Exception <a 'java/security/PrivilegedActionException'> (0x00000000d77cab18) thrown at [/HUDSON/workspace/8-2-build-linux-amd64/jdk8u25/1514/hotspot/src/share/vm/prims/jvm.cpp, line 1312]
Event: 15.059 Thread 0x0000000000972000 Exception <a 'java/security/PrivilegedActionException'> (0x00000000d77cb3f8) thrown at [/HUDSON/workspace/8-2-build-linux-amd64/jdk8u25/1514/hotspot/src/share/vm/prims/jvm.cpp, line 1312]
Event: 15.067 Thread 0x0000000000972000 Exception <a 'java/security/PrivilegedActionException'> (0x00000000d77d5c58) thrown at [/HUDSON/workspace/8-2-build-linux-amd64/jdk8u25/1514/hotspot/src/share/vm/prims/jvm.cpp, line 1312]
Event: 15.067 Thread 0x0000000000972000 Exception <a 'java/security/PrivilegedActionException'> (0x00000000d77d6558) thrown at [/HUDSON/workspace/8-2-build-linux-amd64/jdk8u25/1514/hotspot/src/share/vm/prims/jvm.cpp, line 1312]
Event: 15.067 Thread 0x0000000000972000 Exception <a 'java/security/PrivilegedActionException'> (0x00000000d77d8e00) thrown at [/HUDSON/workspace/8-2-build-linux-amd64/jdk8u25/1514/hotspot/src/share/vm/prims/jvm.cpp, line 1312]
Event: 15.067 Thread 0x0000000000972000 Exception <a 'java/security/PrivilegedActionException'> (0x00000000d77d9700) thrown at [/HUDSON/workspace/8-2-build-linux-amd64/jdk8u25/1514/hotspot/src/share/vm/prims/jvm.cpp, line 1312]
Event: 15.173 Thread 0x0000000000972000 Exception <a 'java/security/PrivilegedActionException'> (0x00000000d790ef38) thrown at [/HUDSON/workspace/8-2-build-linux-amd64/jdk8u25/1514/hotspot/src/share/vm/prims/jvm.cpp, line 1312]
Event: 15.173 Thread 0x0000000000972000 Exception <a 'java/security/PrivilegedActionException'> (0x00000000d790f858) thrown at [/HUDSON/workspace/8-2-build-linux-amd64/jdk8u25/1514/hotspot/src/share/vm/prims/jvm.cpp, line 1312]

Events (10 events):
Event: 15.168 Thread 0x00007f4948035000 flushing nmethod 0x00007f494d4eee50
Event: 15.168 Thread 0x00007f4948035000 flushing nmethod 0x00007f494d505b90
Event: 15.168 Thread 0x00007f4948035000 flushing nmethod 0x00007f494d512190
Event: 15.168 Thread 0x00007f4948035000 flushing nmethod 0x00007f494d516fd0
Event: 15.168 Thread 0x00007f4948035000 flushing nmethod 0x00007f494d51cf90
Event: 15.169 Thread 0x00007f4948030000 flushing nmethod 0x00007f494d529a10
Event: 15.169 Thread 0x00007f4948030000 flushing nmethod 0x00007f494d53d7d0
Event: 15.169 Thread 0x00007f4948030000 flushing nmethod 0x00007f494d554350
Event: 15.173 loading class com/sun/tools/javac/code/Symbol$VarSymbol$2
Event: 15.173 loading class com/sun/tools/javac/code/Symbol$VarSymbol$2 done


Dynamic libraries:
00400000-00401000 r-xp 00000000 00:14 138267735                          /gpfs/main/course/cs032/bin/jdk1.8.0_25/bin/java
00600000-00601000 rw-p 00000000 00:14 138267735                          /gpfs/main/course/cs032/bin/jdk1.8.0_25/bin/java
00969000-0170e000 rw-p 00000000 00:00 0                                  [heap]
82e00000-88200000 rw-p 00000000 00:00 0 
88200000-d6500000 ---p 00000000 00:00 0 
d6500000-d9780000 rw-p 00000000 00:00 0 
d9780000-100000000 ---p 00000000 00:00 0 
100000000-100280000 rw-p 00000000 00:00 0 
100280000-140000000 ---p 00000000 00:00 0 
7f493c000000-7f493d72e000 rw-p 00000000 00:00 0 
7f493d72e000-7f4940000000 ---p 00000000 00:00 0 
7f4940bba000-7f4940bcb000 rw-p 00000000 00:00 0 
7f4940bcb000-7f4940bce000 r--s 003c4000 00:18 62318958                   /gpfs/nbu/people/ajb7/.m2/repository/org/xerial/sqlite-jdbc/3.8.7/sqlite-jdbc-3.8.7.jar
7f4940bce000-7f4940bdf000 r--s 000d3000 00:18 62318955                   /gpfs/nbu/people/ajb7/.m2/repository/org/freemarker/freemarker/2.3.19/freemarker-2.3.19.jar
7f4940bdf000-7f4940be0000 r--s 00000000 00:18 62318952                   /gpfs/nbu/people/ajb7/.m2/repository/com/sparkjava/spark-template-freemarker/2.0.0/spark-template-freemarker-2.0.0.jar
7f4940be0000-7f4940be3000 r--s 00014000 00:18 62318949                   /gpfs/nbu/people/ajb7/.m2/repository/org/eclipse/jetty/jetty-security/9.0.2.v20130417/jetty-security-9.0.2.v20130417.jar
7f4940be3000-7f4940be5000 r--s 00018000 00:18 62318944                   /gpfs/nbu/people/ajb7/.m2/repository/org/eclipse/jetty/jetty-servlet/9.0.2.v20130417/jetty-servlet-9.0.2.v20130417.jar
7f4940be5000-7f4940be7000 r--s 00009000 00:18 62318939                   /gpfs/nbu/people/ajb7/.m2/repository/org/eclipse/jetty/jetty-xml/9.0.2.v20130417/jetty-xml-9.0.2.v20130417.jar
7f4940be7000-7f4940bea000 r--s 00019000 00:18 62318691                   /gpfs/nbu/people/ajb7/.m2/repository/org/eclipse/jetty/jetty-webapp/9.0.2.v20130417/jetty-webapp-9.0.2.v20130417.jar
7f4940bea000-7f4940bed000 r--s 00012000 00:18 62318655                   /gpfs/nbu/people/ajb7/.m2/repository/org/eclipse/jetty/jetty-io/9.0.2.v20130417/jetty-io-9.0.2.v20130417.jar
7f4940bed000-7f4940bf2000 r--s 0004c000 00:18 61491078                   /gpfs/nbu/people/ajb7/.m2/repository/org/eclipse/jetty/jetty-util/9.0.2.v20130417/jetty-util-9.0.2.v20130417.jar
7f4940bf2000-7f4940bf5000 r--s 00017000 00:18 62318937                   /gpfs/nbu/people/ajb7/.m2/repository/org/eclipse/jetty/jetty-http/9.0.2.v20130417/jetty-http-9.0.2.v20130417.jar
7f4940bf5000-7f4940bf8000 r--s 0002e000 00:18 62318934                   /gpfs/nbu/people/ajb7/.m2/repository/org/eclipse/jetty/orbit/javax.servlet/3.0.0.v201112011016/javax.servlet-3.0.0.v201112011016.jar
7f4940bf8000-7f4940bfd000 r--s 0004d000 00:18 62318931                   /gpfs/nbu/people/ajb7/.m2/repository/org/eclipse/jetty/jetty-server/9.0.2.v20130417/jetty-server-9.0.2.v20130417.jar
7f4940bfd000-7f4940c00000 r--s 0000d000 00:18 62318927                   /gpfs/nbu/people/ajb7/.m2/repository/com/sparkjava/spark-core/2.0.0/spark-core-2.0.0.jar
7f4940c00000-7f4940c05000 r--s 0002f000 00:18 62318924                   /gpfs/nbu/people/ajb7/.m2/repository/com/google/code/gson/gson/2.3.1/gson-2.3.1.jar
7f4940c05000-7f4940c30000 r--s 001fc000 00:18 62318921                   /gpfs/nbu/people/ajb7/.m2/repository/com/google/guava/guava/18.0/guava-18.0.jar
7f4940c30000-7f4940c31000 r--s 00001000 00:18 62318917                   /gpfs/nbu/people/ajb7/.m2/repository/org/slf4j/slf4j-jdk14/1.7.7/slf4j-jdk14-1.7.7.jar
7f4940c31000-7f4940c33000 r--s 00006000 00:18 62318914                   /gpfs/nbu/people/ajb7/.m2/repository/org/slf4j/slf4j-api/1.7.7/slf4j-api-1.7.7.jar
7f4940c33000-7f4940c39000 r--s 00045000 00:18 61491153                   /gpfs/nbu/people/ajb7/.m2/repository/org/hamcrest/hamcrest-all/1.3/hamcrest-all-1.3.jar
7f4940c39000-7f4940c3b000 r--s 00009000 00:18 62318909                   /gpfs/nbu/people/ajb7/.m2/repository/org/hamcrest/hamcrest-core/1.3/hamcrest-core-1.3.jar
7f4940c3b000-7f4940c41000 r--s 00036000 00:18 62318906                   /gpfs/nbu/people/ajb7/.m2/repository/junit/junit/4.11/junit-4.11.jar
7f4940c41000-7f4940c43000 r--s 0000e000 00:18 62318901                   /gpfs/nbu/people/ajb7/.m2/repository/net/sf/jopt-simple/jopt-simple/4.8/jopt-simple-4.8.jar
7f4940c43000-7f4940d83000 rw-p 00000000 00:00 0 
7f4940d83000-7f4940e43000 ---p 00000000 00:00 0 
7f4940e43000-7f4941043000 rw-p 00000000 00:00 0 
7f4941043000-7f49410bc000 r--s 010df000 00:14 134126344                  /gpfs/main/course/cs032/bin/jdk1.8.0_25/lib/tools.jar
7f49410bc000-7f49410bf000 r--s 0001b000 00:18 16482429                   /gpfs/nbu/people/ajb7/.m2/repository/junit/junit/3.8.2/junit-3.8.2.jar
7f49410bf000-7f49410cd000 r--s 0008f000 00:18 15654909                   /gpfs/nbu/people/ajb7/.m2/repository/com/google/collections/google-collections/1.0/google-collections-1.0.jar
7f49410cd000-7f49410ce000 r--s 0000a000 00:18 15654877                   /gpfs/nbu/people/ajb7/.m2/repository/commons-logging/commons-logging-api/1.1/commons-logging-api-1.1.jar
7f49410ce000-7f49410d5000 r--s 00051000 00:18 15654871                   /gpfs/nbu/people/ajb7/.m2/repository/log4j/log4j/1.2.12/log4j-1.2.12.jar
7f49410d5000-7f49410d9000 r--s 0001d000 00:18 15654883                   /gpfs/nbu/people/ajb7/.m2/repository/org/apache/xbean/xbean-reflect/3.4/xbean-reflect-3.4.jar
7f49410d9000-7f49410da000 r--s 00004000 00:18 16482425                   /gpfs/nbu/people/ajb7/.m2/repository/org/codehaus/plexus/plexus-compiler-javac/2.4/plexus-compiler-javac-2.4.jar
7f49410da000-7f49410dc000 r--s 00000000 00:18 16482424                   /gpfs/nbu/people/ajb7/.m2/repository/org/codehaus/plexus/plexus-compiler-manager/2.4/plexus-compiler-manager-2.4.jar
7f49410dc000-7f49410de000 r--s 00005000 00:18 16482422                   /gpfs/nbu/people/ajb7/.m2/repository/org/codehaus/plexus/plexus-compiler-api/2.4/plexus-compiler-api-2.4.jar
7f49410de000-7f49410e0000 r--s 00000000 00:18 16482417                   /gpfs/nbu/people/ajb7/.m2/repository/org/codehaus/plexus/plexus-component-annotations/1.5.5/plexus-component-annotations-1.5.5.jar
7f49410e0000-7f49410e2000 r--s 00002000 00:18 16482418                   /gpfs/nbu/people/ajb7/.m2/repository/org/apache/maven/shared/maven-shared-incremental/1.1/maven-shared-incremental-1.1.jar
7f49410e2000-7f49410e4000 r--s 00006000 00:18 16482419                   /gpfs/nbu/people/ajb7/.m2/repository/com/google/code/findbugs/jsr305/2.0.1/jsr305-2.0.1.jar
7f49410e4000-7f49410e7000 r--s 00023000 00:18 16482415                   /gpfs/nbu/people/ajb7/.m2/repository/org/apache/maven/shared/maven-shared-utils/0.1/maven-shared-utils-0.1.jar
7f49410e7000-7f49410eb000 r--s 00030000 00:18 16482416                   /gpfs/nbu/people/ajb7/.m2/repository/org/codehaus/plexus/plexus-utils/1.5.1/plexus-utils-1.5.1.jar
7f49410eb000-7f49410ed000 r--s 0000a000 00:18 62318994                   /gpfs/nbu/people/ajb7/.m2/repository/org/apache/maven/plugins/maven-compiler-plugin/3.2/maven-compiler-plugin-3.2.jar
7f49410ed000-7f49410ef000 r--s 0000d000 00:18 62319388                   /gpfs/nbu/people/ajb7/.m2/repository/org/codehaus/plexus/plexus-interpolation/1.13/plexus-interpolation-1.13.jar
7f49410ef000-7f49410f0000 r--s 00001000 00:18 62319385                   /gpfs/nbu/people/ajb7/.m2/repository/org/sonatype/plexus/plexus-build-api/0.0.4/plexus-build-api-0.0.4.jar
7f49410f0000-7f49410f2000 r--s 00009000 00:18 62319382                   /gpfs/nbu/people/ajb7/.m2/repository/org/apache/maven/shared/maven-filtering/1.1/maven-filtering-1.1.jar
7f49410f2000-7f49410f6000 r--s 00033000 00:18 62319377                   /gpfs/nbu/people/ajb7/.m2/repository/org/codehaus/plexus/plexus-utils/2.0.5/plexus-utils-2.0.5.jar
7f49410f6000-7f49410f9000 r--s 0001b000 00:18 62319374                   /gpfs/nbu/people/ajb7/.m2/repository/junit/junit/3.8.1/junit-3.8.1.jar
7f49410f9000-7f49410fb000 r--s 00002000 00:18 62319371                   /gpfs/nbu/people/ajb7/.m2/repository/org/codehaus/plexus/plexus-interactivity-api/1.0-alpha-4/plexus-interactivity-api-1.0-alpha-4.jar
7f49410fb000-7f49410fd000 r--s 00006000 00:18 62319368                   /gpfs/nbu/people/ajb7/.m2/repository/commons-cli/commons-cli/1.0/commons-cli-1.0.jar
7f49410fd000-7f49410fe000 r--s 00001000 00:18 62319365                   /gpfs/nbu/people/ajb7/.m2/repository/org/apache/maven/doxia/doxia-sink-api/1.0-alpha-7/doxia-sink-api-1.0-alpha-7.jar
7f49410fe000-7f49410ff000 r--s 00002000 00:18 62319362                   /gpfs/nbu/people/ajb7/.m2/repository/org/apache/maven/reporting/maven-reporting-api/2.0.6/maven-reporting-api-2.0.6.jar
7f49410ff000-7f4941101000 r--s 00006000 00:18 62318977                   /gpfs/nbu/people/ajb7/.m2/repository/org/apache/maven/plugins/maven-resources-plugin/2.6/maven-resources-plugin-2.6.jar
7f4941101000-7f4941301000 rw-p 00000000 00:00 0 
7f4941301000-7f4941312000 r-xp 00000000 00:14 136611464                  /gpfs/main/course/cs032/bin/jdk1.8.0_25/jre/lib/amd64/libnio.so
7f4941312000-7f4941511000 ---p 00011000 00:14 136611464                  /gpfs/main/course/cs032/bin/jdk1.8.0_25/jre/lib/amd64/libnio.so
7f4941511000-7f4941512000 rw-p 00010000 00:14 136611464                  /gpfs/main/course/cs032/bin/jdk1.8.0_25/jre/lib/amd64/libnio.so
7f4941512000-7f4941528000 r-xp 00000000 00:14 136610987                  /gpfs/main/course/cs032/bin/jdk1.8.0_25/jre/lib/amd64/libnet.so
7f4941528000-7f4941728000 ---p 00016000 00:14 136610987                  /gpfs/main/course/cs032/bin/jdk1.8.0_25/jre/lib/amd64/libnet.so
7f4941728000-7f4941729000 rw-p 00016000 00:14 136610987                  /gpfs/main/course/cs032/bin/jdk1.8.0_25/jre/lib/amd64/libnet.so
7f4941729000-7f494172d000 r--s 00093000 00:14 136611567                  /gpfs/main/course/cs032/bin/jdk1.8.0_25/jre/lib/jsse.jar
7f494172d000-7f494192d000 rw-p 00000000 00:00 0 
7f494192d000-7f4941b2d000 rw-p 00000000 00:00 0 
7f4941b2d000-7f4941b49000 r--s 00393000 00:14 136611667                  /gpfs/main/course/cs032/bin/jdk1.8.0_25/jre/lib/ext/cldrdata.jar
7f4941b49000-7f4941b53000 r--s 00116000 00:14 136611642                  /gpfs/main/course/cs032/bin/jdk1.8.0_25/jre/lib/ext/localedata.jar
7f4941b53000-7f4941b54000 r--s 00002000 00:14 50783475                   /gpfs/main/course/cs032/bin/apache-maven-3.2.3/lib/slf4j-simple-1.7.5.jar
7f4941b54000-7f4941b56000 r--s 00007000 00:14 50783474                   /gpfs/main/course/cs032/bin/apache-maven-3.2.3/lib/aether-connector-wagon-0.9.0.M2.jar
7f4941b56000-7f4941b57000 r--s 00002000 00:14 50783469                   /gpfs/main/course/cs032/bin/apache-maven-3.2.3/lib/wagon-file-2.6.jar
7f4941b57000-7f4941b5b000 r--s 00027000 00:14 50783464                   /gpfs/main/course/cs032/bin/apache-maven-3.2.3/lib/commons-io-2.2.jar
7f4941b5b000-7f4941b60000 r--s 00041000 00:14 50783460                   /gpfs/main/course/cs032/bin/apache-maven-3.2.3/lib/commons-lang-2.6.jar
7f4941b60000-7f4941b66000 r--s 00042000 00:14 50783457                   /gpfs/main/course/cs032/bin/apache-maven-3.2.3/lib/jsoup-1.7.2.jar
7f4941b66000-7f4941b67000 r--s 00002000 00:14 50783454                   /gpfs/main/course/cs032/bin/apache-maven-3.2.3/lib/wagon-http-shared-2.6.jar
7f4941b67000-7f4941b86000 r--s 00134000 00:14 50783453                   /gpfs/main/course/cs032/bin/apache-maven-3.2.3/lib/wagon-http-2.6-shaded.jar
7f4941b86000-7f4941b88000 r--s 00009000 00:14 50783447                   /gpfs/main/course/cs032/bin/apache-maven-3.2.3/lib/commons-cli-1.2.jar
7f4941b88000-7f4941b8a000 r--s 00005000 00:14 50783446                   /gpfs/main/course/cs032/bin/apache-maven-3.2.3/lib/slf4j-api-1.7.5.jar
7f4941b8a000-7f4941b8c000 r--s 0000b000 00:14 50783445                   /gpfs/main/course/cs032/bin/apache-maven-3.2.3/lib/wagon-provider-api-2.6.jar
7f4941b8c000-7f4941b93000 r--s 0003f000 00:14 50783443                   /gpfs/main/course/cs032/bin/apache-maven-3.2.3/lib/maven-compat-3.2.3.jar
7f4941b93000-7f4941b97000 r--s 00020000 00:14 50783441                   /gpfs/main/course/cs032/bin/apache-maven-3.2.3/lib/aether-impl-0.9.0.M2.jar
7f4941b97000-7f4941b9b000 r--s 0001d000 00:14 50783440                   /gpfs/main/course/cs032/bin/apache-maven-3.2.3/lib/aether-util-0.9.0.M2.jar
7f4941b9b000-7f4941b9d000 r--s 00003000 00:14 50783439                   /gpfs/main/course/cs032/bin/apache-maven-3.2.3/lib/aether-spi-0.9.0.M2.jar
7f4941b9d000-7f4941ba1000 r--s 0001d000 00:14 50783438                   /gpfs/main/course/cs032/bin/apache-maven-3.2.3/lib/aether-api-0.9.0.M2.jar
7f4941ba1000-7f4941ba3000 r--s 0000e000 00:14 50783437                   /gpfs/main/course/cs032/bin/apache-maven-3.2.3/lib/maven-aether-provider-3.2.3.jar
7f4941ba3000-7f4941ba8000 r--s 00025000 00:14 50783436                   /gpfs/main/course/cs032/bin/apache-maven-3.2.3/lib/maven-model-builder-3.2.3.jar
7f4941ba8000-7f4941bae000 r--s 00042000 00:14 50783433                   /gpfs/main/course/cs032/bin/apache-maven-3.2.3/lib/org.eclipse.sisu.inject-0.0.0.M5.jar
7f4941bae000-7f4941bb0000 r--s 00000000 00:14 50783432                   /gpfs/main/course/cs032/bin/apache-maven-3.2.3/lib/aopalliance-1.0.jar
7f4941bb0000-7f4941bb8000 r--s 00050000 00:14 50783431                   /gpfs/main/course/cs032/bin/apache-maven-3.2.3/lib/sisu-guice-3.1.3-no_aop.jar
7f4941bb8000-7f4941be1000 r--s 001ee000 00:14 50783429                   /gpfs/main/course/cs032/bin/apache-maven-3.2.3/lib/guava-14.0.1.jar
7f4941be1000-7f4941be2000 r--s 00000000 00:14 50783426                   /gpfs/main/course/cs032/bin/apache-maven-3.2.3/lib/javax.inject-1.jar
7f4941be2000-7f4941be5000 r--s 00008000 00:14 50783419                   /gpfs/main/course/cs032/bin/apache-maven-3.2.3/lib/cdi-api-1.0.jar
7f4941be5000-7f4941beb000 r--s 0002a000 00:14 50783416                   /gpfs/main/course/cs032/bin/apache-maven-3.2.3/lib/org.eclipse.sisu.plexus-0.0.0.M5.jar
7f4941beb000-7f4941bed000 r--s 0000a000 00:14 50783415                   /gpfs/main/course/cs032/bin/apache-maven-3.2.3/lib/maven-plugin-api-3.2.3.jar
7f4941bed000-7f4941bf0000 r--s 0000b000 00:14 50783414                   /gpfs/main/course/cs032/bin/apache-maven-3.2.3/lib/maven-artifact-3.2.3.jar
7f4941bf0000-7f4941bf2000 r--s 00005000 00:14 50783378                   /gpfs/main/course/cs032/bin/apache-maven-3.2.3/lib/maven-repository-metadata-3.2.3.jar
7f4941bf2000-7f4941bf5000 r--s 0000a000 00:14 50783308                   /gpfs/main/course/cs032/bin/apache-maven-3.2.3/boot/plexus-classworlds-2.5.1.jar
7f4941bf5000-7f4941bf6000 ---p 00000000 00:00 0 
7f4941bf6000-7f4941cf6000 rw-p 00000000 00:00 0 
7f4941cf6000-7f4941cf9000 ---p 00000000 00:00 0 
7f4941cf9000-7f4941df7000 rw-p 00000000 00:00 0 
7f4941df7000-7f4941dfa000 ---p 00000000 00:00 0 
7f4941dfa000-7f4941ef8000 rw-p 00000000 00:00 0 
7f4941ef8000-7f4941efb000 ---p 00000000 00:00 0 
7f4941efb000-7f4941ff9000 rw-p 00000000 00:00 0 
7f4941ff9000-7f4941ffc000 ---p 00000000 00:00 0 
7f4941ffc000-7f49420fa000 rw-p 00000000 00:00 0 
7f49420fa000-7f49420fd000 ---p 00000000 00:00 0 
7f49420fd000-7f49421fb000 rw-p 00000000 00:00 0 
7f49421fb000-7f49421fe000 ---p 00000000 00:00 0 
7f49421fe000-7f49422fc000 rw-p 00000000 00:00 0 
7f49422fc000-7f49422ff000 ---p 00000000 00:00 0 
7f49422ff000-7f49423fd000 rw-p 00000000 00:00 0 
7f49423fd000-7f49423fe000 ---p 00000000 00:00 0 
7f49423fe000-7f49433b1000 rw-p 00000000 00:00 0 
7f49433b1000-7f4943587000 r--s 03caa000 00:14 136611550                  /gpfs/main/course/cs032/bin/jdk1.8.0_25/jre/lib/rt.jar
7f4943587000-7f4948000000 rw-p 00000000 00:00 0 
7f4948000000-7f494a15e000 rw-p 00000000 00:00 0 
7f494a15e000-7f494c000000 ---p 00000000 00:00 0 
7f494c000000-7f494c001000 r--s 00001000 00:14 50783425                   /gpfs/main/course/cs032/bin/apache-maven-3.2.3/lib/jsr250-api-1.0.jar
7f494c001000-7f494c002000 r--s 00006000 00:14 50783328                   /gpfs/main/course/cs032/bin/apache-maven-3.2.3/lib/plexus-sec-dispatcher-1.3.jar
7f494c002000-7f494c004000 r--s 00000000 00:14 50783240                   /gpfs/main/course/cs032/bin/apache-maven-3.2.3/lib/plexus-component-annotations-1.5.5.jar
7f494c004000-7f494c007000 r--s 0000d000 00:14 49127297                   /gpfs/main/course/cs032/bin/apache-maven-3.2.3/lib/plexus-interpolation-1.19.jar
7f494c007000-7f494c228000 rw-p 00000000 00:00 0 
7f494c228000-7f494c229000 ---p 00000000 00:00 0 
7f494c229000-7f494c329000 rw-p 00000000 00:00 0 
7f494c329000-7f494c32a000 ---p 00000000 00:00 0 
7f494c32a000-7f494c42a000 rw-p 00000000 00:00 0 
7f494c42a000-7f494c42b000 ---p 00000000 00:00 0 
7f494c42b000-7f494c52b000 rw-p 00000000 00:00 0 
7f494c52b000-7f494c52c000 ---p 00000000 00:00 0 
7f494c52c000-7f494c656000 rw-p 00000000 00:00 0 
7f494c656000-7f494c8c8000 ---p 00000000 00:00 0 
7f494c8c8000-7f494c8f2000 rw-p 00000000 00:00 0 
7f494c8f2000-7f494cb63000 ---p 00000000 00:00 0 
7f494cb63000-7f494cb7d000 rw-p 00000000 00:00 0 
7f494cb7d000-7f494ccb1000 ---p 00000000 00:00 0 
7f494ccb1000-7f494ccdc000 rw-p 00000000 00:00 0 
7f494ccdc000-7f494d072000 ---p 00000000 00:00 0 
7f494d072000-7f494dac2000 rwxp 00000000 00:00 0 
7f494dac2000-7f495c072000 ---p 00000000 00:00 0 
7f495c072000-7f495c08c000 r-xp 00000000 00:14 136610880                  /gpfs/main/course/cs032/bin/jdk1.8.0_25/jre/lib/amd64/libzip.so
7f495c08c000-7f495c28c000 ---p 0001a000 00:14 136610880                  /gpfs/main/course/cs032/bin/jdk1.8.0_25/jre/lib/amd64/libzip.so
7f495c28c000-7f495c28d000 rw-p 0001a000 00:14 136610880                  /gpfs/main/course/cs032/bin/jdk1.8.0_25/jre/lib/amd64/libzip.so
7f495c28d000-7f495c2b7000 r-xp 00000000 00:14 136610822                  /gpfs/main/course/cs032/bin/jdk1.8.0_25/jre/lib/amd64/libjava.so
7f495c2b7000-7f495c4b7000 ---p 0002a000 00:14 136610822                  /gpfs/main/course/cs032/bin/jdk1.8.0_25/jre/lib/amd64/libjava.so
7f495c4b7000-7f495c4b9000 rw-p 0002a000 00:14 136610822                  /gpfs/main/course/cs032/bin/jdk1.8.0_25/jre/lib/amd64/libjava.so
7f495c4b9000-7f495c4c6000 r-xp 00000000 00:14 136610855                  /gpfs/main/course/cs032/bin/jdk1.8.0_25/jre/lib/amd64/libverify.so
7f495c4c6000-7f495c6c6000 ---p 0000d000 00:14 136610855                  /gpfs/main/course/cs032/bin/jdk1.8.0_25/jre/lib/amd64/libverify.so
7f495c6c6000-7f495c6c8000 rw-p 0000d000 00:14 136610855                  /gpfs/main/course/cs032/bin/jdk1.8.0_25/jre/lib/amd64/libverify.so
7f495c6c8000-7f495c6cf000 r-xp 00000000 fe:00 5964                       /lib/x86_64-linux-gnu/librt-2.13.so
7f495c6cf000-7f495c8ce000 ---p 00007000 fe:00 5964                       /lib/x86_64-linux-gnu/librt-2.13.so
7f495c8ce000-7f495c8cf000 r--p 00006000 fe:00 5964                       /lib/x86_64-linux-gnu/librt-2.13.so
7f495c8cf000-7f495c8d0000 rw-p 00007000 fe:00 5964                       /lib/x86_64-linux-gnu/librt-2.13.so
7f495c8d0000-7f495c951000 r-xp 00000000 fe:00 2381                       /lib/x86_64-linux-gnu/libm-2.13.so
7f495c951000-7f495cb50000 ---p 00081000 fe:00 2381                       /lib/x86_64-linux-gnu/libm-2.13.so
7f495cb50000-7f495cb51000 r--p 00080000 fe:00 2381                       /lib/x86_64-linux-gnu/libm-2.13.so
7f495cb51000-7f495cb52000 rw-p 00081000 fe:00 2381                       /lib/x86_64-linux-gnu/libm-2.13.so
7f495cb52000-7f495d7bf000 r-xp 00000000 00:14 136611394                  /gpfs/main/course/cs032/bin/jdk1.8.0_25/jre/lib/amd64/server/libjvm.so
7f495d7bf000-7f495d9be000 ---p 00c6d000 00:14 136611394                  /gpfs/main/course/cs032/bin/jdk1.8.0_25/jre/lib/amd64/server/libjvm.so
7f495d9be000-7f495da94000 rw-p 00c6c000 00:14 136611394                  /gpfs/main/course/cs032/bin/jdk1.8.0_25/jre/lib/amd64/server/libjvm.so
7f495da94000-7f495dad7000 rw-p 00000000 00:00 0 
7f495dad7000-7f495dc58000 r-xp 00000000 fe:00 2504                       /lib/x86_64-linux-gnu/libc-2.13.so
7f495dc58000-7f495de58000 ---p 00181000 fe:00 2504                       /lib/x86_64-linux-gnu/libc-2.13.so
7f495de58000-7f495de5c000 r--p 00181000 fe:00 2504                       /lib/x86_64-linux-gnu/libc-2.13.so
7f495de5c000-7f495de5d000 rw-p 00185000 fe:00 2504                       /lib/x86_64-linux-gnu/libc-2.13.so
7f495de5d000-7f495de62000 rw-p 00000000 00:00 0 
7f495de62000-7f495de64000 r-xp 00000000 fe:00 2543                       /lib/x86_64-linux-gnu/libdl-2.13.so
7f495de64000-7f495e064000 ---p 00002000 fe:00 2543                       /lib/x86_64-linux-gnu/libdl-2.13.so
7f495e064000-7f495e065000 r--p 00002000 fe:00 2543                       /lib/x86_64-linux-gnu/libdl-2.13.so
7f495e065000-7f495e066000 rw-p 00003000 fe:00 2543                       /lib/x86_64-linux-gnu/libdl-2.13.so
7f495e066000-7f495e07b000 r-xp 00000000 00:14 174988983                  /gpfs/main/course/cs032/bin/jdk1.8.0_25/lib/amd64/jli/libjli.so
7f495e07b000-7f495e27a000 ---p 00015000 00:14 174988983                  /gpfs/main/course/cs032/bin/jdk1.8.0_25/lib/amd64/jli/libjli.so
7f495e27a000-7f495e27b000 rw-p 00014000 00:14 174988983                  /gpfs/main/course/cs032/bin/jdk1.8.0_25/lib/amd64/jli/libjli.so
7f495e27b000-7f495e292000 r-xp 00000000 fe:00 5965                       /lib/x86_64-linux-gnu/libpthread-2.13.so
7f495e292000-7f495e491000 ---p 00017000 fe:00 5965                       /lib/x86_64-linux-gnu/libpthread-2.13.so
7f495e491000-7f495e492000 r--p 00016000 fe:00 5965                       /lib/x86_64-linux-gnu/libpthread-2.13.so
7f495e492000-7f495e493000 rw-p 00017000 fe:00 5965                       /lib/x86_64-linux-gnu/libpthread-2.13.so
7f495e493000-7f495e497000 rw-p 00000000 00:00 0 
7f495e497000-7f495e4b7000 r-xp 00000000 fe:00 5962                       /lib/x86_64-linux-gnu/ld-2.13.so
7f495e4b7000-7f495e4b9000 r--s 00009000 00:14 50783375                   /gpfs/main/course/cs032/bin/apache-maven-3.2.3/lib/maven-settings-builder-3.2.3.jar
7f495e4b9000-7f495e4bc000 r--s 00025000 00:14 50783269                   /gpfs/main/course/cs032/bin/apache-maven-3.2.3/lib/maven-model-3.2.3.jar
7f495e4bc000-7f495e4c8000 r--s 00085000 00:14 49955830                   /gpfs/main/course/cs032/bin/apache-maven-3.2.3/lib/maven-core-3.2.3.jar
7f495e4c8000-7f495e4cc000 r--s 0003a000 00:14 50783382                   /gpfs/main/course/cs032/bin/apache-maven-3.2.3/lib/plexus-utils-3.0.17.jar
7f495e4cc000-7f495e4f4000 rw-p 00000000 00:00 0 
7f495e4f4000-7f495e577000 r--s 00000000 00:0e 7453                       /run/nscd/dbwB6UGr (deleted)
7f495e577000-7f495e57a000 ---p 00000000 00:00 0 
7f495e57a000-7f495e67c000 rw-p 00000000 00:00 0 
7f495e67c000-7f495e67e000 r--s 00002000 00:14 49955756                   /gpfs/main/course/cs032/bin/apache-maven-3.2.3/lib/plexus-cipher-1.7.jar
7f495e67e000-7f495e680000 r--s 00009000 00:14 50783265                   /gpfs/main/course/cs032/bin/apache-maven-3.2.3/lib/maven-settings-3.2.3.jar
7f495e680000-7f495e682000 r--s 0000d000 00:14 49955724                   /gpfs/main/course/cs032/bin/apache-maven-3.2.3/lib/maven-embedder-3.2.3.jar
7f495e682000-7f495e6aa000 rw-p 00000000 00:00 0 
7f495e6aa000-7f495e6b2000 rw-s 00000000 fe:04 67                         /tmp/hsperfdata_ajb7/22746
7f495e6b2000-7f495e6b3000 rw-p 00000000 00:00 0 
7f495e6b3000-7f495e6b4000 r--p 00000000 00:00 0 
7f495e6b4000-7f495e6b6000 rw-p 00000000 00:00 0 
7f495e6b6000-7f495e6b7000 r--p 0001f000 fe:00 5962                       /lib/x86_64-linux-gnu/ld-2.13.so
7f495e6b7000-7f495e6b8000 rw-p 00020000 fe:00 5962                       /lib/x86_64-linux-gnu/ld-2.13.so
7f495e6b8000-7f495e6b9000 rw-p 00000000 00:00 0 
7ffcbacb2000-7ffcbacd3000 rw-p 00000000 00:00 0                          [stack]
7ffcbad6f000-7ffcbad70000 r-xp 00000000 00:00 0                          [vdso]
ffffffffff600000-ffffffffff601000 r-xp 00000000 00:00 0                  [vsyscall]

VM Arguments:
jvm_args: -Dclassworlds.conf=/course/cs032/bin/apache-maven-3.2.3/bin/m2.conf -Dmaven.home=/course/cs032/bin/apache-maven-3.2.3 
java_command: org.codehaus.plexus.classworlds.launcher.Launcher package
java_class_path (initial): /course/cs032/bin/apache-maven-3.2.3/boot/plexus-classworlds-2.5.1.jar
Launcher Type: SUN_STANDARD

Environment Variables:
JAVA_HOME=/gpfs/main/course/cs032/bin/jdk1.8.0_25
PATH=/course/cs032/bin:/local/bin:/usr/local/bin:/bin:/usr/bin:/usr/X11R6/bin:/usr/games:/contrib/bin:/course/cs032/bin:/course/cs141/bin:/course/cs146/bin:/course/cs033/bin
SHELL=/bin/bash
DISPLAY=:1.0

Signal Handlers:
SIGSEGV: [libjvm.so+0xa79a80], sa_mask[0]=11111111011111111101111111111110, sa_flags=SA_RESTART|SA_SIGINFO
SIGBUS: [libjvm.so+0xa79a80], sa_mask[0]=11111111011111111101111111111110, sa_flags=SA_RESTART|SA_SIGINFO
SIGFPE: [libjvm.so+0x8e24e0], sa_mask[0]=11111111011111111101111111111110, sa_flags=SA_RESTART|SA_SIGINFO
SIGPIPE: [libjvm.so+0x8e24e0], sa_mask[0]=11111111011111111101111111111110, sa_flags=SA_RESTART|SA_SIGINFO
SIGXFSZ: [libjvm.so+0x8e24e0], sa_mask[0]=11111111011111111101111111111110, sa_flags=SA_RESTART|SA_SIGINFO
SIGILL: [libjvm.so+0x8e24e0], sa_mask[0]=11111111011111111101111111111110, sa_flags=SA_RESTART|SA_SIGINFO
SIGUSR1: SIG_DFL, sa_mask[0]=00000000000000000000000000000000, sa_flags=none
SIGUSR2: [libjvm.so+0x8e3d10], sa_mask[0]=00000000000000000000000000000000, sa_flags=SA_RESTART|SA_SIGINFO
SIGHUP: [libjvm.so+0x8e50d0], sa_mask[0]=11111111011111111101111111111110, sa_flags=SA_RESTART|SA_SIGINFO
SIGINT: [libjvm.so+0x8e50d0], sa_mask[0]=11111111011111111101111111111110, sa_flags=SA_RESTART|SA_SIGINFO
SIGTERM: [libjvm.so+0x8e50d0], sa_mask[0]=11111111011111111101111111111110, sa_flags=SA_RESTART|SA_SIGINFO
SIGQUIT: [libjvm.so+0x8e50d0], sa_mask[0]=11111111011111111101111111111110, sa_flags=SA_RESTART|SA_SIGINFO


---------------  S Y S T E M  ---------------

OS:PRETTY_NAME="Debian GNU/Linux 7 (wheezy)"
NAME="Debian GNU/Linux"
VERSION_ID="7"
VERSION="7 (wheezy)"
ID=debian
ANSI_COLOR="1;31"
HOME_URL="http://www.debian.org/"
SUPPORT_URL="http://www.debian.org/support/"
BUG_REPORT_URL="http://bugs.debian.org/"

uname:Linux 3.2.0-4-amd64 #1 SMP Debian 3.2.68-1+deb7u1 x86_64
libc:glibc 2.13 NPTL 2.13 
rlimit: STACK 8192k, CORE 0k, NPROC 63961, NOFILE 4096, AS infinity
load average:0.51 0.19 0.22

/proc/meminfo:
MemTotal:        8199880 kB
MemFree:         3602276 kB
Buffers:          455444 kB
Cached:          2981736 kB
SwapCached:            0 kB
Active:          2273444 kB
Inactive:        1771376 kB
Active(anon):     608024 kB
Inactive(anon):     2264 kB
Active(file):    1665420 kB
Inactive(file):  1769112 kB
Unevictable:           0 kB
Mlocked:               0 kB
SwapTotal:       8388604 kB
SwapFree:        8388604 kB
Dirty:               240 kB
Writeback:             0 kB
AnonPages:        607808 kB
Mapped:           107076 kB
Shmem:              2612 kB
Slab:             468184 kB
SReclaimable:     427496 kB
SUnreclaim:        40688 kB
KernelStack:        3456 kB
PageTables:        27172 kB
NFS_Unstable:          0 kB
Bounce:                0 kB
WritebackTmp:          0 kB
CommitLimit:    12488544 kB
Committed_AS:    2393616 kB
VmallocTotal:   34359738367 kB
VmallocUsed:      326308 kB
VmallocChunk:   34359403516 kB
HardwareCorrupted:     0 kB
AnonHugePages:         0 kB
HugePages_Total:       0
HugePages_Free:        0
HugePages_Rsvd:        0
HugePages_Surp:        0
Hugepagesize:       2048 kB
DirectMap4k:      196160 kB
DirectMap2M:     8192000 kB


CPU:total 4 (4 cores per cpu, 1 threads per core) family 6 model 15 stepping 11, cmov, cx8, fxsr, mmx, sse, sse2, sse3, ssse3, tsc

/proc/cpuinfo:
processor	: 0
vendor_id	: GenuineIntel
cpu family	: 6
model		: 15
model name	: Intel(R) Core(TM)2 Quad CPU    Q6600  @ 2.40GHz
stepping	: 11
microcode	: 0xb6
cpu MHz		: 2399.505
cache size	: 4096 KB
physical id	: 0
siblings	: 4
core id		: 0
cpu cores	: 4
apicid		: 0
initial apicid	: 0
fpu		: yes
fpu_exception	: yes
cpuid level	: 10
wp		: yes
flags		: fpu vme de pse tsc msr pae mce cx8 apic sep mtrr pge mca cmov pat pse36 clflush dts acpi mmx fxsr sse sse2 ss ht tm pbe syscall nx lm constant_tsc arch_perfmon pebs bts rep_good nopl aperfmperf pni dtes64 monitor ds_cpl vmx est tm2 ssse3 cx16 xtpr pdcm lahf_lm dtherm tpr_shadow vnmi flexpriority
bogomips	: 4799.01
clflush size	: 64
cache_alignment	: 64
address sizes	: 36 bits physical, 48 bits virtual
power management:

processor	: 1
vendor_id	: GenuineIntel
cpu family	: 6
model		: 15
model name	: Intel(R) Core(TM)2 Quad CPU    Q6600  @ 2.40GHz
stepping	: 11
microcode	: 0xb6
cpu MHz		: 2399.505
cache size	: 4096 KB
physical id	: 0
siblings	: 4
core id		: 1
cpu cores	: 4
apicid		: 1
initial apicid	: 1
fpu		: yes
fpu_exception	: yes
cpuid level	: 10
wp		: yes
flags		: fpu vme de pse tsc msr pae mce cx8 apic sep mtrr pge mca cmov pat pse36 clflush dts acpi mmx fxsr sse sse2 ss ht tm pbe syscall nx lm constant_tsc arch_perfmon pebs bts rep_good nopl aperfmperf pni dtes64 monitor ds_cpl vmx est tm2 ssse3 cx16 xtpr pdcm lahf_lm dtherm tpr_shadow vnmi flexpriority
bogomips	: 4800.23
clflush size	: 64
cache_alignment	: 64
address sizes	: 36 bits physical, 48 bits virtual
power management:

processor	: 2
vendor_id	: GenuineIntel
cpu family	: 6
model		: 15
model name	: Intel(R) Core(TM)2 Quad CPU    Q6600  @ 2.40GHz
stepping	: 11
microcode	: 0xb6
cpu MHz		: 2399.505
cache size	: 4096 KB
physical id	: 0
siblings	: 4
core id		: 2
cpu cores	: 4
apicid		: 2
initial apicid	: 2
fpu		: yes
fpu_exception	: yes
cpuid level	: 10
wp		: yes
flags		: fpu vme de pse tsc msr pae mce cx8 apic sep mtrr pge mca cmov pat pse36 clflush dts acpi mmx fxsr sse sse2 ss ht tm pbe syscall nx lm constant_tsc arch_perfmon pebs bts rep_good nopl aperfmperf pni dtes64 monitor ds_cpl vmx est tm2 ssse3 cx16 xtpr pdcm lahf_lm dtherm tpr_shadow vnmi flexpriority
bogomips	: 4800.28
clflush size	: 64
cache_alignment	: 64
address sizes	: 36 bits physical, 48 bits virtual
power management:

processor	: 3
vendor_id	: GenuineIntel
cpu family	: 6
model		: 15
model name	: Intel(R) Core(TM)2 Quad CPU    Q6600  @ 2.40GHz
stepping	: 11
microcode	: 0xb6
cpu MHz		: 2399.505
cache size	: 4096 KB
physical id	: 0
siblings	: 4
core id		: 3
cpu cores	: 4
apicid		: 3
initial apicid	: 3
fpu		: yes
fpu_exception	: yes
cpuid level	: 10
wp		: yes
flags		: fpu vme de pse tsc msr pae mce cx8 apic sep mtrr pge mca cmov pat pse36 clflush dts acpi mmx fxsr sse sse2 ss ht tm pbe syscall nx lm constant_tsc arch_perfmon pebs bts rep_good nopl aperfmperf pni dtes64 monitor ds_cpl vmx est tm2 ssse3 cx16 xtpr pdcm lahf_lm dtherm tpr_shadow vnmi flexpriority
bogomips	: 4800.26
clflush size	: 64
cache_alignment	: 64
address sizes	: 36 bits physical, 48 bits virtual
power management:



Memory: 4k page, physical 8199880k(3602276k free), swap 8388604k(8388604k free)

vm_info: Java HotSpot(TM) 64-Bit Server VM (25.25-b02) for linux-amd64 JRE (1.8.0_25-b17), built on Sep 17 2014 17:32:11 by "java_re" with gcc 4.3.0 20080428 (Red Hat 4.3.0-8)

time: Sat May  9 14:38:56 2015
elapsed time: 15 seconds (0d 0h 0m 15s)

