#
# A fatal error has been detected by the Java Runtime Environment:
#
#  SIGSEGV (0xb) at pc=0x00007f3740fc7060, pid=6797, tid=139876638689024
#
# JRE version: Java(TM) SE Runtime Environment (8.0_25-b17) (build 1.8.0_25-b17)
# Java VM: Java HotSpot(TM) 64-Bit Server VM (25.25-b02 mixed mode linux-amd64 compressed oops)
# Problematic frame:
# C  0x00007f3740fc7060
#
# Failed to write core dump. Core dumps have been disabled. To enable core dumping, try "ulimit -c unlimited" before starting Java again
#
# If you would like to submit a bug report, please visit:
#   http://bugreport.sun.com/bugreport/crash.jsp
#

---------------  T H R E A D  ---------------

Current thread (0x0000000000e8f000):  JavaThread "main" [_thread_in_Java, id=6798, stack(0x00007f37914c8000,0x00007f37915c9000)]

siginfo: si_signo: 11 (SIGSEGV), si_code: 1 (SEGV_MAPERR), si_addr: 0x00007f3740fc7060

Registers:
RAX=0x00007f377ab2e538, RBX=0x00007f377ab2e538, RCX=0x000000008305b9c0, RDX=0x0000000000000000
RSP=0x00007f37915c6c68, RBP=0x00007f37915c6cc8, RSI=0x000000008305b9c0, RDI=0x0000000000000103
R8 =0x0000000082fb5a60, R9 =0x00000000d788ea28, R10=0x00007f37909fe440, R11=0x00007f378033d1c0
R12=0x0000000000000000, R13=0x00007f37915c6c78, R14=0x0000000000000000, R15=0x0000000000e8f000
RIP=0x00007f3740fc7060, EFLAGS=0x0000000000010202, CSGSFS=0x0000000000000033, ERR=0x0000000000000014
  TRAPNO=0x000000000000000e

Top of Stack: (sp=0x00007f37915c6c68)
0x00007f37915c6c68:   00007f377ffc9710 00007f377ffc9710
0x00007f37915c6c78:   000000008305b9c0 0000000082eef848
0x00007f37915c6c88:   00007f37915c6c88 00007f377ac0b015
0x00007f37915c6c98:   00007f37915c6d10 00007f377ac15010
0x00007f37915c6ca8:   0000000000000000 00007f377ac0b0d0
0x00007f37915c6cb8:   00007f37915c6c78 00007f37915c6d08
0x00007f37915c6cc8:   00007f37915c6d58 00007f377ffc998d
0x00007f37915c6cd8:   0000000000000000 0000000000000000
0x00007f37915c6ce8:   00000000d69630c8 00000000d6962e18
0x00007f37915c6cf8:   000000008305b820 00000000d6962ec8
0x00007f37915c6d08:   000000008305b9c0 0000000082eefa50
0x00007f37915c6d18:   00007f37915c6d18 00007f377ac05a90
0x00007f37915c6d28:   00007f37915c6d78 00007f377ac17f40
0x00007f37915c6d38:   0000000000000000 00007f377ac05ae8
0x00007f37915c6d48:   00007f37915c6d08 00007f37915c6d70
0x00007f37915c6d58:   00007f37915c6dc0 00007f377ffc998d
0x00007f37915c6d68:   0000000000000000 000000008305b9c0
0x00007f37915c6d78:   0000000082eefa50 00007f37915c6d80
0x00007f37915c6d88:   00007f377abdfd52 00007f37915c6dd8
0x00007f37915c6d98:   00007f377ae080b0 0000000000000000
0x00007f37915c6da8:   00007f377abdfd60 00007f37915c6d70
0x00007f37915c6db8:   00007f37915c6dd0 00007f37915c6e20
0x00007f37915c6dc8:   00007f377ffc998d 0000000082eefa50
0x00007f37915c6dd8:   000000008305b9c0 00007f37915c6de0
0x00007f37915c6de8:   00007f377ac0a334 00007f37915c6e58
0x00007f37915c6df8:   00007f377ac15010 0000000000000000
0x00007f37915c6e08:   00007f377ac0a3a0 00007f37915c6dd0
0x00007f37915c6e18:   00007f37915c6e48 00007f37915c6ea0
0x00007f37915c6e28:   00007f377ffc998d 0000000000000000
0x00007f37915c6e38:   0000000000000000 00000000d7a649c8
0x00007f37915c6e48:   00000000d6962ec8 000000008305b9c0
0x00007f37915c6e58:   0000000082eefa50 00007f37915c6e60 

Instructions: (pc=0x00007f3740fc7060)
0x00007f3740fc7040:   
[error occurred during error reporting (printing registers, top of stack, instructions near pc), id 0xb]

Register to memory mapping:

RAX={method} {0x00007f377ab2e538} 'pos' '()Lcom/sun/tools/javac/util/JCDiagnostic$DiagnosticPosition;' in 'com/sun/tools/javac/tree/JCTree'
RBX={method} {0x00007f377ab2e538} 'pos' '()Lcom/sun/tools/javac/util/JCDiagnostic$DiagnosticPosition;' in 'com/sun/tools/javac/tree/JCTree'
RCX=0x000000008305b9c0 is an oop
com.sun.tools.javac.tree.JCTree$JCVariableDecl 
 - klass: 'com/sun/tools/javac/tree/JCTree$JCVariableDecl'
RDX=0x0000000000000000 is an unknown value
RSP=0x00007f37915c6c68 is pointing into the stack for thread: 0x0000000000e8f000
RBP=0x00007f37915c6cc8 is pointing into the stack for thread: 0x0000000000e8f000
RSI=0x000000008305b9c0 is an oop
com.sun.tools.javac.tree.JCTree$JCVariableDecl 
 - klass: 'com/sun/tools/javac/tree/JCTree$JCVariableDecl'
RDI=0x0000000000000103 is an unknown value
R8 =0x0000000082fb5a60 is an oop
com.sun.tools.javac.util.SharedNameTable$NameImpl 
 - klass: 'com/sun/tools/javac/util/SharedNameTable$NameImpl'
R9 =0x00000000d788ea28 is an oop
com.sun.tools.javac.code.Type$ClassType 
 - klass: 'com/sun/tools/javac/code/Type$ClassType'
R10=0x00007f37909fe440: <offset 0xf5c440> in /gpfs/main/course/cs032/bin/jdk1.8.0_25/jre/lib/amd64/server/libjvm.so at 0x00007f378faa2000
R11=0x00007f378033d1c0 is at entry_point+32 in (nmethod*)0x00007f378033d050
R12=0x0000000000000000 is an unknown value
R13=0x00007f37915c6c78 is pointing into the stack for thread: 0x0000000000e8f000
R14=0x0000000000000000 is an unknown value
R15=0x0000000000e8f000 is a thread


Stack: [0x00007f37914c8000,0x00007f37915c9000],  sp=0x00007f37915c6c68,  free space=1019k
Native frames: (J=compiled Java code, j=interpreted, Vv=VM code, C=native code)
C  0x00007f3740fc7060
j  com.sun.tools.javadoc.JavadocMemberEnter.visitVarDef(Lcom/sun/tools/javac/tree/JCTree$JCVariableDecl;)V+72
j  com.sun.tools.javac.tree.JCTree$JCVariableDecl.accept(Lcom/sun/tools/javac/tree/JCTree$Visitor;)V+2
j  com.sun.tools.javac.comp.MemberEnter.memberEnter(Lcom/sun/tools/javac/tree/JCTree;Lcom/sun/tools/javac/comp/Env;)V+12
j  com.sun.tools.javac.comp.MemberEnter.signature(Lcom/sun/tools/javac/code/Symbol$MethodSymbol;Lcom/sun/tools/javac/util/List;Lcom/sun/tools/javac/util/List;Lcom/sun/tools/javac/tree/JCTree;Lcom/sun/tools/javac/tree/JCTree$JCVariableDecl;Lcom/sun/tools/javac/util/List;Lcom/sun/tools/javac/comp/Env;)Lcom/sun/tools/javac/code/Type;+53
j  com.sun.tools.javac.comp.MemberEnter.visitMethodDef(Lcom/sun/tools/javac/tree/JCTree$JCMethodDecl;)V+146
j  com.sun.tools.javadoc.JavadocMemberEnter.visitMethodDef(Lcom/sun/tools/javac/tree/JCTree$JCMethodDecl;)V+2
j  com.sun.tools.javac.tree.JCTree$JCMethodDecl.accept(Lcom/sun/tools/javac/tree/JCTree$Visitor;)V+2
j  com.sun.tools.javac.comp.MemberEnter.memberEnter(Lcom/sun/tools/javac/tree/JCTree;Lcom/sun/tools/javac/comp/Env;)V+12
j  com.sun.tools.javac.comp.MemberEnter.memberEnter(Lcom/sun/tools/javac/util/List;Lcom/sun/tools/javac/comp/Env;)V+18
j  com.sun.tools.javac.comp.MemberEnter.finishClass(Lcom/sun/tools/javac/tree/JCTree$JCClassDecl;Lcom/sun/tools/javac/comp/Env;)V+57
j  com.sun.tools.javac.comp.MemberEnter.finish(Lcom/sun/tools/javac/comp/Env;)V+26
j  com.sun.tools.javac.comp.MemberEnter.complete(Lcom/sun/tools/javac/code/Symbol;)V+1478
j  com.sun.tools.javac.code.Symbol.complete()V+19
j  com.sun.tools.javac.code.Symbol$ClassSymbol.complete()V+1
j  com.sun.tools.javac.comp.Enter.complete(Lcom/sun/tools/javac/util/List;Lcom/sun/tools/javac/code/Symbol$ClassSymbol;)V+88
j  com.sun.tools.javac.comp.Enter.main(Lcom/sun/tools/javac/util/List;)V+3
j  com.sun.tools.javadoc.JavadocEnter.main(Lcom/sun/tools/javac/util/List;)V+10
j  com.sun.tools.javadoc.JavadocTool.getRootDocImpl(Ljava/lang/String;Ljava/lang/String;Lcom/sun/tools/javadoc/ModifierFilter;Lcom/sun/tools/javac/util/List;Lcom/sun/tools/javac/util/List;Ljava/lang/Iterable;ZLcom/sun/tools/javac/util/List;Lcom/sun/tools/javac/util/List;ZZZ)Lcom/sun/tools/javadoc/RootDocImpl;+483
j  com.sun.tools.javadoc.Start.parseAndExecute(Ljava/lang/Class;[Ljava/lang/String;Ljava/lang/Iterable;)Z+620
j  com.sun.tools.javadoc.Start.begin(Ljava/lang/Class;[Ljava/lang/String;Ljava/lang/Iterable;)Z+7
j  com.sun.tools.javadoc.Start.begin([Ljava/lang/String;)I+6
j  com.sun.tools.javadoc.Main.execute([Ljava/lang/String;)I+10
j  com.sun.tools.javadoc.Main.main([Ljava/lang/String;)V+1
v  ~StubRoutines::call_stub
V  [libjvm.so+0x664086]  JavaCalls::call_helper(JavaValue*, methodHandle*, JavaCallArguments*, Thread*)+0x1056
V  [libjvm.so+0x6ab096]  jni_invoke_static(JNIEnv_*, JavaValue*, _jobject*, JNICallType, _jmethodID*, JNI_ArgumentPusher*, Thread*)+0x346
V  [libjvm.so+0x6b1c2a]  jni_CallStaticVoidMethod+0x17a
C  [libjli.so+0x7b14]  JavaMain+0x844
C  [libpthread.so.0+0x6b50]  start_thread+0xd0


---------------  P R O C E S S  ---------------

Java Threads: ( => current thread )
  0x00007f377404c800 JavaThread "Service Thread" daemon [_thread_blocked, id=6810, stack(0x00007f3778c25000,0x00007f3778d26000)]
  0x00007f3774035000 JavaThread "C1 CompilerThread2" daemon [_thread_in_native, id=6809, stack(0x00007f3778d26000,0x00007f3778e27000)]
  0x00007f3774032800 JavaThread "C2 CompilerThread1" daemon [_thread_in_native, id=6808, stack(0x00007f3778e27000,0x00007f3778f28000)]
  0x00007f3774030000 JavaThread "C2 CompilerThread0" daemon [_thread_in_native, id=6807, stack(0x00007f3778f28000,0x00007f3779029000)]
  0x00007f377402d800 JavaThread "Signal Dispatcher" daemon [_thread_blocked, id=6806, stack(0x00007f3779029000,0x00007f377912a000)]
  0x00007f3774001000 JavaThread "Finalizer" daemon [_thread_blocked, id=6805, stack(0x00007f377912a000,0x00007f377922b000)]
  0x0000000000eff800 JavaThread "Reference Handler" daemon [_thread_blocked, id=6804, stack(0x00007f377922b000,0x00007f377932c000)]
=>0x0000000000e8f000 JavaThread "main" [_thread_in_Java, id=6798, stack(0x00007f37914c8000,0x00007f37915c9000)]

Other Threads:
  0x0000000000ef8800 VMThread [stack: 0x00007f377932c000,0x00007f377942d000] [id=6803]
  0x00007f377404f000 WatcherThread [stack: 0x00007f3778b24000,0x00007f3778c25000] [id=6811]

VM state:not at safepoint (normal execution)

VM Mutex/Monitor currently owned by a thread: None

Heap:
 PSYoungGen      total 18944K, used 9214K [0x00000000d6500000, 0x00000000d7f80000, 0x0000000100000000)
  eden space 13312K, 33% used [0x00000000d6500000,0x00000000d696a940,0x00000000d7200000)
  from space 5632K, 83% used [0x00000000d7800000,0x00000000d7c95138,0x00000000d7d80000)
  to   space 6144K, 0% used [0x00000000d7200000,0x00000000d7200000,0x00000000d7800000)
 ParOldGen       total 12800K, used 6940K [0x0000000082e00000, 0x0000000083a80000, 0x00000000d6500000)
  object space 12800K, 54% used [0x0000000082e00000,0x00000000834c7138,0x0000000083a80000)
 Metaspace       used 8390K, capacity 8756K, committed 8960K, reserved 1056768K
  class space    used 992K, capacity 1008K, committed 1024K, reserved 1048576K

Card table byte_map: [0x00007f377f818000,0x00007f377fc02000] byte_map_base: 0x00007f377f401000

Marking Bits: (ParMarkBitMap*) 0x00007f37909fc2c0
 Begin Bits: [0x00007f377b2e8000, 0x00007f377d230000)
 End Bits:   [0x00007f377d230000, 0x00007f377f178000)

Polling page: 0x00007f3791603000

CodeCache: size=245760Kb used=3583Kb max_used=3583Kb free=242176Kb
 bounds [0x00007f377ffc2000, 0x00007f3780352000, 0x00007f378efc2000]
 total_blobs=1169 nmethods=868 adapters=217
 compilation: enabled

Compilation events (10 events):
Event: 1.226 Thread 0x00007f3774035000 nmethod 873 0x00007f378033e4d0 code [0x00007f378033e640, 0x00007f378033e790]
Event: 1.226 Thread 0x00007f3774035000  861       3       com.sun.tools.javac.jvm.ClassReader::enterMember (41 bytes)
Event: 1.226 Thread 0x00007f3774035000 nmethod 861 0x00007f378033e810 code [0x00007f378033e9e0, 0x00007f378033f128]
Event: 1.226 Thread 0x00007f3774035000  864       3       com.sun.tools.javac.jvm.ClassReader::readMemberAttrs (9 bytes)
Event: 1.226 Thread 0x00007f3774035000 nmethod 864 0x00007f378033f490 code [0x00007f378033f600, 0x00007f378033f808]
Event: 1.226 Thread 0x00007f3774035000  857   !   3       com.sun.tools.javac.jvm.ClassReader::readMethod (365 bytes)
Event: 1.229 Thread 0x00007f3774035000 nmethod 857 0x00007f378033f890 code [0x00007f378033fc80, 0x00007f37803425c8]
Event: 1.230 Thread 0x00007f3774035000  877       1       com.sun.tools.javac.tree.JCTree::pos (2 bytes)
Event: 1.230 Thread 0x00007f3774035000 nmethod 877 0x00007f3780343810 code [0x00007f3780343960, 0x00007f3780343a70]
Event: 1.230 Thread 0x00007f3774035000  858       3       com.sun.tools.javac.jvm.ClassReader::adjustMethodFlags (59 bytes)

GC Heap History (10 events):
Event: 0.772 GC heap before
{Heap before GC invocations=5 (full 0):
 PSYoungGen      total 6656K, used 6656K [0x00000000d6500000, 0x00000000d6c00000, 0x0000000100000000)
  eden space 6144K, 100% used [0x00000000d6500000,0x00000000d6b00000,0x00000000d6b00000)
  from space 512K, 100% used [0x00000000d6b80000,0x00000000d6c00000,0x00000000d6c00000)
  to   space 512K, 0% used [0x00000000d6b00000,0x00000000d6b00000,0x00000000d6b80000)
 ParOldGen       total 5632K, used 1028K [0x0000000082e00000, 0x0000000083380000, 0x00000000d6500000)
  object space 5632K, 18% used [0x0000000082e00000,0x0000000082f01008,0x0000000083380000)
 Metaspace       used 7935K, capacity 8404K, committed 8704K, reserved 1056768K
  class space    used 956K, capacity 976K, committed 1024K, reserved 1048576K
Event: 0.778 GC heap after
Heap after GC invocations=5 (full 0):
 PSYoungGen      total 6656K, used 490K [0x00000000d6500000, 0x00000000d7500000, 0x0000000100000000)
  eden space 6144K, 0% used [0x00000000d6500000,0x00000000d6500000,0x00000000d6b00000)
  from space 512K, 95% used [0x00000000d6b00000,0x00000000d6b7aa90,0x00000000d6b80000)
  to   space 2048K, 0% used [0x00000000d7300000,0x00000000d7300000,0x00000000d7500000)
 ParOldGen       total 5632K, used 2678K [0x0000000082e00000, 0x0000000083380000, 0x00000000d6500000)
  object space 5632K, 47% used [0x0000000082e00000,0x000000008309db38,0x0000000083380000)
 Metaspace       used 7935K, capacity 8404K, committed 8704K, reserved 1056768K
  class space    used 956K, capacity 976K, committed 1024K, reserved 1048576K
}
Event: 0.836 GC heap before
{Heap before GC invocations=6 (full 0):
 PSYoungGen      total 6656K, used 6634K [0x00000000d6500000, 0x00000000d7500000, 0x0000000100000000)
  eden space 6144K, 100% used [0x00000000d6500000,0x00000000d6b00000,0x00000000d6b00000)
  from space 512K, 95% used [0x00000000d6b00000,0x00000000d6b7aa90,0x00000000d6b80000)
  to   space 2048K, 0% used [0x00000000d7300000,0x00000000d7300000,0x00000000d7500000)
 ParOldGen       total 5632K, used 2678K [0x0000000082e00000, 0x0000000083380000, 0x00000000d6500000)
  object space 5632K, 47% used [0x0000000082e00000,0x000000008309db38,0x0000000083380000)
 Metaspace       used 8036K, capacity 8468K, committed 8704K, reserved 1056768K
  class space    used 964K, capacity 976K, committed 1024K, reserved 1048576K
Event: 0.853 GC heap after
Heap after GC invocations=6 (full 0):
 PSYoungGen      total 11776K, used 2016K [0x00000000d6500000, 0x00000000d7a00000, 0x0000000100000000)
  eden space 9728K, 0% used [0x00000000d6500000,0x00000000d6500000,0x00000000d6e80000)
  from space 2048K, 98% used [0x00000000d7300000,0x00000000d74f80b8,0x00000000d7500000)
  to   space 4608K, 0% used [0x00000000d6e80000,0x00000000d6e80000,0x00000000d7300000)
 ParOldGen       total 7168K, used 6576K [0x0000000082e00000, 0x0000000083500000, 0x00000000d6500000)
  object space 7168K, 91% used [0x0000000082e00000,0x000000008346c348,0x0000000083500000)
 Metaspace       used 8036K, capacity 8468K, committed 8704K, reserved 1056768K
  class space    used 964K, capacity 976K, committed 1024K, reserved 1048576K
}
Event: 0.853 GC heap before
{Heap before GC invocations=7 (full 1):
 PSYoungGen      total 11776K, used 2016K [0x00000000d6500000, 0x00000000d7a00000, 0x0000000100000000)
  eden space 9728K, 0% used [0x00000000d6500000,0x00000000d6500000,0x00000000d6e80000)
  from space 2048K, 98% used [0x00000000d7300000,0x00000000d74f80b8,0x00000000d7500000)
  to   space 4608K, 0% used [0x00000000d6e80000,0x00000000d6e80000,0x00000000d7300000)
 ParOldGen       total 7168K, used 6576K [0x0000000082e00000, 0x0000000083500000, 0x00000000d6500000)
  object space 7168K, 91% used [0x0000000082e00000,0x000000008346c348,0x0000000083500000)
 Metaspace       used 8036K, capacity 8468K, committed 8704K, reserved 1056768K
  class space    used 964K, capacity 976K, committed 1024K, reserved 1048576K
Event: 0.952 GC heap after
Heap after GC invocations=7 (full 1):
 PSYoungGen      total 11776K, used 1502K [0x00000000d6500000, 0x00000000d7a00000, 0x0000000100000000)
  eden space 9728K, 0% used [0x00000000d6500000,0x00000000d6500000,0x00000000d6e80000)
  from space 2048K, 73% used [0x00000000d7300000,0x00000000d74778a0,0x00000000d7500000)
  to   space 4608K, 0% used [0x00000000d6e80000,0x00000000d6e80000,0x00000000d7300000)
 ParOldGen       total 12800K, used 6916K [0x0000000082e00000, 0x0000000083a80000, 0x00000000d6500000)
  object space 12800K, 54% used [0x0000000082e00000,0x00000000834c1138,0x0000000083a80000)
 Metaspace       used 8036K, capacity 8468K, committed 8704K, reserved 1056768K
  class space    used 964K, capacity 976K, committed 1024K, reserved 1048576K
}
Event: 1.100 GC heap before
{Heap before GC invocations=8 (full 1):
 PSYoungGen      total 11776K, used 11230K [0x00000000d6500000, 0x00000000d7a00000, 0x0000000100000000)
  eden space 9728K, 100% used [0x00000000d6500000,0x00000000d6e80000,0x00000000d6e80000)
  from space 2048K, 73% used [0x00000000d7300000,0x00000000d74778a0,0x00000000d7500000)
  to   space 4608K, 0% used [0x00000000d6e80000,0x00000000d6e80000,0x00000000d7300000)
 ParOldGen       total 12800K, used 6916K [0x0000000082e00000, 0x0000000083a80000, 0x00000000d6500000)
  object space 12800K, 54% used [0x0000000082e00000,0x00000000834c1138,0x0000000083a80000)
 Metaspace       used 8215K, capacity 8628K, committed 8704K, reserved 1056768K
  class space    used 977K, capacity 1008K, committed 1024K, reserved 1048576K
Event: 1.112 GC heap after
Heap after GC invocations=8 (full 1):
 PSYoungGen      total 14336K, used 4265K [0x00000000d6500000, 0x00000000d7d80000, 0x0000000100000000)
  eden space 9728K, 0% used [0x00000000d6500000,0x00000000d6500000,0x00000000d6e80000)
  from space 4608K, 92% used [0x00000000d6e80000,0x00000000d72aa728,0x00000000d7300000)
  to   space 5632K, 0% used [0x00000000d7800000,0x00000000d7800000,0x00000000d7d80000)
 ParOldGen       total 12800K, used 6932K [0x0000000082e00000, 0x0000000083a80000, 0x00000000d6500000)
  object space 12800K, 54% used [0x0000000082e00000,0x00000000834c5138,0x0000000083a80000)
 Metaspace       used 8215K, capacity 8628K, committed 8704K, reserved 1056768K
  class space    used 977K, capacity 1008K, committed 1024K, reserved 1048576K
}
Event: 1.165 GC heap before
{Heap before GC invocations=9 (full 1):
 PSYoungGen      total 14336K, used 13993K [0x00000000d6500000, 0x00000000d7d80000, 0x0000000100000000)
  eden space 9728K, 100% used [0x00000000d6500000,0x00000000d6e80000,0x00000000d6e80000)
  from space 4608K, 92% used [0x00000000d6e80000,0x00000000d72aa728,0x00000000d7300000)
  to   space 5632K, 0% used [0x00000000d7800000,0x00000000d7800000,0x00000000d7d80000)
 ParOldGen       total 12800K, used 6932K [0x0000000082e00000, 0x0000000083a80000, 0x00000000d6500000)
  object space 12800K, 54% used [0x0000000082e00000,0x00000000834c5138,0x0000000083a80000)
 Metaspace       used 8288K, capacity 8692K, committed 8960K, reserved 1056768K
  class space    used 982K, capacity 1008K, committed 1024K, reserved 1048576K
Event: 1.178 GC heap after
Heap after GC invocations=9 (full 1):
 PSYoungGen      total 18944K, used 4692K [0x00000000d6500000, 0x00000000d7f80000, 0x0000000100000000)
  eden space 13312K, 0% used [0x00000000d6500000,0x00000000d6500000,0x00000000d7200000)
  from space 5632K, 83% used [0x00000000d7800000,0x00000000d7c95138,0x00000000d7d80000)
  to   space 6144K, 0% used [0x00000000d7200000,0x00000000d7200000,0x00000000d7800000)
 ParOldGen       total 12800K, used 6940K [0x0000000082e00000, 0x0000000083a80000, 0x00000000d6500000)
  object space 12800K, 54% used [0x0000000082e00000,0x00000000834c7138,0x0000000083a80000)
 Metaspace       used 8288K, capacity 8692K, committed 8960K, reserved 1056768K
  class space    used 982K, capacity 1008K, committed 1024K, reserved 1048576K
}

Deoptimization events (8 events):
Event: 0.453 Thread 0x0000000000e8f000 Uncommon trap: reason=class_check action=maybe_recompile pc=0x00007f378018aab8 method=java.io.DataInputStream.readChar()C @ 4
Event: 0.453 Thread 0x0000000000e8f000 Uncommon trap: reason=class_check action=maybe_recompile pc=0x00007f378018aab8 method=java.io.DataInputStream.readChar()C @ 4
Event: 0.453 Thread 0x0000000000e8f000 Uncommon trap: reason=class_check action=maybe_recompile pc=0x00007f378018aab8 method=java.io.DataInputStream.readChar()C @ 4
Event: 0.453 Thread 0x0000000000e8f000 Uncommon trap: reason=class_check action=maybe_recompile pc=0x00007f378018aab8 method=java.io.DataInputStream.readChar()C @ 4
Event: 1.153 Thread 0x0000000000e8f000 Uncommon trap: reason=class_check action=maybe_recompile pc=0x00007f37802f5e6c method=com.sun.tools.javac.util.List.reverse()Lcom/sun/tools/javac/util/List; @ 11
Event: 1.154 Thread 0x0000000000e8f000 Uncommon trap: reason=class_check action=maybe_recompile pc=0x00007f37802f5e6c method=com.sun.tools.javac.util.List.reverse()Lcom/sun/tools/javac/util/List; @ 11
Event: 1.158 Thread 0x0000000000e8f000 Uncommon trap: reason=class_check action=maybe_recompile pc=0x00007f37802f5e58 method=com.sun.tools.javac.util.List.reverse()Lcom/sun/tools/javac/util/List; @ 1
Event: 1.158 Thread 0x0000000000e8f000 Uncommon trap: reason=class_check action=maybe_recompile pc=0x00007f37802f5e6c method=com.sun.tools.javac.util.List.reverse()Lcom/sun/tools/javac/util/List; @ 11

Internal exceptions (10 events):
Event: 1.157 Thread 0x0000000000e8f000 Exception <a 'java/security/PrivilegedActionException'> (0x00000000d6dd1018) thrown at [/HUDSON/workspace/8-2-build-linux-amd64/jdk8u25/1514/hotspot/src/share/vm/prims/jvm.cpp, line 1312]
Event: 1.157 Thread 0x0000000000e8f000 Exception <a 'java/security/PrivilegedActionException'> (0x00000000d6dd35e0) thrown at [/HUDSON/workspace/8-2-build-linux-amd64/jdk8u25/1514/hotspot/src/share/vm/prims/jvm.cpp, line 1312]
Event: 1.217 Thread 0x0000000000e8f000 Exception <a 'java/security/PrivilegedActionException'> (0x00000000d691c940) thrown at [/HUDSON/workspace/8-2-build-linux-amd64/jdk8u25/1514/hotspot/src/share/vm/prims/jvm.cpp, line 1312]
Event: 1.220 Thread 0x0000000000e8f000 Exception <a 'java/security/PrivilegedActionException'> (0x00000000d692e598) thrown at [/HUDSON/workspace/8-2-build-linux-amd64/jdk8u25/1514/hotspot/src/share/vm/prims/jvm.cpp, line 1312]
Event: 1.220 Thread 0x0000000000e8f000 Exception <a 'java/security/PrivilegedActionException'> (0x00000000d69328c8) thrown at [/HUDSON/workspace/8-2-build-linux-amd64/jdk8u25/1514/hotspot/src/share/vm/prims/jvm.cpp, line 1312]
Event: 1.226 Thread 0x0000000000e8f000 Exception <a 'java/security/PrivilegedActionException'> (0x00000000d694f320) thrown at [/HUDSON/workspace/8-2-build-linux-amd64/jdk8u25/1514/hotspot/src/share/vm/prims/jvm.cpp, line 1312]
Event: 1.227 Thread 0x0000000000e8f000 Exception <a 'java/security/PrivilegedActionException'> (0x00000000d6953280) thrown at [/HUDSON/workspace/8-2-build-linux-amd64/jdk8u25/1514/hotspot/src/share/vm/prims/jvm.cpp, line 1312]
Event: 1.227 Thread 0x0000000000e8f000 Exception <a 'java/security/PrivilegedActionException'> (0x00000000d6956f28) thrown at [/HUDSON/workspace/8-2-build-linux-amd64/jdk8u25/1514/hotspot/src/share/vm/prims/jvm.cpp, line 1312]
Event: 1.227 Thread 0x0000000000e8f000 Exception <a 'java/security/PrivilegedActionException'> (0x00000000d6958b50) thrown at [/HUDSON/workspace/8-2-build-linux-amd64/jdk8u25/1514/hotspot/src/share/vm/prims/jvm.cpp, line 1312]
Event: 1.228 Thread 0x0000000000e8f000 Exception <a 'java/security/PrivilegedActionException'> (0x00000000d695f4a0) thrown at [/HUDSON/workspace/8-2-build-linux-amd64/jdk8u25/1514/hotspot/src/share/vm/prims/jvm.cpp, line 1312]

Events (10 events):
Event: 1.226 loading class com/sun/tools/javadoc/JavadocMemberEnter$MaybeConstantExpressionScanner
Event: 1.226 loading class com/sun/tools/javadoc/JavadocMemberEnter$MaybeConstantExpressionScanner done
Event: 1.227 loading class com/sun/tools/javadoc/MethodDocImpl
Event: 1.227 loading class com/sun/tools/javadoc/MethodDocImpl done
Event: 1.227 loading class com/sun/javadoc/MethodDoc
Event: 1.227 loading class com/sun/javadoc/MethodDoc done
Event: 1.227 loading class com/sun/tools/javadoc/ExecutableMemberDocImpl
Event: 1.227 loading class com/sun/tools/javadoc/ExecutableMemberDocImpl done
Event: 1.228 loading class com/sun/tools/javadoc/ConstructorDocImpl
Event: 1.228 loading class com/sun/tools/javadoc/ConstructorDocImpl done


Dynamic libraries:
00400000-00401000 r-xp 00000000 00:14 139096286                          /gpfs/main/course/cs032/bin/jdk1.8.0_25/bin/javadoc
00600000-00601000 rw-p 00000000 00:14 139096286                          /gpfs/main/course/cs032/bin/jdk1.8.0_25/bin/javadoc
00e86000-0191c000 rw-p 00000000 00:00 0                                  [heap]
82e00000-83a80000 rw-p 00000000 00:00 0 
83a80000-d6500000 ---p 00000000 00:00 0 
d6500000-d7f80000 rw-p 00000000 00:00 0 
d7f80000-100000000 ---p 00000000 00:00 0 
100000000-100100000 rw-p 00000000 00:00 0 
100100000-140000000 ---p 00000000 00:00 0 
7f376c000000-7f376c783000 rw-p 00000000 00:00 0 
7f376c783000-7f3770000000 ---p 00000000 00:00 0 
7f3774000000-7f3774a22000 rw-p 00000000 00:00 0 
7f3774a22000-7f3778000000 ---p 00000000 00:00 0 
7f3778a7c000-7f3778a8f000 r--s 00344000 00:14 136611768                  /gpfs/main/course/cs032/bin/jdk1.8.0_25/jre/lib/resources.jar
7f3778a8f000-7f3778aab000 r--s 00393000 00:14 136611667                  /gpfs/main/course/cs032/bin/jdk1.8.0_25/jre/lib/ext/cldrdata.jar
7f3778aab000-7f3778b24000 r--s 010df000 00:14 134126344                  /gpfs/main/course/cs032/bin/jdk1.8.0_25/lib/tools.jar
7f3778b24000-7f3778b25000 ---p 00000000 00:00 0 
7f3778b25000-7f3778c25000 rw-p 00000000 00:00 0 
7f3778c25000-7f3778c28000 ---p 00000000 00:00 0 
7f3778c28000-7f3778d26000 rw-p 00000000 00:00 0 
7f3778d26000-7f3778d29000 ---p 00000000 00:00 0 
7f3778d29000-7f3778e27000 rw-p 00000000 00:00 0 
7f3778e27000-7f3778e2a000 ---p 00000000 00:00 0 
7f3778e2a000-7f3778f28000 rw-p 00000000 00:00 0 
7f3778f28000-7f3778f2b000 ---p 00000000 00:00 0 
7f3778f2b000-7f3779029000 rw-p 00000000 00:00 0 
7f3779029000-7f377902c000 ---p 00000000 00:00 0 
7f377902c000-7f377912a000 rw-p 00000000 00:00 0 
7f377912a000-7f377912d000 ---p 00000000 00:00 0 
7f377912d000-7f377922b000 rw-p 00000000 00:00 0 
7f377922b000-7f377922e000 ---p 00000000 00:00 0 
7f377922e000-7f377932c000 rw-p 00000000 00:00 0 
7f377932c000-7f377932d000 ---p 00000000 00:00 0 
7f377932d000-7f377a430000 rw-p 00000000 00:00 0 
7f377a430000-7f377a606000 r--s 03caa000 00:14 136611550                  /gpfs/main/course/cs032/bin/jdk1.8.0_25/jre/lib/rt.jar
7f377a606000-7f377aebf000 rw-p 00000000 00:00 0 
7f377aebf000-7f377aeff000 ---p 00000000 00:00 0 
7f377aeff000-7f377f178000 rw-p 00000000 00:00 0 
7f377f178000-7f377f179000 ---p 00000000 00:00 0 
7f377f179000-7f377f279000 rw-p 00000000 00:00 0 
7f377f279000-7f377f27a000 ---p 00000000 00:00 0 
7f377f27a000-7f377f37a000 rw-p 00000000 00:00 0 
7f377f37a000-7f377f37b000 ---p 00000000 00:00 0 
7f377f37b000-7f377f47b000 rw-p 00000000 00:00 0 
7f377f47b000-7f377f47c000 ---p 00000000 00:00 0 
7f377f47c000-7f377f583000 rw-p 00000000 00:00 0 
7f377f583000-7f377f818000 ---p 00000000 00:00 0 
7f377f818000-7f377f81f000 rw-p 00000000 00:00 0 
7f377f81f000-7f377fab3000 ---p 00000000 00:00 0 
7f377fab3000-7f377fac1000 rw-p 00000000 00:00 0 
7f377fac1000-7f377fc01000 ---p 00000000 00:00 0 
7f377fc01000-7f377fc11000 rw-p 00000000 00:00 0 
7f377fc11000-7f377ffc2000 ---p 00000000 00:00 0 
7f377ffc2000-7f3780352000 rwxp 00000000 00:00 0 
7f3780352000-7f378efc2000 ---p 00000000 00:00 0 
7f378efc2000-7f378efdc000 r-xp 00000000 00:14 136610880                  /gpfs/main/course/cs032/bin/jdk1.8.0_25/jre/lib/amd64/libzip.so
7f378efdc000-7f378f1dc000 ---p 0001a000 00:14 136610880                  /gpfs/main/course/cs032/bin/jdk1.8.0_25/jre/lib/amd64/libzip.so
7f378f1dc000-7f378f1dd000 rw-p 0001a000 00:14 136610880                  /gpfs/main/course/cs032/bin/jdk1.8.0_25/jre/lib/amd64/libzip.so
7f378f1dd000-7f378f207000 r-xp 00000000 00:14 136610822                  /gpfs/main/course/cs032/bin/jdk1.8.0_25/jre/lib/amd64/libjava.so
7f378f207000-7f378f407000 ---p 0002a000 00:14 136610822                  /gpfs/main/course/cs032/bin/jdk1.8.0_25/jre/lib/amd64/libjava.so
7f378f407000-7f378f409000 rw-p 0002a000 00:14 136610822                  /gpfs/main/course/cs032/bin/jdk1.8.0_25/jre/lib/amd64/libjava.so
7f378f409000-7f378f416000 r-xp 00000000 00:14 136610855                  /gpfs/main/course/cs032/bin/jdk1.8.0_25/jre/lib/amd64/libverify.so
7f378f416000-7f378f616000 ---p 0000d000 00:14 136610855                  /gpfs/main/course/cs032/bin/jdk1.8.0_25/jre/lib/amd64/libverify.so
7f378f616000-7f378f618000 rw-p 0000d000 00:14 136610855                  /gpfs/main/course/cs032/bin/jdk1.8.0_25/jre/lib/amd64/libverify.so
7f378f618000-7f378f61f000 r-xp 00000000 fe:00 5781                       /lib/x86_64-linux-gnu/librt-2.13.so
7f378f61f000-7f378f81e000 ---p 00007000 fe:00 5781                       /lib/x86_64-linux-gnu/librt-2.13.so
7f378f81e000-7f378f81f000 r--p 00006000 fe:00 5781                       /lib/x86_64-linux-gnu/librt-2.13.so
7f378f81f000-7f378f820000 rw-p 00007000 fe:00 5781                       /lib/x86_64-linux-gnu/librt-2.13.so
7f378f820000-7f378f8a1000 r-xp 00000000 fe:00 2481                       /lib/x86_64-linux-gnu/libm-2.13.so
7f378f8a1000-7f378faa0000 ---p 00081000 fe:00 2481                       /lib/x86_64-linux-gnu/libm-2.13.so
7f378faa0000-7f378faa1000 r--p 00080000 fe:00 2481                       /lib/x86_64-linux-gnu/libm-2.13.so
7f378faa1000-7f378faa2000 rw-p 00081000 fe:00 2481                       /lib/x86_64-linux-gnu/libm-2.13.so
7f378faa2000-7f379070f000 r-xp 00000000 00:14 136611394                  /gpfs/main/course/cs032/bin/jdk1.8.0_25/jre/lib/amd64/server/libjvm.so
7f379070f000-7f379090e000 ---p 00c6d000 00:14 136611394                  /gpfs/main/course/cs032/bin/jdk1.8.0_25/jre/lib/amd64/server/libjvm.so
7f379090e000-7f37909e4000 rw-p 00c6c000 00:14 136611394                  /gpfs/main/course/cs032/bin/jdk1.8.0_25/jre/lib/amd64/server/libjvm.so
7f37909e4000-7f3790a27000 rw-p 00000000 00:00 0 
7f3790a27000-7f3790ba8000 r-xp 00000000 fe:00 2600                       /lib/x86_64-linux-gnu/libc-2.13.so
7f3790ba8000-7f3790da8000 ---p 00181000 fe:00 2600                       /lib/x86_64-linux-gnu/libc-2.13.so
7f3790da8000-7f3790dac000 r--p 00181000 fe:00 2600                       /lib/x86_64-linux-gnu/libc-2.13.so
7f3790dac000-7f3790dad000 rw-p 00185000 fe:00 2600                       /lib/x86_64-linux-gnu/libc-2.13.so
7f3790dad000-7f3790db2000 rw-p 00000000 00:00 0 
7f3790db2000-7f3790db4000 r-xp 00000000 fe:00 2659                       /lib/x86_64-linux-gnu/libdl-2.13.so
7f3790db4000-7f3790fb4000 ---p 00002000 fe:00 2659                       /lib/x86_64-linux-gnu/libdl-2.13.so
7f3790fb4000-7f3790fb5000 r--p 00002000 fe:00 2659                       /lib/x86_64-linux-gnu/libdl-2.13.so
7f3790fb5000-7f3790fb6000 rw-p 00003000 fe:00 2659                       /lib/x86_64-linux-gnu/libdl-2.13.so
7f3790fb6000-7f3790fcb000 r-xp 00000000 00:14 174988983                  /gpfs/main/course/cs032/bin/jdk1.8.0_25/lib/amd64/jli/libjli.so
7f3790fcb000-7f37911ca000 ---p 00015000 00:14 174988983                  /gpfs/main/course/cs032/bin/jdk1.8.0_25/lib/amd64/jli/libjli.so
7f37911ca000-7f37911cb000 rw-p 00014000 00:14 174988983                  /gpfs/main/course/cs032/bin/jdk1.8.0_25/lib/amd64/jli/libjli.so
7f37911cb000-7f37911e2000 r-xp 00000000 fe:00 5982                       /lib/x86_64-linux-gnu/libpthread-2.13.so
7f37911e2000-7f37913e1000 ---p 00017000 fe:00 5982                       /lib/x86_64-linux-gnu/libpthread-2.13.so
7f37913e1000-7f37913e2000 r--p 00016000 fe:00 5982                       /lib/x86_64-linux-gnu/libpthread-2.13.so
7f37913e2000-7f37913e3000 rw-p 00017000 fe:00 5982                       /lib/x86_64-linux-gnu/libpthread-2.13.so
7f37913e3000-7f37913e7000 rw-p 00000000 00:00 0 
7f37913e7000-7f3791407000 r-xp 00000000 fe:00 2690                       /lib/x86_64-linux-gnu/ld-2.13.so
7f3791407000-7f3791418000 rw-p 00000000 00:00 0 
7f3791418000-7f3791422000 r--s 00116000 00:14 136611642                  /gpfs/main/course/cs032/bin/jdk1.8.0_25/jre/lib/ext/localedata.jar
7f3791422000-7f37914c8000 r--s 00000000 00:0e 22037302                   /run/nscd/dbLAGvzC (deleted)
7f37914c8000-7f37914cb000 ---p 00000000 00:00 0 
7f37914cb000-7f37915cd000 rw-p 00000000 00:00 0 
7f37915d2000-7f37915fa000 rw-p 00000000 00:00 0 
7f37915fa000-7f3791602000 rw-s 00000000 fe:04 721                        /tmp/hsperfdata_wh7/6797
7f3791602000-7f3791603000 rw-p 00000000 00:00 0 
7f3791603000-7f3791604000 r--p 00000000 00:00 0 
7f3791604000-7f3791606000 rw-p 00000000 00:00 0 
7f3791606000-7f3791607000 r--p 0001f000 fe:00 2690                       /lib/x86_64-linux-gnu/ld-2.13.so
7f3791607000-7f3791608000 rw-p 00020000 fe:00 2690                       /lib/x86_64-linux-gnu/ld-2.13.so
7f3791608000-7f3791609000 rw-p 00000000 00:00 0 
7ffffa8be000-7ffffa8df000 rw-p 00000000 00:00 0                          [stack]
7ffffa9ff000-7ffffaa00000 r-xp 00000000 00:00 0                          [vdso]
ffffffffff600000-ffffffffff601000 r-xp 00000000 00:00 0                  [vsyscall]

VM Arguments:
jvm_args: -Dapplication.home=/gpfs/main/course/cs032/bin/jdk1.8.0_25 -Xms8m 
java_command: com.sun.tools.javadoc.Main @options @packages
java_class_path (initial): /gpfs/main/course/cs032/bin/jdk1.8.0_25/lib/tools.jar:/gpfs/main/course/cs032/bin/jdk1.8.0_25/classes
Launcher Type: SUN_STANDARD

Environment Variables:
JAVA_HOME=/gpfs/main/course/cs032/bin/jdk1.8.0_25
PATH=/course/cs032/bin:/local/bin:/usr/local/bin:/bin:/usr/bin:/usr/X11R6/bin:/usr/games:/contrib/bin:/course/cs022/bin:/course/cs032/bin:/course/cs016/tabin:/course/cs016/bin:/admin/tasupport/bin:/course/cs033/bin
SHELL=/bin/bash
DISPLAY=:0.0

Signal Handlers:
SIGSEGV: [libjvm.so+0xa79a80], sa_mask[0]=11111111011111111101111111111110, sa_flags=SA_RESTART|SA_SIGINFO
SIGBUS: [libjvm.so+0xa79a80], sa_mask[0]=11111111011111111101111111111110, sa_flags=SA_RESTART|SA_SIGINFO
SIGFPE: [libjvm.so+0x8e24e0], sa_mask[0]=11111111011111111101111111111110, sa_flags=SA_RESTART|SA_SIGINFO
SIGPIPE: [libjvm.so+0x8e24e0], sa_mask[0]=11111111011111111101111111111110, sa_flags=SA_RESTART|SA_SIGINFO
SIGXFSZ: [libjvm.so+0x8e24e0], sa_mask[0]=11111111011111111101111111111110, sa_flags=SA_RESTART|SA_SIGINFO
SIGILL: [libjvm.so+0x8e24e0], sa_mask[0]=11111111011111111101111111111110, sa_flags=SA_RESTART|SA_SIGINFO
SIGUSR1: SIG_DFL, sa_mask[0]=00000000000000000000000000000000, sa_flags=none
SIGUSR2: [libjvm.so+0x8e3d10], sa_mask[0]=00100000000000000000000000000000, sa_flags=SA_RESTART|SA_SIGINFO
SIGHUP: [libjvm.so+0x8e50d0], sa_mask[0]=11111111011111111101111111111110, sa_flags=SA_RESTART|SA_SIGINFO
SIGINT: [libjvm.so+0x8e50d0], sa_mask[0]=11111111011111111101111111111110, sa_flags=SA_RESTART|SA_SIGINFO
SIGTERM: [libjvm.so+0x8e50d0], sa_mask[0]=11111111011111111101111111111110, sa_flags=SA_RESTART|SA_SIGINFO
SIGQUIT: [libjvm.so+0x8e50d0], sa_mask[0]=11111111011111111101111111111110, sa_flags=SA_RESTART|SA_SIGINFO


---------------  S Y S T E M  ---------------

OS:PRETTY_NAME="Debian GNU/Linux 7 (wheezy)"
NAME="Debian GNU/Linux"
VERSION_ID="7"
VERSION="7 (wheezy)"
ID=debian
ANSI_COLOR="1;31"
HOME_URL="http://www.debian.org/"
SUPPORT_URL="http://www.debian.org/support/"
BUG_REPORT_URL="http://bugs.debian.org/"

uname:Linux 3.2.0-4-amd64 #1 SMP Debian 3.2.65-1+deb7u1 x86_64
libc:glibc 2.13 NPTL 2.13 
rlimit: STACK 8192k, CORE 0k, NPROC 63961, NOFILE 4096, AS infinity
load average:0.75 0.58 0.55

/proc/meminfo:
MemTotal:        8199880 kB
MemFree:          377684 kB
Buffers:          357588 kB
Cached:          3956552 kB
SwapCached:            4 kB
Active:          3927736 kB
Inactive:        2681072 kB
Active(anon):    2087236 kB
Inactive(anon):   242444 kB
Active(file):    1840500 kB
Inactive(file):  2438628 kB
Unevictable:           0 kB
Mlocked:               0 kB
SwapTotal:       8388604 kB
SwapFree:        8388540 kB
Dirty:               264 kB
Writeback:             0 kB
AnonPages:       2294940 kB
Mapped:           240180 kB
Shmem:             35012 kB
Slab:            1108132 kB
SReclaimable:    1048600 kB
SUnreclaim:        59532 kB
KernelStack:        3808 kB
PageTables:        25088 kB
NFS_Unstable:          0 kB
Bounce:                0 kB
WritebackTmp:          0 kB
CommitLimit:    12488544 kB
Committed_AS:    4475992 kB
VmallocTotal:   34359738367 kB
VmallocUsed:      332492 kB
VmallocChunk:   34359401716 kB
HardwareCorrupted:     0 kB
AnonHugePages:         0 kB
HugePages_Total:       0
HugePages_Free:        0
HugePages_Rsvd:        0
HugePages_Surp:        0
Hugepagesize:       2048 kB
DirectMap4k:      292416 kB
DirectMap2M:     8095744 kB


CPU:total 4 (4 cores per cpu, 1 threads per core) family 6 model 15 stepping 11, cmov, cx8, fxsr, mmx, sse, sse2, sse3, ssse3, tsc

/proc/cpuinfo:
processor	: 0
vendor_id	: GenuineIntel
cpu family	: 6
model		: 15
model name	: Intel(R) Core(TM)2 Quad CPU    Q6600  @ 2.40GHz
stepping	: 11
microcode	: 0xb6
cpu MHz		: 2399.826
cache size	: 4096 KB
physical id	: 0
siblings	: 4
core id		: 0
cpu cores	: 4
apicid		: 0
initial apicid	: 0
fpu		: yes
fpu_exception	: yes
cpuid level	: 10
wp		: yes
flags		: fpu vme de pse tsc msr pae mce cx8 apic sep mtrr pge mca cmov pat pse36 clflush dts acpi mmx fxsr sse sse2 ss ht tm pbe syscall nx lm constant_tsc arch_perfmon pebs bts rep_good nopl aperfmperf pni dtes64 monitor ds_cpl vmx est tm2 ssse3 cx16 xtpr pdcm lahf_lm dtherm tpr_shadow vnmi flexpriority
bogomips	: 4799.65
clflush size	: 64
cache_alignment	: 64
address sizes	: 36 bits physical, 48 bits virtual
power management:

processor	: 1
vendor_id	: GenuineIntel
cpu family	: 6
model		: 15
model name	: Intel(R) Core(TM)2 Quad CPU    Q6600  @ 2.40GHz
stepping	: 11
microcode	: 0xb6
cpu MHz		: 2399.826
cache size	: 4096 KB
physical id	: 0
siblings	: 4
core id		: 1
cpu cores	: 4
apicid		: 1
initial apicid	: 1
fpu		: yes
fpu_exception	: yes
cpuid level	: 10
wp		: yes
flags		: fpu vme de pse tsc msr pae mce cx8 apic sep mtrr pge mca cmov pat pse36 clflush dts acpi mmx fxsr sse sse2 ss ht tm pbe syscall nx lm constant_tsc arch_perfmon pebs bts rep_good nopl aperfmperf pni dtes64 monitor ds_cpl vmx est tm2 ssse3 cx16 xtpr pdcm lahf_lm dtherm tpr_shadow vnmi flexpriority
bogomips	: 4800.29
clflush size	: 64
cache_alignment	: 64
address sizes	: 36 bits physical, 48 bits virtual
power management:

processor	: 2
vendor_id	: GenuineIntel
cpu family	: 6
model		: 15
model name	: Intel(R) Core(TM)2 Quad CPU    Q6600  @ 2.40GHz
stepping	: 11
microcode	: 0xb6
cpu MHz		: 2399.826
cache size	: 4096 KB
physical id	: 0
siblings	: 4
core id		: 2
cpu cores	: 4
apicid		: 2
initial apicid	: 2
fpu		: yes
fpu_exception	: yes
cpuid level	: 10
wp		: yes
flags		: fpu vme de pse tsc msr pae mce cx8 apic sep mtrr pge mca cmov pat pse36 clflush dts acpi mmx fxsr sse sse2 ss ht tm pbe syscall nx lm constant_tsc arch_perfmon pebs bts rep_good nopl aperfmperf pni dtes64 monitor ds_cpl vmx est tm2 ssse3 cx16 xtpr pdcm lahf_lm dtherm tpr_shadow vnmi flexpriority
bogomips	: 4800.36
clflush size	: 64
cache_alignment	: 64
address sizes	: 36 bits physical, 48 bits virtual
power management:

processor	: 3
vendor_id	: GenuineIntel
cpu family	: 6
model		: 15
model name	: Intel(R) Core(TM)2 Quad CPU    Q6600  @ 2.40GHz
stepping	: 11
microcode	: 0xb6
cpu MHz		: 2399.826
cache size	: 4096 KB
physical id	: 0
siblings	: 4
core id		: 3
cpu cores	: 4
apicid		: 3
initial apicid	: 3
fpu		: yes
fpu_exception	: yes
cpuid level	: 10
wp		: yes
flags		: fpu vme de pse tsc msr pae mce cx8 apic sep mtrr pge mca cmov pat pse36 clflush dts acpi mmx fxsr sse sse2 ss ht tm pbe syscall nx lm constant_tsc arch_perfmon pebs bts rep_good nopl aperfmperf pni dtes64 monitor ds_cpl vmx est tm2 ssse3 cx16 xtpr pdcm lahf_lm dtherm tpr_shadow vnmi flexpriority
bogomips	: 4800.33
clflush size	: 64
cache_alignment	: 64
address sizes	: 36 bits physical, 48 bits virtual
power management:



Memory: 4k page, physical 8199880k(377684k free), swap 8388604k(8388540k free)

vm_info: Java HotSpot(TM) 64-Bit Server VM (25.25-b02) for linux-amd64 JRE (1.8.0_25-b17), built on Sep 17 2014 17:32:11 by "java_re" with gcc 4.3.0 20080428 (Red Hat 4.3.0-8)

time: Wed Feb 25 11:02:47 2015
elapsed time: 1 seconds (0d 0h 0m 1s)

